#
# A fatal error has been detected by the Java Runtime Environment:
#
#  EXCEPTION_ACCESS_VIOLATION (0xc0000005) at pc=0x00007ffe6909433a, pid=34296, tid=5464
#
# JRE version: Java(TM) SE Runtime Environment Oracle GraalVM 21.0.7+8.1 (21.0.7+8) (build 21.0.7+8-LTS-jvmci-23.1-b60)
# Java VM: Java HotSpot(TM) 64-Bit Server VM Oracle GraalVM 21.0.7+8.1 (21.0.7+8-LTS-jvmci-23.1-b60, mixed mode, sharing, tiered, jvmci, jvmci compiler, compressed oops, compressed class ptrs, g1 gc, windows-amd64)
# Problematic frame:
# C  [msvcrt.dll+0x5433a]
#
# No core dump will be written. Minidumps are not enabled by default on client versions of Windows
#
# If you would like to submit a bug report, please visit:
#   https://bugreport.java.com/bugreport/crash.jsp
# The crash happened outside the Java Virtual Machine in native code.
# See problematic frame for where to report the bug.
#

---------------  S U M M A R Y ------------

Command Line: -XX:ThreadPriorityPolicy=1 -XX:+UnlockExperimentalVMOptions -XX:+EnableJVMCIProduct -XX:-UnlockExperimentalVMOptions -Dfile.encoding=UTF8 -XX:ThreadPriorityPolicy=1 -XX:+UnlockExperimentalVMOptions -XX:+EnableJVMCIProduct -XX:-UnlockExperimentalVMOptions -Dfile.encoding=UTF8 -Dfile.encoding=UTF-8 -Djava.io.tmpdir=S:\Data\Development\IntelliJ Workspace\FastSimplexNoiseLib\build\tmp\jmh -Duser.country=DE -Duser.language=de -Duser.variant --enable-preview --add-modules=jdk.incubator.vector -XX:+UnlockDiagnosticVMOptions -XX:+UnlockExperimentalVMOptions -DcompilerBlackholesEnabled=true -XX:CompileCommandFile=S:\Data\Development\IntelliJ Workspace\FastSimplexNoiseLib\build\tmp\jmh\jmh692881745482147350compilecommand org.openjdk.jmh.runner.ForkedMain 127.0.0.1 11880

Host: Intel(R) Core(TM) i9-9900K CPU @ 3.60GHz, 16 cores, 31G,  Windows 11 , 64 bit Build 26100 (10.0.26100.4768)
Time: Sat Aug 23 20:09:43 2025 Mitteleuropäische Sommerzeit elapsed time: 1.080191 seconds (0d 0h 0m 1s)

---------------  T H R E A D  ---------------

Current thread (0x000001ddd86acd30):  JavaThread "de.verdox.NoiseBenchJmh.benchChunk-jmh-worker-4" daemon [_thread_in_native, id=5464, stack(0x000000d1fb500000,0x000000d1fb600000) (1024K)]

Stack: [0x000000d1fb500000,0x000000d1fb600000],  sp=0x000000d1fb5fdb00,  free space=1014k
Native frames: (J=compiled Java code, j=interpreted, Vv=VM code, C=native code)
C  [msvcrt.dll+0x5433a]
C  [msvcrt.dll+0x4bcb0]
C  [libaparapi.dll+0x7cf9]

Java frames: (J=compiled Java code, j=interpreted, Vv=VM code)
j  com.aparapi.internal.jni.KernelRunnerJNI.runKernelJNI(JLcom/aparapi/Range;ZILjava/nio/ByteBuffer;Ljava/nio/ByteBuffer;)I+0
j  com.aparapi.internal.kernel.KernelRunner.executeOpenCL(Lcom/aparapi/device/Device;Lcom/aparapi/internal/kernel/KernelRunner$ExecutionSettings;)Lcom/aparapi/Kernel;+96
j  com.aparapi.internal.kernel.KernelRunner.executeInternalInner(Lcom/aparapi/internal/kernel/KernelRunner$ExecutionSettings;Lcom/aparapi/device/Device;Z)Lcom/aparapi/Kernel;+3592
j  com.aparapi.internal.kernel.KernelRunner.executeInternalOuter(Lcom/aparapi/internal/kernel/KernelRunner$ExecutionSettings;)Lcom/aparapi/Kernel;+4
j  com.aparapi.internal.kernel.KernelRunner.execute(Ljava/lang/String;Lcom/aparapi/Range;I)Lcom/aparapi/Kernel;+78
j  com.aparapi.Kernel.execute(Ljava/lang/String;Lcom/aparapi/Range;I)Lcom/aparapi/Kernel;+7
j  com.aparapi.Kernel.execute(Lcom/aparapi/Range;I)Lcom/aparapi/Kernel;+5
j  com.aparapi.Kernel.execute(I)Lcom/aparapi/Kernel;+7
j  micycle.jsimplex.noise.gpu.SimplexNoiseGpu3D.calculateFast(FFFIIIF)[F+26
j  de.verdox.SimplexGpuAdapter.generate3dRaw([FFFFIIIFZ)[F+16
j  de.verdox.SimplexGpuAdapter.generate3D([FFFFIIIFFF)[F+12
j  de.verdox.NoiseEngine.runGpu([FFFFIIIFFF)V+16
j  de.verdox.NoiseEngine.generate(Lde/verdox/Backend;ZFFFIIIFFF)[F+116
j  de.verdox.NoiseBenchJmh.setup()V+119
j  de.verdox.jmh_generated.NoiseBenchJmh_benchChunk_jmhTest._jmh_tryInit_f_noisebenchjmh0_G(Lorg/openjdk/jmh/runner/InfraControl;)Lde/verdox/jmh_generated/NoiseBenchJmh_jmhType;+146
j  de.verdox.jmh_generated.NoiseBenchJmh_benchChunk_jmhTest.benchChunk_Throughput(Lorg/openjdk/jmh/runner/InfraControl;Lorg/openjdk/jmh/infra/ThreadParams;)Lorg/openjdk/jmh/results/BenchmarkTaskResult;+66
j  java.lang.invoke.DirectMethodHandle$Holder.invokeSpecial(Ljava/lang/Object;Ljava/lang/Object;Ljava/lang/Object;Ljava/lang/Object;)Ljava/lang/Object;+14 java.base@21.0.7
j  java.lang.invoke.LambdaForm$MH+0x000001dd9802f800.invoke(Ljava/lang/Object;Ljava/lang/Object;Ljava/lang/Object;Ljava/lang/Object;)Ljava/lang/Object;+73 java.base@21.0.7
j  java.lang.invoke.LambdaForm$MH+0x000001dd9802fc00.invokeExact_MT(Ljava/lang/Object;Ljava/lang/Object;Ljava/lang/Object;Ljava/lang/Object;Ljava/lang/Object;)Ljava/lang/Object;+22 java.base@21.0.7
j  jdk.internal.reflect.DirectMethodHandleAccessor.invokeImpl(Ljava/lang/Object;[Ljava/lang/Object;)Ljava/lang/Object;+72 java.base@21.0.7
j  jdk.internal.reflect.DirectMethodHandleAccessor.invoke(Ljava/lang/Object;[Ljava/lang/Object;)Ljava/lang/Object;+23 java.base@21.0.7
j  java.lang.reflect.Method.invoke(Ljava/lang/Object;[Ljava/lang/Object;)Ljava/lang/Object;+102 java.base@21.0.7
j  org.openjdk.jmh.runner.BenchmarkHandler$BenchmarkTask.call()Lorg/openjdk/jmh/results/BenchmarkTaskResult;+48
j  org.openjdk.jmh.runner.BenchmarkHandler$BenchmarkTask.call()Ljava/lang/Object;+1
j  java.util.concurrent.FutureTask.run()V+39 java.base@21.0.7
j  java.util.concurrent.Executors$RunnableAdapter.call()Ljava/lang/Object;+4 java.base@21.0.7
j  java.util.concurrent.FutureTask.run()V+39 java.base@21.0.7
j  java.util.concurrent.ThreadPoolExecutor.runWorker(Ljava/util/concurrent/ThreadPoolExecutor$Worker;)V+92 java.base@21.0.7
j  java.util.concurrent.ThreadPoolExecutor$Worker.run()V+5 java.base@21.0.7
j  java.lang.Thread.runWith(Ljava/lang/Object;Ljava/lang/Runnable;)V+5 java.base@21.0.7
j  java.lang.Thread.run()V+19 java.base@21.0.7
v  ~StubRoutines::call_stub 0x000001dd8730100d

siginfo: EXCEPTION_ACCESS_VIOLATION (0xc0000005), reading address 0x0000000000000001


Registers:
RAX=0x0000000000000001, RBX=0x0000000000000001, RCX=0x000000007ffffffe, RDX=0x0000000000000000
RSP=0x000000d1fb5fdb00, RBP=0x000000d1fb5fdc00, RSI=0x000000006451f1b7, RDI=0x0000000000000073
R8 =0x000000d1fb5fdb40, R9 =0x000000d1fb5fde98, R10=0xffffffffffffffff, R11=0x000000d1fb5fdea0
R12=0x0000000000000000, R13=0x00000000ffffffff, R14=0x0000000000000061, R15=0x000000d1fb5fde98
RIP=0x00007ffe6909433a, EFLAGS=0x0000000000010202


Register to memory mapping:

RAX=0x0000000000000001 is an unknown value
RBX=0x0000000000000001 is an unknown value
RCX=0x000000007ffffffe is an unknown value
RDX=0x0 is null
RSP=0x000000d1fb5fdb00 is pointing into the stack for thread: 0x000001ddd86acd30
RBP=0x000000d1fb5fdc00 is pointing into the stack for thread: 0x000001ddd86acd30
RSI=0x000000006451f1b7 libaparapi.dll
RDI=0x0000000000000073 is an unknown value
R8 =0x000000d1fb5fdb40 is pointing into the stack for thread: 0x000001ddd86acd30
R9 =0x000000d1fb5fde98 is pointing into the stack for thread: 0x000001ddd86acd30
R10=0xffffffffffffffff is an unknown value
R11=0x000000d1fb5fdea0 is pointing into the stack for thread: 0x000001ddd86acd30
R12=0x0 is null
R13=0x00000000ffffffff is an unknown value
R14=0x0000000000000061 is an unknown value
R15=0x000000d1fb5fde98 is pointing into the stack for thread: 0x000001ddd86acd30

Top of Stack: (sp=0x000000d1fb5fdb00)
0x000000d1fb5fdb00:   000001ddec74e040 0000000000000000
0x000000d1fb5fdb10:   0000000000000051 0000000000000000
0x000000d1fb5fdb20:   0000000000000000 0000000000000000
0x000000d1fb5fdb30:   0000000000000000 0000000000000000
0x000000d1fb5fdb40:   0000000000000061 0000005100000000
0x000000d1fb5fdb50:   000000d1fb5fdea0 0000000000000000
0x000000d1fb5fdb60:   000003d400000000 0000000088000189
0x000000d1fb5fdb70:   0000000700000000 000000d100000000
0x000000d1fb5fdb80:   00007ffe690dda60 0000000000000000
0x000000d1fb5fdb90:   000000006451f1b7 00007ffe682d7f7a
0x000000d1fb5fdba0:   00007ffe690dd0a0 000001ddec744930
0x000000d1fb5fdbb0:   000001ddd8d400d0 0000000000000001
0x000000d1fb5fdbc0:   0000000000000000 0000000000000000
0x000000d1fb5fdbd0:   0000000000000000 0000000000000000
0x000000d1fb5fdbe0:   0000000000000000 0000000000000000
0x000000d1fb5fdbf0:   0000000000000000 0000000000000000
0x000000d1fb5fdc00:   0000000000000000 0000000000000000
0x000000d1fb5fdc10:   0000000000000000 0000000000000000
0x000000d1fb5fdc20:   0000000000000000 0000000000000000
0x000000d1fb5fdc30:   0000000000000000 0000000000000000
0x000000d1fb5fdc40:   0000000000000000 0000000000000000
0x000000d1fb5fdc50:   0000000000000000 0000000000000000
0x000000d1fb5fdc60:   0000000000000000 0000000000000000
0x000000d1fb5fdc70:   0000000000000000 0000000000000000
0x000000d1fb5fdc80:   0000000000000000 0000000000000000
0x000000d1fb5fdc90:   0000000000000000 0000000000000000
0x000000d1fb5fdca0:   0000000000000000 0000000000000000
0x000000d1fb5fdcb0:   0000000000000000 0000000000000000
0x000000d1fb5fdcc0:   0000000000000000 0000000000000000
0x000000d1fb5fdcd0:   0000000000000000 0000000000000000
0x000000d1fb5fdce0:   0000000000000000 0000000000000000
0x000000d1fb5fdcf0:   0000000000000000 0000000000000000 

Instructions: (pc=0x00007ffe6909433a)
0x00007ffe6909423a:   8b c3 f7 d0 a8 01 0f 84 00 07 00 00 c7 44 24 58
0x00007ffe6909424a:   01 00 00 00 d1 e9 eb 1d 33 c0 89 44 24 58 eb 15
0x00007ffe6909425a:   48 8d 15 cb 13 03 00 49 8b ca 48 8b da 48 ff c1
0x00007ffe6909426a:   38 04 0a 75 f8 89 4c 24 4c e9 44 ff ff ff 83 ea
0x00007ffe6909427a:   66 0f 84 03 ff ff ff 83 ea 01 0f 84 fa fe ff ff
0x00007ffe6909428a:   83 ea 02 0f 84 47 01 00 00 83 ea 05 0f 84 09 01
0x00007ffe6909429a:   00 00 83 ea 01 0f 84 e2 00 00 00 83 ea 01 0f 84
0x00007ffe690942aa:   a2 00 00 00 83 ea 03 0f 84 24 fe ff ff 83 ea 02
0x00007ffe690942ba:   74 11 83 fa 03 0f 85 f7 fe ff ff 8d 42 24 e9 93
0x00007ffe690942ca:   00 00 00 41 ba 0a 00 00 00 be 00 02 00 00 41 be
0x00007ffe690942da:   40 00 00 00 49 83 c3 08 4c 89 5c 24 50 4c 89 5d
0x00007ffe690942ea:   98 41 0f ba e4 0f 72 0b 41 0f ba e4 0c 0f 83 f4
0x00007ffe690942fa:   00 00 00 49 8b 01 45 84 e6 0f 84 1d 01 00 00 e9
0x00007ffe6909430a:   06 01 00 00 ff c9 66 39 10 74 08 48 83 c0 02 85
0x00007ffe6909431a:   c9 75 f1 48 2b c3 48 d1 f8 eb 22 48 85 db 48 8d
0x00007ffe6909432a:   05 fd 12 03 00 48 0f 45 c3 48 8b d8 eb 09 ff c9
0x00007ffe6909433a:   38 10 74 07 48 ff c0 85 c9 75 f3 2b c3 89 44 24
0x00007ffe6909434a:   4c e9 6c fe ff ff 41 bd 10 00 00 00 41 0f ba ec
0x00007ffe6909435a:   0f b8 07 00 00 00 89 44 24 70 45 84 e4 79 13 04
0x00007ffe6909436a:   51 c6 44 24 44 30 88 44 24 45 c7 44 24 48 02 00
0x00007ffe6909437a:   00 00 41 ba 10 00 00 00 e9 4c ff ff ff b8 08 00
0x00007ffe6909438a:   00 00 44 8b d0 45 84 e4 0f 89 3b ff ff ff be 00
0x00007ffe6909439a:   02 00 00 44 0b e6 e9 33 ff ff ff 49 8b 39 49 83
0x00007ffe690943aa:   c3 08 4c 89 5c 24 50 e8 7e f9 ff ff 85 c0 0f 84
0x00007ffe690943ba:   88 05 00 00 41 f6 c4 20 74 06 66 44 89 37 eb 03
0x00007ffe690943ca:   44 89 37 c7 44 24 60 01 00 00 00 e9 24 03 00 00
0x00007ffe690943da:   41 be 40 00 00 00 be 00 02 00 00 45 0b e6 45 8d
0x00007ffe690943ea:   56 ca e9 ed fe ff ff 41 8b c4 41 23 c6 41 f6 c4
0x00007ffe690943fa:   20 74 10 85 c0 74 06 49 0f bf 01 eb 0d 41 0f b7
0x00007ffe6909440a:   01 eb 19 85 c0 74 12 49 63 01 48 85 c0 79 0d 48
0x00007ffe6909441a:   f7 d8 41 0f ba ec 08 eb 03 41 8b 01 41 f7 c4 00
0x00007ffe6909442a:   90 00 00 44 8b c0 4c 0f 45 c0 45 85 ed 79 08 41 


Stack slot to memory mapping:

stack at sp + 0 slots: 0x000001ddec74e040 points into unknown readable memory: 0x6f206c656e72654b | 4b 65 72 6e 65 6c 20 6f
stack at sp + 1 slots: 0x0 is null
stack at sp + 2 slots: 0x0000000000000051 is an unknown value
stack at sp + 3 slots: 0x0 is null
stack at sp + 4 slots: 0x0 is null
stack at sp + 5 slots: 0x0 is null
stack at sp + 6 slots: 0x0 is null
stack at sp + 7 slots: 0x0 is null


---------------  P R O C E S S  ---------------

Threads class SMR info:
_java_thread_list=0x000001ddd85ed7f0, length=36, elements={
0x000001ddec318bb0, 0x000001ddd8025fd0, 0x000001ddd8026b20, 0x000001ddd80291b0,
0x000001ddd802c270, 0x000001ddd802db10, 0x000001ddd80323d0, 0x000001ddd8047450,
0x000001ddd8047af0, 0x000001ddd809d4f0, 0x000001ddd80f2100, 0x000001ddd81cebc0,
0x000001ddd81d5860, 0x000001ddd81d7200, 0x000001ddd81d98b0, 0x000001ddd81dab80,
0x000001ddd8244cd0, 0x000001ddd828d650, 0x000001ddd8298be0, 0x000001ddd86870f0,
0x000001ddd86bad60, 0x000001ddd86bb3c0, 0x000001ddd86acd30, 0x000001ddd86ad390,
0x000001ddd86ad9f0, 0x000001ddd86ae050, 0x000001ddd86bc230, 0x000001ddd86c5010,
0x000001ddd86c2f40, 0x000001ddd86c56a0, 0x000001ddd86c5d30, 0x000001ddd86c42f0,
0x000001ddd86c35d0, 0x000001ddd86c28b0, 0x000001ddd86c3c60, 0x000001dde54ee4d0
}

Java Threads: ( => current thread )
  0x000001ddec318bb0 JavaThread "main"                              [_thread_blocked, id=1540, stack(0x000000d1f9600000,0x000000d1f9700000) (1024K)]
  0x000001ddd8025fd0 JavaThread "Reference Handler"          daemon [_thread_blocked, id=21060, stack(0x000000d1f9e00000,0x000000d1f9f00000) (1024K)]
  0x000001ddd8026b20 JavaThread "Finalizer"                  daemon [_thread_blocked, id=38528, stack(0x000000d1f9f00000,0x000000d1fa000000) (1024K)]
  0x000001ddd80291b0 JavaThread "Signal Dispatcher"          daemon [_thread_blocked, id=35732, stack(0x000000d1fa000000,0x000000d1fa100000) (1024K)]
  0x000001ddd802c270 JavaThread "Attach Listener"            daemon [_thread_blocked, id=37816, stack(0x000000d1fa100000,0x000000d1fa200000) (1024K)]
  0x000001ddd802db10 JavaThread "Service Thread"             daemon [_thread_blocked, id=26160, stack(0x000000d1fa200000,0x000000d1fa300000) (1024K)]
  0x000001ddd80323d0 JavaThread "Monitor Deflation Thread"   daemon [_thread_blocked, id=31360, stack(0x000000d1fa300000,0x000000d1fa400000) (1024K)]
  0x000001ddd8047450 JavaThread "JVMCI-native CompilerThread0" daemon [_thread_blocked, id=19540, stack(0x000000d1fa400000,0x000000d1fa500000) (1024K)]
  0x000001ddd8047af0 JavaThread "C1 CompilerThread0"         daemon [_thread_blocked, id=11072, stack(0x000000d1fa500000,0x000000d1fa600000) (1024K)]
  0x000001ddd809d4f0 JavaThread "C1 CompilerThread1"         daemon [_thread_blocked, id=32616, stack(0x000000d1fa600000,0x000000d1fa700000) (1024K)]
  0x000001ddd80f2100 JavaThread "C1 CompilerThread2"         daemon [_thread_blocked, id=29828, stack(0x000000d1fa700000,0x000000d1fa800000) (1024K)]
  0x000001ddd81cebc0 JavaThread "Common-Cleaner"             daemon [_thread_blocked, id=13860, stack(0x000000d1fa800000,0x000000d1fa900000) (1024K)]
  0x000001ddd81d5860 JavaThread "C1 CompilerThread3"         daemon [_thread_blocked, id=25068, stack(0x000000d1fa900000,0x000000d1faa00000) (1024K)]
  0x000001ddd81d7200 JavaThread "C1 CompilerThread4"         daemon [_thread_blocked, id=24700, stack(0x000000d1faa00000,0x000000d1fab00000) (1024K)]
  0x000001ddd81d98b0 JavaThread "C1 CompilerThread5"         daemon [_thread_blocked, id=36616, stack(0x000000d1fab00000,0x000000d1fac00000) (1024K)]
  0x000001ddd81dab80 JavaThread "C1 CompilerThread6"         daemon [_thread_blocked, id=30772, stack(0x000000d1fac00000,0x000000d1fad00000) (1024K)]
  0x000001ddd8244cd0 JavaThread "Notification Thread"        daemon [_thread_blocked, id=37004, stack(0x000000d1fad00000,0x000000d1fae00000) (1024K)]
  0x000001ddd828d650 JavaThread "C1 CompilerThread7"         daemon [_thread_blocked, id=5152, stack(0x000000d1fae00000,0x000000d1faf00000) (1024K)]
  0x000001ddd8298be0 JavaThread "C1 CompilerThread8"         daemon [_thread_blocked, id=10052, stack(0x000000d1faf00000,0x000000d1fb000000) (1024K)]
  0x000001ddd86870f0 JavaThread "de.verdox.NoiseBenchJmh.benchChunk-jmh-worker-1" daemon [_thread_blocked, id=37680, stack(0x000000d1fb200000,0x000000d1fb300000) (1024K)]
  0x000001ddd86bad60 JavaThread "de.verdox.NoiseBenchJmh.benchChunk-jmh-worker-2" daemon [_thread_blocked, id=2348, stack(0x000000d1fb300000,0x000000d1fb400000) (1024K)]
  0x000001ddd86bb3c0 JavaThread "de.verdox.NoiseBenchJmh.benchChunk-jmh-worker-3" daemon [_thread_blocked, id=13772, stack(0x000000d1fb400000,0x000000d1fb500000) (1024K)]
=>0x000001ddd86acd30 JavaThread "de.verdox.NoiseBenchJmh.benchChunk-jmh-worker-4" daemon [_thread_in_native, id=5464, stack(0x000000d1fb500000,0x000000d1fb600000) (1024K)]
  0x000001ddd86ad390 JavaThread "de.verdox.NoiseBenchJmh.benchChunk-jmh-worker-5" daemon [_thread_blocked, id=39296, stack(0x000000d1fb600000,0x000000d1fb700000) (1024K)]
  0x000001ddd86ad9f0 JavaThread "de.verdox.NoiseBenchJmh.benchChunk-jmh-worker-6" daemon [_thread_blocked, id=33812, stack(0x000000d1fb700000,0x000000d1fb800000) (1024K)]
  0x000001ddd86ae050 JavaThread "de.verdox.NoiseBenchJmh.benchChunk-jmh-worker-7" daemon [_thread_blocked, id=34168, stack(0x000000d1fb800000,0x000000d1fb900000) (1024K)]
  0x000001ddd86bc230 JavaThread "de.verdox.NoiseBenchJmh.benchChunk-jmh-worker-8" daemon [_thread_blocked, id=36400, stack(0x000000d1fb900000,0x000000d1fba00000) (1024K)]
  0x000001ddd86c5010 JavaThread "de.verdox.NoiseBenchJmh.benchChunk-jmh-worker-9" daemon [_thread_blocked, id=30648, stack(0x000000d1fba00000,0x000000d1fbb00000) (1024K)]
  0x000001ddd86c2f40 JavaThread "de.verdox.NoiseBenchJmh.benchChunk-jmh-worker-10" daemon [_thread_blocked, id=16060, stack(0x000000d1fbb00000,0x000000d1fbc00000) (1024K)]
  0x000001ddd86c56a0 JavaThread "de.verdox.NoiseBenchJmh.benchChunk-jmh-worker-11" daemon [_thread_blocked, id=36428, stack(0x000000d1fbc00000,0x000000d1fbd00000) (1024K)]
  0x000001ddd86c5d30 JavaThread "de.verdox.NoiseBenchJmh.benchChunk-jmh-worker-12" daemon [_thread_blocked, id=36760, stack(0x000000d1fbd00000,0x000000d1fbe00000) (1024K)]
  0x000001ddd86c42f0 JavaThread "de.verdox.NoiseBenchJmh.benchChunk-jmh-worker-13" daemon [_thread_blocked, id=31160, stack(0x000000d1fbe00000,0x000000d1fbf00000) (1024K)]
  0x000001ddd86c35d0 JavaThread "de.verdox.NoiseBenchJmh.benchChunk-jmh-worker-14" daemon [_thread_blocked, id=38124, stack(0x000000d1fbf00000,0x000000d1fc000000) (1024K)]
  0x000001ddd86c28b0 JavaThread "de.verdox.NoiseBenchJmh.benchChunk-jmh-worker-15" daemon [_thread_blocked, id=25768, stack(0x000000d1fc000000,0x000000d1fc100000) (1024K)]
  0x000001ddd86c3c60 JavaThread "de.verdox.NoiseBenchJmh.benchChunk-jmh-worker-16" daemon [_thread_blocked, id=34896, stack(0x000000d1fc100000,0x000000d1fc200000) (1024K)]
  0x000001dde54ee4d0 JavaThread "JVMCI-native CompilerThread1" daemon [_thread_blocked, id=20912, stack(0x000000d1fcc00000,0x000000d1fcd00000) (1024K)]
Total: 36

Other Threads:
  0x000001ddd80066a0 VMThread "VM Thread"                           [id=9468, stack(0x000000d1f9d00000,0x000000d1f9e00000) (1024K)]
  0x000001ddfd002180 WatcherThread "VM Periodic Task Thread"        [id=6700, stack(0x000000d1f9c00000,0x000000d1f9d00000) (1024K)]
  0x000001ddee7dbe40 WorkerThread "GC Thread#0"                     [id=30160, stack(0x000000d1f9700000,0x000000d1f9800000) (1024K)]
  0x000001ddd88eda30 WorkerThread "GC Thread#1"                     [id=39244, stack(0x000000d1fb000000,0x000000d1fb100000) (1024K)]
  0x000001ddd85ed0a0 WorkerThread "GC Thread#2"                     [id=31868, stack(0x000000d1fc200000,0x000000d1fc300000) (1024K)]
  0x000001ddd8cf6680 WorkerThread "GC Thread#3"                     [id=39864, stack(0x000000d1fc300000,0x000000d1fc400000) (1024K)]
  0x000001ddd8cf6a20 WorkerThread "GC Thread#4"                     [id=38508, stack(0x000000d1fc400000,0x000000d1fc500000) (1024K)]
  0x000001ddd88f7250 WorkerThread "GC Thread#5"                     [id=39700, stack(0x000000d1fc500000,0x000000d1fc600000) (1024K)]
  0x000001ddd88f75f0 WorkerThread "GC Thread#6"                     [id=30212, stack(0x000000d1fc600000,0x000000d1fc700000) (1024K)]
  0x000001ddd8d183b0 WorkerThread "GC Thread#7"                     [id=21268, stack(0x000000d1fc700000,0x000000d1fc800000) (1024K)]
  0x000001ddd8d18010 WorkerThread "GC Thread#8"                     [id=29760, stack(0x000000d1fc800000,0x000000d1fc900000) (1024K)]
  0x000001ddd8d18750 WorkerThread "GC Thread#9"                     [id=8588, stack(0x000000d1fc900000,0x000000d1fca00000) (1024K)]
  0x000001ddd8d18af0 WorkerThread "GC Thread#10"                    [id=25844, stack(0x000000d1fca00000,0x000000d1fcb00000) (1024K)]
  0x000001ddd8d17190 WorkerThread "GC Thread#11"                    [id=36732, stack(0x000000d1fcb00000,0x000000d1fcc00000) (1024K)]
  0x000001ddee7ecad0 ConcurrentGCThread "G1 Main Marker"            [id=6556, stack(0x000000d1f9800000,0x000000d1f9900000) (1024K)]
  0x000001ddee7ee0a0 WorkerThread "G1 Conc#0"                       [id=36564, stack(0x000000d1f9900000,0x000000d1f9a00000) (1024K)]
  0x000001ddfcec70a0 ConcurrentGCThread "G1 Refine#0"               [id=15160, stack(0x000000d1f9a00000,0x000000d1f9b00000) (1024K)]
  0x000001ddfcec79c0 ConcurrentGCThread "G1 Service"                [id=29964, stack(0x000000d1f9b00000,0x000000d1f9c00000) (1024K)]
Total: 18

Threads with active compile tasks:
Total: 0

VM state: not at safepoint (normal execution)

VM Mutex/Monitor currently owned by a thread: None

Heap address: 0x0000000602000000, size: 8160 MB, Compressed Oops mode: Zero based, Oop shift amount: 3

CDS archive(s) mapped at: [0x000001dd97000000-0x000001dd97c90000-0x000001dd97c90000), size 13172736, SharedBaseAddress: 0x000001dd97000000, ArchiveRelocationMode: 1.
Compressed class space mapped at: 0x000001dd98000000-0x000001ddd8000000, reserved size: 1073741824
Narrow klass base: 0x000001dd97000000, Narrow klass shift: 0, Narrow klass range: 0x100000000

GC Precious Log:
 CardTable entry size: 512
 Card Set container configuration: InlinePtr #cards 4 size 8 Array Of Cards #cards 32 size 80 Howl #buckets 8 coarsen threshold 7372 Howl Bitmap #cards 1024 size 144 coarsen threshold 921 Card regions per heap region 1 cards per card region 8192
 CPUs: 16 total, 16 available
 Memory: 32629M
 Large Page Support: Disabled
 NUMA Support: Disabled
 Compressed Oops: Enabled (Zero based)
 Heap Region Size: 4M
 Heap Min Capacity: 8M
 Heap Initial Capacity: 512M
 Heap Max Capacity: 8160M
 Pre-touch: Disabled
 Parallel Workers: 13
 Concurrent Workers: 3
 Concurrent Refinement Workers: 13
 Periodic GC: Disabled

Heap:
 garbage-first heap   total 524288K, used 13042K [0x0000000602000000, 0x0000000800000000)
  region size 4096K, 5 young (20480K), 1 survivors (4096K)
 Metaspace       used 8161K, committed 8384K, reserved 1114112K
  class space    used 987K, committed 1088K, reserved 1048576K

Heap Regions: E=young(eden), S=young(survivor), O=old, HS=humongous(starts), HC=humongous(continues), CS=collection set, F=free, TAMS=top-at-mark-start, PB=parsable bottom
|   0|0x0000000602000000, 0x00000006020bc938, 0x0000000602400000| 18%| O|  |TAMS 0x0000000602000000| PB 0x0000000602000000| Untracked 
|   1|0x0000000602400000, 0x0000000602400000, 0x0000000602800000|  0%| F|  |TAMS 0x0000000602400000| PB 0x0000000602400000| Untracked 
|   2|0x0000000602800000, 0x0000000602800000, 0x0000000602c00000|  0%| F|  |TAMS 0x0000000602800000| PB 0x0000000602800000| Untracked 
|   3|0x0000000602c00000, 0x0000000602c00000, 0x0000000603000000|  0%| F|  |TAMS 0x0000000602c00000| PB 0x0000000602c00000| Untracked 
|   4|0x0000000603000000, 0x0000000603000000, 0x0000000603400000|  0%| F|  |TAMS 0x0000000603000000| PB 0x0000000603000000| Untracked 
|   5|0x0000000603400000, 0x0000000603400000, 0x0000000603800000|  0%| F|  |TAMS 0x0000000603400000| PB 0x0000000603400000| Untracked 
|   6|0x0000000603800000, 0x0000000603800000, 0x0000000603c00000|  0%| F|  |TAMS 0x0000000603800000| PB 0x0000000603800000| Untracked 
|   7|0x0000000603c00000, 0x0000000603c00000, 0x0000000604000000|  0%| F|  |TAMS 0x0000000603c00000| PB 0x0000000603c00000| Untracked 
|   8|0x0000000604000000, 0x0000000604000000, 0x0000000604400000|  0%| F|  |TAMS 0x0000000604000000| PB 0x0000000604000000| Untracked 
|   9|0x0000000604400000, 0x0000000604400000, 0x0000000604800000|  0%| F|  |TAMS 0x0000000604400000| PB 0x0000000604400000| Untracked 
|  10|0x0000000604800000, 0x0000000604800000, 0x0000000604c00000|  0%| F|  |TAMS 0x0000000604800000| PB 0x0000000604800000| Untracked 
|  11|0x0000000604c00000, 0x0000000604c00000, 0x0000000605000000|  0%| F|  |TAMS 0x0000000604c00000| PB 0x0000000604c00000| Untracked 
|  12|0x0000000605000000, 0x0000000605000000, 0x0000000605400000|  0%| F|  |TAMS 0x0000000605000000| PB 0x0000000605000000| Untracked 
|  13|0x0000000605400000, 0x0000000605400000, 0x0000000605800000|  0%| F|  |TAMS 0x0000000605400000| PB 0x0000000605400000| Untracked 
|  14|0x0000000605800000, 0x0000000605800000, 0x0000000605c00000|  0%| F|  |TAMS 0x0000000605800000| PB 0x0000000605800000| Untracked 
|  15|0x0000000605c00000, 0x0000000605c00000, 0x0000000606000000|  0%| F|  |TAMS 0x0000000605c00000| PB 0x0000000605c00000| Untracked 
|  16|0x0000000606000000, 0x0000000606000000, 0x0000000606400000|  0%| F|  |TAMS 0x0000000606000000| PB 0x0000000606000000| Untracked 
|  17|0x0000000606400000, 0x0000000606400000, 0x0000000606800000|  0%| F|  |TAMS 0x0000000606400000| PB 0x0000000606400000| Untracked 
|  18|0x0000000606800000, 0x0000000606800000, 0x0000000606c00000|  0%| F|  |TAMS 0x0000000606800000| PB 0x0000000606800000| Untracked 
|  19|0x0000000606c00000, 0x0000000606c00000, 0x0000000607000000|  0%| F|  |TAMS 0x0000000606c00000| PB 0x0000000606c00000| Untracked 
|  20|0x0000000607000000, 0x0000000607000000, 0x0000000607400000|  0%| F|  |TAMS 0x0000000607000000| PB 0x0000000607000000| Untracked 
|  21|0x0000000607400000, 0x0000000607400000, 0x0000000607800000|  0%| F|  |TAMS 0x0000000607400000| PB 0x0000000607400000| Untracked 
|  22|0x0000000607800000, 0x0000000607800000, 0x0000000607c00000|  0%| F|  |TAMS 0x0000000607800000| PB 0x0000000607800000| Untracked 
|  23|0x0000000607c00000, 0x0000000607c00000, 0x0000000608000000|  0%| F|  |TAMS 0x0000000607c00000| PB 0x0000000607c00000| Untracked 
|  24|0x0000000608000000, 0x0000000608000000, 0x0000000608400000|  0%| F|  |TAMS 0x0000000608000000| PB 0x0000000608000000| Untracked 
|  25|0x0000000608400000, 0x0000000608400000, 0x0000000608800000|  0%| F|  |TAMS 0x0000000608400000| PB 0x0000000608400000| Untracked 
|  26|0x0000000608800000, 0x0000000608800000, 0x0000000608c00000|  0%| F|  |TAMS 0x0000000608800000| PB 0x0000000608800000| Untracked 
|  27|0x0000000608c00000, 0x0000000608c00000, 0x0000000609000000|  0%| F|  |TAMS 0x0000000608c00000| PB 0x0000000608c00000| Untracked 
|  28|0x0000000609000000, 0x0000000609000000, 0x0000000609400000|  0%| F|  |TAMS 0x0000000609000000| PB 0x0000000609000000| Untracked 
|  29|0x0000000609400000, 0x0000000609400000, 0x0000000609800000|  0%| F|  |TAMS 0x0000000609400000| PB 0x0000000609400000| Untracked 
|  30|0x0000000609800000, 0x0000000609800000, 0x0000000609c00000|  0%| F|  |TAMS 0x0000000609800000| PB 0x0000000609800000| Untracked 
|  31|0x0000000609c00000, 0x0000000609c00000, 0x000000060a000000|  0%| F|  |TAMS 0x0000000609c00000| PB 0x0000000609c00000| Untracked 
|  32|0x000000060a000000, 0x000000060a000000, 0x000000060a400000|  0%| F|  |TAMS 0x000000060a000000| PB 0x000000060a000000| Untracked 
|  33|0x000000060a400000, 0x000000060a400000, 0x000000060a800000|  0%| F|  |TAMS 0x000000060a400000| PB 0x000000060a400000| Untracked 
|  34|0x000000060a800000, 0x000000060a800000, 0x000000060ac00000|  0%| F|  |TAMS 0x000000060a800000| PB 0x000000060a800000| Untracked 
|  35|0x000000060ac00000, 0x000000060ac00000, 0x000000060b000000|  0%| F|  |TAMS 0x000000060ac00000| PB 0x000000060ac00000| Untracked 
|  36|0x000000060b000000, 0x000000060b000000, 0x000000060b400000|  0%| F|  |TAMS 0x000000060b000000| PB 0x000000060b000000| Untracked 
|  37|0x000000060b400000, 0x000000060b400000, 0x000000060b800000|  0%| F|  |TAMS 0x000000060b400000| PB 0x000000060b400000| Untracked 
|  38|0x000000060b800000, 0x000000060b800000, 0x000000060bc00000|  0%| F|  |TAMS 0x000000060b800000| PB 0x000000060b800000| Untracked 
|  39|0x000000060bc00000, 0x000000060bc00000, 0x000000060c000000|  0%| F|  |TAMS 0x000000060bc00000| PB 0x000000060bc00000| Untracked 
|  40|0x000000060c000000, 0x000000060c000000, 0x000000060c400000|  0%| F|  |TAMS 0x000000060c000000| PB 0x000000060c000000| Untracked 
|  41|0x000000060c400000, 0x000000060c400000, 0x000000060c800000|  0%| F|  |TAMS 0x000000060c400000| PB 0x000000060c400000| Untracked 
|  42|0x000000060c800000, 0x000000060c800000, 0x000000060cc00000|  0%| F|  |TAMS 0x000000060c800000| PB 0x000000060c800000| Untracked 
|  43|0x000000060cc00000, 0x000000060cc00000, 0x000000060d000000|  0%| F|  |TAMS 0x000000060cc00000| PB 0x000000060cc00000| Untracked 
|  44|0x000000060d000000, 0x000000060d000000, 0x000000060d400000|  0%| F|  |TAMS 0x000000060d000000| PB 0x000000060d000000| Untracked 
|  45|0x000000060d400000, 0x000000060d400000, 0x000000060d800000|  0%| F|  |TAMS 0x000000060d400000| PB 0x000000060d400000| Untracked 
|  46|0x000000060d800000, 0x000000060d800000, 0x000000060dc00000|  0%| F|  |TAMS 0x000000060d800000| PB 0x000000060d800000| Untracked 
|  47|0x000000060dc00000, 0x000000060dc00000, 0x000000060e000000|  0%| F|  |TAMS 0x000000060dc00000| PB 0x000000060dc00000| Untracked 
|  48|0x000000060e000000, 0x000000060e000000, 0x000000060e400000|  0%| F|  |TAMS 0x000000060e000000| PB 0x000000060e000000| Untracked 
|  49|0x000000060e400000, 0x000000060e400000, 0x000000060e800000|  0%| F|  |TAMS 0x000000060e400000| PB 0x000000060e400000| Untracked 
|  50|0x000000060e800000, 0x000000060e800000, 0x000000060ec00000|  0%| F|  |TAMS 0x000000060e800000| PB 0x000000060e800000| Untracked 
|  51|0x000000060ec00000, 0x000000060ec00000, 0x000000060f000000|  0%| F|  |TAMS 0x000000060ec00000| PB 0x000000060ec00000| Untracked 
|  52|0x000000060f000000, 0x000000060f000000, 0x000000060f400000|  0%| F|  |TAMS 0x000000060f000000| PB 0x000000060f000000| Untracked 
|  53|0x000000060f400000, 0x000000060f400000, 0x000000060f800000|  0%| F|  |TAMS 0x000000060f400000| PB 0x000000060f400000| Untracked 
|  54|0x000000060f800000, 0x000000060f800000, 0x000000060fc00000|  0%| F|  |TAMS 0x000000060f800000| PB 0x000000060f800000| Untracked 
|  55|0x000000060fc00000, 0x000000060fc00000, 0x0000000610000000|  0%| F|  |TAMS 0x000000060fc00000| PB 0x000000060fc00000| Untracked 
|  56|0x0000000610000000, 0x0000000610000000, 0x0000000610400000|  0%| F|  |TAMS 0x0000000610000000| PB 0x0000000610000000| Untracked 
|  57|0x0000000610400000, 0x0000000610400000, 0x0000000610800000|  0%| F|  |TAMS 0x0000000610400000| PB 0x0000000610400000| Untracked 
|  58|0x0000000610800000, 0x0000000610800000, 0x0000000610c00000|  0%| F|  |TAMS 0x0000000610800000| PB 0x0000000610800000| Untracked 
|  59|0x0000000610c00000, 0x0000000610c00000, 0x0000000611000000|  0%| F|  |TAMS 0x0000000610c00000| PB 0x0000000610c00000| Untracked 
|  60|0x0000000611000000, 0x0000000611000000, 0x0000000611400000|  0%| F|  |TAMS 0x0000000611000000| PB 0x0000000611000000| Untracked 
|  61|0x0000000611400000, 0x0000000611400000, 0x0000000611800000|  0%| F|  |TAMS 0x0000000611400000| PB 0x0000000611400000| Untracked 
|  62|0x0000000611800000, 0x0000000611800000, 0x0000000611c00000|  0%| F|  |TAMS 0x0000000611800000| PB 0x0000000611800000| Untracked 
|  63|0x0000000611c00000, 0x0000000611c00000, 0x0000000612000000|  0%| F|  |TAMS 0x0000000611c00000| PB 0x0000000611c00000| Untracked 
|  64|0x0000000612000000, 0x0000000612000000, 0x0000000612400000|  0%| F|  |TAMS 0x0000000612000000| PB 0x0000000612000000| Untracked 
|  65|0x0000000612400000, 0x0000000612400000, 0x0000000612800000|  0%| F|  |TAMS 0x0000000612400000| PB 0x0000000612400000| Untracked 
|  66|0x0000000612800000, 0x0000000612800000, 0x0000000612c00000|  0%| F|  |TAMS 0x0000000612800000| PB 0x0000000612800000| Untracked 
|  67|0x0000000612c00000, 0x0000000612c00000, 0x0000000613000000|  0%| F|  |TAMS 0x0000000612c00000| PB 0x0000000612c00000| Untracked 
|  68|0x0000000613000000, 0x0000000613000000, 0x0000000613400000|  0%| F|  |TAMS 0x0000000613000000| PB 0x0000000613000000| Untracked 
|  69|0x0000000613400000, 0x0000000613400000, 0x0000000613800000|  0%| F|  |TAMS 0x0000000613400000| PB 0x0000000613400000| Untracked 
|  70|0x0000000613800000, 0x0000000613800000, 0x0000000613c00000|  0%| F|  |TAMS 0x0000000613800000| PB 0x0000000613800000| Untracked 
|  71|0x0000000613c00000, 0x0000000613c00000, 0x0000000614000000|  0%| F|  |TAMS 0x0000000613c00000| PB 0x0000000613c00000| Untracked 
|  72|0x0000000614000000, 0x0000000614000000, 0x0000000614400000|  0%| F|  |TAMS 0x0000000614000000| PB 0x0000000614000000| Untracked 
|  73|0x0000000614400000, 0x0000000614400000, 0x0000000614800000|  0%| F|  |TAMS 0x0000000614400000| PB 0x0000000614400000| Untracked 
|  74|0x0000000614800000, 0x0000000614800000, 0x0000000614c00000|  0%| F|  |TAMS 0x0000000614800000| PB 0x0000000614800000| Untracked 
|  75|0x0000000614c00000, 0x0000000614c00000, 0x0000000615000000|  0%| F|  |TAMS 0x0000000614c00000| PB 0x0000000614c00000| Untracked 
|  76|0x0000000615000000, 0x0000000615000000, 0x0000000615400000|  0%| F|  |TAMS 0x0000000615000000| PB 0x0000000615000000| Untracked 
|  77|0x0000000615400000, 0x0000000615400000, 0x0000000615800000|  0%| F|  |TAMS 0x0000000615400000| PB 0x0000000615400000| Untracked 
|  78|0x0000000615800000, 0x0000000615800000, 0x0000000615c00000|  0%| F|  |TAMS 0x0000000615800000| PB 0x0000000615800000| Untracked 
|  79|0x0000000615c00000, 0x0000000615c00000, 0x0000000616000000|  0%| F|  |TAMS 0x0000000615c00000| PB 0x0000000615c00000| Untracked 
|  80|0x0000000616000000, 0x0000000616000000, 0x0000000616400000|  0%| F|  |TAMS 0x0000000616000000| PB 0x0000000616000000| Untracked 
|  81|0x0000000616400000, 0x0000000616400000, 0x0000000616800000|  0%| F|  |TAMS 0x0000000616400000| PB 0x0000000616400000| Untracked 
|  82|0x0000000616800000, 0x0000000616800000, 0x0000000616c00000|  0%| F|  |TAMS 0x0000000616800000| PB 0x0000000616800000| Untracked 
|  83|0x0000000616c00000, 0x0000000616c00000, 0x0000000617000000|  0%| F|  |TAMS 0x0000000616c00000| PB 0x0000000616c00000| Untracked 
|  84|0x0000000617000000, 0x0000000617000000, 0x0000000617400000|  0%| F|  |TAMS 0x0000000617000000| PB 0x0000000617000000| Untracked 
|  85|0x0000000617400000, 0x0000000617400000, 0x0000000617800000|  0%| F|  |TAMS 0x0000000617400000| PB 0x0000000617400000| Untracked 
|  86|0x0000000617800000, 0x0000000617800000, 0x0000000617c00000|  0%| F|  |TAMS 0x0000000617800000| PB 0x0000000617800000| Untracked 
|  87|0x0000000617c00000, 0x0000000617c00000, 0x0000000618000000|  0%| F|  |TAMS 0x0000000617c00000| PB 0x0000000617c00000| Untracked 
|  88|0x0000000618000000, 0x0000000618000000, 0x0000000618400000|  0%| F|  |TAMS 0x0000000618000000| PB 0x0000000618000000| Untracked 
|  89|0x0000000618400000, 0x0000000618400000, 0x0000000618800000|  0%| F|  |TAMS 0x0000000618400000| PB 0x0000000618400000| Untracked 
|  90|0x0000000618800000, 0x0000000618800000, 0x0000000618c00000|  0%| F|  |TAMS 0x0000000618800000| PB 0x0000000618800000| Untracked 
|  91|0x0000000618c00000, 0x0000000618c00000, 0x0000000619000000|  0%| F|  |TAMS 0x0000000618c00000| PB 0x0000000618c00000| Untracked 
|  92|0x0000000619000000, 0x0000000619000000, 0x0000000619400000|  0%| F|  |TAMS 0x0000000619000000| PB 0x0000000619000000| Untracked 
|  93|0x0000000619400000, 0x0000000619400000, 0x0000000619800000|  0%| F|  |TAMS 0x0000000619400000| PB 0x0000000619400000| Untracked 
|  94|0x0000000619800000, 0x0000000619800000, 0x0000000619c00000|  0%| F|  |TAMS 0x0000000619800000| PB 0x0000000619800000| Untracked 
|  95|0x0000000619c00000, 0x0000000619c00000, 0x000000061a000000|  0%| F|  |TAMS 0x0000000619c00000| PB 0x0000000619c00000| Untracked 
|  96|0x000000061a000000, 0x000000061a000000, 0x000000061a400000|  0%| F|  |TAMS 0x000000061a000000| PB 0x000000061a000000| Untracked 
|  97|0x000000061a400000, 0x000000061a400000, 0x000000061a800000|  0%| F|  |TAMS 0x000000061a400000| PB 0x000000061a400000| Untracked 
|  98|0x000000061a800000, 0x000000061a800000, 0x000000061ac00000|  0%| F|  |TAMS 0x000000061a800000| PB 0x000000061a800000| Untracked 
|  99|0x000000061ac00000, 0x000000061ac00000, 0x000000061b000000|  0%| F|  |TAMS 0x000000061ac00000| PB 0x000000061ac00000| Untracked 
| 100|0x000000061b000000, 0x000000061b000000, 0x000000061b400000|  0%| F|  |TAMS 0x000000061b000000| PB 0x000000061b000000| Untracked 
| 101|0x000000061b400000, 0x000000061b400000, 0x000000061b800000|  0%| F|  |TAMS 0x000000061b400000| PB 0x000000061b400000| Untracked 
| 102|0x000000061b800000, 0x000000061b800000, 0x000000061bc00000|  0%| F|  |TAMS 0x000000061b800000| PB 0x000000061b800000| Untracked 
| 103|0x000000061bc00000, 0x000000061bc00000, 0x000000061c000000|  0%| F|  |TAMS 0x000000061bc00000| PB 0x000000061bc00000| Untracked 
| 104|0x000000061c000000, 0x000000061c000000, 0x000000061c400000|  0%| F|  |TAMS 0x000000061c000000| PB 0x000000061c000000| Untracked 
| 105|0x000000061c400000, 0x000000061c400000, 0x000000061c800000|  0%| F|  |TAMS 0x000000061c400000| PB 0x000000061c400000| Untracked 
| 106|0x000000061c800000, 0x000000061c800000, 0x000000061cc00000|  0%| F|  |TAMS 0x000000061c800000| PB 0x000000061c800000| Untracked 
| 107|0x000000061cc00000, 0x000000061cc00000, 0x000000061d000000|  0%| F|  |TAMS 0x000000061cc00000| PB 0x000000061cc00000| Untracked 
| 108|0x000000061d000000, 0x000000061d000000, 0x000000061d400000|  0%| F|  |TAMS 0x000000061d000000| PB 0x000000061d000000| Untracked 
| 109|0x000000061d400000, 0x000000061d400000, 0x000000061d800000|  0%| F|  |TAMS 0x000000061d400000| PB 0x000000061d400000| Untracked 
| 110|0x000000061d800000, 0x000000061d800000, 0x000000061dc00000|  0%| F|  |TAMS 0x000000061d800000| PB 0x000000061d800000| Untracked 
| 111|0x000000061dc00000, 0x000000061dc00000, 0x000000061e000000|  0%| F|  |TAMS 0x000000061dc00000| PB 0x000000061dc00000| Untracked 
| 112|0x000000061e000000, 0x000000061e000000, 0x000000061e400000|  0%| F|  |TAMS 0x000000061e000000| PB 0x000000061e000000| Untracked 
| 113|0x000000061e400000, 0x000000061e400000, 0x000000061e800000|  0%| F|  |TAMS 0x000000061e400000| PB 0x000000061e400000| Untracked 
| 114|0x000000061e800000, 0x000000061e800000, 0x000000061ec00000|  0%| F|  |TAMS 0x000000061e800000| PB 0x000000061e800000| Untracked 
| 115|0x000000061ec00000, 0x000000061ec00000, 0x000000061f000000|  0%| F|  |TAMS 0x000000061ec00000| PB 0x000000061ec00000| Untracked 
| 116|0x000000061f000000, 0x000000061f000000, 0x000000061f400000|  0%| F|  |TAMS 0x000000061f000000| PB 0x000000061f000000| Untracked 
| 117|0x000000061f400000, 0x000000061f400000, 0x000000061f800000|  0%| F|  |TAMS 0x000000061f400000| PB 0x000000061f400000| Untracked 
| 118|0x000000061f800000, 0x000000061f800000, 0x000000061fc00000|  0%| F|  |TAMS 0x000000061f800000| PB 0x000000061f800000| Untracked 
| 119|0x000000061fc00000, 0x000000061fc00000, 0x0000000620000000|  0%| F|  |TAMS 0x000000061fc00000| PB 0x000000061fc00000| Untracked 
| 120|0x0000000620000000, 0x0000000620000000, 0x0000000620400000|  0%| F|  |TAMS 0x0000000620000000| PB 0x0000000620000000| Untracked 
| 121|0x0000000620400000, 0x0000000620800000, 0x0000000620800000|100%| S|CS|TAMS 0x0000000620400000| PB 0x0000000620400000| Complete 
| 122|0x0000000620800000, 0x0000000620800000, 0x0000000620c00000|  0%| F|  |TAMS 0x0000000620800000| PB 0x0000000620800000| Untracked 
| 123|0x0000000620c00000, 0x0000000620c00000, 0x0000000621000000|  0%| F|  |TAMS 0x0000000620c00000| PB 0x0000000620c00000| Untracked 
| 124|0x0000000621000000, 0x000000062133f798, 0x0000000621400000| 81%| E|  |TAMS 0x0000000621000000| PB 0x0000000621000000| Complete 
| 125|0x0000000621400000, 0x0000000621800000, 0x0000000621800000|100%| E|CS|TAMS 0x0000000621400000| PB 0x0000000621400000| Complete 
| 126|0x0000000621800000, 0x0000000621c00000, 0x0000000621c00000|100%| E|CS|TAMS 0x0000000621800000| PB 0x0000000621800000| Complete 
| 127|0x0000000621c00000, 0x0000000622000000, 0x0000000622000000|100%| E|  |TAMS 0x0000000621c00000| PB 0x0000000621c00000| Complete 

Card table byte_map: [0x000001ddf9d50000,0x000001ddfad40000] _byte_map_base: 0x000001ddf6d40000

Marking Bits: (CMBitMap*) 0x000001ddee7dc2f0
 Bits: [0x000001dd8f000000, 0x000001dd96f80000)

Polling page: 0x000001ddec640000

Metaspace:

Usage:
  Non-class:      7.01 MB used.
      Class:    987.12 KB used.
       Both:      7.97 MB used.

Virtual space:
  Non-class space:       64.00 MB reserved,       7.12 MB ( 11%) committed,  1 nodes.
      Class space:        1.00 GB reserved,       1.06 MB ( <1%) committed,  1 nodes.
             Both:        1.06 GB reserved,       8.19 MB ( <1%) committed. 

Chunk freelists:
   Non-Class:  8.06 MB
       Class:  14.82 MB
        Both:  22.88 MB

MaxMetaspaceSize: unlimited
CompressedClassSpaceSize: 1.00 GB
Initial GC threshold: 21.00 MB
Current GC threshold: 21.00 MB
CDS: on
 - commit_granule_bytes: 65536.
 - commit_granule_words: 8192.
 - virtual_space_node_default_size: 8388608.
 - enlarge_chunks_in_place: 1.
 - use_allocation_guard: 0.


Internal statistics:

num_allocs_failed_limit: 0.
num_arena_births: 294.
num_arena_deaths: 0.
num_vsnodes_births: 2.
num_vsnodes_deaths: 0.
num_space_committed: 131.
num_space_uncommitted: 0.
num_chunks_returned_to_freelist: 0.
num_chunks_taken_from_freelist: 530.
num_chunk_merges: 0.
num_chunk_splits: 320.
num_chunks_enlarged: 141.
num_inconsistent_stats: 0.

CodeHeap 'non-profiled nmethods': size=117760Kb used=594Kb max_used=594Kb free=117165Kb
 bounds [0x000001dd87d00000, 0x000001dd87f70000, 0x000001dd8f000000]
CodeHeap 'profiled nmethods': size=117760Kb used=3268Kb max_used=3268Kb free=114491Kb
 bounds [0x000001dd80000000, 0x000001dd80340000, 0x000001dd87300000]
CodeHeap 'non-nmethods': size=10240Kb used=5958Kb max_used=5967Kb free=4281Kb
 bounds [0x000001dd87300000, 0x000001dd878e0000, 0x000001dd87d00000]
 total_blobs=2180 nmethods=1662 adapters=418
 compilation: enabled
              stopped_count=0, restarted_count=0
 full_count=0

JVMCI Events (20 events):
Event: 0.820 Thread 0x000001dde54ee4d0 compacted oop handles in JVMCI runtime 2 from 84 to 80
Event: 0.820 Thread 0x000001ddd8047450 compacted oop handles in JVMCI runtime 0 from 115 to 111
Event: 0.820 Thread 0x000001ddd8047450 compacted oop handles in JVMCI runtime 0 from 112 to 60
Event: 0.821 Thread 0x000001dde54ee4d0 compacted oop handles in JVMCI runtime 2 from 81 to 80
Event: 0.825 Thread 0x000001ddd8047450 compacted oop handles in JVMCI runtime 0 from 67 to 65
Event: 0.832 Thread 0x000001dde54ee4d0 compacted oop handles in JVMCI runtime 2 from 85 to 82
Event: 0.846 Thread 0x000001dde54ee4d0 compacted oop handles in JVMCI runtime 2 from 85 to 84
Event: 0.875 Thread 0x000001dde54ee4d0 compacted oop handles in JVMCI runtime 2 from 115 to 114
Event: 0.883 Thread 0x000001ddd8047450 compacted oop handles in JVMCI runtime 0 from 105 to 94
Event: 0.899 Thread 0x000001ddd8047450 compacted oop handles in JVMCI runtime 0 from 105 to 98
Event: 0.910 Thread 0x000001dde54ee4d0 compacted oop handles in JVMCI runtime 2 from 177 to 160
Event: 0.910 Thread 0x000001dde54ee4d0 compacted oop handles in JVMCI runtime 2 from 161 to 84
Event: 0.921 Thread 0x000001ddd8047450 compacted oop handles in JVMCI runtime 0 from 160 to 134
Event: 0.921 Thread 0x000001ddd8047450 compacted oop handles in JVMCI runtime 0 from 135 to 106
Event: 0.921 Thread 0x000001ddd8047450 compacted oop handles in JVMCI runtime 0 from 108 to 107
Event: 0.950 Thread 0x000001dde54ee4d0 compacted oop handles in JVMCI runtime 2 from 126 to 119
Event: 0.971 Thread 0x000001dde54ee4d0 compacted oop handles in JVMCI runtime 2 from 123 to 86
Event: 0.980 Thread 0x000001dde54ee4d0 compacted oop handles in JVMCI runtime 2 from 95 to 90
Event: 0.984 Thread 0x000001ddd8047450 compacted oop handles in JVMCI runtime 0 from 164 to 160
Event: 0.986 Thread 0x000001dde54ee4d0 compacted oop handles in JVMCI runtime 2 from 99 to 97

Compilation events (20 events):
Event: 1.069 Thread 0x000001ddd8047450 nmethod 1641 0x000001dd87d92e90 code [0x000001dd87d93040, 0x000001dd87d93838]
Event: 1.069 Thread 0x000001dde54ee4d0 nmethod 1625 0x000001dd87d93890 code [0x000001dd87d93aa0, 0x000001dd87d946b8]
Event: 1.072 Thread 0x000001ddd81d98b0 1653       3       java.lang.invoke.LambdaFormEditor$TransformKey::packedBytes (37 bytes)
Event: 1.072 Thread 0x000001ddd81d98b0 nmethod 1653 0x000001dd802ebe10 code [0x000001dd802ebfa0, 0x000001dd802ec0b0]
Event: 1.072 Thread 0x000001ddd81d7200 1654       3       java.lang.invoke.LambdaFormEditor$TransformKey::packedBytes (30 bytes)
Event: 1.072 Thread 0x000001ddd80f2100 1655       3       java.lang.invoke.LambdaFormEditor$TransformKey::of (51 bytes)
Event: 1.072 Thread 0x000001ddd81d7200 nmethod 1654 0x000001dd802ec110 code [0x000001dd802ec2a0, 0x000001dd802ec3a8]
Event: 1.072 Thread 0x000001ddd809d4f0 1656       3       java.lang.invoke.MethodType::dropParameterTypes (162 bytes)
Event: 1.073 Thread 0x000001ddd81d5860 1657       3       java.lang.invoke.LambdaFormEditor::bindArgumentType (101 bytes)
Event: 1.073 Thread 0x000001ddd8298be0 1660       3       java.lang.invoke.LambdaForm::uncustomize (57 bytes)
Event: 1.073 Thread 0x000001ddd8047af0 1658       3       java.lang.invoke.LambdaFormEditor::bindArgumentForm (255 bytes)
Event: 1.073 Thread 0x000001ddd81d98b0 1659       3       java.lang.invoke.LambdaFormEditor$TransformKey::of (49 bytes)
Event: 1.073 Thread 0x000001ddd828d650 1661       3       java.lang.invoke.LambdaFormEditor$TransformKey::bval (26 bytes)
Event: 1.073 Thread 0x000001ddd81d7200 1662       3       java.lang.invoke.BoundMethodHandle::bindArgumentL (11 bytes)
Event: 1.073 Thread 0x000001ddd80f2100 nmethod 1655 0x000001dd802ec410 code [0x000001dd802ec620, 0x000001dd802ecaf0]
Event: 1.073 Thread 0x000001ddd81d5860 nmethod 1657 0x000001dd802ecc90 code [0x000001dd802ece40, 0x000001dd802ed1a8]
Event: 1.073 Thread 0x000001ddd828d650 nmethod 1661 0x000001dd802ed290 code [0x000001dd802ed420, 0x000001dd802ed528]
Event: 1.073 Thread 0x000001ddd8298be0 nmethod 1660 0x000001dd802ed590 code [0x000001dd802ed760, 0x000001dd802edbc8]
Event: 1.073 Thread 0x000001ddd80f2100 1663       3       java.lang.invoke.LambdaFormEditor::bindArgumentL (59 bytes)
Event: 1.074 Thread 0x000001ddd81d7200 nmethod 1662 0x000001dd802edd10 code [0x000001dd802edf00, 0x000001dd802ee550]

GC Heap History (2 events):
Event: 0.788 GC heap before
{Heap before GC invocations=0 (full 0):
 garbage-first heap   total 524288K, used 20480K [0x0000000602000000, 0x0000000800000000)
  region size 4096K, 6 young (24576K), 0 survivors (0K)
 Metaspace       used 5202K, committed 5440K, reserved 1114112K
  class space    used 525K, committed 640K, reserved 1048576K
}
Event: 0.792 GC heap after
{Heap after GC invocations=1 (full 0):
 garbage-first heap   total 524288K, used 4850K [0x0000000602000000, 0x0000000800000000)
  region size 4096K, 1 young (4096K), 1 survivors (4096K)
 Metaspace       used 5202K, committed 5440K, reserved 1114112K
  class space    used 525K, committed 640K, reserved 1048576K
}

Dll operation events (13 events):
Event: 0.007 Loaded shared library C:\Users\Lukas\.jdks\graalvm-jdk-21.0.7\bin\java.dll
Event: 0.031 Loaded shared library C:\Users\Lukas\.jdks\graalvm-jdk-21.0.7\bin\jsvml.dll
Event: 0.073 Loaded shared library C:\Users\Lukas\.jdks\graalvm-jdk-21.0.7\bin\jvmcicompiler.dll
Event: 0.074 Loaded shared library C:\Users\Lukas\.jdks\graalvm-jdk-21.0.7\bin\net.dll
Event: 0.075 Loaded shared library C:\Users\Lukas\.jdks\graalvm-jdk-21.0.7\bin\nio.dll
Event: 0.078 Loaded shared library C:\Users\Lukas\.jdks\graalvm-jdk-21.0.7\bin\zip.dll
Event: 0.090 Loaded shared library C:\Users\Lukas\.jdks\graalvm-jdk-21.0.7\bin\jimage.dll
Event: 0.101 Loaded shared library C:\Users\Lukas\.jdks\graalvm-jdk-21.0.7\bin\extnet.dll
Event: 0.150 Loaded shared library C:\Users\Lukas\.jdks\graalvm-jdk-21.0.7\bin\management.dll
Event: 0.152 Loaded shared library C:\Users\Lukas\.jdks\graalvm-jdk-21.0.7\bin\management_ext.dll
Event: 0.359 Loaded shared library S:\Data\Development\IntelliJ Workspace\FastSimplexNoiseLib\build\tmp\jmh\Aparapi7216520226479316929\libgcc_s_seh-1.dll
Event: 0.612 Loaded shared library S:\Data\Development\IntelliJ Workspace\FastSimplexNoiseLib\build\tmp\jmh\Aparapi17262197331797135013\libstdc++-6.dll
Event: 0.658 Loaded shared library S:\Data\Development\IntelliJ Workspace\FastSimplexNoiseLib\build\tmp\jmh\Aparapi10843725565361540628\libaparapi.dll

Deoptimization events (20 events):
Event: 0.546 Thread 0x000001ddd86acd30 Uncommon trap: trap_request=0xffffffed fr.pc=0x000001dd87d58e9c relative=0x000000000000101c
Event: 0.546 Thread 0x000001ddd86acd30 Uncommon trap: reason=null_assert_or_unreached0 action=reinterpret pc=0x000001dd87d58e9c method=java.util.zip.Inflater.needsInput()Z @ 49 jvmci
Event: 0.546 Thread 0x000001ddd86acd30 DEOPT PACKING pc=0x000001dd87d58e9c sp=0x000000d1fb5fc710
Event: 0.546 Thread 0x000001ddd86acd30 DEOPT UNPACKING pc=0x000001dd87354c43 sp=0x000000d1fb5fbb48 mode 3
Event: 0.793 Thread 0x000001ddd8025fd0 Uncommon trap: trap_request=0xffffffed fr.pc=0x000001dd87d3705a relative=0x000000000000005a
Event: 0.793 Thread 0x000001ddd8025fd0 Uncommon trap: reason=null_assert_or_unreached0 action=reinterpret pc=0x000001dd87d3705a method=java.util.concurrent.locks.AbstractQueuedSynchronizer.signalNext(Ljava/util/concurrent/locks/AbstractQueuedSynchronizer$Node;)V @ 0 jvmci
Event: 0.793 Thread 0x000001ddd8025fd0 DEOPT PACKING pc=0x000001dd87d3705a sp=0x000000d1f9eff230
Event: 0.793 Thread 0x000001ddd8025fd0 DEOPT UNPACKING pc=0x000001dd87354c43 sp=0x000000d1f9efe6c8 mode 3
Event: 0.915 Thread 0x000001ddd86acd30 Uncommon trap: trap_request=0xffffffed fr.pc=0x000001dd87d7156d relative=0x00000000000006cd
Event: 0.915 Thread 0x000001ddd86acd30 Uncommon trap: reason=null_assert_or_unreached0 action=reinterpret pc=0x000001dd87d7156d method=java.util.concurrent.ConcurrentHashMap.get(Ljava/lang/Object;)Ljava/lang/Object; @ 76 jvmci
Event: 0.916 Thread 0x000001ddd86acd30 DEOPT PACKING pc=0x000001dd87d7156d sp=0x000000d1fb5fcbd0
Event: 0.916 Thread 0x000001ddd86acd30 DEOPT UNPACKING pc=0x000001dd87354c43 sp=0x000000d1fb5fc078 mode 3
Event: 0.976 Thread 0x000001ddd86acd30 Uncommon trap: trap_request=0xffffffed fr.pc=0x000001dd87d808e6 relative=0x0000000000002226
Event: 0.976 Thread 0x000001ddd86acd30 Uncommon trap: reason=null_assert_or_unreached0 action=reinterpret pc=0x000001dd87d808e6 method=java.util.HashMap.putVal(ILjava/lang/Object;Ljava/lang/Object;ZZ)Ljava/lang/Object; @ 134 jvmci
Event: 0.976 Thread 0x000001ddd86acd30 DEOPT PACKING pc=0x000001dd87d808e6 sp=0x000000d1fb5fd3b0
Event: 0.976 Thread 0x000001ddd86acd30 DEOPT UNPACKING pc=0x000001dd87354c43 sp=0x000000d1fb5fc7e8 mode 3
Event: 0.977 Thread 0x000001ddd86acd30 Uncommon trap: trap_request=0xffffffed fr.pc=0x000001dd87d7ac09 relative=0x0000000000000a49
Event: 0.977 Thread 0x000001ddd86acd30 Uncommon trap: reason=null_assert_or_unreached0 action=reinterpret pc=0x000001dd87d7ac09 method=java.util.HashMap.putVal(ILjava/lang/Object;Ljava/lang/Object;ZZ)Ljava/lang/Object; @ 134 jvmci
Event: 0.977 Thread 0x000001ddd86acd30 DEOPT PACKING pc=0x000001dd87d7ac09 sp=0x000000d1fb5fd320
Event: 0.977 Thread 0x000001ddd86acd30 DEOPT UNPACKING pc=0x000001dd87354c43 sp=0x000000d1fb5fc7f0 mode 3

Classes loaded (20 events):
Event: 0.915 Loading class jdk/internal/vm/annotation/IntrinsicCandidate
Event: 0.915 Loading class jdk/internal/vm/annotation/IntrinsicCandidate done
Event: 0.919 Loading class java/lang/SecurityException
Event: 0.919 Loading class java/lang/SecurityException done
Event: 0.951 Loading class sun/invoke/util/ValueConversions$1
Event: 0.951 Loading class sun/invoke/util/ValueConversions$1 done
Event: 0.951 Loading class java/lang/invoke/BoundMethodHandle$Species_LI
Event: 0.951 Loading class java/lang/invoke/BoundMethodHandle$Species_LI done
Event: 0.963 Loading class java/util/LinkedList
Event: 0.963 Loading class java/util/AbstractSequentialList
Event: 0.963 Loading class java/util/AbstractSequentialList done
Event: 0.963 Loading class java/util/LinkedList done
Event: 0.964 Loading class java/util/LinkedList$Node
Event: 0.964 Loading class java/util/LinkedList$Node done
Event: 1.060 Loading class java/util/Stack
Event: 1.060 Loading class java/util/Vector
Event: 1.060 Loading class java/util/Vector done
Event: 1.060 Loading class java/util/Stack done
Event: 1.060 Loading class java/util/Vector$Itr
Event: 1.060 Loading class java/util/Vector$Itr done

Classes unloaded (0 events):
No events

Classes redefined (0 events):
No events

Internal exceptions (20 events):
Event: 0.290 Thread 0x000001ddd86870f0 Exception <a 'java/lang/NoSuchMethodError'{0x0000000621369c48}: 'java.lang.Object java.lang.invoke.Invokers$Holder.invokeExact_MT(java.lang.Object, java.lang.Object, java.lang.Object, java.lang.Object, java.lang.Object)'> (0x0000000621369c48) 
thrown [s\open\src\hotspot\share\interpreter\linkResolver.cpp, line 773]
Event: 0.290 Thread 0x000001ddd86c28b0 Exception <a 'java/lang/NoSuchMethodError'{0x0000000620977b40}: 'java.lang.Object java.lang.invoke.Invokers$Holder.invokeExact_MT(java.lang.Object, java.lang.Object, java.lang.Object, java.lang.Object, java.lang.Object)'> (0x0000000620977b40) 
thrown [s\open\src\hotspot\share\interpreter\linkResolver.cpp, line 773]
Event: 0.290 Thread 0x000001ddd86acd30 Exception <a 'java/lang/NoSuchMethodError'{0x0000000620c0a4c8}: 'java.lang.Object java.lang.invoke.Invokers$Holder.invokeExact_MT(java.lang.Object, java.lang.Object, java.lang.Object, java.lang.Object, java.lang.Object)'> (0x0000000620c0a4c8) 
thrown [s\open\src\hotspot\share\interpreter\linkResolver.cpp, line 773]
Event: 0.290 Thread 0x000001ddd86ad390 Exception <a 'java/lang/NoSuchMethodError'{0x0000000620d00110}: 'java.lang.Object java.lang.invoke.Invokers$Holder.invokeExact_MT(java.lang.Object, java.lang.Object, java.lang.Object, java.lang.Object, java.lang.Object)'> (0x0000000620d00110) 
thrown [s\open\src\hotspot\share\interpreter\linkResolver.cpp, line 773]
Event: 0.291 Thread 0x000001ddd86ae050 Exception <a 'java/lang/NoSuchMethodError'{0x0000000620df5878}: 'java.lang.Object java.lang.invoke.Invokers$Holder.invokeExact_MT(java.lang.Object, java.lang.Object, java.lang.Object, java.lang.Object, java.lang.Object)'> (0x0000000620df5878) 
thrown [s\open\src\hotspot\share\interpreter\linkResolver.cpp, line 773]
Event: 0.291 Thread 0x000001ddd86c5010 Exception <a 'java/lang/NoSuchMethodError'{0x0000000620eeb918}: 'java.lang.Object java.lang.invoke.Invokers$Holder.invokeExact_MT(java.lang.Object, java.lang.Object, java.lang.Object, java.lang.Object, java.lang.Object)'> (0x0000000620eeb918) 
thrown [s\open\src\hotspot\share\interpreter\linkResolver.cpp, line 773]
Event: 0.291 Thread 0x000001ddd86c2f40 Exception <a 'java/lang/NoSuchMethodError'{0x0000000620f662d8}: 'java.lang.Object java.lang.invoke.Invokers$Holder.invokeExact_MT(java.lang.Object, java.lang.Object, java.lang.Object, java.lang.Object, java.lang.Object)'> (0x0000000620f662d8) 
thrown [s\open\src\hotspot\share\interpreter\linkResolver.cpp, line 773]
Event: 0.291 Thread 0x000001ddd86c56a0 Exception <a 'java/lang/NoSuchMethodError'{0x0000000620fe10f8}: 'java.lang.Object java.lang.invoke.Invokers$Holder.invokeExact_MT(java.lang.Object, java.lang.Object, java.lang.Object, java.lang.Object, java.lang.Object)'> (0x0000000620fe10f8) 
thrown [s\open\src\hotspot\share\interpreter\linkResolver.cpp, line 773]
Event: 0.291 Thread 0x000001ddd86c5d30 Exception <a 'java/lang/NoSuchMethodError'{0x000000062080a0c8}: 'java.lang.Object java.lang.invoke.Invokers$Holder.invokeExact_MT(java.lang.Object, java.lang.Object, java.lang.Object, java.lang.Object, java.lang.Object)'> (0x000000062080a0c8) 
thrown [s\open\src\hotspot\share\interpreter\linkResolver.cpp, line 773]
Event: 0.291 Thread 0x000001ddd86c42f0 Exception <a 'java/lang/NoSuchMethodError'{0x0000000620884e18}: 'java.lang.Object java.lang.invoke.Invokers$Holder.invokeExact_MT(java.lang.Object, java.lang.Object, java.lang.Object, java.lang.Object, java.lang.Object)'> (0x0000000620884e18) 
thrown [s\open\src\hotspot\share\interpreter\linkResolver.cpp, line 773]
Event: 0.291 Thread 0x000001ddd86c35d0 Exception <a 'java/lang/NoSuchMethodError'{0x00000006208ffc38}: 'java.lang.Object java.lang.invoke.Invokers$Holder.invokeExact_MT(java.lang.Object, java.lang.Object, java.lang.Object, java.lang.Object, java.lang.Object)'> (0x00000006208ffc38) 
thrown [s\open\src\hotspot\share\interpreter\linkResolver.cpp, line 773]
Event: 0.301 Thread 0x000001ddd86acd30 Exception <a 'java/lang/NoSuchMethodError'{0x0000000620c16a10}: 'void java.lang.invoke.Invokers$Holder.invokeExact_MT(java.lang.Object, java.lang.Object, java.lang.Object, java.lang.Object)'> (0x0000000620c16a10) 
thrown [s\open\src\hotspot\share\interpreter\linkResolver.cpp, line 773]
Event: 0.303 Thread 0x000001ddd86acd30 Exception <a 'java/lang/NoSuchMethodError'{0x0000000620c1f110}: 'void java.lang.invoke.DelegatingMethodHandle$Holder.reinvoke_L(java.lang.Object, java.lang.Object, int)'> (0x0000000620c1f110) 
thrown [s\open\src\hotspot\share\interpreter\linkResolver.cpp, line 773]
Event: 0.322 Thread 0x000001ddd86acd30 Exception <a 'java/lang/NoSuchMethodError'{0x0000000620ae63a0}: 'java.lang.Object java.lang.invoke.DirectMethodHandle$Holder.invokeStaticInit(java.lang.Object, int, int, int, int)'> (0x0000000620ae63a0) 
thrown [s\open\src\hotspot\share\interpreter\linkResolver.cpp, line 773]
Event: 0.331 Thread 0x000001ddd86acd30 Exception <a 'java/lang/NoSuchMethodError'{0x0000000620afbe68}: 'java.lang.Object java.lang.invoke.DirectMethodHandle$Holder.invokeStaticInit(java.lang.Object, java.lang.Object, int, int, int, int)'> (0x0000000620afbe68) 
thrown [s\open\src\hotspot\share\interpreter\linkResolver.cpp, line 773]
Event: 0.798 Thread 0x000001ddd86acd30 Exception <a 'java/lang/NoSuchMethodError'{0x0000000621c1e840}: 'int java.lang.invoke.DirectMethodHandle$Holder.invokeStaticInit(java.lang.Object, java.lang.Object, java.lang.Object)'> (0x0000000621c1e840) 
thrown [s\open\src\hotspot\share\interpreter\linkResolver.cpp, line 773]
Event: 0.951 Thread 0x000001ddd86acd30 Exception <a 'java/lang/NoSuchMethodError'{0x00000006217aef50}: 'java.lang.Object java.lang.invoke.DirectMethodHandle$Holder.newInvokeSpecial(java.lang.Object, java.lang.Object, java.lang.Object, int)'> (0x00000006217aef50) 
thrown [s\open\src\hotspot\share\interpreter\linkResolver.cpp, line 773]
Event: 0.951 Thread 0x000001ddd86acd30 Exception <a 'java/lang/NoSuchMethodError'{0x00000006217b3ec0}: 'int java.lang.invoke.DirectMethodHandle$Holder.invokeSpecial(java.lang.Object, java.lang.Object, java.lang.Object, int)'> (0x00000006217b3ec0) 
thrown [s\open\src\hotspot\share\interpreter\linkResolver.cpp, line 773]
Event: 0.952 Thread 0x000001ddd86acd30 Exception <a 'java/lang/NoSuchMethodError'{0x00000006217c60f8}: 'java.lang.Object java.lang.invoke.DirectMethodHandle$Holder.invokeStatic(java.lang.Object, java.lang.Object, java.lang.Object, java.lang.Object, int)'> (0x00000006217c60f8) 
thrown [s\open\src\hotspot\share\interpreter\linkResolver.cpp, line 773]
Event: 0.952 Thread 0x000001ddd86acd30 Exception <a 'java/lang/NoSuchMethodError'{0x00000006217cdaa8}: 'java.lang.Object java.lang.invoke.DirectMethodHandle$Holder.invokeSpecial(java.lang.Object, java.lang.Object, java.lang.Object, java.lang.Object, int)'> (0x00000006217cdaa8) 
thrown [s\open\src\hotspot\share\interpreter\linkResolver.cpp, line 773]

ZGC Phase Switch (0 events):
No events

VM Operations (20 events):
Event: 0.281 Executing VM operation: HandshakeAllThreads (Deoptimize)
Event: 0.281 Executing VM operation: HandshakeAllThreads (Deoptimize) done
Event: 0.281 Executing VM operation: HandshakeAllThreads (Deoptimize)
Event: 0.282 Executing VM operation: HandshakeAllThreads (Deoptimize) done
Event: 0.345 Executing VM operation: HandshakeAllThreads (Deoptimize)
Event: 0.345 Executing VM operation: HandshakeAllThreads (Deoptimize) done
Event: 0.788 Executing VM operation: G1CollectForAllocation (G1 Evacuation Pause)
Event: 0.793 Executing VM operation: G1CollectForAllocation (G1 Evacuation Pause) done
Event: 0.804 Executing VM operation: HandshakeAllThreads (Deoptimize)
Event: 0.804 Executing VM operation: HandshakeAllThreads (Deoptimize) done
Event: 0.806 Executing VM operation: HandshakeAllThreads (Deoptimize)
Event: 0.806 Executing VM operation: HandshakeAllThreads (Deoptimize) done
Event: 0.810 Executing VM operation: HandshakeAllThreads (Deoptimize)
Event: 0.810 Executing VM operation: HandshakeAllThreads (Deoptimize) done
Event: 0.869 Executing VM operation: HandshakeAllThreads (Deoptimize)
Event: 0.869 Executing VM operation: HandshakeAllThreads (Deoptimize) done
Event: 0.963 Executing VM operation: HandshakeAllThreads (Deoptimize)
Event: 0.964 Executing VM operation: HandshakeAllThreads (Deoptimize) done
Event: 0.970 Executing VM operation: HandshakeAllThreads (Deoptimize)
Event: 0.970 Executing VM operation: HandshakeAllThreads (Deoptimize) done

Events (20 events):
Event: 0.145 Thread 0x000001ddd858a710 Thread added: 0x000001ddd858a710
Event: 0.285 Thread 0x000001ddd86870f0 Thread added: 0x000001ddd86870f0
Event: 0.285 Thread 0x000001ddd86bad60 Thread added: 0x000001ddd86bad60
Event: 0.285 Thread 0x000001ddd86bb3c0 Thread added: 0x000001ddd86bb3c0
Event: 0.285 Thread 0x000001ddd86acd30 Thread added: 0x000001ddd86acd30
Event: 0.285 Thread 0x000001ddd86ad390 Thread added: 0x000001ddd86ad390
Event: 0.285 Thread 0x000001ddd86ad9f0 Thread added: 0x000001ddd86ad9f0
Event: 0.285 Thread 0x000001ddd86ae050 Thread added: 0x000001ddd86ae050
Event: 0.285 Thread 0x000001ddd86bc230 Thread added: 0x000001ddd86bc230
Event: 0.285 Thread 0x000001ddd86c5010 Thread added: 0x000001ddd86c5010
Event: 0.285 Thread 0x000001ddd86c2f40 Thread added: 0x000001ddd86c2f40
Event: 0.285 Thread 0x000001ddd86c56a0 Thread added: 0x000001ddd86c56a0
Event: 0.286 Thread 0x000001ddd86c5d30 Thread added: 0x000001ddd86c5d30
Event: 0.286 Thread 0x000001ddd86c42f0 Thread added: 0x000001ddd86c42f0
Event: 0.286 Thread 0x000001ddd86c35d0 Thread added: 0x000001ddd86c35d0
Event: 0.287 Thread 0x000001ddd86c28b0 Thread added: 0x000001ddd86c28b0
Event: 0.288 Thread 0x000001ddd86c3c60 Thread added: 0x000001ddd86c3c60
Event: 0.526 Thread 0x000001ddd858a710 Thread exited: 0x000001ddd858a710
Event: 0.774 Thread 0x000001ddd85ed0a0 Thread exited: 0x000001ddd85ed0a0
Event: 0.799 Thread 0x000001dde54ee4d0 Thread added: 0x000001dde54ee4d0


Dynamic libraries:
0x00007ff6c0610000 - 0x00007ff6c0620000 	C:\Users\Lukas\.jdks\graalvm-jdk-21.0.7\bin\java.exe
0x00007ffe6aea0000 - 0x00007ffe6b107000 	C:\WINDOWS\SYSTEM32\ntdll.dll
0x00007ffe695d0000 - 0x00007ffe69699000 	C:\WINDOWS\System32\KERNEL32.DLL
0x00007ffe68210000 - 0x00007ffe68600000 	C:\WINDOWS\System32\KERNELBASE.dll
0x00007ffe68830000 - 0x00007ffe6897b000 	C:\WINDOWS\System32\ucrtbase.dll
0x00007ffe43b30000 - 0x00007ffe43b4b000 	C:\Users\Lukas\.jdks\graalvm-jdk-21.0.7\bin\VCRUNTIME140.dll
0x00007ffe5bd50000 - 0x00007ffe5bd69000 	C:\Users\Lukas\.jdks\graalvm-jdk-21.0.7\bin\jli.dll
0x00007ffe6a500000 - 0x00007ffe6a5b4000 	C:\WINDOWS\System32\ADVAPI32.dll
0x00007ffe69040000 - 0x00007ffe690e9000 	C:\WINDOWS\System32\msvcrt.dll
0x00007ffe68c30000 - 0x00007ffe68cd6000 	C:\WINDOWS\System32\sechost.dll
0x00007ffe698b0000 - 0x00007ffe699c8000 	C:\WINDOWS\System32\RPCRT4.dll
0x00007ffe690f0000 - 0x00007ffe692b5000 	C:\WINDOWS\System32\USER32.dll
0x00007ffe68060000 - 0x00007ffe68087000 	C:\WINDOWS\System32\win32u.dll
0x00007ffe483c0000 - 0x00007ffe4865a000 	C:\WINDOWS\WinSxS\amd64_microsoft.windows.common-controls_6595b64144ccf1df_6.0.26100.4768_none_3e0c112ce331287c\COMCTL32.dll
0x00007ffe69c40000 - 0x00007ffe69c6b000 	C:\WINDOWS\System32\GDI32.dll
0x00007ffe68af0000 - 0x00007ffe68c28000 	C:\WINDOWS\System32\gdi32full.dll
0x00007ffe68a40000 - 0x00007ffe68ae3000 	C:\WINDOWS\System32\msvcp_win.dll
0x00007ffe60e30000 - 0x00007ffe60e3b000 	C:\WINDOWS\SYSTEM32\VERSION.dll
0x00007ffe6a4c0000 - 0x00007ffe6a4ef000 	C:\WINDOWS\System32\IMM32.DLL
0x00007ffe5aec0000 - 0x00007ffe5aecc000 	C:\Users\Lukas\.jdks\graalvm-jdk-21.0.7\bin\vcruntime140_1.dll
0x00007ffe1f340000 - 0x00007ffe1f3ce000 	C:\Users\Lukas\.jdks\graalvm-jdk-21.0.7\bin\msvcp140.dll
0x00007ffd87f00000 - 0x00007ffd88c24000 	C:\Users\Lukas\.jdks\graalvm-jdk-21.0.7\bin\server\jvm.dll
0x00007ffe68dd0000 - 0x00007ffe68e44000 	C:\WINDOWS\System32\WS2_32.dll
0x00007ffe67c90000 - 0x00007ffe67cee000 	C:\WINDOWS\SYSTEM32\POWRPROF.dll
0x00007ffe5bb20000 - 0x00007ffe5bb55000 	C:\WINDOWS\SYSTEM32\WINMM.dll
0x00007ffe67c70000 - 0x00007ffe67c84000 	C:\WINDOWS\SYSTEM32\UMPDC.dll
0x00007ffe66d10000 - 0x00007ffe66d2b000 	C:\WINDOWS\SYSTEM32\kernel.appcore.dll
0x00007ffe569a0000 - 0x00007ffe569aa000 	C:\Users\Lukas\.jdks\graalvm-jdk-21.0.7\bin\jimage.dll
0x00007ffe657a0000 - 0x00007ffe659e1000 	C:\WINDOWS\SYSTEM32\DBGHELP.DLL
0x00007ffe6a5c0000 - 0x00007ffe6a945000 	C:\WINDOWS\System32\combase.dll
0x00007ffe68ce0000 - 0x00007ffe68dc0000 	C:\WINDOWS\System32\OLEAUT32.dll
0x00007ffe4d990000 - 0x00007ffe4d9d3000 	C:\WINDOWS\SYSTEM32\dbgcore.DLL
0x00007ffe68790000 - 0x00007ffe68829000 	C:\WINDOWS\System32\bcryptPrimitives.dll
0x00007ffe34bf0000 - 0x00007ffe34c0f000 	C:\Users\Lukas\.jdks\graalvm-jdk-21.0.7\bin\java.dll
0x00007ffe69d70000 - 0x00007ffe6a4bd000 	C:\WINDOWS\System32\SHELL32.dll
0x00007ffe68610000 - 0x00007ffe68783000 	C:\WINDOWS\System32\wintypes.dll
0x00007ffe65b90000 - 0x00007ffe663f0000 	C:\WINDOWS\SYSTEM32\windows.storage.dll
0x00007ffe69c70000 - 0x00007ffe69d65000 	C:\WINDOWS\System32\SHCORE.dll
0x00007ffe694f0000 - 0x00007ffe6955a000 	C:\WINDOWS\System32\shlwapi.dll
0x00007ffe67ef0000 - 0x00007ffe67f19000 	C:\WINDOWS\SYSTEM32\profapi.dll
0x00007ffe1d8e0000 - 0x00007ffe1d9b7000 	C:\Users\Lukas\.jdks\graalvm-jdk-21.0.7\bin\jsvml.dll
0x00007ffd751c0000 - 0x00007ffd781e9000 	C:\Users\Lukas\.jdks\graalvm-jdk-21.0.7\bin\jvmcicompiler.dll
0x00007ffe699d0000 - 0x00007ffe699d8000 	C:\WINDOWS\System32\PSAPI.DLL
0x00007ffe68090000 - 0x00007ffe68207000 	C:\WINDOWS\System32\CRYPT32.dll
0x00007ffe67320000 - 0x00007ffe6734b000 	C:\WINDOWS\SYSTEM32\USERENV.dll
0x00007ffe677c0000 - 0x00007ffe677f0000 	C:\WINDOWS\SYSTEM32\ncrypt.dll
0x00007ffe66700000 - 0x00007ffe66733000 	C:\WINDOWS\SYSTEM32\IPHLPAPI.DLL
0x00007ffe67280000 - 0x00007ffe672eb000 	C:\WINDOWS\SYSTEM32\MSWSOCK.dll
0x00007ffe67770000 - 0x00007ffe677af000 	C:\WINDOWS\SYSTEM32\NTASN1.dll
0x00007ffe4ecb0000 - 0x00007ffe4ecc0000 	C:\Users\Lukas\.jdks\graalvm-jdk-21.0.7\bin\net.dll
0x00007ffe60070000 - 0x00007ffe6018e000 	C:\WINDOWS\SYSTEM32\WINHTTP.dll
0x00007ffe31620000 - 0x00007ffe31636000 	C:\Users\Lukas\.jdks\graalvm-jdk-21.0.7\bin\nio.dll
0x00007ffe336f0000 - 0x00007ffe33708000 	C:\Users\Lukas\.jdks\graalvm-jdk-21.0.7\bin\zip.dll
0x00007ffe31600000 - 0x00007ffe31609000 	C:\Users\Lukas\.jdks\graalvm-jdk-21.0.7\bin\extnet.dll
0x00007ffe49c20000 - 0x00007ffe49c2a000 	C:\Users\Lukas\.jdks\graalvm-jdk-21.0.7\bin\management.dll
0x00007ffe31610000 - 0x00007ffe3161b000 	C:\Users\Lukas\.jdks\graalvm-jdk-21.0.7\bin\management_ext.dll
0x00007ffe2bac0000 - 0x00007ffe2bad8000 	C:\WINDOWS\system32\napinsp.dll
0x00007ffe66790000 - 0x00007ffe668b6000 	C:\WINDOWS\SYSTEM32\DNSAPI.dll
0x00007ffe695c0000 - 0x00007ffe695ca000 	C:\WINDOWS\System32\NSI.dll
0x00007ffe2bcd0000 - 0x00007ffe2bce2000 	C:\WINDOWS\System32\winrnr.dll
0x00007ffe2bc10000 - 0x00007ffe2bc40000 	C:\WINDOWS\system32\nlansp_c.dll
0x00007ffe2bc50000 - 0x00007ffe2bc70000 	C:\WINDOWS\system32\wshbth.dll
0x00007ffe558d0000 - 0x00007ffe558db000 	C:\Windows\System32\rasadhlp.dll
0x00007ffe5c2b0000 - 0x00007ffe5c336000 	C:\WINDOWS\System32\fwpuclnt.dll
0x00007ffe67660000 - 0x00007ffe6767b000 	C:\WINDOWS\SYSTEM32\CRYPTSP.dll
0x00007ffe66c70000 - 0x00007ffe66cab000 	C:\WINDOWS\system32\rsaenh.dll
0x00007ffe67ec0000 - 0x00007ffe67ee6000 	C:\WINDOWS\SYSTEM32\bcrypt.dll
0x00007ffe674c0000 - 0x00007ffe674cc000 	C:\WINDOWS\SYSTEM32\CRYPTBASE.dll
0x0000000061440000 - 0x000000006156b000 	S:\Data\Development\IntelliJ Workspace\FastSimplexNoiseLib\build\tmp\jmh\Aparapi7216520226479316929\libgcc_s_seh-1.dll
0x000000006fc40000 - 0x00000000714f5000 	S:\Data\Development\IntelliJ Workspace\FastSimplexNoiseLib\build\tmp\jmh\Aparapi17262197331797135013\libstdc++-6.dll
0x0000000064500000 - 0x0000000064945000 	S:\Data\Development\IntelliJ Workspace\FastSimplexNoiseLib\build\tmp\jmh\Aparapi10843725565361540628\libaparapi.dll
0x00007ffe1b610000 - 0x00007ffe1b686000 	C:\WINDOWS\SYSTEM32\OpenCL.dll
0x00007ffe699e0000 - 0x00007ffe69b80000 	C:\WINDOWS\System32\ole32.dll
0x00007ffe67b90000 - 0x00007ffe67be7000 	C:\WINDOWS\SYSTEM32\CFGMGR32.dll
0x00007ffe64f50000 - 0x00007ffe64f9d000 	C:\WINDOWS\SYSTEM32\dxcore.dll
0x00007ffe53040000 - 0x00007ffe5305a000 	C:\WINDOWS\SYSTEM32\windows.staterepositorycore.dll
0x00007ffe65010000 - 0x00007ffe6514e000 	C:\WINDOWS\SYSTEM32\dxgi.dll
0x00007ffe64fa0000 - 0x00007ffe6500a000 	C:\WINDOWS\SYSTEM32\directxdatabasehelper.dll
0x00007ffd72fa0000 - 0x00007ffd751c0000 	C:\WINDOWS\System32\DriverStore\FileRepository\nv_dispi.inf_amd64_ed7df476d41060e6\nvopencl64.dll
0x00007ffe676d0000 - 0x00007ffe676e3000 	C:\WINDOWS\SYSTEM32\msasn1.dll
0x00007ffe60940000 - 0x00007ffe6097b000 	C:\WINDOWS\SYSTEM32\cryptnet.dll
0x00007ffe67560000 - 0x00007ffe675cb000 	C:\WINDOWS\SYSTEM32\wldp.dll
0x00007ffe606b0000 - 0x00007ffe6082c000 	C:\WINDOWS\SYSTEM32\drvstore.dll
0x00007ffe67bf0000 - 0x00007ffe67c1d000 	C:\WINDOWS\SYSTEM32\devobj.dll
0x00007ffdb3330000 - 0x00007ffdb38b5000 	C:\WINDOWS\SYSTEM32\nvapi64.dll
0x00007ffe6a950000 - 0x00007ffe6add6000 	C:\WINDOWS\System32\SETUPAPI.dll
0x00007ffe0acf0000 - 0x00007ffe0ad87000 	C:\WINDOWS\System32\DriverStore\FileRepository\nv_dispi.inf_amd64_ed7df476d41060e6\nvdxgdmal64.dll
0x00007ffd98b20000 - 0x00007ffd99075000 	C:\WINDOWS\System32\DriverStore\FileRepository\iigd_dch.inf_amd64_5278e03d9bfa3deb\igdrcl64.dll
0x00007ffdc7390000 - 0x00007ffdc7799000 	C:\WINDOWS\System32\DriverStore\FileRepository\iigd_dch.inf_amd64_5278e03d9bfa3deb\igdgmm64.dll
0x00007ffe09f40000 - 0x00007ffe0a044000 	C:\WINDOWS\System32\DriverStore\FileRepository\iigd_dch.inf_amd64_5278e03d9bfa3deb\igdfcl64.dll
0x00007ffd65310000 - 0x00007ffd68aa6000 	C:\WINDOWS\System32\DriverStore\FileRepository\iigd_dch.inf_amd64_5278e03d9bfa3deb\igc64.dll
0x00007ffd91aa0000 - 0x00007ffd91bcc000 	C:\WINDOWS\System32\DriverStore\FileRepository\iigd_dch.inf_amd64_5278e03d9bfa3deb\igdml64.dll
0x00007ffd511c0000 - 0x00007ffd55380000 	C:\WINDOWS\system32\DriverStore\FileRepository\nv_dispi.inf_amd64_ed7df476d41060e6\nvvm64.dll

dbghelp: loaded successfully - version: 4.0.5 - missing functions: none
symbol engine: initialized successfully - sym options: 0x614 - pdb path: .;C:\Users\Lukas\.jdks\graalvm-jdk-21.0.7\bin;C:\WINDOWS\SYSTEM32;C:\WINDOWS\WinSxS\amd64_microsoft.windows.common-controls_6595b64144ccf1df_6.0.26100.4768_none_3e0c112ce331287c;C:\Users\Lukas\.jdks\graalvm-jdk-21.0.7\bin\server;S:\Data\Development\IntelliJ Workspace\FastSimplexNoiseLib\build\tmp\jmh\Aparapi7216520226479316929;S:\Data\Development\IntelliJ Workspace\FastSimplexNoiseLib\build\tmp\jmh\Aparapi17262197331797135013;S:\Data\Development\IntelliJ Workspace\FastSimplexNoiseLib\build\tmp\jmh\Aparapi10843725565361540628;C:\WINDOWS\System32\DriverStore\FileRepository\nv_dispi.inf_amd64_ed7df476d41060e6;C:\WINDOWS\System32\DriverStore\FileRepository\iigd_dch.inf_amd64_5278e03d9bfa3deb

VM Arguments:
jvm_args: -XX:ThreadPriorityPolicy=1 -XX:+UnlockExperimentalVMOptions -XX:+EnableJVMCIProduct -XX:-UnlockExperimentalVMOptions -Dfile.encoding=UTF8 -XX:ThreadPriorityPolicy=1 -XX:+UnlockExperimentalVMOptions -XX:+EnableJVMCIProduct -XX:-UnlockExperimentalVMOptions -Dfile.encoding=UTF8 -Dfile.encoding=UTF-8 -Djava.io.tmpdir=S:\Data\Development\IntelliJ Workspace\FastSimplexNoiseLib\build\tmp\jmh -Duser.country=DE -Duser.language=de -Duser.variant --enable-preview --add-modules=jdk.incubator.vector -XX:+UnlockDiagnosticVMOptions -XX:+UnlockExperimentalVMOptions -DcompilerBlackholesEnabled=true -XX:CompileCommandFile=S:\Data\Development\IntelliJ Workspace\FastSimplexNoiseLib\build\tmp\jmh\jmh692881745482147350compilecommand 
java_command: org.openjdk.jmh.runner.ForkedMain 127.0.0.1 11880
java_class_path (initial): C:\Users\Lukas\.gradle\caches\modules-2\files-2.1\org.openjdk.jmh\jmh-generator-bytecode\1.36\b8ab8b88a6b48a0cb540ede365fa84876e6608bf\jmh-generator-bytecode-1.36.jar;C:\Users\Lukas\.gradle\caches\modules-2\files-2.1\org.openjdk.jmh\jmh-generator-asm\1.36\ea8dba84346f9ecd34fc85f83fc1a14f7475348e\jmh-generator-asm-1.36.jar;C:\Users\Lukas\.gradle\caches\modules-2\files-2.1\org.openjdk.jmh\jmh-generator-reflection\1.36\40c9b3bb0523b58dada012987172452895f2c6cb\jmh-generator-reflection-1.36.jar;C:\Users\Lukas\.gradle\caches\modules-2\files-2.1\org.openjdk.jmh\jmh-core\1.36\5a69117788322630fc5f228bc804771335d41b1b\jmh-core-1.36.jar;C:\Users\Lukas\.gradle\caches\modules-2\files-2.1\net.sf.jopt-simple\jopt-simple\5.0.4\4fdac2fbe92dfad86aa6e9301736f6b4342a3f5c\jopt-simple-5.0.4.jar;C:\Users\Lukas\.gradle\caches\modules-2\files-2.1\org.apache.commons\commons-math3\3.2\ec2544ab27e110d2d431bdad7d538ed509b21e62\commons-math3-3.2.jar;C:\Users\Lukas\.gradle\caches\modules-2\files-2.1\org.ow2.asm\asm\9.0\af582ff60bc567c42d931500c3fdc20e0141ddf9\asm-9.0.jar;S:\Data\Development\IntelliJ Workspace\FastSimplexNoiseLib\build\libs\FastSimplexNoiseLib-1.0-SNAPSHOT-jmh.jar;C:\Users\Lukas\.gradle\caches\modules-2\files-2.1\com.aparapi\aparapi\3.0.0\a097d39ffcaf40cbf497faef1e490bf82a7b679d\aparapi-3.0.0.jar;C:\Users\Lukas\.gradle\caches\modules-2\files-2.1\org.junit.jupiter\junit-jupiter\5.10.0\8fea1d9c58b2156f1b998f2f18da04bc9e087f74\junit-jupiter-5.10.0.jar;C:\Users\Lukas\.gradle\caches\modules-2\files-2.1\org.junit.platform\junit-platform-launcher\1.10.0\89a1922534ed102be1fb2a8c0b2c6151297a12bf\junit-platform-launcher-1.10.0.jar;C:\Users\Lukas\.gradle\caches\modules-2\files-2.1\org.junit.jupiter\junit-jupiter-params\5.10.0\9041c7365495a897a64782ea5a6fdb99dab1814e\junit-jupiter-params-5.10.0.jar;C:\Users\Lukas\.gradle\caches\modules-2\files-2.1\org.junit.jupiter\junit-jupiter-engine\5.10.0\90587932d718fc51a48112d33045a18476c542ad\junit-jupiter-engine-5.10.0.jar;C:\Users\Lukas\.gradle\caches\modules-2\files-2.1\org.junit.jupiter\junit-jupiter-api\5.10.0\2fe4ba3d31d5067878e468c96aa039005a9134d3\junit-jupiter-api-5.10.0.jar;C:\Users\Lukas\.gradle\caches\modules-2\files-2.1\org.junit.platform\junit-platform-engine\1.10.0\276c4edcf64fabb5a139fa7b4f99330d7a93b804\junit-platform-engine-1.10.0.jar;C:\Users\Lukas\.gradle\caches\modules-2\files-2.1\org.junit.platform\junit-platform-commons\1.10.0\d533ff2c286eaf963566f92baf5f8a06628d2609\junit-platform-commons-1.10.0.jar;C:\Users\Lukas\.gradle\caches\modules-2\files-2.1\com.aparapi\aparapi-jni\1.4.3\52d35e95671bf9942f2a637c3fa1a7a1a01e7c53\aparapi-jni-1.4.3.jar;C:\Users\Lukas\.gradle\caches\modules-2\files-2.1\org.apache.bcel\bcel\6.5.0\79b1975ec0c7a6c1a15e19fb3a58cc4041b4aaea\bcel-6.5.0.jar;C:\Users\Lukas\.gradle\caches\modules-2\files-2.1\org.scala-lang\scala-library\2.13.6\ed7a2f528c7389ea65746c22a01031613d98ab3d\scala-library-2.13.6.jar;C:\Users\Lukas\.gradle\caches\modules-2\files-2.1\org.opentest4j\opentest4j\1.3.0\152ea56b3a72f655d4fd677fc0ef2596c3dd5e6e\opentest4j-1.3.0.jar
Launcher Type: SUN_STANDARD

[Global flags]
     intx CICompilerCount                          = 12                                        {product} {ergonomic}
    ccstr CompileCommandFile                       = S:\Data\Development\IntelliJ Workspace\FastSimplexNoiseLib\build\tmp\jmh\jmh692881745482147350compilecommand            {product} {command line}
     uint ConcGCThreads                            = 3                                         {product} {ergonomic}
     bool EnableJVMCIProduct                       = true                                {JVMCI product} {jimage}
     uint G1ConcRefinementThreads                  = 13                                        {product} {ergonomic}
     uint G1EagerReclaimRemSetThreshold            = 32                                   {experimental} {ergonomic}
   size_t G1HeapRegionSize                         = 4194304                                   {product} {ergonomic}
     uint G1RemSetArrayOfCardsEntries              = 32                                   {experimental} {ergonomic}
     uint G1RemSetHowlMaxNumBuckets                = 8                                    {experimental} {ergonomic}
     uint G1RemSetHowlNumBuckets                   = 8                                    {experimental} {ergonomic}
    uintx GCDrainStackTargetSize                   = 64                                        {product} {ergonomic}
   size_t InitialHeapSize                          = 536870912                                 {product} {ergonomic}
   size_t MarkStackSize                            = 4194304                                   {product} {ergonomic}
   size_t MaxHeapSize                              = 8556380160                                {product} {ergonomic}
   size_t MaxNewSize                               = 5133828096                                {product} {ergonomic}
   size_t MinHeapDeltaBytes                        = 4194304                                   {product} {ergonomic}
   size_t MinHeapSize                              = 8388608                                   {product} {ergonomic}
    uintx NonNMethodCodeHeapSize                   = 10453100                               {pd product} {ergonomic}
    uintx NonProfiledCodeHeapSize                  = 120602570                              {pd product} {ergonomic}
    uintx ProfiledCodeHeapSize                     = 120602570                              {pd product} {ergonomic}
    uintx ReservedCodeCacheSize                    = 251658240                              {pd product} {ergonomic}
     bool SegmentedCodeCache                       = true                                      {product} {ergonomic}
   size_t SoftMaxHeapSize                          = 8556380160                             {manageable} {ergonomic}
      int ThreadPriorityPolicy                     = 1                                         {product} {command line}
     bool UnlockDiagnosticVMOptions                = true                                   {diagnostic} {command line}
     bool UnlockExperimentalVMOptions              = true                                 {experimental} {command line}
     bool UseCompressedOops                        = true                           {product lp64_product} {ergonomic}
     bool UseFastUnorderedTimeStamps               = true                                 {experimental} {ergonomic}
     bool UseG1GC                                  = true                                      {product} {ergonomic}
     bool UseLargePagesIndividualAllocation        = false                                  {pd product} {ergonomic}

Logging:
Log output configuration:
 #0: stdout all=warning uptime,level,tags foldmultilines=false
 #1: stderr all=off uptime,level,tags foldmultilines=false

Environment Variables:
JAVA_HOME=C:\Program Files\Java\jdk-11.0.8
JAVA_TOOL_OPTIONS=-Dfile.encoding=UTF8
PATH=C:\ProgramData\Oracle\Java\javapath;C:\Program Files (x86)\Common Files\Oracle\Java\javapath;C:\Program Files\Common Files\Oracle\Java\javapath;C:\Windows\system32;C:\Windows;C:\Windows\System32\Wbem;C:\Windows\System32\WindowsPowerShell\v1.0\;C:\Program Files (x86)\Smart Projects\IsoBuster;C:\Program Files\dotnet\;C:\Program Files\nodejs\;C:\Windows\System32\OpenSSH\;C:\Program Files\PuTTY\;C:\Program Files (x86)\NVIDIA Corporation\PhysX\Common;C:\Program Files\Docker\Docker\resources\bin;C:\ProgramData\DockerDesktop\version-bin;C:\Program Files\WireGuard\;C:\Program Files\Gradle\gradle-7.4.2\bin;C:\Strawberry\c\bin;C:\Strawberry\perl\site\bin;C:\Strawberry\perl\bin;S:\Data\TUM UNI\Master\1. Semester\Augmented Reality\opencv\build\x64\vc16\bin;C:\Program Files\Git\cmd;C:\Program Files\Tailscale\;C:\Program Files (x86)\Gpg4win\..\GnuPG\bin;C:\Program Files\NVIDIA Corporation\NVIDIA app\NvDLISR;C:\WINDOWS\system32;C:\WINDOWS;C:\WINDOWS\System32\Wbem;C:\WINDOWS\System32\WindowsPowerShell\v1.0\;C:\WINDOWS\System32\OpenSSH\;C:\Program Files\RenderDoc;C:\Users\Lukas\AppData\Local\Microsoft\WindowsApps;C:\Users\Lukas\AppData\Roaming\npm;C:\Users\Lukas\AppData\Local\Programs\Microsoft VS Code\bin;C:\Users\Lukas\.dotnet\tools;C:\Users\Lukas\AppData\Local\GitHubDesktop\bin;C:\Program Files (x86)\maven\apache-maven-3.8.1\bin;C:\Program Files\IPFS Desktop\resources\app.asar.unpacked\src\ipfs-on-path\scripts\bin-win;C:\Users\Lukas\AppData\Local\JetBrains\Toolbox\scripts;C:\Program Files (x86)\maven\apache-maven-3.8.1;C:\Users\Lukas\.web3j\web3j-cli-shadow-1.4.2\bin;S:\Data\Development\flutter\bin;C:\Users\Lukas\AppData\Local\Programs\MiKTeX\miktex\bin\x64\;C:\Users\Lukas\AppData\Local\Programs\Lens\resources\cli\bin;S:\Data\TUM UNI\Master\1. Semester\Augmented Reality\opencv\build\x64\vc16\bin;C:\Users\Lukas\.dotnet\tools;C:\Users\Lukas\AppData\Local\Microsoft\WindowsApps
USERNAME=Lukas
OS=Windows_NT
PROCESSOR_IDENTIFIER=Intel64 Family 6 Model 158 Stepping 12, GenuineIntel
TMP=C:\Users\Lukas\AppData\Local\Temp
TEMP=C:\Users\Lukas\AppData\Local\Temp




Periodic native trim disabled

---------------  S Y S T E M  ---------------

OS:
 Windows 11 , 64 bit Build 26100 (10.0.26100.4768)
OS uptime: 7 days 7:18 hours
Hyper-V role detected

CPU: total 16 (initial active 16) (8 cores per cpu, 2 threads per core) family 6 model 158 stepping 12 microcode 0xde, cx8, cmov, fxsr, ht, mmx, 3dnowpref, sse, sse2, sse3, ssse3, sse4.1, sse4.2, popcnt, lzcnt, tsc, tscinvbit, avx, avx2, aes, erms, clmul, bmi1, bmi2, rtm, adx, fma, vzeroupper, clflush, clflushopt, hv, rdtscp, f16c
Processor Information for all 16 processors :
  Max Mhz: 3600, Current Mhz: 3600, Mhz Limit: 3600

Memory: 4k page, system-wide physical 32629M (12234M free)
TotalPageFile size 36386M (AvailPageFile size 6081M)
current process WorkingSet (physical memory assigned to process): 283M, peak: 283M
current process commit charge ("private bytes"): 1029M, peak: 1029M

vm_info: Java HotSpot(TM) 64-Bit Server VM (21.0.7+8-LTS-jvmci-23.1-b60) for windows-amd64 JRE (21.0.7+8-LTS-jvmci-23.1-b60), built on 2025-02-26T11:58:54Z by "OCIWIN11Buildbot" with MS VC++ 17.6 (VS2022)

END.
