#
# A fatal error has been detected by the Java Runtime Environment:
#
#  EXCEPTION_ACCESS_VIOLATION (0xc0000005) at pc=0x00007ffe6909433a, pid=33548, tid=34096
#
# JRE version: Java(TM) SE Runtime Environment Oracle GraalVM 21.0.7+8.1 (21.0.7+8) (build 21.0.7+8-LTS-jvmci-23.1-b60)
# Java VM: Java HotSpot(TM) 64-Bit Server VM Oracle GraalVM 21.0.7+8.1 (21.0.7+8-LTS-jvmci-23.1-b60, mixed mode, sharing, tiered, jvmci, jvmci compiler, compressed oops, compressed class ptrs, g1 gc, windows-amd64)
# Problematic frame:
# C  [msvcrt.dll+0x5433a]
#
# No core dump will be written. Minidumps are not enabled by default on client versions of Windows
#
# If you would like to submit a bug report, please visit:
#   https://bugreport.java.com/bugreport/crash.jsp
# The crash happened outside the Java Virtual Machine in native code.
# See problematic frame for where to report the bug.
#

---------------  S U M M A R Y ------------

Command Line: -XX:ThreadPriorityPolicy=1 -XX:+UnlockExperimentalVMOptions -XX:+EnableJVMCIProduct -XX:-UnlockExperimentalVMOptions -Dfile.encoding=UTF8 -XX:ThreadPriorityPolicy=1 -XX:+UnlockExperimentalVMOptions -XX:+EnableJVMCIProduct -XX:-UnlockExperimentalVMOptions -Dfile.encoding=UTF8 -Dfile.encoding=UTF-8 -Djava.io.tmpdir=S:\Data\Development\IntelliJ Workspace\FastSimplexNoiseLib\build\tmp\jmh -Duser.country=DE -Duser.language=de -Duser.variant --enable-preview --add-modules=jdk.incubator.vector -XX:+UnlockDiagnosticVMOptions -XX:+UnlockExperimentalVMOptions -DcompilerBlackholesEnabled=true -XX:CompileCommandFile=S:\Data\Development\IntelliJ Workspace\FastSimplexNoiseLib\build\tmp\jmh\jmh5982795387416727169compilecommand org.openjdk.jmh.runner.ForkedMain 127.0.0.1 16140

Host: Intel(R) Core(TM) i9-9900K CPU @ 3.60GHz, 16 cores, 31G,  Windows 11 , 64 bit Build 26100 (10.0.26100.4768)
Time: Sat Aug 23 20:05:46 2025 Mitteleuropäische Sommerzeit elapsed time: 1.105202 seconds (0d 0h 0m 1s)

---------------  T H R E A D  ---------------

Current thread (0x0000022b00188200):  JavaThread "de.verdox.NoiseBenchJmh.benchChunk-jmh-worker-7" daemon [_thread_in_native, id=34096, stack(0x000000c41b000000,0x000000c41b100000) (1024K)]

Stack: [0x000000c41b000000,0x000000c41b100000],  sp=0x000000c41b0fe110,  free space=1016k
Native frames: (J=compiled Java code, j=interpreted, Vv=VM code, C=native code)
C  [msvcrt.dll+0x5433a]
C  [msvcrt.dll+0x4bcb0]
C  [libaparapi.dll+0x7cf9]

Java frames: (J=compiled Java code, j=interpreted, Vv=VM code)
j  com.aparapi.internal.jni.KernelRunnerJNI.runKernelJNI(JLcom/aparapi/Range;ZILjava/nio/ByteBuffer;Ljava/nio/ByteBuffer;)I+0
j  com.aparapi.internal.kernel.KernelRunner.executeOpenCL(Lcom/aparapi/device/Device;Lcom/aparapi/internal/kernel/KernelRunner$ExecutionSettings;)Lcom/aparapi/Kernel;+96
j  com.aparapi.internal.kernel.KernelRunner.executeInternalInner(Lcom/aparapi/internal/kernel/KernelRunner$ExecutionSettings;Lcom/aparapi/device/Device;Z)Lcom/aparapi/Kernel;+3592
j  com.aparapi.internal.kernel.KernelRunner.executeInternalOuter(Lcom/aparapi/internal/kernel/KernelRunner$ExecutionSettings;)Lcom/aparapi/Kernel;+4
j  com.aparapi.internal.kernel.KernelRunner.execute(Ljava/lang/String;Lcom/aparapi/Range;I)Lcom/aparapi/Kernel;+78
j  com.aparapi.Kernel.execute(Ljava/lang/String;Lcom/aparapi/Range;I)Lcom/aparapi/Kernel;+7
j  com.aparapi.Kernel.execute(Lcom/aparapi/Range;I)Lcom/aparapi/Kernel;+5
j  com.aparapi.Kernel.execute(I)Lcom/aparapi/Kernel;+7
j  micycle.jsimplex.noise.gpu.SimplexNoiseGpu3D.calculateFast(FFFIIIF)[F+26
j  de.verdox.SimplexGpuAdapter.generate3dRaw(FFFIIIFZ)[F+15
j  de.verdox.SimplexGpuAdapter.generate3D(FFFIIIFFF)[F+10
j  de.verdox.NoiseEngine.runGpu([FFFFIIIFFF)V+15
j  de.verdox.NoiseEngine.generate(Lde/verdox/Backend;ZFFFIIIFFF)[F+116
j  de.verdox.NoiseBenchJmh.benchChunk()[F+29
j  de.verdox.jmh_generated.NoiseBenchJmh_benchChunk_jmhTest.benchChunk_Throughput(Lorg/openjdk/jmh/runner/InfraControl;Lorg/openjdk/jmh/infra/ThreadParams;)Lorg/openjdk/jmh/results/BenchmarkTaskResult;+92
j  java.lang.invoke.DirectMethodHandle$Holder.invokeSpecial(Ljava/lang/Object;Ljava/lang/Object;Ljava/lang/Object;Ljava/lang/Object;)Ljava/lang/Object;+14 java.base@21.0.7
j  java.lang.invoke.LambdaForm$MH+0x0000022b3502f000.invoke(Ljava/lang/Object;Ljava/lang/Object;Ljava/lang/Object;Ljava/lang/Object;)Ljava/lang/Object;+73 java.base@21.0.7
j  java.lang.invoke.LambdaForm$MH+0x0000022b3502f400.invokeExact_MT(Ljava/lang/Object;Ljava/lang/Object;Ljava/lang/Object;Ljava/lang/Object;Ljava/lang/Object;)Ljava/lang/Object;+22 java.base@21.0.7
j  jdk.internal.reflect.DirectMethodHandleAccessor.invokeImpl(Ljava/lang/Object;[Ljava/lang/Object;)Ljava/lang/Object;+72 java.base@21.0.7
j  jdk.internal.reflect.DirectMethodHandleAccessor.invoke(Ljava/lang/Object;[Ljava/lang/Object;)Ljava/lang/Object;+23 java.base@21.0.7
j  java.lang.reflect.Method.invoke(Ljava/lang/Object;[Ljava/lang/Object;)Ljava/lang/Object;+102 java.base@21.0.7
j  org.openjdk.jmh.runner.BenchmarkHandler$BenchmarkTask.call()Lorg/openjdk/jmh/results/BenchmarkTaskResult;+48
j  org.openjdk.jmh.runner.BenchmarkHandler$BenchmarkTask.call()Ljava/lang/Object;+1
j  java.util.concurrent.FutureTask.run()V+39 java.base@21.0.7
j  java.util.concurrent.Executors$RunnableAdapter.call()Ljava/lang/Object;+4 java.base@21.0.7
j  java.util.concurrent.FutureTask.run()V+39 java.base@21.0.7
j  java.util.concurrent.ThreadPoolExecutor.runWorker(Ljava/util/concurrent/ThreadPoolExecutor$Worker;)V+92 java.base@21.0.7
j  java.util.concurrent.ThreadPoolExecutor$Worker.run()V+5 java.base@21.0.7
j  java.lang.Thread.runWith(Ljava/lang/Object;Ljava/lang/Runnable;)V+5 java.base@21.0.7
j  java.lang.Thread.run()V+19 java.base@21.0.7
v  ~StubRoutines::call_stub 0x0000022b1e46100d

siginfo: EXCEPTION_ACCESS_VIOLATION (0xc0000005), reading address 0x0000000000000001


Registers:
RAX=0x0000000000000001, RBX=0x0000000000000001, RCX=0x000000007ffffffe, RDX=0x0000000000000000
RSP=0x000000c41b0fe110, RBP=0x000000c41b0fe210, RSI=0x000000006451f1b7, RDI=0x0000000000000073
R8 =0x000000c41b0fe150, R9 =0x000000c41b0fe4a8, R10=0xffffffffffffffff, R11=0x000000c41b0fe4b0
R12=0x0000000000000000, R13=0x00000000ffffffff, R14=0x0000000000000061, R15=0x000000c41b0fe4a8
RIP=0x00007ffe6909433a, EFLAGS=0x0000000000010202


Register to memory mapping:

RAX=0x0000000000000001 is an unknown value
RBX=0x0000000000000001 is an unknown value
RCX=0x000000007ffffffe is an unknown value
RDX=0x0 is null
RSP=0x000000c41b0fe110 is pointing into the stack for thread: 0x0000022b00188200
RBP=0x000000c41b0fe210 is pointing into the stack for thread: 0x0000022b00188200
RSI=0x000000006451f1b7 libaparapi.dll
RDI=0x0000000000000073 is an unknown value
R8 =0x000000c41b0fe150 is pointing into the stack for thread: 0x0000022b00188200
R9 =0x000000c41b0fe4a8 is pointing into the stack for thread: 0x0000022b00188200
R10=0xffffffffffffffff is an unknown value
R11=0x000000c41b0fe4b0 is pointing into the stack for thread: 0x0000022b00188200
R12=0x0 is null
R13=0x00000000ffffffff is an unknown value
R14=0x0000000000000061 is an unknown value
R15=0x000000c41b0fe4a8 is pointing into the stack for thread: 0x0000022b00188200

Top of Stack: (sp=0x000000c41b0fe110)
0x000000c41b0fe110:   0000022b0b2ee040 0000000000000000
0x000000c41b0fe120:   0000000000000051 0000000000000000
0x000000c41b0fe130:   0000000000000000 0000000000000000
0x000000c41b0fe140:   0000000000000000 0000000000000000
0x000000c41b0fe150:   0000000000000061 0000005100000000
0x000000c41b0fe160:   000000c41b0fe4b0 0000000000000000
0x000000c41b0fe170:   00005d5500000000 0000000088000189
0x000000c41b0fe180:   0000000700000000 000000c400000000
0x000000c41b0fe190:   00007ffe690dda60 0000000000000000
0x000000c41b0fe1a0:   000000006451f1b7 00007ffe682d7f7a
0x000000c41b0fe1b0:   00007ffe690dd0a0 0000022b0b2e4930
0x000000c41b0fe1c0:   0000022b008032c0 0000000000000001
0x000000c41b0fe1d0:   0000000000000000 0000000000000000
0x000000c41b0fe1e0:   0000000000000000 0000000000000000
0x000000c41b0fe1f0:   0000000000000000 0000000000000000
0x000000c41b0fe200:   0000000000000000 0000000000000000
0x000000c41b0fe210:   0000000000000000 0000000000000000
0x000000c41b0fe220:   0000000000000000 0000000000000000
0x000000c41b0fe230:   0000000000000000 0000000000000000
0x000000c41b0fe240:   0000000000000000 0000000000000000
0x000000c41b0fe250:   0000000000000000 0000000000000000
0x000000c41b0fe260:   0000000000000000 0000000000000000
0x000000c41b0fe270:   0000000000000000 0000000000000000
0x000000c41b0fe280:   0000000000000000 0000000000000000
0x000000c41b0fe290:   0000000000000000 0000000000000000
0x000000c41b0fe2a0:   0000000000000000 0000000000000000
0x000000c41b0fe2b0:   0000000000000000 0000000000000000
0x000000c41b0fe2c0:   0000000000000000 0000000000000000
0x000000c41b0fe2d0:   0000000000000000 0000000000000000
0x000000c41b0fe2e0:   0000000000000000 0000000000000000
0x000000c41b0fe2f0:   0000000000000000 0000000000000000
0x000000c41b0fe300:   0000000000000000 0000000000000000 

Instructions: (pc=0x00007ffe6909433a)
0x00007ffe6909423a:   8b c3 f7 d0 a8 01 0f 84 00 07 00 00 c7 44 24 58
0x00007ffe6909424a:   01 00 00 00 d1 e9 eb 1d 33 c0 89 44 24 58 eb 15
0x00007ffe6909425a:   48 8d 15 cb 13 03 00 49 8b ca 48 8b da 48 ff c1
0x00007ffe6909426a:   38 04 0a 75 f8 89 4c 24 4c e9 44 ff ff ff 83 ea
0x00007ffe6909427a:   66 0f 84 03 ff ff ff 83 ea 01 0f 84 fa fe ff ff
0x00007ffe6909428a:   83 ea 02 0f 84 47 01 00 00 83 ea 05 0f 84 09 01
0x00007ffe6909429a:   00 00 83 ea 01 0f 84 e2 00 00 00 83 ea 01 0f 84
0x00007ffe690942aa:   a2 00 00 00 83 ea 03 0f 84 24 fe ff ff 83 ea 02
0x00007ffe690942ba:   74 11 83 fa 03 0f 85 f7 fe ff ff 8d 42 24 e9 93
0x00007ffe690942ca:   00 00 00 41 ba 0a 00 00 00 be 00 02 00 00 41 be
0x00007ffe690942da:   40 00 00 00 49 83 c3 08 4c 89 5c 24 50 4c 89 5d
0x00007ffe690942ea:   98 41 0f ba e4 0f 72 0b 41 0f ba e4 0c 0f 83 f4
0x00007ffe690942fa:   00 00 00 49 8b 01 45 84 e6 0f 84 1d 01 00 00 e9
0x00007ffe6909430a:   06 01 00 00 ff c9 66 39 10 74 08 48 83 c0 02 85
0x00007ffe6909431a:   c9 75 f1 48 2b c3 48 d1 f8 eb 22 48 85 db 48 8d
0x00007ffe6909432a:   05 fd 12 03 00 48 0f 45 c3 48 8b d8 eb 09 ff c9
0x00007ffe6909433a:   38 10 74 07 48 ff c0 85 c9 75 f3 2b c3 89 44 24
0x00007ffe6909434a:   4c e9 6c fe ff ff 41 bd 10 00 00 00 41 0f ba ec
0x00007ffe6909435a:   0f b8 07 00 00 00 89 44 24 70 45 84 e4 79 13 04
0x00007ffe6909436a:   51 c6 44 24 44 30 88 44 24 45 c7 44 24 48 02 00
0x00007ffe6909437a:   00 00 41 ba 10 00 00 00 e9 4c ff ff ff b8 08 00
0x00007ffe6909438a:   00 00 44 8b d0 45 84 e4 0f 89 3b ff ff ff be 00
0x00007ffe6909439a:   02 00 00 44 0b e6 e9 33 ff ff ff 49 8b 39 49 83
0x00007ffe690943aa:   c3 08 4c 89 5c 24 50 e8 7e f9 ff ff 85 c0 0f 84
0x00007ffe690943ba:   88 05 00 00 41 f6 c4 20 74 06 66 44 89 37 eb 03
0x00007ffe690943ca:   44 89 37 c7 44 24 60 01 00 00 00 e9 24 03 00 00
0x00007ffe690943da:   41 be 40 00 00 00 be 00 02 00 00 45 0b e6 45 8d
0x00007ffe690943ea:   56 ca e9 ed fe ff ff 41 8b c4 41 23 c6 41 f6 c4
0x00007ffe690943fa:   20 74 10 85 c0 74 06 49 0f bf 01 eb 0d 41 0f b7
0x00007ffe6909440a:   01 eb 19 85 c0 74 12 49 63 01 48 85 c0 79 0d 48
0x00007ffe6909441a:   f7 d8 41 0f ba ec 08 eb 03 41 8b 01 41 f7 c4 00
0x00007ffe6909442a:   90 00 00 44 8b c0 4c 0f 45 c0 45 85 ed 79 08 41 


Stack slot to memory mapping:

stack at sp + 0 slots: 0x0000022b0b2ee040 points into unknown readable memory: 0x6f206c656e72654b | 4b 65 72 6e 65 6c 20 6f
stack at sp + 1 slots: 0x0 is null
stack at sp + 2 slots: 0x0000000000000051 is an unknown value
stack at sp + 3 slots: 0x0 is null
stack at sp + 4 slots: 0x0 is null
stack at sp + 5 slots: 0x0 is null
stack at sp + 6 slots: 0x0 is null
stack at sp + 7 slots: 0x0 is null


---------------  P R O C E S S  ---------------

Threads class SMR info:
_java_thread_list=0x0000022b08f3d920, length=36, elements={
0x0000022b0b0991b0, 0x0000022b30bef4f0, 0x0000022b30bf0140, 0x0000022b30bf2da0,
0x0000022b30bf5a60, 0x0000022b30bf65e0, 0x0000022b30bf7160, 0x0000022b30bf8290,
0x0000022b30bf8d20, 0x0000022b33ac2b90, 0x0000022b33bb1c90, 0x0000022b33bbe730,
0x0000022b33bd1d10, 0x0000022b33bd63c0, 0x0000022b33bd6a60, 0x0000022b33bd9930,
0x0000022b33bda3e0, 0x0000022b33c7ac50, 0x0000022b33cbd9a0, 0x0000022b001796a0,
0x0000022b0016df50, 0x0000022b0016e5b0, 0x0000022b0016ec10, 0x0000022b0016f270,
0x0000022b0016f8d0, 0x0000022b00188200, 0x0000022b00188c70, 0x0000022b001a60f0,
0x0000022b001a7b30, 0x0000022b001a46b0, 0x0000022b001a4d40, 0x0000022b001a6e10,
0x0000022b001a53d0, 0x0000022b001a5a60, 0x0000022b001a6780, 0x0000022b08f18ab0
}

Java Threads: ( => current thread )
  0x0000022b0b0991b0 JavaThread "main"                              [_thread_blocked, id=712, stack(0x000000c418e00000,0x000000c418f00000) (1024K)]
  0x0000022b30bef4f0 JavaThread "Reference Handler"          daemon [_thread_blocked, id=29960, stack(0x000000c419600000,0x000000c419700000) (1024K)]
  0x0000022b30bf0140 JavaThread "Finalizer"                  daemon [_thread_blocked, id=36976, stack(0x000000c419700000,0x000000c419800000) (1024K)]
  0x0000022b30bf2da0 JavaThread "Signal Dispatcher"          daemon [_thread_blocked, id=20392, stack(0x000000c419800000,0x000000c419900000) (1024K)]
  0x0000022b30bf5a60 JavaThread "Attach Listener"            daemon [_thread_blocked, id=37084, stack(0x000000c419900000,0x000000c419a00000) (1024K)]
  0x0000022b30bf65e0 JavaThread "Service Thread"             daemon [_thread_blocked, id=33332, stack(0x000000c419a00000,0x000000c419b00000) (1024K)]
  0x0000022b30bf7160 JavaThread "Monitor Deflation Thread"   daemon [_thread_blocked, id=38228, stack(0x000000c419b00000,0x000000c419c00000) (1024K)]
  0x0000022b30bf8290 JavaThread "JVMCI-native CompilerThread0" daemon [_thread_blocked, id=38556, stack(0x000000c419c00000,0x000000c419d00000) (1024K)]
  0x0000022b30bf8d20 JavaThread "C1 CompilerThread0"         daemon [_thread_blocked, id=29800, stack(0x000000c419d00000,0x000000c419e00000) (1024K)]
  0x0000022b33ac2b90 JavaThread "C1 CompilerThread1"         daemon [_thread_blocked, id=39836, stack(0x000000c419e00000,0x000000c419f00000) (1024K)]
  0x0000022b33bb1c90 JavaThread "Common-Cleaner"             daemon [_thread_blocked, id=37368, stack(0x000000c419f00000,0x000000c41a000000) (1024K)]
  0x0000022b33bbe730 JavaThread "C1 CompilerThread2"         daemon [_thread_blocked, id=5600, stack(0x000000c41a000000,0x000000c41a100000) (1024K)]
  0x0000022b33bd1d10 JavaThread "C1 CompilerThread3"         daemon [_thread_blocked, id=39368, stack(0x000000c41a100000,0x000000c41a200000) (1024K)]
  0x0000022b33bd63c0 JavaThread "C1 CompilerThread4"         daemon [_thread_blocked, id=19980, stack(0x000000c41a200000,0x000000c41a300000) (1024K)]
  0x0000022b33bd6a60 JavaThread "C1 CompilerThread5"         daemon [_thread_blocked, id=8700, stack(0x000000c41a300000,0x000000c41a400000) (1024K)]
  0x0000022b33bd9930 JavaThread "C1 CompilerThread6"         daemon [_thread_blocked, id=28880, stack(0x000000c41a400000,0x000000c41a500000) (1024K)]
  0x0000022b33bda3e0 JavaThread "C1 CompilerThread7"         daemon [_thread_blocked, id=20756, stack(0x000000c41a500000,0x000000c41a600000) (1024K)]
  0x0000022b33c7ac50 JavaThread "Notification Thread"        daemon [_thread_blocked, id=1128, stack(0x000000c41a600000,0x000000c41a700000) (1024K)]
  0x0000022b33cbd9a0 JavaThread "C1 CompilerThread8"         daemon [_thread_blocked, id=24724, stack(0x000000c41a700000,0x000000c41a800000) (1024K)]
  0x0000022b001796a0 JavaThread "de.verdox.NoiseBenchJmh.benchChunk-jmh-worker-1" daemon [_thread_blocked, id=38628, stack(0x000000c41aa00000,0x000000c41ab00000) (1024K)]
  0x0000022b0016df50 JavaThread "de.verdox.NoiseBenchJmh.benchChunk-jmh-worker-2" daemon [_thread_blocked, id=21288, stack(0x000000c41ab00000,0x000000c41ac00000) (1024K)]
  0x0000022b0016e5b0 JavaThread "de.verdox.NoiseBenchJmh.benchChunk-jmh-worker-3" daemon [_thread_blocked, id=5384, stack(0x000000c41ac00000,0x000000c41ad00000) (1024K)]
  0x0000022b0016ec10 JavaThread "de.verdox.NoiseBenchJmh.benchChunk-jmh-worker-4" daemon [_thread_blocked, id=39528, stack(0x000000c41ad00000,0x000000c41ae00000) (1024K)]
  0x0000022b0016f270 JavaThread "de.verdox.NoiseBenchJmh.benchChunk-jmh-worker-5" daemon [_thread_blocked, id=21272, stack(0x000000c41ae00000,0x000000c41af00000) (1024K)]
  0x0000022b0016f8d0 JavaThread "de.verdox.NoiseBenchJmh.benchChunk-jmh-worker-6" daemon [_thread_blocked, id=36196, stack(0x000000c41af00000,0x000000c41b000000) (1024K)]
=>0x0000022b00188200 JavaThread "de.verdox.NoiseBenchJmh.benchChunk-jmh-worker-7" daemon [_thread_in_native, id=34096, stack(0x000000c41b000000,0x000000c41b100000) (1024K)]
  0x0000022b00188c70 JavaThread "de.verdox.NoiseBenchJmh.benchChunk-jmh-worker-8" daemon [_thread_blocked, id=2176, stack(0x000000c41b100000,0x000000c41b200000) (1024K)]
  0x0000022b001a60f0 JavaThread "de.verdox.NoiseBenchJmh.benchChunk-jmh-worker-9" daemon [_thread_blocked, id=33936, stack(0x000000c41b200000,0x000000c41b300000) (1024K)]
  0x0000022b001a7b30 JavaThread "de.verdox.NoiseBenchJmh.benchChunk-jmh-worker-10" daemon [_thread_blocked, id=37592, stack(0x000000c41b300000,0x000000c41b400000) (1024K)]
  0x0000022b001a46b0 JavaThread "de.verdox.NoiseBenchJmh.benchChunk-jmh-worker-11" daemon [_thread_blocked, id=9932, stack(0x000000c41b400000,0x000000c41b500000) (1024K)]
  0x0000022b001a4d40 JavaThread "de.verdox.NoiseBenchJmh.benchChunk-jmh-worker-12" daemon [_thread_blocked, id=34168, stack(0x000000c41b500000,0x000000c41b600000) (1024K)]
  0x0000022b001a6e10 JavaThread "de.verdox.NoiseBenchJmh.benchChunk-jmh-worker-13" daemon [_thread_blocked, id=12592, stack(0x000000c41b600000,0x000000c41b700000) (1024K)]
  0x0000022b001a53d0 JavaThread "de.verdox.NoiseBenchJmh.benchChunk-jmh-worker-14" daemon [_thread_blocked, id=14548, stack(0x000000c41b700000,0x000000c41b800000) (1024K)]
  0x0000022b001a5a60 JavaThread "de.verdox.NoiseBenchJmh.benchChunk-jmh-worker-15" daemon [_thread_blocked, id=37204, stack(0x000000c41b800000,0x000000c41b900000) (1024K)]
  0x0000022b001a6780 JavaThread "de.verdox.NoiseBenchJmh.benchChunk-jmh-worker-16" daemon [_thread_blocked, id=4324, stack(0x000000c41b900000,0x000000c41ba00000) (1024K)]
  0x0000022b08f18ab0 JavaThread "JVMCI-native CompilerThread1" daemon [_thread_blocked, id=13652, stack(0x000000c41c400000,0x000000c41c500000) (1024K)]
Total: 36

Other Threads:
  0x0000022b30bbd620 VMThread "VM Thread"                           [id=16784, stack(0x000000c419500000,0x000000c419600000) (1024K)]
  0x0000022b33a619e0 WatcherThread "VM Periodic Task Thread"        [id=23964, stack(0x000000c419400000,0x000000c419500000) (1024K)]
  0x0000022b0d45c6b0 WorkerThread "GC Thread#0"                     [id=4940, stack(0x000000c418f00000,0x000000c419000000) (1024K)]
  0x0000022b003f2ec0 WorkerThread "GC Thread#1"                     [id=39232, stack(0x000000c41a900000,0x000000c41aa00000) (1024K)]
  0x0000022b003f3260 WorkerThread "GC Thread#2"                     [id=1224, stack(0x000000c41ba00000,0x000000c41bb00000) (1024K)]
  0x0000022b003f3600 WorkerThread "GC Thread#3"                     [id=32232, stack(0x000000c41bb00000,0x000000c41bc00000) (1024K)]
  0x0000022b003f39a0 WorkerThread "GC Thread#4"                     [id=8036, stack(0x000000c41bc00000,0x000000c41bd00000) (1024K)]
  0x0000022b003dfa60 WorkerThread "GC Thread#5"                     [id=28996, stack(0x000000c41bd00000,0x000000c41be00000) (1024K)]
  0x0000022b003dfe00 WorkerThread "GC Thread#6"                     [id=38332, stack(0x000000c41be00000,0x000000c41bf00000) (1024K)]
  0x0000022b003e01a0 WorkerThread "GC Thread#7"                     [id=13528, stack(0x000000c41bf00000,0x000000c41c000000) (1024K)]
  0x0000022b007fe5b0 WorkerThread "GC Thread#8"                     [id=29764, stack(0x000000c41c000000,0x000000c41c100000) (1024K)]
  0x0000022b08f080c0 WorkerThread "GC Thread#9"                     [id=38184, stack(0x000000c41c100000,0x000000c41c200000) (1024K)]
  0x0000022b08f096d0 WorkerThread "GC Thread#10"                    [id=22876, stack(0x000000c41c200000,0x000000c41c300000) (1024K)]
  0x0000022b08f08bf0 WorkerThread "GC Thread#11"                    [id=27628, stack(0x000000c41c300000,0x000000c41c400000) (1024K)]
  0x0000022b0d46d4a0 ConcurrentGCThread "G1 Main Marker"            [id=22060, stack(0x000000c419000000,0x000000c419100000) (1024K)]
  0x0000022b30a10080 WorkerThread "G1 Conc#0"                       [id=22728, stack(0x000000c419100000,0x000000c419200000) (1024K)]
  0x0000022b30af7950 ConcurrentGCThread "G1 Refine#0"               [id=35432, stack(0x000000c419200000,0x000000c419300000) (1024K)]
  0x0000022b30af9280 ConcurrentGCThread "G1 Service"                [id=39064, stack(0x000000c419300000,0x000000c419400000) (1024K)]
Total: 18

Threads with active compile tasks:
Total: 0

VM state: not at safepoint (normal execution)

VM Mutex/Monitor currently owned by a thread: None

Heap address: 0x0000000602000000, size: 8160 MB, Compressed Oops mode: Zero based, Oop shift amount: 3

CDS archive(s) mapped at: [0x0000022b34000000-0x0000022b34c90000-0x0000022b34c90000), size 13172736, SharedBaseAddress: 0x0000022b34000000, ArchiveRelocationMode: 1.
Compressed class space mapped at: 0x0000022b35000000-0x0000022b75000000, reserved size: 1073741824
Narrow klass base: 0x0000022b34000000, Narrow klass shift: 0, Narrow klass range: 0x100000000

GC Precious Log:
 CardTable entry size: 512
 Card Set container configuration: InlinePtr #cards 4 size 8 Array Of Cards #cards 32 size 80 Howl #buckets 8 coarsen threshold 7372 Howl Bitmap #cards 1024 size 144 coarsen threshold 921 Card regions per heap region 1 cards per card region 8192
 CPUs: 16 total, 16 available
 Memory: 32629M
 Large Page Support: Disabled
 NUMA Support: Disabled
 Compressed Oops: Enabled (Zero based)
 Heap Region Size: 4M
 Heap Min Capacity: 8M
 Heap Initial Capacity: 512M
 Heap Max Capacity: 8160M
 Pre-touch: Disabled
 Parallel Workers: 13
 Concurrent Workers: 3
 Concurrent Refinement Workers: 13
 Periodic GC: Disabled

Heap:
 garbage-first heap   total 524288K, used 17260K [0x0000000602000000, 0x0000000800000000)
  region size 4096K, 5 young (20480K), 1 survivors (4096K)
 Metaspace       used 8143K, committed 8384K, reserved 1114112K
  class space    used 986K, committed 1088K, reserved 1048576K

Heap Regions: E=young(eden), S=young(survivor), O=old, HS=humongous(starts), HC=humongous(continues), CS=collection set, F=free, TAMS=top-at-mark-start, PB=parsable bottom
|   0|0x0000000602000000, 0x00000006020db370, 0x0000000602400000| 21%| O|  |TAMS 0x0000000602000000| PB 0x0000000602000000| Untracked 
|   1|0x0000000602400000, 0x0000000602400000, 0x0000000602800000|  0%| F|  |TAMS 0x0000000602400000| PB 0x0000000602400000| Untracked 
|   2|0x0000000602800000, 0x0000000602800000, 0x0000000602c00000|  0%| F|  |TAMS 0x0000000602800000| PB 0x0000000602800000| Untracked 
|   3|0x0000000602c00000, 0x0000000602c00000, 0x0000000603000000|  0%| F|  |TAMS 0x0000000602c00000| PB 0x0000000602c00000| Untracked 
|   4|0x0000000603000000, 0x0000000603000000, 0x0000000603400000|  0%| F|  |TAMS 0x0000000603000000| PB 0x0000000603000000| Untracked 
|   5|0x0000000603400000, 0x0000000603400000, 0x0000000603800000|  0%| F|  |TAMS 0x0000000603400000| PB 0x0000000603400000| Untracked 
|   6|0x0000000603800000, 0x0000000603800000, 0x0000000603c00000|  0%| F|  |TAMS 0x0000000603800000| PB 0x0000000603800000| Untracked 
|   7|0x0000000603c00000, 0x0000000603c00000, 0x0000000604000000|  0%| F|  |TAMS 0x0000000603c00000| PB 0x0000000603c00000| Untracked 
|   8|0x0000000604000000, 0x0000000604000000, 0x0000000604400000|  0%| F|  |TAMS 0x0000000604000000| PB 0x0000000604000000| Untracked 
|   9|0x0000000604400000, 0x0000000604400000, 0x0000000604800000|  0%| F|  |TAMS 0x0000000604400000| PB 0x0000000604400000| Untracked 
|  10|0x0000000604800000, 0x0000000604800000, 0x0000000604c00000|  0%| F|  |TAMS 0x0000000604800000| PB 0x0000000604800000| Untracked 
|  11|0x0000000604c00000, 0x0000000604c00000, 0x0000000605000000|  0%| F|  |TAMS 0x0000000604c00000| PB 0x0000000604c00000| Untracked 
|  12|0x0000000605000000, 0x0000000605000000, 0x0000000605400000|  0%| F|  |TAMS 0x0000000605000000| PB 0x0000000605000000| Untracked 
|  13|0x0000000605400000, 0x0000000605400000, 0x0000000605800000|  0%| F|  |TAMS 0x0000000605400000| PB 0x0000000605400000| Untracked 
|  14|0x0000000605800000, 0x0000000605800000, 0x0000000605c00000|  0%| F|  |TAMS 0x0000000605800000| PB 0x0000000605800000| Untracked 
|  15|0x0000000605c00000, 0x0000000605c00000, 0x0000000606000000|  0%| F|  |TAMS 0x0000000605c00000| PB 0x0000000605c00000| Untracked 
|  16|0x0000000606000000, 0x0000000606000000, 0x0000000606400000|  0%| F|  |TAMS 0x0000000606000000| PB 0x0000000606000000| Untracked 
|  17|0x0000000606400000, 0x0000000606400000, 0x0000000606800000|  0%| F|  |TAMS 0x0000000606400000| PB 0x0000000606400000| Untracked 
|  18|0x0000000606800000, 0x0000000606800000, 0x0000000606c00000|  0%| F|  |TAMS 0x0000000606800000| PB 0x0000000606800000| Untracked 
|  19|0x0000000606c00000, 0x0000000606c00000, 0x0000000607000000|  0%| F|  |TAMS 0x0000000606c00000| PB 0x0000000606c00000| Untracked 
|  20|0x0000000607000000, 0x0000000607000000, 0x0000000607400000|  0%| F|  |TAMS 0x0000000607000000| PB 0x0000000607000000| Untracked 
|  21|0x0000000607400000, 0x0000000607400000, 0x0000000607800000|  0%| F|  |TAMS 0x0000000607400000| PB 0x0000000607400000| Untracked 
|  22|0x0000000607800000, 0x0000000607800000, 0x0000000607c00000|  0%| F|  |TAMS 0x0000000607800000| PB 0x0000000607800000| Untracked 
|  23|0x0000000607c00000, 0x0000000607c00000, 0x0000000608000000|  0%| F|  |TAMS 0x0000000607c00000| PB 0x0000000607c00000| Untracked 
|  24|0x0000000608000000, 0x0000000608000000, 0x0000000608400000|  0%| F|  |TAMS 0x0000000608000000| PB 0x0000000608000000| Untracked 
|  25|0x0000000608400000, 0x0000000608400000, 0x0000000608800000|  0%| F|  |TAMS 0x0000000608400000| PB 0x0000000608400000| Untracked 
|  26|0x0000000608800000, 0x0000000608800000, 0x0000000608c00000|  0%| F|  |TAMS 0x0000000608800000| PB 0x0000000608800000| Untracked 
|  27|0x0000000608c00000, 0x0000000608c00000, 0x0000000609000000|  0%| F|  |TAMS 0x0000000608c00000| PB 0x0000000608c00000| Untracked 
|  28|0x0000000609000000, 0x0000000609000000, 0x0000000609400000|  0%| F|  |TAMS 0x0000000609000000| PB 0x0000000609000000| Untracked 
|  29|0x0000000609400000, 0x0000000609400000, 0x0000000609800000|  0%| F|  |TAMS 0x0000000609400000| PB 0x0000000609400000| Untracked 
|  30|0x0000000609800000, 0x0000000609800000, 0x0000000609c00000|  0%| F|  |TAMS 0x0000000609800000| PB 0x0000000609800000| Untracked 
|  31|0x0000000609c00000, 0x0000000609c00000, 0x000000060a000000|  0%| F|  |TAMS 0x0000000609c00000| PB 0x0000000609c00000| Untracked 
|  32|0x000000060a000000, 0x000000060a000000, 0x000000060a400000|  0%| F|  |TAMS 0x000000060a000000| PB 0x000000060a000000| Untracked 
|  33|0x000000060a400000, 0x000000060a400000, 0x000000060a800000|  0%| F|  |TAMS 0x000000060a400000| PB 0x000000060a400000| Untracked 
|  34|0x000000060a800000, 0x000000060a800000, 0x000000060ac00000|  0%| F|  |TAMS 0x000000060a800000| PB 0x000000060a800000| Untracked 
|  35|0x000000060ac00000, 0x000000060ac00000, 0x000000060b000000|  0%| F|  |TAMS 0x000000060ac00000| PB 0x000000060ac00000| Untracked 
|  36|0x000000060b000000, 0x000000060b000000, 0x000000060b400000|  0%| F|  |TAMS 0x000000060b000000| PB 0x000000060b000000| Untracked 
|  37|0x000000060b400000, 0x000000060b400000, 0x000000060b800000|  0%| F|  |TAMS 0x000000060b400000| PB 0x000000060b400000| Untracked 
|  38|0x000000060b800000, 0x000000060b800000, 0x000000060bc00000|  0%| F|  |TAMS 0x000000060b800000| PB 0x000000060b800000| Untracked 
|  39|0x000000060bc00000, 0x000000060bc00000, 0x000000060c000000|  0%| F|  |TAMS 0x000000060bc00000| PB 0x000000060bc00000| Untracked 
|  40|0x000000060c000000, 0x000000060c000000, 0x000000060c400000|  0%| F|  |TAMS 0x000000060c000000| PB 0x000000060c000000| Untracked 
|  41|0x000000060c400000, 0x000000060c400000, 0x000000060c800000|  0%| F|  |TAMS 0x000000060c400000| PB 0x000000060c400000| Untracked 
|  42|0x000000060c800000, 0x000000060c800000, 0x000000060cc00000|  0%| F|  |TAMS 0x000000060c800000| PB 0x000000060c800000| Untracked 
|  43|0x000000060cc00000, 0x000000060cc00000, 0x000000060d000000|  0%| F|  |TAMS 0x000000060cc00000| PB 0x000000060cc00000| Untracked 
|  44|0x000000060d000000, 0x000000060d000000, 0x000000060d400000|  0%| F|  |TAMS 0x000000060d000000| PB 0x000000060d000000| Untracked 
|  45|0x000000060d400000, 0x000000060d400000, 0x000000060d800000|  0%| F|  |TAMS 0x000000060d400000| PB 0x000000060d400000| Untracked 
|  46|0x000000060d800000, 0x000000060d800000, 0x000000060dc00000|  0%| F|  |TAMS 0x000000060d800000| PB 0x000000060d800000| Untracked 
|  47|0x000000060dc00000, 0x000000060dc00000, 0x000000060e000000|  0%| F|  |TAMS 0x000000060dc00000| PB 0x000000060dc00000| Untracked 
|  48|0x000000060e000000, 0x000000060e000000, 0x000000060e400000|  0%| F|  |TAMS 0x000000060e000000| PB 0x000000060e000000| Untracked 
|  49|0x000000060e400000, 0x000000060e400000, 0x000000060e800000|  0%| F|  |TAMS 0x000000060e400000| PB 0x000000060e400000| Untracked 
|  50|0x000000060e800000, 0x000000060e800000, 0x000000060ec00000|  0%| F|  |TAMS 0x000000060e800000| PB 0x000000060e800000| Untracked 
|  51|0x000000060ec00000, 0x000000060ec00000, 0x000000060f000000|  0%| F|  |TAMS 0x000000060ec00000| PB 0x000000060ec00000| Untracked 
|  52|0x000000060f000000, 0x000000060f000000, 0x000000060f400000|  0%| F|  |TAMS 0x000000060f000000| PB 0x000000060f000000| Untracked 
|  53|0x000000060f400000, 0x000000060f400000, 0x000000060f800000|  0%| F|  |TAMS 0x000000060f400000| PB 0x000000060f400000| Untracked 
|  54|0x000000060f800000, 0x000000060f800000, 0x000000060fc00000|  0%| F|  |TAMS 0x000000060f800000| PB 0x000000060f800000| Untracked 
|  55|0x000000060fc00000, 0x000000060fc00000, 0x0000000610000000|  0%| F|  |TAMS 0x000000060fc00000| PB 0x000000060fc00000| Untracked 
|  56|0x0000000610000000, 0x0000000610000000, 0x0000000610400000|  0%| F|  |TAMS 0x0000000610000000| PB 0x0000000610000000| Untracked 
|  57|0x0000000610400000, 0x0000000610400000, 0x0000000610800000|  0%| F|  |TAMS 0x0000000610400000| PB 0x0000000610400000| Untracked 
|  58|0x0000000610800000, 0x0000000610800000, 0x0000000610c00000|  0%| F|  |TAMS 0x0000000610800000| PB 0x0000000610800000| Untracked 
|  59|0x0000000610c00000, 0x0000000610c00000, 0x0000000611000000|  0%| F|  |TAMS 0x0000000610c00000| PB 0x0000000610c00000| Untracked 
|  60|0x0000000611000000, 0x0000000611000000, 0x0000000611400000|  0%| F|  |TAMS 0x0000000611000000| PB 0x0000000611000000| Untracked 
|  61|0x0000000611400000, 0x0000000611400000, 0x0000000611800000|  0%| F|  |TAMS 0x0000000611400000| PB 0x0000000611400000| Untracked 
|  62|0x0000000611800000, 0x0000000611800000, 0x0000000611c00000|  0%| F|  |TAMS 0x0000000611800000| PB 0x0000000611800000| Untracked 
|  63|0x0000000611c00000, 0x0000000611c00000, 0x0000000612000000|  0%| F|  |TAMS 0x0000000611c00000| PB 0x0000000611c00000| Untracked 
|  64|0x0000000612000000, 0x0000000612000000, 0x0000000612400000|  0%| F|  |TAMS 0x0000000612000000| PB 0x0000000612000000| Untracked 
|  65|0x0000000612400000, 0x0000000612400000, 0x0000000612800000|  0%| F|  |TAMS 0x0000000612400000| PB 0x0000000612400000| Untracked 
|  66|0x0000000612800000, 0x0000000612800000, 0x0000000612c00000|  0%| F|  |TAMS 0x0000000612800000| PB 0x0000000612800000| Untracked 
|  67|0x0000000612c00000, 0x0000000612c00000, 0x0000000613000000|  0%| F|  |TAMS 0x0000000612c00000| PB 0x0000000612c00000| Untracked 
|  68|0x0000000613000000, 0x0000000613000000, 0x0000000613400000|  0%| F|  |TAMS 0x0000000613000000| PB 0x0000000613000000| Untracked 
|  69|0x0000000613400000, 0x0000000613400000, 0x0000000613800000|  0%| F|  |TAMS 0x0000000613400000| PB 0x0000000613400000| Untracked 
|  70|0x0000000613800000, 0x0000000613800000, 0x0000000613c00000|  0%| F|  |TAMS 0x0000000613800000| PB 0x0000000613800000| Untracked 
|  71|0x0000000613c00000, 0x0000000613c00000, 0x0000000614000000|  0%| F|  |TAMS 0x0000000613c00000| PB 0x0000000613c00000| Untracked 
|  72|0x0000000614000000, 0x0000000614000000, 0x0000000614400000|  0%| F|  |TAMS 0x0000000614000000| PB 0x0000000614000000| Untracked 
|  73|0x0000000614400000, 0x0000000614400000, 0x0000000614800000|  0%| F|  |TAMS 0x0000000614400000| PB 0x0000000614400000| Untracked 
|  74|0x0000000614800000, 0x0000000614800000, 0x0000000614c00000|  0%| F|  |TAMS 0x0000000614800000| PB 0x0000000614800000| Untracked 
|  75|0x0000000614c00000, 0x0000000614c00000, 0x0000000615000000|  0%| F|  |TAMS 0x0000000614c00000| PB 0x0000000614c00000| Untracked 
|  76|0x0000000615000000, 0x0000000615000000, 0x0000000615400000|  0%| F|  |TAMS 0x0000000615000000| PB 0x0000000615000000| Untracked 
|  77|0x0000000615400000, 0x0000000615400000, 0x0000000615800000|  0%| F|  |TAMS 0x0000000615400000| PB 0x0000000615400000| Untracked 
|  78|0x0000000615800000, 0x0000000615800000, 0x0000000615c00000|  0%| F|  |TAMS 0x0000000615800000| PB 0x0000000615800000| Untracked 
|  79|0x0000000615c00000, 0x0000000615c00000, 0x0000000616000000|  0%| F|  |TAMS 0x0000000615c00000| PB 0x0000000615c00000| Untracked 
|  80|0x0000000616000000, 0x0000000616000000, 0x0000000616400000|  0%| F|  |TAMS 0x0000000616000000| PB 0x0000000616000000| Untracked 
|  81|0x0000000616400000, 0x0000000616400000, 0x0000000616800000|  0%| F|  |TAMS 0x0000000616400000| PB 0x0000000616400000| Untracked 
|  82|0x0000000616800000, 0x0000000616800000, 0x0000000616c00000|  0%| F|  |TAMS 0x0000000616800000| PB 0x0000000616800000| Untracked 
|  83|0x0000000616c00000, 0x0000000616c00000, 0x0000000617000000|  0%| F|  |TAMS 0x0000000616c00000| PB 0x0000000616c00000| Untracked 
|  84|0x0000000617000000, 0x0000000617000000, 0x0000000617400000|  0%| F|  |TAMS 0x0000000617000000| PB 0x0000000617000000| Untracked 
|  85|0x0000000617400000, 0x0000000617400000, 0x0000000617800000|  0%| F|  |TAMS 0x0000000617400000| PB 0x0000000617400000| Untracked 
|  86|0x0000000617800000, 0x0000000617800000, 0x0000000617c00000|  0%| F|  |TAMS 0x0000000617800000| PB 0x0000000617800000| Untracked 
|  87|0x0000000617c00000, 0x0000000617c00000, 0x0000000618000000|  0%| F|  |TAMS 0x0000000617c00000| PB 0x0000000617c00000| Untracked 
|  88|0x0000000618000000, 0x0000000618000000, 0x0000000618400000|  0%| F|  |TAMS 0x0000000618000000| PB 0x0000000618000000| Untracked 
|  89|0x0000000618400000, 0x0000000618400000, 0x0000000618800000|  0%| F|  |TAMS 0x0000000618400000| PB 0x0000000618400000| Untracked 
|  90|0x0000000618800000, 0x0000000618800000, 0x0000000618c00000|  0%| F|  |TAMS 0x0000000618800000| PB 0x0000000618800000| Untracked 
|  91|0x0000000618c00000, 0x0000000618c00000, 0x0000000619000000|  0%| F|  |TAMS 0x0000000618c00000| PB 0x0000000618c00000| Untracked 
|  92|0x0000000619000000, 0x0000000619000000, 0x0000000619400000|  0%| F|  |TAMS 0x0000000619000000| PB 0x0000000619000000| Untracked 
|  93|0x0000000619400000, 0x0000000619400000, 0x0000000619800000|  0%| F|  |TAMS 0x0000000619400000| PB 0x0000000619400000| Untracked 
|  94|0x0000000619800000, 0x0000000619800000, 0x0000000619c00000|  0%| F|  |TAMS 0x0000000619800000| PB 0x0000000619800000| Untracked 
|  95|0x0000000619c00000, 0x0000000619c00000, 0x000000061a000000|  0%| F|  |TAMS 0x0000000619c00000| PB 0x0000000619c00000| Untracked 
|  96|0x000000061a000000, 0x000000061a000000, 0x000000061a400000|  0%| F|  |TAMS 0x000000061a000000| PB 0x000000061a000000| Untracked 
|  97|0x000000061a400000, 0x000000061a400000, 0x000000061a800000|  0%| F|  |TAMS 0x000000061a400000| PB 0x000000061a400000| Untracked 
|  98|0x000000061a800000, 0x000000061a800000, 0x000000061ac00000|  0%| F|  |TAMS 0x000000061a800000| PB 0x000000061a800000| Untracked 
|  99|0x000000061ac00000, 0x000000061ac00000, 0x000000061b000000|  0%| F|  |TAMS 0x000000061ac00000| PB 0x000000061ac00000| Untracked 
| 100|0x000000061b000000, 0x000000061b000000, 0x000000061b400000|  0%| F|  |TAMS 0x000000061b000000| PB 0x000000061b000000| Untracked 
| 101|0x000000061b400000, 0x000000061b400000, 0x000000061b800000|  0%| F|  |TAMS 0x000000061b400000| PB 0x000000061b400000| Untracked 
| 102|0x000000061b800000, 0x000000061b800000, 0x000000061bc00000|  0%| F|  |TAMS 0x000000061b800000| PB 0x000000061b800000| Untracked 
| 103|0x000000061bc00000, 0x000000061bc00000, 0x000000061c000000|  0%| F|  |TAMS 0x000000061bc00000| PB 0x000000061bc00000| Untracked 
| 104|0x000000061c000000, 0x000000061c000000, 0x000000061c400000|  0%| F|  |TAMS 0x000000061c000000| PB 0x000000061c000000| Untracked 
| 105|0x000000061c400000, 0x000000061c400000, 0x000000061c800000|  0%| F|  |TAMS 0x000000061c400000| PB 0x000000061c400000| Untracked 
| 106|0x000000061c800000, 0x000000061c800000, 0x000000061cc00000|  0%| F|  |TAMS 0x000000061c800000| PB 0x000000061c800000| Untracked 
| 107|0x000000061cc00000, 0x000000061cc00000, 0x000000061d000000|  0%| F|  |TAMS 0x000000061cc00000| PB 0x000000061cc00000| Untracked 
| 108|0x000000061d000000, 0x000000061d000000, 0x000000061d400000|  0%| F|  |TAMS 0x000000061d000000| PB 0x000000061d000000| Untracked 
| 109|0x000000061d400000, 0x000000061d400000, 0x000000061d800000|  0%| F|  |TAMS 0x000000061d400000| PB 0x000000061d400000| Untracked 
| 110|0x000000061d800000, 0x000000061d800000, 0x000000061dc00000|  0%| F|  |TAMS 0x000000061d800000| PB 0x000000061d800000| Untracked 
| 111|0x000000061dc00000, 0x000000061dc00000, 0x000000061e000000|  0%| F|  |TAMS 0x000000061dc00000| PB 0x000000061dc00000| Untracked 
| 112|0x000000061e000000, 0x000000061e000000, 0x000000061e400000|  0%| F|  |TAMS 0x000000061e000000| PB 0x000000061e000000| Untracked 
| 113|0x000000061e400000, 0x000000061e400000, 0x000000061e800000|  0%| F|  |TAMS 0x000000061e400000| PB 0x000000061e400000| Untracked 
| 114|0x000000061e800000, 0x000000061e800000, 0x000000061ec00000|  0%| F|  |TAMS 0x000000061e800000| PB 0x000000061e800000| Untracked 
| 115|0x000000061ec00000, 0x000000061ec00000, 0x000000061f000000|  0%| F|  |TAMS 0x000000061ec00000| PB 0x000000061ec00000| Untracked 
| 116|0x000000061f000000, 0x000000061f000000, 0x000000061f400000|  0%| F|  |TAMS 0x000000061f000000| PB 0x000000061f000000| Untracked 
| 117|0x000000061f400000, 0x000000061f400000, 0x000000061f800000|  0%| F|  |TAMS 0x000000061f400000| PB 0x000000061f400000| Untracked 
| 118|0x000000061f800000, 0x000000061f800000, 0x000000061fc00000|  0%| F|  |TAMS 0x000000061f800000| PB 0x000000061f800000| Untracked 
| 119|0x000000061fc00000, 0x000000061fc00000, 0x0000000620000000|  0%| F|  |TAMS 0x000000061fc00000| PB 0x000000061fc00000| Untracked 
| 120|0x0000000620000000, 0x0000000620000000, 0x0000000620400000|  0%| F|  |TAMS 0x0000000620000000| PB 0x0000000620000000| Untracked 
| 121|0x0000000620400000, 0x0000000620800000, 0x0000000620800000|100%| S|CS|TAMS 0x0000000620400000| PB 0x0000000620400000| Complete 
| 122|0x0000000620800000, 0x0000000620800000, 0x0000000620c00000|  0%| F|  |TAMS 0x0000000620800000| PB 0x0000000620800000| Untracked 
| 123|0x0000000620c00000, 0x0000000620c00000, 0x0000000621000000|  0%| F|  |TAMS 0x0000000620c00000| PB 0x0000000620c00000| Untracked 
| 124|0x0000000621000000, 0x00000006213af658, 0x0000000621400000| 92%| E|  |TAMS 0x0000000621000000| PB 0x0000000621000000| Complete 
| 125|0x0000000621400000, 0x0000000621800000, 0x0000000621800000|100%| E|CS|TAMS 0x0000000621400000| PB 0x0000000621400000| Complete 
| 126|0x0000000621800000, 0x0000000621c00000, 0x0000000621c00000|100%| E|CS|TAMS 0x0000000621800000| PB 0x0000000621800000| Complete 
| 127|0x0000000621c00000, 0x0000000622000000, 0x0000000622000000|100%| E|CS|TAMS 0x0000000621c00000| PB 0x0000000621c00000| Complete 

Card table byte_map: [0x0000022b279d0000,0x0000022b289c0000] _byte_map_base: 0x0000022b249c0000

Marking Bits: (CMBitMap*) 0x0000022b0d45ccc0
 Bits: [0x0000022b289c0000, 0x0000022b30940000)

Polling page: 0x0000022b0b2d0000

Metaspace:

Usage:
  Non-class:      6.99 MB used.
      Class:    986.09 KB used.
       Both:      7.95 MB used.

Virtual space:
  Non-class space:       64.00 MB reserved,       7.12 MB ( 11%) committed,  1 nodes.
      Class space:        1.00 GB reserved,       1.06 MB ( <1%) committed,  1 nodes.
             Both:        1.06 GB reserved,       8.19 MB ( <1%) committed. 

Chunk freelists:
   Non-Class:  8.08 MB
       Class:  14.82 MB
        Both:  22.90 MB

MaxMetaspaceSize: unlimited
CompressedClassSpaceSize: 1.00 GB
Initial GC threshold: 21.00 MB
Current GC threshold: 21.00 MB
CDS: on
 - commit_granule_bytes: 65536.
 - commit_granule_words: 8192.
 - virtual_space_node_default_size: 8388608.
 - enlarge_chunks_in_place: 1.
 - use_allocation_guard: 0.


Internal statistics:

num_allocs_failed_limit: 0.
num_arena_births: 290.
num_arena_deaths: 0.
num_vsnodes_births: 2.
num_vsnodes_deaths: 0.
num_space_committed: 131.
num_space_uncommitted: 0.
num_chunks_returned_to_freelist: 0.
num_chunks_taken_from_freelist: 528.
num_chunk_merges: 0.
num_chunk_splits: 315.
num_chunks_enlarged: 139.
num_inconsistent_stats: 0.

CodeHeap 'non-profiled nmethods': size=117760Kb used=603Kb max_used=603Kb free=117156Kb
 bounds [0x0000022b1ee60000, 0x0000022b1f0d0000, 0x0000022b26160000]
CodeHeap 'profiled nmethods': size=117760Kb used=3237Kb max_used=3237Kb free=114522Kb
 bounds [0x0000022b17160000, 0x0000022b17490000, 0x0000022b1e460000]
CodeHeap 'non-nmethods': size=10240Kb used=5958Kb max_used=5967Kb free=4281Kb
 bounds [0x0000022b1e460000, 0x0000022b1ea40000, 0x0000022b1ee60000]
 total_blobs=2169 nmethods=1652 adapters=418
 compilation: enabled
              stopped_count=0, restarted_count=0
 full_count=0

JVMCI Events (20 events):
Event: 0.820 Thread 0x0000022b30bf8290 compacted oop handles in JVMCI runtime 0 from 95 to 93
Event: 0.820 Thread 0x0000022b30bf8290 compacted oop handles in JVMCI runtime 0 from 94 to 48
Event: 0.826 Thread 0x0000022b30bf8290 compacted oop handles in JVMCI runtime 0 from 56 to 55
Event: 0.830 Thread 0x0000022b08f18ab0 compacted oop handles in JVMCI runtime 2 from 93 to 89
Event: 0.839 Thread 0x0000022b08f18ab0 compacted oop handles in JVMCI runtime 2 from 92 to 90
Event: 0.840 Thread 0x0000022b08f18ab0 compacted oop handles in JVMCI runtime 2 from 94 to 91
Event: 0.888 Thread 0x0000022b08f18ab0 compacted oop handles in JVMCI runtime 2 from 115 to 114
Event: 0.896 Thread 0x0000022b30bf8290 compacted oop handles in JVMCI runtime 0 from 105 to 94
Event: 0.917 Thread 0x0000022b30bf8290 compacted oop handles in JVMCI runtime 0 from 142 to 125
Event: 0.918 Thread 0x0000022b08f18ab0 compacted oop handles in JVMCI runtime 2 from 151 to 144
Event: 0.918 Thread 0x0000022b08f18ab0 compacted oop handles in JVMCI runtime 2 from 144 to 71
Event: 0.920 Thread 0x0000022b30bf8290 compacted oop handles in JVMCI runtime 0 from 126 to 83
Event: 0.921 Thread 0x0000022b30bf8290 compacted oop handles in JVMCI runtime 0 from 85 to 84
Event: 0.935 Thread 0x0000022b08f18ab0 compacted oop handles in JVMCI runtime 2 from 135 to 109
Event: 0.963 Thread 0x0000022b08f18ab0 compacted oop handles in JVMCI runtime 2 from 131 to 127
Event: 0.964 Thread 0x0000022b08f18ab0 compacted oop handles in JVMCI runtime 2 from 128 to 71
Event: 0.968 Thread 0x0000022b30bf8290 compacted oop handles in JVMCI runtime 0 from 126 to 119
Event: 0.987 Thread 0x0000022b30bf8290 compacted oop handles in JVMCI runtime 0 from 120 to 57
Event: 1.003 Thread 0x0000022b08f18ab0 compacted oop handles in JVMCI runtime 2 from 98 to 93
Event: 1.010 Thread 0x0000022b30bf8290 compacted oop handles in JVMCI runtime 0 from 76 to 74

Compilation events (20 events):
Event: 1.089 Thread 0x0000022b30bf8290 nmethod 1618 0x0000022b1eef5190 code [0x0000022b1eef53a0, 0x0000022b1eef5fb8]
Event: 1.090 Thread 0x0000022b08f18ab0 nmethod 1632 0x0000022b1eef6410 code [0x0000022b1eef65c0, 0x0000022b1eef6db8]
Event: 1.092 Thread 0x0000022b30bf8d20 1644       3       java.lang.invoke.MethodHandleNatives::refKindIsGetter (32 bytes)
Event: 1.093 Thread 0x0000022b33bd63c0 1645       3       java.lang.invoke.LambdaForm::uncustomize (57 bytes)
Event: 1.093 Thread 0x0000022b30bf8d20 nmethod 1644 0x0000022b17444a90 code [0x0000022b17444c20, 0x0000022b17444d78]
Event: 1.093 Thread 0x0000022b33cbd9a0 1646       3       java.lang.invoke.LambdaFormEditor$TransformKey::packedBytes (30 bytes)
Event: 1.093 Thread 0x0000022b33bd63c0 nmethod 1645 0x0000022b17444e10 code [0x0000022b17444fe0, 0x0000022b17445448]
Event: 1.093 Thread 0x0000022b33bd9930 1647       3       java.lang.invoke.MethodType::dropParameterTypes (162 bytes)
Event: 1.093 Thread 0x0000022b33ac2b90 1649       3       java.lang.invoke.LambdaFormEditor::bindArgumentForm (255 bytes)
Event: 1.093 Thread 0x0000022b33bd63c0 1651       3       java.lang.invoke.LambdaFormEditor$TransformKey::bval (26 bytes)
Event: 1.093 Thread 0x0000022b33bbe730 1650       3       java.lang.invoke.LambdaFormEditor$TransformKey::of (49 bytes)
Event: 1.093 Thread 0x0000022b33bda3e0 1648       3       java.lang.invoke.LambdaFormEditor::bindArgumentType (101 bytes)
Event: 1.093 Thread 0x0000022b33cbd9a0 nmethod 1646 0x0000022b17445590 code [0x0000022b17445720, 0x0000022b17445828]
Event: 1.093 Thread 0x0000022b30bf8d20 1652       3       java.lang.invoke.BoundMethodHandle::bindArgumentL (11 bytes)
Event: 1.093 Thread 0x0000022b33bd6a60 1653       3       java.lang.invoke.LambdaFormEditor::bindArgumentL (59 bytes)
Event: 1.093 Thread 0x0000022b33bd63c0 nmethod 1651 0x0000022b17445890 code [0x0000022b17445a20, 0x0000022b17445b28]
Event: 1.094 Thread 0x0000022b33bda3e0 nmethod 1648 0x0000022b17445b90 code [0x0000022b17445d40, 0x0000022b174460a8]
Event: 1.094 Thread 0x0000022b33bbe730 nmethod 1650 0x0000022b17446190 code [0x0000022b174463a0, 0x0000022b174468f8]
Event: 1.094 Thread 0x0000022b30bf8d20 nmethod 1652 0x0000022b17446b10 code [0x0000022b17446d00, 0x0000022b17447350]
Event: 1.094 Thread 0x0000022b33bd6a60 nmethod 1653 0x0000022b17447590 code [0x0000022b17447760, 0x0000022b17447b70]

GC Heap History (2 events):
Event: 0.785 GC heap before
{Heap before GC invocations=0 (full 0):
 garbage-first heap   total 524288K, used 24576K [0x0000000602000000, 0x0000000800000000)
  region size 4096K, 6 young (24576K), 0 survivors (0K)
 Metaspace       used 5130K, committed 5376K, reserved 1114112K
  class space    used 517K, committed 640K, reserved 1048576K
}
Event: 0.791 GC heap after
{Heap after GC invocations=1 (full 0):
 garbage-first heap   total 524288K, used 4972K [0x0000000602000000, 0x0000000800000000)
  region size 4096K, 1 young (4096K), 1 survivors (4096K)
 Metaspace       used 5130K, committed 5376K, reserved 1114112K
  class space    used 517K, committed 640K, reserved 1048576K
}

Dll operation events (13 events):
Event: 0.007 Loaded shared library C:\Users\Lukas\.jdks\graalvm-jdk-21.0.7\bin\java.dll
Event: 0.029 Loaded shared library C:\Users\Lukas\.jdks\graalvm-jdk-21.0.7\bin\jsvml.dll
Event: 0.072 Loaded shared library C:\Users\Lukas\.jdks\graalvm-jdk-21.0.7\bin\jvmcicompiler.dll
Event: 0.073 Loaded shared library C:\Users\Lukas\.jdks\graalvm-jdk-21.0.7\bin\net.dll
Event: 0.074 Loaded shared library C:\Users\Lukas\.jdks\graalvm-jdk-21.0.7\bin\nio.dll
Event: 0.076 Loaded shared library C:\Users\Lukas\.jdks\graalvm-jdk-21.0.7\bin\zip.dll
Event: 0.087 Loaded shared library C:\Users\Lukas\.jdks\graalvm-jdk-21.0.7\bin\jimage.dll
Event: 0.098 Loaded shared library C:\Users\Lukas\.jdks\graalvm-jdk-21.0.7\bin\extnet.dll
Event: 0.147 Loaded shared library C:\Users\Lukas\.jdks\graalvm-jdk-21.0.7\bin\management.dll
Event: 0.148 Loaded shared library C:\Users\Lukas\.jdks\graalvm-jdk-21.0.7\bin\management_ext.dll
Event: 0.361 Loaded shared library S:\Data\Development\IntelliJ Workspace\FastSimplexNoiseLib\build\tmp\jmh\Aparapi13917761371512269839\libgcc_s_seh-1.dll
Event: 0.615 Loaded shared library S:\Data\Development\IntelliJ Workspace\FastSimplexNoiseLib\build\tmp\jmh\Aparapi10408842748909152897\libstdc++-6.dll
Event: 0.660 Loaded shared library S:\Data\Development\IntelliJ Workspace\FastSimplexNoiseLib\build\tmp\jmh\Aparapi4766013399485394697\libaparapi.dll

Deoptimization events (20 events):
Event: 0.525 Thread 0x0000022b00188200 Uncommon trap: trap_request=0xffffffed fr.pc=0x0000022b1eebce31 relative=0x0000000000000f31
Event: 0.525 Thread 0x0000022b00188200 Uncommon trap: reason=null_assert_or_unreached0 action=reinterpret pc=0x0000022b1eebce31 method=java.util.zip.Inflater.inflate([BII)I @ 67 jvmci
Event: 0.525 Thread 0x0000022b00188200 DEOPT PACKING pc=0x0000022b1eebce31 sp=0x000000c41b0fcd90
Event: 0.525 Thread 0x0000022b00188200 DEOPT UNPACKING pc=0x0000022b1e4b4c43 sp=0x000000c41b0fc090 mode 3
Event: 0.932 Thread 0x0000022b00188200 Uncommon trap: trap_request=0xffffffed fr.pc=0x0000022b1eed0139 relative=0x00000000000007f9
Event: 0.932 Thread 0x0000022b00188200 Uncommon trap: reason=null_assert_or_unreached0 action=reinterpret pc=0x0000022b1eed0139 method=java.util.concurrent.ConcurrentHashMap.get(Ljava/lang/Object;)Ljava/lang/Object; @ 76 jvmci
Event: 0.932 Thread 0x0000022b00188200 DEOPT PACKING pc=0x0000022b1eed0139 sp=0x000000c41b0fd1d0
Event: 0.932 Thread 0x0000022b00188200 DEOPT UNPACKING pc=0x0000022b1e4b4c43 sp=0x000000c41b0fc678 mode 3
Event: 1.001 Thread 0x0000022b00188200 Uncommon trap: trap_request=0xffffffed fr.pc=0x0000022b1eedf794 relative=0x00000000000021d4
Event: 1.001 Thread 0x0000022b00188200 Uncommon trap: reason=null_assert_or_unreached0 action=reinterpret pc=0x0000022b1eedf794 method=java.util.HashMap.putVal(ILjava/lang/Object;Ljava/lang/Object;ZZ)Ljava/lang/Object; @ 134 jvmci
Event: 1.001 Thread 0x0000022b00188200 DEOPT PACKING pc=0x0000022b1eedf794 sp=0x000000c41b0fd9b0
Event: 1.001 Thread 0x0000022b00188200 DEOPT UNPACKING pc=0x0000022b1e4b4c43 sp=0x000000c41b0fcde8 mode 3
Event: 1.003 Thread 0x0000022b00188200 Uncommon trap: trap_request=0xffffffed fr.pc=0x0000022b1eed8889 relative=0x0000000000000a49
Event: 1.003 Thread 0x0000022b00188200 Uncommon trap: reason=null_assert_or_unreached0 action=reinterpret pc=0x0000022b1eed8889 method=java.util.HashMap.putVal(ILjava/lang/Object;Ljava/lang/Object;ZZ)Ljava/lang/Object; @ 134 jvmci
Event: 1.003 Thread 0x0000022b00188200 DEOPT PACKING pc=0x0000022b1eed8889 sp=0x000000c41b0fd920
Event: 1.003 Thread 0x0000022b00188200 DEOPT UNPACKING pc=0x0000022b1e4b4c43 sp=0x000000c41b0fcdf0 mode 3
Event: 1.007 Thread 0x0000022b00188200 Uncommon trap: trap_request=0xfffffff5 fr.pc=0x0000022b1eeef8b9 relative=0x00000000000001d9
Event: 1.007 Thread 0x0000022b00188200 Uncommon trap: reason=null_check action=reinterpret pc=0x0000022b1eeef8b9 method=java.lang.reflect.Executable.declaredAnnotations()Ljava/util/Map; @ 13 jvmci
Event: 1.008 Thread 0x0000022b00188200 DEOPT PACKING pc=0x0000022b1eeef8b9 sp=0x000000c41b0fdcd0
Event: 1.008 Thread 0x0000022b00188200 DEOPT UNPACKING pc=0x0000022b1e4b4c43 sp=0x000000c41b0fd110 mode 3

Classes loaded (20 events):
Event: 0.932 Loading class jdk/internal/vm/annotation/IntrinsicCandidate
Event: 0.932 Loading class jdk/internal/vm/annotation/IntrinsicCandidate done
Event: 0.936 Loading class java/lang/SecurityException
Event: 0.936 Loading class java/lang/SecurityException done
Event: 0.971 Loading class sun/invoke/util/ValueConversions$1
Event: 0.971 Loading class sun/invoke/util/ValueConversions$1 done
Event: 0.971 Loading class java/lang/invoke/BoundMethodHandle$Species_LI
Event: 0.971 Loading class java/lang/invoke/BoundMethodHandle$Species_LI done
Event: 0.984 Loading class java/util/LinkedList
Event: 0.984 Loading class java/util/AbstractSequentialList
Event: 0.984 Loading class java/util/AbstractSequentialList done
Event: 0.984 Loading class java/util/LinkedList done
Event: 0.986 Loading class java/util/LinkedList$Node
Event: 0.986 Loading class java/util/LinkedList$Node done
Event: 1.080 Loading class java/util/Stack
Event: 1.080 Loading class java/util/Vector
Event: 1.080 Loading class java/util/Vector done
Event: 1.080 Loading class java/util/Stack done
Event: 1.080 Loading class java/util/Vector$Itr
Event: 1.080 Loading class java/util/Vector$Itr done

Classes unloaded (0 events):
No events

Classes redefined (0 events):
No events

Internal exceptions (20 events):
Event: 0.287 Thread 0x0000022b0016f270 Exception <a 'java/lang/NoSuchMethodError'{0x0000000620d00098}: 'java.lang.Object java.lang.invoke.Invokers$Holder.invokeExact_MT(java.lang.Object, java.lang.Object, java.lang.Object, java.lang.Object, java.lang.Object)'> (0x0000000620d00098) 
thrown [s\open\src\hotspot\share\interpreter\linkResolver.cpp, line 773]
Event: 0.287 Thread 0x0000022b001a6780 Exception <a 'java/lang/NoSuchMethodError'{0x00000006209f2960}: 'java.lang.Object java.lang.invoke.Invokers$Holder.invokeExact_MT(java.lang.Object, java.lang.Object, java.lang.Object, java.lang.Object, java.lang.Object)'> (0x00000006209f2960) 
thrown [s\open\src\hotspot\share\interpreter\linkResolver.cpp, line 773]
Event: 0.287 Thread 0x0000022b0016df50 Exception <a 'java/lang/NoSuchMethodError'{0x00000006213eb350}: 'java.lang.Object java.lang.invoke.Invokers$Holder.invokeExact_MT(java.lang.Object, java.lang.Object, java.lang.Object, java.lang.Object, java.lang.Object)'> (0x00000006213eb350) 
thrown [s\open\src\hotspot\share\interpreter\linkResolver.cpp, line 773]
Event: 0.287 Thread 0x0000022b00188c70 Exception <a 'java/lang/NoSuchMethodError'{0x0000000620e70698}: 'java.lang.Object java.lang.invoke.Invokers$Holder.invokeExact_MT(java.lang.Object, java.lang.Object, java.lang.Object, java.lang.Object, java.lang.Object)'> (0x0000000620e70698) 
thrown [s\open\src\hotspot\share\interpreter\linkResolver.cpp, line 773]
Event: 0.287 Thread 0x0000022b0016e5b0 Exception <a 'java/lang/NoSuchMethodError'{0x0000000620c0a768}: 'java.lang.Object java.lang.invoke.Invokers$Holder.invokeExact_MT(java.lang.Object, java.lang.Object, java.lang.Object, java.lang.Object, java.lang.Object)'> (0x0000000620c0a768) 
thrown [s\open\src\hotspot\share\interpreter\linkResolver.cpp, line 773]
Event: 0.287 Thread 0x0000022b001a60f0 Exception <a 'java/lang/NoSuchMethodError'{0x0000000620eeb4b8}: 'java.lang.Object java.lang.invoke.Invokers$Holder.invokeExact_MT(java.lang.Object, java.lang.Object, java.lang.Object, java.lang.Object, java.lang.Object)'> (0x0000000620eeb4b8) 
thrown [s\open\src\hotspot\share\interpreter\linkResolver.cpp, line 773]
Event: 0.287 Thread 0x0000022b0016f8d0 Exception <a 'java/lang/NoSuchMethodError'{0x0000000620c85658}: 'java.lang.Object java.lang.invoke.Invokers$Holder.invokeExact_MT(java.lang.Object, java.lang.Object, java.lang.Object, java.lang.Object, java.lang.Object)'> (0x0000000620c85658) 
thrown [s\open\src\hotspot\share\interpreter\linkResolver.cpp, line 773]
Event: 0.287 Thread 0x0000022b001796a0 Exception <a 'java/lang/NoSuchMethodError'{0x0000000621371508}: 'java.lang.Object java.lang.invoke.Invokers$Holder.invokeExact_MT(java.lang.Object, java.lang.Object, java.lang.Object, java.lang.Object, java.lang.Object)'> (0x0000000621371508) 
thrown [s\open\src\hotspot\share\interpreter\linkResolver.cpp, line 773]
Event: 0.288 Thread 0x0000022b001a7b30 Exception <a 'java/lang/NoSuchMethodError'{0x0000000620f662d8}: 'java.lang.Object java.lang.invoke.Invokers$Holder.invokeExact_MT(java.lang.Object, java.lang.Object, java.lang.Object, java.lang.Object, java.lang.Object)'> (0x0000000620f662d8) 
thrown [s\open\src\hotspot\share\interpreter\linkResolver.cpp, line 773]
Event: 0.288 Thread 0x0000022b001a46b0 Exception <a 'java/lang/NoSuchMethodError'{0x0000000620fe10f8}: 'java.lang.Object java.lang.invoke.Invokers$Holder.invokeExact_MT(java.lang.Object, java.lang.Object, java.lang.Object, java.lang.Object, java.lang.Object)'> (0x0000000620fe10f8) 
thrown [s\open\src\hotspot\share\interpreter\linkResolver.cpp, line 773]
Event: 0.299 Thread 0x0000022b0016df50 Exception <a 'java/lang/NoSuchMethodError'{0x0000000620a7ff90}: 'void java.lang.invoke.Invokers$Holder.invokeExact_MT(java.lang.Object, java.lang.Object, java.lang.Object, java.lang.Object)'> (0x0000000620a7ff90) 
thrown [s\open\src\hotspot\share\interpreter\linkResolver.cpp, line 773]
Event: 0.300 Thread 0x0000022b0016df50 Exception <a 'java/lang/NoSuchMethodError'{0x0000000620a88690}: 'void java.lang.invoke.DelegatingMethodHandle$Holder.reinvoke_L(java.lang.Object, java.lang.Object, int)'> (0x0000000620a88690) 
thrown [s\open\src\hotspot\share\interpreter\linkResolver.cpp, line 773]
Event: 0.322 Thread 0x0000022b00188200 Exception <a 'java/lang/NoSuchMethodError'{0x0000000620b3cac8}: 'java.lang.Object java.lang.invoke.DirectMethodHandle$Holder.invokeStaticInit(java.lang.Object, int, int, int, int)'> (0x0000000620b3cac8) 
thrown [s\open\src\hotspot\share\interpreter\linkResolver.cpp, line 773]
Event: 0.332 Thread 0x0000022b00188200 Exception <a 'java/lang/NoSuchMethodError'{0x0000000620b51ea0}: 'java.lang.Object java.lang.invoke.DirectMethodHandle$Holder.invokeStaticInit(java.lang.Object, java.lang.Object, int, int, int, int)'> (0x0000000620b51ea0) 
thrown [s\open\src\hotspot\share\interpreter\linkResolver.cpp, line 773]
Event: 0.805 Thread 0x0000022b00188200 Exception <a 'java/lang/NoSuchMethodError'{0x0000000621c73ad0}: 'int java.lang.invoke.DirectMethodHandle$Holder.invokeStaticInit(java.lang.Object, java.lang.Object, java.lang.Object)'> (0x0000000621c73ad0) 
thrown [s\open\src\hotspot\share\interpreter\linkResolver.cpp, line 773]
Event: 0.970 Thread 0x0000022b00188200 Exception <a 'java/lang/NoSuchMethodError'{0x000000062102c358}: 'java.lang.Object java.lang.invoke.DirectMethodHandle$Holder.newInvokeSpecial(java.lang.Object, java.lang.Object, java.lang.Object, int)'> (0x000000062102c358) 
thrown [s\open\src\hotspot\share\interpreter\linkResolver.cpp, line 773]
Event: 0.971 Thread 0x0000022b00188200 Exception <a 'java/lang/NoSuchMethodError'{0x00000006210312c8}: 'int java.lang.invoke.DirectMethodHandle$Holder.invokeSpecial(java.lang.Object, java.lang.Object, java.lang.Object, int)'> (0x00000006210312c8) 
thrown [s\open\src\hotspot\share\interpreter\linkResolver.cpp, line 773]
Event: 0.972 Thread 0x0000022b00188200 Exception <a 'java/lang/NoSuchMethodError'{0x00000006210434e8}: 'java.lang.Object java.lang.invoke.DirectMethodHandle$Holder.invokeStatic(java.lang.Object, java.lang.Object, java.lang.Object, java.lang.Object, int)'> (0x00000006210434e8) 
thrown [s\open\src\hotspot\share\interpreter\linkResolver.cpp, line 773]
Event: 0.972 Thread 0x0000022b00188200 Exception <a 'java/lang/NoSuchMethodError'{0x000000062104ae98}: 'java.lang.Object java.lang.invoke.DirectMethodHandle$Holder.invokeSpecial(java.lang.Object, java.lang.Object, java.lang.Object, java.lang.Object, int)'> (0x000000062104ae98) 
thrown [s\open\src\hotspot\share\interpreter\linkResolver.cpp, line 773]
Event: 1.007 Thread 0x0000022b00188200 Implicit null exception at 0x0000022b1eeef8b9 to 0x0000022b1e4b4870

ZGC Phase Switch (0 events):
No events

VM Operations (20 events):
Event: 0.276 Executing VM operation: HandshakeAllThreads (Deoptimize)
Event: 0.276 Executing VM operation: HandshakeAllThreads (Deoptimize) done
Event: 0.277 Executing VM operation: HandshakeAllThreads (Deoptimize)
Event: 0.277 Executing VM operation: HandshakeAllThreads (Deoptimize) done
Event: 0.347 Executing VM operation: HandshakeAllThreads (Deoptimize)
Event: 0.347 Executing VM operation: HandshakeAllThreads (Deoptimize) done
Event: 0.785 Executing VM operation: G1CollectForAllocation (G1 Evacuation Pause)
Event: 0.791 Executing VM operation: G1CollectForAllocation (G1 Evacuation Pause) done
Event: 0.813 Executing VM operation: HandshakeAllThreads (Deoptimize)
Event: 0.813 Executing VM operation: HandshakeAllThreads (Deoptimize) done
Event: 0.815 Executing VM operation: HandshakeAllThreads (Deoptimize)
Event: 0.815 Executing VM operation: HandshakeAllThreads (Deoptimize) done
Event: 0.818 Executing VM operation: HandshakeAllThreads (Deoptimize)
Event: 0.818 Executing VM operation: HandshakeAllThreads (Deoptimize) done
Event: 0.883 Executing VM operation: HandshakeAllThreads (Deoptimize)
Event: 0.883 Executing VM operation: HandshakeAllThreads (Deoptimize) done
Event: 0.984 Executing VM operation: HandshakeAllThreads (Deoptimize)
Event: 0.985 Executing VM operation: HandshakeAllThreads (Deoptimize) done
Event: 0.994 Executing VM operation: HandshakeAllThreads (Deoptimize)
Event: 0.994 Executing VM operation: HandshakeAllThreads (Deoptimize) done

Events (20 events):
Event: 0.140 Thread 0x0000022b0003e2a0 Thread added: 0x0000022b0003e2a0
Event: 0.280 Thread 0x0000022b001796a0 Thread added: 0x0000022b001796a0
Event: 0.280 Thread 0x0000022b0016df50 Thread added: 0x0000022b0016df50
Event: 0.280 Thread 0x0000022b0016e5b0 Thread added: 0x0000022b0016e5b0
Event: 0.280 Thread 0x0000022b0016ec10 Thread added: 0x0000022b0016ec10
Event: 0.280 Thread 0x0000022b0016f270 Thread added: 0x0000022b0016f270
Event: 0.280 Thread 0x0000022b0016f8d0 Thread added: 0x0000022b0016f8d0
Event: 0.280 Thread 0x0000022b00188200 Thread added: 0x0000022b00188200
Event: 0.280 Thread 0x0000022b00188c70 Thread added: 0x0000022b00188c70
Event: 0.280 Thread 0x0000022b001a60f0 Thread added: 0x0000022b001a60f0
Event: 0.280 Thread 0x0000022b001a7b30 Thread added: 0x0000022b001a7b30
Event: 0.281 Thread 0x0000022b001a46b0 Thread added: 0x0000022b001a46b0
Event: 0.281 Thread 0x0000022b001a4d40 Thread added: 0x0000022b001a4d40
Event: 0.281 Thread 0x0000022b001a6e10 Thread added: 0x0000022b001a6e10
Event: 0.281 Thread 0x0000022b001a53d0 Thread added: 0x0000022b001a53d0
Event: 0.281 Thread 0x0000022b001a5a60 Thread added: 0x0000022b001a5a60
Event: 0.281 Thread 0x0000022b001a6780 Thread added: 0x0000022b001a6780
Event: 0.528 Thread 0x0000022b0003e2a0 Thread exited: 0x0000022b0003e2a0
Event: 0.617 Thread 0x0000022b00039340 Thread exited: 0x0000022b00039340
Event: 0.794 Thread 0x0000022b08f18ab0 Thread added: 0x0000022b08f18ab0


Dynamic libraries:
0x00007ff6c0610000 - 0x00007ff6c0620000 	C:\Users\Lukas\.jdks\graalvm-jdk-21.0.7\bin\java.exe
0x00007ffe6aea0000 - 0x00007ffe6b107000 	C:\WINDOWS\SYSTEM32\ntdll.dll
0x00007ffe695d0000 - 0x00007ffe69699000 	C:\WINDOWS\System32\KERNEL32.DLL
0x00007ffe68210000 - 0x00007ffe68600000 	C:\WINDOWS\System32\KERNELBASE.dll
0x00007ffe68830000 - 0x00007ffe6897b000 	C:\WINDOWS\System32\ucrtbase.dll
0x00007ffe43b30000 - 0x00007ffe43b4b000 	C:\Users\Lukas\.jdks\graalvm-jdk-21.0.7\bin\VCRUNTIME140.dll
0x00007ffe5bd50000 - 0x00007ffe5bd69000 	C:\Users\Lukas\.jdks\graalvm-jdk-21.0.7\bin\jli.dll
0x00007ffe6a500000 - 0x00007ffe6a5b4000 	C:\WINDOWS\System32\ADVAPI32.dll
0x00007ffe69040000 - 0x00007ffe690e9000 	C:\WINDOWS\System32\msvcrt.dll
0x00007ffe68c30000 - 0x00007ffe68cd6000 	C:\WINDOWS\System32\sechost.dll
0x00007ffe698b0000 - 0x00007ffe699c8000 	C:\WINDOWS\System32\RPCRT4.dll
0x00007ffe690f0000 - 0x00007ffe692b5000 	C:\WINDOWS\System32\USER32.dll
0x00007ffe483c0000 - 0x00007ffe4865a000 	C:\WINDOWS\WinSxS\amd64_microsoft.windows.common-controls_6595b64144ccf1df_6.0.26100.4768_none_3e0c112ce331287c\COMCTL32.dll
0x00007ffe68060000 - 0x00007ffe68087000 	C:\WINDOWS\System32\win32u.dll
0x00007ffe69c40000 - 0x00007ffe69c6b000 	C:\WINDOWS\System32\GDI32.dll
0x00007ffe68af0000 - 0x00007ffe68c28000 	C:\WINDOWS\System32\gdi32full.dll
0x00007ffe68a40000 - 0x00007ffe68ae3000 	C:\WINDOWS\System32\msvcp_win.dll
0x00007ffe60e30000 - 0x00007ffe60e3b000 	C:\WINDOWS\SYSTEM32\VERSION.dll
0x00007ffe6a4c0000 - 0x00007ffe6a4ef000 	C:\WINDOWS\System32\IMM32.DLL
0x00007ffe5aec0000 - 0x00007ffe5aecc000 	C:\Users\Lukas\.jdks\graalvm-jdk-21.0.7\bin\vcruntime140_1.dll
0x00007ffe1f340000 - 0x00007ffe1f3ce000 	C:\Users\Lukas\.jdks\graalvm-jdk-21.0.7\bin\msvcp140.dll
0x00007ffd87f00000 - 0x00007ffd88c24000 	C:\Users\Lukas\.jdks\graalvm-jdk-21.0.7\bin\server\jvm.dll
0x00007ffe68dd0000 - 0x00007ffe68e44000 	C:\WINDOWS\System32\WS2_32.dll
0x00007ffe67c90000 - 0x00007ffe67cee000 	C:\WINDOWS\SYSTEM32\POWRPROF.dll
0x00007ffe5bb20000 - 0x00007ffe5bb55000 	C:\WINDOWS\SYSTEM32\WINMM.dll
0x00007ffe67c70000 - 0x00007ffe67c84000 	C:\WINDOWS\SYSTEM32\UMPDC.dll
0x00007ffe66d10000 - 0x00007ffe66d2b000 	C:\WINDOWS\SYSTEM32\kernel.appcore.dll
0x00007ffe569a0000 - 0x00007ffe569aa000 	C:\Users\Lukas\.jdks\graalvm-jdk-21.0.7\bin\jimage.dll
0x00007ffe657a0000 - 0x00007ffe659e1000 	C:\WINDOWS\SYSTEM32\DBGHELP.DLL
0x00007ffe6a5c0000 - 0x00007ffe6a945000 	C:\WINDOWS\System32\combase.dll
0x00007ffe68ce0000 - 0x00007ffe68dc0000 	C:\WINDOWS\System32\OLEAUT32.dll
0x00007ffe4d990000 - 0x00007ffe4d9d3000 	C:\WINDOWS\SYSTEM32\dbgcore.DLL
0x00007ffe68790000 - 0x00007ffe68829000 	C:\WINDOWS\System32\bcryptPrimitives.dll
0x00007ffe34bf0000 - 0x00007ffe34c0f000 	C:\Users\Lukas\.jdks\graalvm-jdk-21.0.7\bin\java.dll
0x00007ffe69d70000 - 0x00007ffe6a4bd000 	C:\WINDOWS\System32\SHELL32.dll
0x00007ffe68610000 - 0x00007ffe68783000 	C:\WINDOWS\System32\wintypes.dll
0x00007ffe65b90000 - 0x00007ffe663f0000 	C:\WINDOWS\SYSTEM32\windows.storage.dll
0x00007ffe69c70000 - 0x00007ffe69d65000 	C:\WINDOWS\System32\SHCORE.dll
0x00007ffe694f0000 - 0x00007ffe6955a000 	C:\WINDOWS\System32\shlwapi.dll
0x00007ffe67ef0000 - 0x00007ffe67f19000 	C:\WINDOWS\SYSTEM32\profapi.dll
0x00007ffe1d8e0000 - 0x00007ffe1d9b7000 	C:\Users\Lukas\.jdks\graalvm-jdk-21.0.7\bin\jsvml.dll
0x00007ffd751c0000 - 0x00007ffd781e9000 	C:\Users\Lukas\.jdks\graalvm-jdk-21.0.7\bin\jvmcicompiler.dll
0x00007ffe699d0000 - 0x00007ffe699d8000 	C:\WINDOWS\System32\PSAPI.DLL
0x00007ffe68090000 - 0x00007ffe68207000 	C:\WINDOWS\System32\CRYPT32.dll
0x00007ffe67320000 - 0x00007ffe6734b000 	C:\WINDOWS\SYSTEM32\USERENV.dll
0x00007ffe677c0000 - 0x00007ffe677f0000 	C:\WINDOWS\SYSTEM32\ncrypt.dll
0x00007ffe66700000 - 0x00007ffe66733000 	C:\WINDOWS\SYSTEM32\IPHLPAPI.DLL
0x00007ffe67280000 - 0x00007ffe672eb000 	C:\WINDOWS\SYSTEM32\MSWSOCK.dll
0x00007ffe67770000 - 0x00007ffe677af000 	C:\WINDOWS\SYSTEM32\NTASN1.dll
0x00007ffe4ecb0000 - 0x00007ffe4ecc0000 	C:\Users\Lukas\.jdks\graalvm-jdk-21.0.7\bin\net.dll
0x00007ffe60070000 - 0x00007ffe6018e000 	C:\WINDOWS\SYSTEM32\WINHTTP.dll
0x00007ffe31620000 - 0x00007ffe31636000 	C:\Users\Lukas\.jdks\graalvm-jdk-21.0.7\bin\nio.dll
0x00007ffe336f0000 - 0x00007ffe33708000 	C:\Users\Lukas\.jdks\graalvm-jdk-21.0.7\bin\zip.dll
0x00007ffe31600000 - 0x00007ffe31609000 	C:\Users\Lukas\.jdks\graalvm-jdk-21.0.7\bin\extnet.dll
0x00007ffe49c20000 - 0x00007ffe49c2a000 	C:\Users\Lukas\.jdks\graalvm-jdk-21.0.7\bin\management.dll
0x00007ffe31610000 - 0x00007ffe3161b000 	C:\Users\Lukas\.jdks\graalvm-jdk-21.0.7\bin\management_ext.dll
0x00007ffe2bac0000 - 0x00007ffe2bad8000 	C:\WINDOWS\system32\napinsp.dll
0x00007ffe66790000 - 0x00007ffe668b6000 	C:\WINDOWS\SYSTEM32\DNSAPI.dll
0x00007ffe695c0000 - 0x00007ffe695ca000 	C:\WINDOWS\System32\NSI.dll
0x00007ffe2bcd0000 - 0x00007ffe2bce2000 	C:\WINDOWS\System32\winrnr.dll
0x00007ffe2bc10000 - 0x00007ffe2bc40000 	C:\WINDOWS\system32\nlansp_c.dll
0x00007ffe2bc50000 - 0x00007ffe2bc70000 	C:\WINDOWS\system32\wshbth.dll
0x00007ffe558d0000 - 0x00007ffe558db000 	C:\Windows\System32\rasadhlp.dll
0x00007ffe5c2b0000 - 0x00007ffe5c336000 	C:\WINDOWS\System32\fwpuclnt.dll
0x00007ffe67660000 - 0x00007ffe6767b000 	C:\WINDOWS\SYSTEM32\CRYPTSP.dll
0x00007ffe66c70000 - 0x00007ffe66cab000 	C:\WINDOWS\system32\rsaenh.dll
0x00007ffe67ec0000 - 0x00007ffe67ee6000 	C:\WINDOWS\SYSTEM32\bcrypt.dll
0x00007ffe674c0000 - 0x00007ffe674cc000 	C:\WINDOWS\SYSTEM32\CRYPTBASE.dll
0x0000000061440000 - 0x000000006156b000 	S:\Data\Development\IntelliJ Workspace\FastSimplexNoiseLib\build\tmp\jmh\Aparapi13917761371512269839\libgcc_s_seh-1.dll
0x000000006fc40000 - 0x00000000714f5000 	S:\Data\Development\IntelliJ Workspace\FastSimplexNoiseLib\build\tmp\jmh\Aparapi10408842748909152897\libstdc++-6.dll
0x0000000064500000 - 0x0000000064945000 	S:\Data\Development\IntelliJ Workspace\FastSimplexNoiseLib\build\tmp\jmh\Aparapi4766013399485394697\libaparapi.dll
0x00007ffe1cad0000 - 0x00007ffe1cb46000 	C:\WINDOWS\SYSTEM32\OpenCL.dll
0x00007ffe699e0000 - 0x00007ffe69b80000 	C:\WINDOWS\System32\ole32.dll
0x00007ffe67b90000 - 0x00007ffe67be7000 	C:\WINDOWS\SYSTEM32\CFGMGR32.dll
0x00007ffe64f50000 - 0x00007ffe64f9d000 	C:\WINDOWS\SYSTEM32\dxcore.dll
0x00007ffe53040000 - 0x00007ffe5305a000 	C:\WINDOWS\SYSTEM32\windows.staterepositorycore.dll
0x00007ffe65010000 - 0x00007ffe6514e000 	C:\WINDOWS\SYSTEM32\dxgi.dll
0x00007ffe64fa0000 - 0x00007ffe6500a000 	C:\WINDOWS\SYSTEM32\directxdatabasehelper.dll
0x00007ffd72870000 - 0x00007ffd74a90000 	C:\WINDOWS\System32\DriverStore\FileRepository\nv_dispi.inf_amd64_ed7df476d41060e6\nvopencl64.dll
0x00007ffe676d0000 - 0x00007ffe676e3000 	C:\WINDOWS\SYSTEM32\msasn1.dll
0x00007ffe60940000 - 0x00007ffe6097b000 	C:\WINDOWS\SYSTEM32\cryptnet.dll
0x00007ffe67560000 - 0x00007ffe675cb000 	C:\WINDOWS\SYSTEM32\wldp.dll
0x00007ffe606b0000 - 0x00007ffe6082c000 	C:\WINDOWS\SYSTEM32\drvstore.dll
0x00007ffe67bf0000 - 0x00007ffe67c1d000 	C:\WINDOWS\SYSTEM32\devobj.dll
0x00007ffdb3330000 - 0x00007ffdb38b5000 	C:\WINDOWS\SYSTEM32\nvapi64.dll
0x00007ffe6a950000 - 0x00007ffe6add6000 	C:\WINDOWS\System32\SETUPAPI.dll
0x00007ffe1b5f0000 - 0x00007ffe1b687000 	C:\WINDOWS\System32\DriverStore\FileRepository\nv_dispi.inf_amd64_ed7df476d41060e6\nvdxgdmal64.dll
0x00007ffdc7aa0000 - 0x00007ffdc7ff5000 	C:\WINDOWS\System32\DriverStore\FileRepository\iigd_dch.inf_amd64_5278e03d9bfa3deb\igdrcl64.dll
0x00007ffdc7390000 - 0x00007ffdc7799000 	C:\WINDOWS\System32\DriverStore\FileRepository\iigd_dch.inf_amd64_5278e03d9bfa3deb\igdgmm64.dll
0x00007ffe0b3b0000 - 0x00007ffe0b4b4000 	C:\WINDOWS\System32\DriverStore\FileRepository\iigd_dch.inf_amd64_5278e03d9bfa3deb\igdfcl64.dll
0x00007ffd65310000 - 0x00007ffd68aa6000 	C:\WINDOWS\System32\DriverStore\FileRepository\iigd_dch.inf_amd64_5278e03d9bfa3deb\igc64.dll
0x00007ffd91aa0000 - 0x00007ffd91bcc000 	C:\WINDOWS\System32\DriverStore\FileRepository\iigd_dch.inf_amd64_5278e03d9bfa3deb\igdml64.dll
0x00007ffd511c0000 - 0x00007ffd55380000 	C:\WINDOWS\system32\DriverStore\FileRepository\nv_dispi.inf_amd64_ed7df476d41060e6\nvvm64.dll

dbghelp: loaded successfully - version: 4.0.5 - missing functions: none
symbol engine: initialized successfully - sym options: 0x614 - pdb path: .;C:\Users\Lukas\.jdks\graalvm-jdk-21.0.7\bin;C:\WINDOWS\SYSTEM32;C:\WINDOWS\WinSxS\amd64_microsoft.windows.common-controls_6595b64144ccf1df_6.0.26100.4768_none_3e0c112ce331287c;C:\Users\Lukas\.jdks\graalvm-jdk-21.0.7\bin\server;S:\Data\Development\IntelliJ Workspace\FastSimplexNoiseLib\build\tmp\jmh\Aparapi13917761371512269839;S:\Data\Development\IntelliJ Workspace\FastSimplexNoiseLib\build\tmp\jmh\Aparapi10408842748909152897;S:\Data\Development\IntelliJ Workspace\FastSimplexNoiseLib\build\tmp\jmh\Aparapi4766013399485394697;C:\WINDOWS\System32\DriverStore\FileRepository\nv_dispi.inf_amd64_ed7df476d41060e6;C:\WINDOWS\System32\DriverStore\FileRepository\iigd_dch.inf_amd64_5278e03d9bfa3deb

VM Arguments:
jvm_args: -XX:ThreadPriorityPolicy=1 -XX:+UnlockExperimentalVMOptions -XX:+EnableJVMCIProduct -XX:-UnlockExperimentalVMOptions -Dfile.encoding=UTF8 -XX:ThreadPriorityPolicy=1 -XX:+UnlockExperimentalVMOptions -XX:+EnableJVMCIProduct -XX:-UnlockExperimentalVMOptions -Dfile.encoding=UTF8 -Dfile.encoding=UTF-8 -Djava.io.tmpdir=S:\Data\Development\IntelliJ Workspace\FastSimplexNoiseLib\build\tmp\jmh -Duser.country=DE -Duser.language=de -Duser.variant --enable-preview --add-modules=jdk.incubator.vector -XX:+UnlockDiagnosticVMOptions -XX:+UnlockExperimentalVMOptions -DcompilerBlackholesEnabled=true -XX:CompileCommandFile=S:\Data\Development\IntelliJ Workspace\FastSimplexNoiseLib\build\tmp\jmh\jmh5982795387416727169compilecommand 
java_command: org.openjdk.jmh.runner.ForkedMain 127.0.0.1 16140
java_class_path (initial): C:\Users\Lukas\.gradle\caches\modules-2\files-2.1\org.openjdk.jmh\jmh-generator-bytecode\1.36\b8ab8b88a6b48a0cb540ede365fa84876e6608bf\jmh-generator-bytecode-1.36.jar;C:\Users\Lukas\.gradle\caches\modules-2\files-2.1\org.openjdk.jmh\jmh-generator-asm\1.36\ea8dba84346f9ecd34fc85f83fc1a14f7475348e\jmh-generator-asm-1.36.jar;C:\Users\Lukas\.gradle\caches\modules-2\files-2.1\org.openjdk.jmh\jmh-generator-reflection\1.36\40c9b3bb0523b58dada012987172452895f2c6cb\jmh-generator-reflection-1.36.jar;C:\Users\Lukas\.gradle\caches\modules-2\files-2.1\org.openjdk.jmh\jmh-core\1.36\5a69117788322630fc5f228bc804771335d41b1b\jmh-core-1.36.jar;C:\Users\Lukas\.gradle\caches\modules-2\files-2.1\net.sf.jopt-simple\jopt-simple\5.0.4\4fdac2fbe92dfad86aa6e9301736f6b4342a3f5c\jopt-simple-5.0.4.jar;C:\Users\Lukas\.gradle\caches\modules-2\files-2.1\org.apache.commons\commons-math3\3.2\ec2544ab27e110d2d431bdad7d538ed509b21e62\commons-math3-3.2.jar;C:\Users\Lukas\.gradle\caches\modules-2\files-2.1\org.ow2.asm\asm\9.0\af582ff60bc567c42d931500c3fdc20e0141ddf9\asm-9.0.jar;S:\Data\Development\IntelliJ Workspace\FastSimplexNoiseLib\build\libs\FastSimplexNoiseLib-1.0-SNAPSHOT-jmh.jar;C:\Users\Lukas\.gradle\caches\modules-2\files-2.1\com.aparapi\aparapi\3.0.0\a097d39ffcaf40cbf497faef1e490bf82a7b679d\aparapi-3.0.0.jar;C:\Users\Lukas\.gradle\caches\modules-2\files-2.1\org.junit.jupiter\junit-jupiter\5.10.0\8fea1d9c58b2156f1b998f2f18da04bc9e087f74\junit-jupiter-5.10.0.jar;C:\Users\Lukas\.gradle\caches\modules-2\files-2.1\org.junit.platform\junit-platform-launcher\1.10.0\89a1922534ed102be1fb2a8c0b2c6151297a12bf\junit-platform-launcher-1.10.0.jar;C:\Users\Lukas\.gradle\caches\modules-2\files-2.1\org.junit.jupiter\junit-jupiter-params\5.10.0\9041c7365495a897a64782ea5a6fdb99dab1814e\junit-jupiter-params-5.10.0.jar;C:\Users\Lukas\.gradle\caches\modules-2\files-2.1\org.junit.jupiter\junit-jupiter-engine\5.10.0\90587932d718fc51a48112d33045a18476c542ad\junit-jupiter-engine-5.10.0.jar;C:\Users\Lukas\.gradle\caches\modules-2\files-2.1\org.junit.jupiter\junit-jupiter-api\5.10.0\2fe4ba3d31d5067878e468c96aa039005a9134d3\junit-jupiter-api-5.10.0.jar;C:\Users\Lukas\.gradle\caches\modules-2\files-2.1\org.junit.platform\junit-platform-engine\1.10.0\276c4edcf64fabb5a139fa7b4f99330d7a93b804\junit-platform-engine-1.10.0.jar;C:\Users\Lukas\.gradle\caches\modules-2\files-2.1\org.junit.platform\junit-platform-commons\1.10.0\d533ff2c286eaf963566f92baf5f8a06628d2609\junit-platform-commons-1.10.0.jar;C:\Users\Lukas\.gradle\caches\modules-2\files-2.1\com.aparapi\aparapi-jni\1.4.3\52d35e95671bf9942f2a637c3fa1a7a1a01e7c53\aparapi-jni-1.4.3.jar;C:\Users\Lukas\.gradle\caches\modules-2\files-2.1\org.apache.bcel\bcel\6.5.0\79b1975ec0c7a6c1a15e19fb3a58cc4041b4aaea\bcel-6.5.0.jar;C:\Users\Lukas\.gradle\caches\modules-2\files-2.1\org.scala-lang\scala-library\2.13.6\ed7a2f528c7389ea65746c22a01031613d98ab3d\scala-library-2.13.6.jar;C:\Users\Lukas\.gradle\caches\modules-2\files-2.1\org.opentest4j\opentest4j\1.3.0\152ea56b3a72f655d4fd677fc0ef2596c3dd5e6e\opentest4j-1.3.0.jar
Launcher Type: SUN_STANDARD

[Global flags]
     intx CICompilerCount                          = 12                                        {product} {ergonomic}
    ccstr CompileCommandFile                       = S:\Data\Development\IntelliJ Workspace\FastSimplexNoiseLib\build\tmp\jmh\jmh5982795387416727169compilecommand            {product} {command line}
     uint ConcGCThreads                            = 3                                         {product} {ergonomic}
     bool EnableJVMCIProduct                       = true                                {JVMCI product} {jimage}
     uint G1ConcRefinementThreads                  = 13                                        {product} {ergonomic}
     uint G1EagerReclaimRemSetThreshold            = 32                                   {experimental} {ergonomic}
   size_t G1HeapRegionSize                         = 4194304                                   {product} {ergonomic}
     uint G1RemSetArrayOfCardsEntries              = 32                                   {experimental} {ergonomic}
     uint G1RemSetHowlMaxNumBuckets                = 8                                    {experimental} {ergonomic}
     uint G1RemSetHowlNumBuckets                   = 8                                    {experimental} {ergonomic}
    uintx GCDrainStackTargetSize                   = 64                                        {product} {ergonomic}
   size_t InitialHeapSize                          = 536870912                                 {product} {ergonomic}
   size_t MarkStackSize                            = 4194304                                   {product} {ergonomic}
   size_t MaxHeapSize                              = 8556380160                                {product} {ergonomic}
   size_t MaxNewSize                               = 5133828096                                {product} {ergonomic}
   size_t MinHeapDeltaBytes                        = 4194304                                   {product} {ergonomic}
   size_t MinHeapSize                              = 8388608                                   {product} {ergonomic}
    uintx NonNMethodCodeHeapSize                   = 10453100                               {pd product} {ergonomic}
    uintx NonProfiledCodeHeapSize                  = 120602570                              {pd product} {ergonomic}
    uintx ProfiledCodeHeapSize                     = 120602570                              {pd product} {ergonomic}
    uintx ReservedCodeCacheSize                    = 251658240                              {pd product} {ergonomic}
     bool SegmentedCodeCache                       = true                                      {product} {ergonomic}
   size_t SoftMaxHeapSize                          = 8556380160                             {manageable} {ergonomic}
      int ThreadPriorityPolicy                     = 1                                         {product} {command line}
     bool UnlockDiagnosticVMOptions                = true                                   {diagnostic} {command line}
     bool UnlockExperimentalVMOptions              = true                                 {experimental} {command line}
     bool UseCompressedOops                        = true                           {product lp64_product} {ergonomic}
     bool UseFastUnorderedTimeStamps               = true                                 {experimental} {ergonomic}
     bool UseG1GC                                  = true                                      {product} {ergonomic}
     bool UseLargePagesIndividualAllocation        = false                                  {pd product} {ergonomic}

Logging:
Log output configuration:
 #0: stdout all=warning uptime,level,tags foldmultilines=false
 #1: stderr all=off uptime,level,tags foldmultilines=false

Environment Variables:
JAVA_HOME=C:\Program Files\Java\jdk-11.0.8
JAVA_TOOL_OPTIONS=-Dfile.encoding=UTF8
PATH=C:\ProgramData\Oracle\Java\javapath;C:\Program Files (x86)\Common Files\Oracle\Java\javapath;C:\Program Files\Common Files\Oracle\Java\javapath;C:\Windows\system32;C:\Windows;C:\Windows\System32\Wbem;C:\Windows\System32\WindowsPowerShell\v1.0\;C:\Program Files (x86)\Smart Projects\IsoBuster;C:\Program Files\dotnet\;C:\Program Files\nodejs\;C:\Windows\System32\OpenSSH\;C:\Program Files\PuTTY\;C:\Program Files (x86)\NVIDIA Corporation\PhysX\Common;C:\Program Files\Docker\Docker\resources\bin;C:\ProgramData\DockerDesktop\version-bin;C:\Program Files\WireGuard\;C:\Program Files\Gradle\gradle-7.4.2\bin;C:\Strawberry\c\bin;C:\Strawberry\perl\site\bin;C:\Strawberry\perl\bin;S:\Data\TUM UNI\Master\1. Semester\Augmented Reality\opencv\build\x64\vc16\bin;C:\Program Files\Git\cmd;C:\Program Files\Tailscale\;C:\Program Files (x86)\Gpg4win\..\GnuPG\bin;C:\Program Files\NVIDIA Corporation\NVIDIA app\NvDLISR;C:\WINDOWS\system32;C:\WINDOWS;C:\WINDOWS\System32\Wbem;C:\WINDOWS\System32\WindowsPowerShell\v1.0\;C:\WINDOWS\System32\OpenSSH\;C:\Program Files\RenderDoc;C:\Users\Lukas\AppData\Local\Microsoft\WindowsApps;C:\Users\Lukas\AppData\Roaming\npm;C:\Users\Lukas\AppData\Local\Programs\Microsoft VS Code\bin;C:\Users\Lukas\.dotnet\tools;C:\Users\Lukas\AppData\Local\GitHubDesktop\bin;C:\Program Files (x86)\maven\apache-maven-3.8.1\bin;C:\Program Files\IPFS Desktop\resources\app.asar.unpacked\src\ipfs-on-path\scripts\bin-win;C:\Users\Lukas\AppData\Local\JetBrains\Toolbox\scripts;C:\Program Files (x86)\maven\apache-maven-3.8.1;C:\Users\Lukas\.web3j\web3j-cli-shadow-1.4.2\bin;S:\Data\Development\flutter\bin;C:\Users\Lukas\AppData\Local\Programs\MiKTeX\miktex\bin\x64\;C:\Users\Lukas\AppData\Local\Programs\Lens\resources\cli\bin;S:\Data\TUM UNI\Master\1. Semester\Augmented Reality\opencv\build\x64\vc16\bin;C:\Users\Lukas\.dotnet\tools;C:\Users\Lukas\AppData\Local\Microsoft\WindowsApps
USERNAME=Lukas
OS=Windows_NT
PROCESSOR_IDENTIFIER=Intel64 Family 6 Model 158 Stepping 12, GenuineIntel
TMP=C:\Users\Lukas\AppData\Local\Temp
TEMP=C:\Users\Lukas\AppData\Local\Temp




Periodic native trim disabled

---------------  S Y S T E M  ---------------

OS:
 Windows 11 , 64 bit Build 26100 (10.0.26100.4768)
OS uptime: 7 days 7:14 hours
Hyper-V role detected

CPU: total 16 (initial active 16) (8 cores per cpu, 2 threads per core) family 6 model 158 stepping 12 microcode 0xde, cx8, cmov, fxsr, ht, mmx, 3dnowpref, sse, sse2, sse3, ssse3, sse4.1, sse4.2, popcnt, lzcnt, tsc, tscinvbit, avx, avx2, aes, erms, clmul, bmi1, bmi2, rtm, adx, fma, vzeroupper, clflush, clflushopt, hv, rdtscp, f16c
Processor Information for all 16 processors :
  Max Mhz: 3600, Current Mhz: 3600, Mhz Limit: 3600

Memory: 4k page, system-wide physical 32629M (12715M free)
TotalPageFile size 36386M (AvailPageFile size 6082M)
current process WorkingSet (physical memory assigned to process): 283M, peak: 283M
current process commit charge ("private bytes"): 1028M, peak: 1028M

vm_info: Java HotSpot(TM) 64-Bit Server VM (21.0.7+8-LTS-jvmci-23.1-b60) for windows-amd64 JRE (21.0.7+8-LTS-jvmci-23.1-b60), built on 2025-02-26T11:58:54Z by "OCIWIN11Buildbot" with MS VC++ 17.6 (VS2022)

END.
