#
# A fatal error has been detected by the Java Runtime Environment:
#
#  EXCEPTION_ACCESS_VIOLATION (0xc0000005) at pc=0x00007ffe6909433a, pid=17624, tid=33292
#
# JRE version: Java(TM) SE Runtime Environment Oracle GraalVM 21.0.7+8.1 (21.0.7+8) (build 21.0.7+8-LTS-jvmci-23.1-b60)
# Java VM: Java HotSpot(TM) 64-Bit Server VM Oracle GraalVM 21.0.7+8.1 (21.0.7+8-LTS-jvmci-23.1-b60, mixed mode, sharing, tiered, jvmci, jvmci compiler, compressed oops, compressed class ptrs, g1 gc, windows-amd64)
# Problematic frame:
# C  [msvcrt.dll+0x5433a]
#
# No core dump will be written. Minidumps are not enabled by default on client versions of Windows
#
# If you would like to submit a bug report, please visit:
#   https://bugreport.java.com/bugreport/crash.jsp
# The crash happened outside the Java Virtual Machine in native code.
# See problematic frame for where to report the bug.
#

---------------  S U M M A R Y ------------

Command Line: -XX:ThreadPriorityPolicy=1 -XX:+UnlockExperimentalVMOptions -XX:+EnableJVMCIProduct -XX:-UnlockExperimentalVMOptions -Dfile.encoding=UTF8 -XX:ThreadPriorityPolicy=1 -XX:+UnlockExperimentalVMOptions -XX:+EnableJVMCIProduct -XX:-UnlockExperimentalVMOptions -Dfile.encoding=UTF8 -Dfile.encoding=UTF-8 -Djava.io.tmpdir=S:\Data\Development\IntelliJ Workspace\FastSimplexNoiseLib\build\tmp\jmh -Duser.country=DE -Duser.language=de -Duser.variant --enable-preview --add-modules=jdk.incubator.vector -XX:+UnlockDiagnosticVMOptions -XX:+UnlockExperimentalVMOptions -DcompilerBlackholesEnabled=true -XX:CompileCommandFile=S:\Data\Development\IntelliJ Workspace\FastSimplexNoiseLib\build\tmp\jmh\jmh5982795387416727169compilecommand org.openjdk.jmh.runner.ForkedMain 127.0.0.1 16131

Host: Intel(R) Core(TM) i9-9900K CPU @ 3.60GHz, 16 cores, 31G,  Windows 11 , 64 bit Build 26100 (10.0.26100.4768)
Time: Sat Aug 23 20:05:43 2025 Mitteleuropäische Sommerzeit elapsed time: 3.102689 seconds (0d 0h 0m 3s)

---------------  T H R E A D  ---------------

Current thread (0x00000187cf58c770):  JavaThread "de.verdox.NoiseBenchJmh.benchChunk-jmh-worker-12" daemon [_thread_in_native, id=33292, stack(0x000000297ec00000,0x000000297ed00000) (1024K)]

Stack: [0x000000297ec00000,0x000000297ed00000],  sp=0x000000297ecfdb70,  free space=1014k
Native frames: (J=compiled Java code, j=interpreted, Vv=VM code, C=native code)
C  [msvcrt.dll+0x5433a]
C  [msvcrt.dll+0x4bcb0]
C  [libaparapi.dll+0x7cf9]

Java frames: (J=compiled Java code, j=interpreted, Vv=VM code)
j  com.aparapi.internal.jni.KernelRunnerJNI.runKernelJNI(JLcom/aparapi/Range;ZILjava/nio/ByteBuffer;Ljava/nio/ByteBuffer;)I+0
j  com.aparapi.internal.kernel.KernelRunner.executeOpenCL(Lcom/aparapi/device/Device;Lcom/aparapi/internal/kernel/KernelRunner$ExecutionSettings;)Lcom/aparapi/Kernel;+96
j  com.aparapi.internal.kernel.KernelRunner.executeInternalInner(Lcom/aparapi/internal/kernel/KernelRunner$ExecutionSettings;Lcom/aparapi/device/Device;Z)Lcom/aparapi/Kernel;+3592
j  com.aparapi.internal.kernel.KernelRunner.executeInternalOuter(Lcom/aparapi/internal/kernel/KernelRunner$ExecutionSettings;)Lcom/aparapi/Kernel;+4
j  com.aparapi.internal.kernel.KernelRunner.execute(Ljava/lang/String;Lcom/aparapi/Range;I)Lcom/aparapi/Kernel;+78
j  com.aparapi.Kernel.execute(Ljava/lang/String;Lcom/aparapi/Range;I)Lcom/aparapi/Kernel;+7
j  com.aparapi.Kernel.execute(Lcom/aparapi/Range;I)Lcom/aparapi/Kernel;+5
j  com.aparapi.Kernel.execute(I)Lcom/aparapi/Kernel;+7
j  micycle.jsimplex.noise.gpu.SimplexNoiseGpu3D.calculateFast(FFFIIIF)[F+26
j  de.verdox.SimplexGpuAdapter.generate3dRaw(FFFIIIFZ)[F+15
j  de.verdox.SimplexGpuAdapter.generate3D(FFFIIIFFF)[F+10
j  de.verdox.NoiseEngine.runGpu([FFFFIIIFFF)V+15
j  de.verdox.NoiseEngine.generate(Lde/verdox/Backend;ZFFFIIIFFF)[F+116
j  de.verdox.NoiseBenchJmh.benchChunk()[F+29
j  de.verdox.jmh_generated.NoiseBenchJmh_benchChunk_jmhTest.benchChunk_Throughput(Lorg/openjdk/jmh/runner/InfraControl;Lorg/openjdk/jmh/infra/ThreadParams;)Lorg/openjdk/jmh/results/BenchmarkTaskResult;+92
j  java.lang.invoke.DirectMethodHandle$Holder.invokeSpecial(Ljava/lang/Object;Ljava/lang/Object;Ljava/lang/Object;Ljava/lang/Object;)Ljava/lang/Object;+14 java.base@21.0.7
j  java.lang.invoke.LambdaForm$MH+0x000001878f02f400.invoke(Ljava/lang/Object;Ljava/lang/Object;Ljava/lang/Object;Ljava/lang/Object;)Ljava/lang/Object;+73 java.base@21.0.7
j  java.lang.invoke.LambdaForm$MH+0x000001878f02f800.invokeExact_MT(Ljava/lang/Object;Ljava/lang/Object;Ljava/lang/Object;Ljava/lang/Object;Ljava/lang/Object;)Ljava/lang/Object;+22 java.base@21.0.7
j  jdk.internal.reflect.DirectMethodHandleAccessor.invokeImpl(Ljava/lang/Object;[Ljava/lang/Object;)Ljava/lang/Object;+72 java.base@21.0.7
j  jdk.internal.reflect.DirectMethodHandleAccessor.invoke(Ljava/lang/Object;[Ljava/lang/Object;)Ljava/lang/Object;+23 java.base@21.0.7
j  java.lang.reflect.Method.invoke(Ljava/lang/Object;[Ljava/lang/Object;)Ljava/lang/Object;+102 java.base@21.0.7
j  org.openjdk.jmh.runner.BenchmarkHandler$BenchmarkTask.call()Lorg/openjdk/jmh/results/BenchmarkTaskResult;+48
j  org.openjdk.jmh.runner.BenchmarkHandler$BenchmarkTask.call()Ljava/lang/Object;+1
j  java.util.concurrent.FutureTask.run()V+39 java.base@21.0.7
j  java.util.concurrent.Executors$RunnableAdapter.call()Ljava/lang/Object;+4 java.base@21.0.7
j  java.util.concurrent.FutureTask.run()V+39 java.base@21.0.7
j  java.util.concurrent.ThreadPoolExecutor.runWorker(Ljava/util/concurrent/ThreadPoolExecutor$Worker;)V+92 java.base@21.0.7
j  java.util.concurrent.ThreadPoolExecutor$Worker.run()V+5 java.base@21.0.7
j  java.lang.Thread.runWith(Ljava/lang/Object;Ljava/lang/Runnable;)V+5 java.base@21.0.7
j  java.lang.Thread.run()V+19 java.base@21.0.7
v  ~StubRoutines::call_stub 0x00000187f7fc100d

siginfo: EXCEPTION_ACCESS_VIOLATION (0xc0000005), reading address 0x0000000000000001


Registers:
RAX=0x0000000000000001, RBX=0x0000000000000001, RCX=0x000000007ffffffe, RDX=0x0000000000000000
RSP=0x000000297ecfdb70, RBP=0x000000297ecfdc70, RSI=0x000000006451f1b7, RDI=0x0000000000000073
R8 =0x000000297ecfdbb0, R9 =0x000000297ecfdf08, R10=0xffffffffffffffff, R11=0x000000297ecfdf10
R12=0x0000000000000000, R13=0x00000000ffffffff, R14=0x0000000000000061, R15=0x000000297ecfdf08
RIP=0x00007ffe6909433a, EFLAGS=0x0000000000010202


Register to memory mapping:

RAX=0x0000000000000001 is an unknown value
RBX=0x0000000000000001 is an unknown value
RCX=0x000000007ffffffe is an unknown value
RDX=0x0 is null
RSP=0x000000297ecfdb70 is pointing into the stack for thread: 0x00000187cf58c770
RBP=0x000000297ecfdc70 is pointing into the stack for thread: 0x00000187cf58c770
RSI=0x000000006451f1b7 libaparapi.dll
RDI=0x0000000000000073 is an unknown value
R8 =0x000000297ecfdbb0 is pointing into the stack for thread: 0x00000187cf58c770
R9 =0x000000297ecfdf08 is pointing into the stack for thread: 0x00000187cf58c770
R10=0xffffffffffffffff is an unknown value
R11=0x000000297ecfdf10 is pointing into the stack for thread: 0x00000187cf58c770
R12=0x0 is null
R13=0x00000000ffffffff is an unknown value
R14=0x0000000000000061 is an unknown value
R15=0x000000297ecfdf08 is pointing into the stack for thread: 0x00000187cf58c770

Top of Stack: (sp=0x000000297ecfdb70)
0x000000297ecfdb70:   00000187e56fe040 0000000000000000
0x000000297ecfdb80:   0000000000000051 0000000000000000
0x000000297ecfdb90:   0000000000000000 0000000000000000
0x000000297ecfdba0:   0000000000000000 0000000000000000
0x000000297ecfdbb0:   0000000000000061 0000005100000000
0x000000297ecfdbc0:   000000297ecfdf10 0000000000000000
0x000000297ecfdbd0:   0000f4c000000000 0000000088000189
0x000000297ecfdbe0:   0000000700000000 0000002900000000
0x000000297ecfdbf0:   00007ffe690dda60 0000000000000000
0x000000297ecfdc00:   000000006451f1b7 00007ffe682d7f7a
0x000000297ecfdc10:   00007ffe690dd0a0 00000187e56f4930
0x000000297ecfdc20:   000001878de435b0 0000000000000001
0x000000297ecfdc30:   0000000000000000 0000000000000000
0x000000297ecfdc40:   0000000000000000 0000000000000000
0x000000297ecfdc50:   0000000000000000 0000000000000000
0x000000297ecfdc60:   0000000000000000 0000000000000000
0x000000297ecfdc70:   0000000000000000 0000000000000000
0x000000297ecfdc80:   0000000000000000 0000000000000000
0x000000297ecfdc90:   0000000000000000 0000000000000000
0x000000297ecfdca0:   0000000000000000 0000000000000000
0x000000297ecfdcb0:   0000000000000000 0000000000000000
0x000000297ecfdcc0:   0000000000000000 0000000000000000
0x000000297ecfdcd0:   0000000000000000 0000000000000000
0x000000297ecfdce0:   0000000000000000 0000000000000000
0x000000297ecfdcf0:   0000000000000000 0000000000000000
0x000000297ecfdd00:   0000000000000000 0000000000000000
0x000000297ecfdd10:   0000000000000000 0000000000000000
0x000000297ecfdd20:   0000000000000000 0000000000000000
0x000000297ecfdd30:   0000000000000000 0000000000000000
0x000000297ecfdd40:   0000000000000000 0000000000000000
0x000000297ecfdd50:   0000000000000000 0000000000000000
0x000000297ecfdd60:   0000000000000000 0000000000000000 

Instructions: (pc=0x00007ffe6909433a)
0x00007ffe6909423a:   8b c3 f7 d0 a8 01 0f 84 00 07 00 00 c7 44 24 58
0x00007ffe6909424a:   01 00 00 00 d1 e9 eb 1d 33 c0 89 44 24 58 eb 15
0x00007ffe6909425a:   48 8d 15 cb 13 03 00 49 8b ca 48 8b da 48 ff c1
0x00007ffe6909426a:   38 04 0a 75 f8 89 4c 24 4c e9 44 ff ff ff 83 ea
0x00007ffe6909427a:   66 0f 84 03 ff ff ff 83 ea 01 0f 84 fa fe ff ff
0x00007ffe6909428a:   83 ea 02 0f 84 47 01 00 00 83 ea 05 0f 84 09 01
0x00007ffe6909429a:   00 00 83 ea 01 0f 84 e2 00 00 00 83 ea 01 0f 84
0x00007ffe690942aa:   a2 00 00 00 83 ea 03 0f 84 24 fe ff ff 83 ea 02
0x00007ffe690942ba:   74 11 83 fa 03 0f 85 f7 fe ff ff 8d 42 24 e9 93
0x00007ffe690942ca:   00 00 00 41 ba 0a 00 00 00 be 00 02 00 00 41 be
0x00007ffe690942da:   40 00 00 00 49 83 c3 08 4c 89 5c 24 50 4c 89 5d
0x00007ffe690942ea:   98 41 0f ba e4 0f 72 0b 41 0f ba e4 0c 0f 83 f4
0x00007ffe690942fa:   00 00 00 49 8b 01 45 84 e6 0f 84 1d 01 00 00 e9
0x00007ffe6909430a:   06 01 00 00 ff c9 66 39 10 74 08 48 83 c0 02 85
0x00007ffe6909431a:   c9 75 f1 48 2b c3 48 d1 f8 eb 22 48 85 db 48 8d
0x00007ffe6909432a:   05 fd 12 03 00 48 0f 45 c3 48 8b d8 eb 09 ff c9
0x00007ffe6909433a:   38 10 74 07 48 ff c0 85 c9 75 f3 2b c3 89 44 24
0x00007ffe6909434a:   4c e9 6c fe ff ff 41 bd 10 00 00 00 41 0f ba ec
0x00007ffe6909435a:   0f b8 07 00 00 00 89 44 24 70 45 84 e4 79 13 04
0x00007ffe6909436a:   51 c6 44 24 44 30 88 44 24 45 c7 44 24 48 02 00
0x00007ffe6909437a:   00 00 41 ba 10 00 00 00 e9 4c ff ff ff b8 08 00
0x00007ffe6909438a:   00 00 44 8b d0 45 84 e4 0f 89 3b ff ff ff be 00
0x00007ffe6909439a:   02 00 00 44 0b e6 e9 33 ff ff ff 49 8b 39 49 83
0x00007ffe690943aa:   c3 08 4c 89 5c 24 50 e8 7e f9 ff ff 85 c0 0f 84
0x00007ffe690943ba:   88 05 00 00 41 f6 c4 20 74 06 66 44 89 37 eb 03
0x00007ffe690943ca:   44 89 37 c7 44 24 60 01 00 00 00 e9 24 03 00 00
0x00007ffe690943da:   41 be 40 00 00 00 be 00 02 00 00 45 0b e6 45 8d
0x00007ffe690943ea:   56 ca e9 ed fe ff ff 41 8b c4 41 23 c6 41 f6 c4
0x00007ffe690943fa:   20 74 10 85 c0 74 06 49 0f bf 01 eb 0d 41 0f b7
0x00007ffe6909440a:   01 eb 19 85 c0 74 12 49 63 01 48 85 c0 79 0d 48
0x00007ffe6909441a:   f7 d8 41 0f ba ec 08 eb 03 41 8b 01 41 f7 c4 00
0x00007ffe6909442a:   90 00 00 44 8b c0 4c 0f 45 c0 45 85 ed 79 08 41 


Stack slot to memory mapping:

stack at sp + 0 slots: 0x00000187e56fe040 points into unknown readable memory: 0x6f206c656e72654b | 4b 65 72 6e 65 6c 20 6f
stack at sp + 1 slots: 0x0 is null
stack at sp + 2 slots: 0x0000000000000051 is an unknown value
stack at sp + 3 slots: 0x0 is null
stack at sp + 4 slots: 0x0 is null
stack at sp + 5 slots: 0x0 is null
stack at sp + 6 slots: 0x0 is null
stack at sp + 7 slots: 0x0 is null


---------------  P R O C E S S  ---------------

Threads class SMR info:
_java_thread_list=0x00000198078a3b20, length=32, elements={
0x00000187e5468bb0, 0x00000187cf0284c0, 0x00000187cf0291c0, 0x00000187cf032c70,
0x00000187cf036e70, 0x00000187cf037cf0, 0x00000187cf03c910, 0x00000187cf03e770,
0x00000187cf042700, 0x00000187cf0f61a0, 0x000001878aef0820, 0x00000187cf1e2160,
0x00000187cf1e2cd0, 0x00000187cf1e3810, 0x00000187cf262e10, 0x00000187cf29ed90,
0x00000187cf55f100, 0x00000187cf55f760, 0x00000187cf561dd0, 0x00000187cf57add0,
0x00000187cf57b430, 0x00000187cf562840, 0x00000187cf562ea0, 0x00000187cf56ccb0,
0x00000187cf58a010, 0x00000187cf58c0e0, 0x00000187cf5892f0, 0x00000187cf58c770,
0x00000187cf58a6a0, 0x00000187cf58b3c0, 0x00000187cf58ad30, 0x00000187cf589980
}

Java Threads: ( => current thread )
  0x00000187e5468bb0 JavaThread "main"                              [_thread_blocked, id=4280, stack(0x000000297c500000,0x000000297c600000) (1024K)]
  0x00000187cf0284c0 JavaThread "Reference Handler"          daemon [_thread_blocked, id=31004, stack(0x000000297cd00000,0x000000297ce00000) (1024K)]
  0x00000187cf0291c0 JavaThread "Finalizer"                  daemon [_thread_blocked, id=35100, stack(0x000000297ce00000,0x000000297cf00000) (1024K)]
  0x00000187cf032c70 JavaThread "Signal Dispatcher"          daemon [_thread_blocked, id=16684, stack(0x000000297cf00000,0x000000297d000000) (1024K)]
  0x00000187cf036e70 JavaThread "Attach Listener"            daemon [_thread_blocked, id=36064, stack(0x000000297d000000,0x000000297d100000) (1024K)]
  0x00000187cf037cf0 JavaThread "Service Thread"             daemon [_thread_blocked, id=19376, stack(0x000000297d100000,0x000000297d200000) (1024K)]
  0x00000187cf03c910 JavaThread "Monitor Deflation Thread"   daemon [_thread_blocked, id=15748, stack(0x000000297d200000,0x000000297d300000) (1024K)]
  0x00000187cf03e770 JavaThread "JVMCI-native CompilerThread0" daemon [_thread_blocked, id=11388, stack(0x000000297d300000,0x000000297d400000) (1024K)]
  0x00000187cf042700 JavaThread "C1 CompilerThread0"         daemon [_thread_blocked, id=34852, stack(0x000000297d400000,0x000000297d500000) (1024K)]
  0x00000187cf0f61a0 JavaThread "C1 CompilerThread1"         daemon [_thread_blocked, id=20052, stack(0x000000297d500000,0x000000297d600000) (1024K)]
  0x000001878aef0820 JavaThread "Common-Cleaner"             daemon [_thread_blocked, id=36572, stack(0x000000297d600000,0x000000297d700000) (1024K)]
  0x00000187cf1e2160 JavaThread "C1 CompilerThread2"         daemon [_thread_blocked, id=25312, stack(0x000000297d700000,0x000000297d800000) (1024K)]
  0x00000187cf1e2cd0 JavaThread "C1 CompilerThread3"         daemon [_thread_blocked, id=37076, stack(0x000000297d800000,0x000000297d900000) (1024K)]
  0x00000187cf1e3810 JavaThread "C1 CompilerThread4"         daemon [_thread_blocked, id=15152, stack(0x000000297d900000,0x000000297da00000) (1024K)]
  0x00000187cf262e10 JavaThread "Notification Thread"        daemon [_thread_blocked, id=16828, stack(0x000000297da00000,0x000000297db00000) (1024K)]
  0x00000187cf29ed90 JavaThread "C1 CompilerThread5"         daemon [_thread_blocked, id=448, stack(0x000000297db00000,0x000000297dc00000) (1024K)]
  0x00000187cf55f100 JavaThread "de.verdox.NoiseBenchJmh.benchChunk-jmh-worker-1" daemon [_thread_blocked, id=17216, stack(0x000000297e100000,0x000000297e200000) (1024K)]
  0x00000187cf55f760 JavaThread "de.verdox.NoiseBenchJmh.benchChunk-jmh-worker-2" daemon [_thread_blocked, id=27168, stack(0x000000297e200000,0x000000297e300000) (1024K)]
  0x00000187cf561dd0 JavaThread "de.verdox.NoiseBenchJmh.benchChunk-jmh-worker-3" daemon [_thread_blocked, id=37028, stack(0x000000297e300000,0x000000297e400000) (1024K)]
  0x00000187cf57add0 JavaThread "de.verdox.NoiseBenchJmh.benchChunk-jmh-worker-4" daemon [_thread_blocked, id=37788, stack(0x000000297e400000,0x000000297e500000) (1024K)]
  0x00000187cf57b430 JavaThread "de.verdox.NoiseBenchJmh.benchChunk-jmh-worker-5" daemon [_thread_blocked, id=37152, stack(0x000000297e500000,0x000000297e600000) (1024K)]
  0x00000187cf562840 JavaThread "de.verdox.NoiseBenchJmh.benchChunk-jmh-worker-6" daemon [_thread_blocked, id=26804, stack(0x000000297e600000,0x000000297e700000) (1024K)]
  0x00000187cf562ea0 JavaThread "de.verdox.NoiseBenchJmh.benchChunk-jmh-worker-7" daemon [_thread_blocked, id=36820, stack(0x000000297e700000,0x000000297e800000) (1024K)]
  0x00000187cf56ccb0 JavaThread "de.verdox.NoiseBenchJmh.benchChunk-jmh-worker-8" daemon [_thread_blocked, id=13328, stack(0x000000297e800000,0x000000297e900000) (1024K)]
  0x00000187cf58a010 JavaThread "de.verdox.NoiseBenchJmh.benchChunk-jmh-worker-9" daemon [_thread_blocked, id=19328, stack(0x000000297e900000,0x000000297ea00000) (1024K)]
  0x00000187cf58c0e0 JavaThread "de.verdox.NoiseBenchJmh.benchChunk-jmh-worker-10" daemon [_thread_blocked, id=37020, stack(0x000000297ea00000,0x000000297eb00000) (1024K)]
  0x00000187cf5892f0 JavaThread "de.verdox.NoiseBenchJmh.benchChunk-jmh-worker-11" daemon [_thread_blocked, id=11000, stack(0x000000297eb00000,0x000000297ec00000) (1024K)]
=>0x00000187cf58c770 JavaThread "de.verdox.NoiseBenchJmh.benchChunk-jmh-worker-12" daemon [_thread_in_native, id=33292, stack(0x000000297ec00000,0x000000297ed00000) (1024K)]
  0x00000187cf58a6a0 JavaThread "de.verdox.NoiseBenchJmh.benchChunk-jmh-worker-13" daemon [_thread_blocked, id=15132, stack(0x000000297ed00000,0x000000297ee00000) (1024K)]
  0x00000187cf58b3c0 JavaThread "de.verdox.NoiseBenchJmh.benchChunk-jmh-worker-14" daemon [_thread_blocked, id=15992, stack(0x000000297ee00000,0x000000297ef00000) (1024K)]
  0x00000187cf58ad30 JavaThread "de.verdox.NoiseBenchJmh.benchChunk-jmh-worker-15" daemon [_thread_blocked, id=8756, stack(0x000000297ef00000,0x000000297f000000) (1024K)]
  0x00000187cf589980 JavaThread "de.verdox.NoiseBenchJmh.benchChunk-jmh-worker-16" daemon [_thread_blocked, id=9496, stack(0x000000297f000000,0x000000297f100000) (1024K)]
Total: 32

Other Threads:
  0x00000187cf004a80 VMThread "VM Thread"                           [id=37880, stack(0x000000297cc00000,0x000000297cd00000) (1024K)]
  0x000001878aef00b0 WatcherThread "VM Periodic Task Thread"        [id=35924, stack(0x000000297cb00000,0x000000297cc00000) (1024K)]
  0x00000187e59ebe40 WorkerThread "GC Thread#0"                     [id=164, stack(0x000000297c600000,0x000000297c700000) (1024K)]
  0x00000187dc3633e0 WorkerThread "GC Thread#1"                     [id=14792, stack(0x000000297de00000,0x000000297df00000) (1024K)]
  0x00000187dc36ee10 WorkerThread "GC Thread#2"                     [id=17776, stack(0x000000297df00000,0x000000297e000000) (1024K)]
  0x00000187dc385440 WorkerThread "GC Thread#3"                     [id=38328, stack(0x000000297f100000,0x000000297f200000) (1024K)]
  0x00000187dc3857e0 WorkerThread "GC Thread#4"                     [id=18572, stack(0x000000297f200000,0x000000297f300000) (1024K)]
  0x00000187dc385b80 WorkerThread "GC Thread#5"                     [id=31908, stack(0x000000297f300000,0x000000297f400000) (1024K)]
  0x00000187dc386730 WorkerThread "GC Thread#6"                     [id=39628, stack(0x000000297f400000,0x000000297f500000) (1024K)]
  0x00000187dc38b6d0 WorkerThread "GC Thread#7"                     [id=39448, stack(0x000000297f500000,0x000000297f600000) (1024K)]
  0x00000187dc3915e0 WorkerThread "GC Thread#8"                     [id=28740, stack(0x000000297f600000,0x000000297f700000) (1024K)]
  0x00000187dc3920c0 WorkerThread "GC Thread#9"                     [id=20140, stack(0x000000297f700000,0x000000297f800000) (1024K)]
  0x00000187dc391980 WorkerThread "GC Thread#10"                    [id=36508, stack(0x000000297f800000,0x000000297f900000) (1024K)]
  0x00000187dc390ea0 WorkerThread "GC Thread#11"                    [id=28380, stack(0x000000297f900000,0x000000297fa00000) (1024K)]
  0x00000187e59fd7f0 ConcurrentGCThread "G1 Main Marker"            [id=19920, stack(0x000000297c700000,0x000000297c800000) (1024K)]
  0x00000187e59fe840 WorkerThread "G1 Conc#0"                       [id=36644, stack(0x000000297c800000,0x000000297c900000) (1024K)]
  0x000001878adb3e70 ConcurrentGCThread "G1 Refine#0"               [id=30300, stack(0x000000297c900000,0x000000297ca00000) (1024K)]
  0x000001878adb4790 ConcurrentGCThread "G1 Service"                [id=3028, stack(0x000000297ca00000,0x000000297cb00000) (1024K)]
Total: 18

Threads with active compile tasks:
Total: 0

VM state: not at safepoint (normal execution)

VM Mutex/Monitor currently owned by a thread: None

Heap address: 0x0000000602000000, size: 8160 MB, Compressed Oops mode: Zero based, Oop shift amount: 3

CDS archive(s) mapped at: [0x000001878e000000-0x000001878ec90000-0x000001878ec90000), size 13172736, SharedBaseAddress: 0x000001878e000000, ArchiveRelocationMode: 1.
Compressed class space mapped at: 0x000001878f000000-0x00000187cf000000, reserved size: 1073741824
Narrow klass base: 0x000001878e000000, Narrow klass shift: 0, Narrow klass range: 0x100000000

GC Precious Log:
 CardTable entry size: 512
 Card Set container configuration: InlinePtr #cards 4 size 8 Array Of Cards #cards 32 size 80 Howl #buckets 8 coarsen threshold 7372 Howl Bitmap #cards 1024 size 144 coarsen threshold 921 Card regions per heap region 1 cards per card region 8192
 CPUs: 16 total, 16 available
 Memory: 32629M
 Large Page Support: Disabled
 NUMA Support: Disabled
 Compressed Oops: Enabled (Zero based)
 Heap Region Size: 4M
 Heap Min Capacity: 8M
 Heap Initial Capacity: 512M
 Heap Max Capacity: 8160M
 Pre-touch: Disabled
 Parallel Workers: 13
 Concurrent Workers: 3
 Concurrent Refinement Workers: 13
 Periodic GC: Disabled

Heap:
 garbage-first heap   total 524288K, used 17283K [0x0000000602000000, 0x0000000800000000)
  region size 4096K, 5 young (20480K), 1 survivors (4096K)
 Metaspace       used 8161K, committed 8384K, reserved 1114112K
  class space    used 986K, committed 1088K, reserved 1048576K

Heap Regions: E=young(eden), S=young(survivor), O=old, HS=humongous(starts), HC=humongous(continues), CS=collection set, F=free, TAMS=top-at-mark-start, PB=parsable bottom
|   0|0x0000000602000000, 0x00000006020e0e68, 0x0000000602400000| 21%| O|  |TAMS 0x0000000602000000| PB 0x0000000602000000| Untracked 
|   1|0x0000000602400000, 0x0000000602400000, 0x0000000602800000|  0%| F|  |TAMS 0x0000000602400000| PB 0x0000000602400000| Untracked 
|   2|0x0000000602800000, 0x0000000602800000, 0x0000000602c00000|  0%| F|  |TAMS 0x0000000602800000| PB 0x0000000602800000| Untracked 
|   3|0x0000000602c00000, 0x0000000602c00000, 0x0000000603000000|  0%| F|  |TAMS 0x0000000602c00000| PB 0x0000000602c00000| Untracked 
|   4|0x0000000603000000, 0x0000000603000000, 0x0000000603400000|  0%| F|  |TAMS 0x0000000603000000| PB 0x0000000603000000| Untracked 
|   5|0x0000000603400000, 0x0000000603400000, 0x0000000603800000|  0%| F|  |TAMS 0x0000000603400000| PB 0x0000000603400000| Untracked 
|   6|0x0000000603800000, 0x0000000603800000, 0x0000000603c00000|  0%| F|  |TAMS 0x0000000603800000| PB 0x0000000603800000| Untracked 
|   7|0x0000000603c00000, 0x0000000603c00000, 0x0000000604000000|  0%| F|  |TAMS 0x0000000603c00000| PB 0x0000000603c00000| Untracked 
|   8|0x0000000604000000, 0x0000000604000000, 0x0000000604400000|  0%| F|  |TAMS 0x0000000604000000| PB 0x0000000604000000| Untracked 
|   9|0x0000000604400000, 0x0000000604400000, 0x0000000604800000|  0%| F|  |TAMS 0x0000000604400000| PB 0x0000000604400000| Untracked 
|  10|0x0000000604800000, 0x0000000604800000, 0x0000000604c00000|  0%| F|  |TAMS 0x0000000604800000| PB 0x0000000604800000| Untracked 
|  11|0x0000000604c00000, 0x0000000604c00000, 0x0000000605000000|  0%| F|  |TAMS 0x0000000604c00000| PB 0x0000000604c00000| Untracked 
|  12|0x0000000605000000, 0x0000000605000000, 0x0000000605400000|  0%| F|  |TAMS 0x0000000605000000| PB 0x0000000605000000| Untracked 
|  13|0x0000000605400000, 0x0000000605400000, 0x0000000605800000|  0%| F|  |TAMS 0x0000000605400000| PB 0x0000000605400000| Untracked 
|  14|0x0000000605800000, 0x0000000605800000, 0x0000000605c00000|  0%| F|  |TAMS 0x0000000605800000| PB 0x0000000605800000| Untracked 
|  15|0x0000000605c00000, 0x0000000605c00000, 0x0000000606000000|  0%| F|  |TAMS 0x0000000605c00000| PB 0x0000000605c00000| Untracked 
|  16|0x0000000606000000, 0x0000000606000000, 0x0000000606400000|  0%| F|  |TAMS 0x0000000606000000| PB 0x0000000606000000| Untracked 
|  17|0x0000000606400000, 0x0000000606400000, 0x0000000606800000|  0%| F|  |TAMS 0x0000000606400000| PB 0x0000000606400000| Untracked 
|  18|0x0000000606800000, 0x0000000606800000, 0x0000000606c00000|  0%| F|  |TAMS 0x0000000606800000| PB 0x0000000606800000| Untracked 
|  19|0x0000000606c00000, 0x0000000606c00000, 0x0000000607000000|  0%| F|  |TAMS 0x0000000606c00000| PB 0x0000000606c00000| Untracked 
|  20|0x0000000607000000, 0x0000000607000000, 0x0000000607400000|  0%| F|  |TAMS 0x0000000607000000| PB 0x0000000607000000| Untracked 
|  21|0x0000000607400000, 0x0000000607400000, 0x0000000607800000|  0%| F|  |TAMS 0x0000000607400000| PB 0x0000000607400000| Untracked 
|  22|0x0000000607800000, 0x0000000607800000, 0x0000000607c00000|  0%| F|  |TAMS 0x0000000607800000| PB 0x0000000607800000| Untracked 
|  23|0x0000000607c00000, 0x0000000607c00000, 0x0000000608000000|  0%| F|  |TAMS 0x0000000607c00000| PB 0x0000000607c00000| Untracked 
|  24|0x0000000608000000, 0x0000000608000000, 0x0000000608400000|  0%| F|  |TAMS 0x0000000608000000| PB 0x0000000608000000| Untracked 
|  25|0x0000000608400000, 0x0000000608400000, 0x0000000608800000|  0%| F|  |TAMS 0x0000000608400000| PB 0x0000000608400000| Untracked 
|  26|0x0000000608800000, 0x0000000608800000, 0x0000000608c00000|  0%| F|  |TAMS 0x0000000608800000| PB 0x0000000608800000| Untracked 
|  27|0x0000000608c00000, 0x0000000608c00000, 0x0000000609000000|  0%| F|  |TAMS 0x0000000608c00000| PB 0x0000000608c00000| Untracked 
|  28|0x0000000609000000, 0x0000000609000000, 0x0000000609400000|  0%| F|  |TAMS 0x0000000609000000| PB 0x0000000609000000| Untracked 
|  29|0x0000000609400000, 0x0000000609400000, 0x0000000609800000|  0%| F|  |TAMS 0x0000000609400000| PB 0x0000000609400000| Untracked 
|  30|0x0000000609800000, 0x0000000609800000, 0x0000000609c00000|  0%| F|  |TAMS 0x0000000609800000| PB 0x0000000609800000| Untracked 
|  31|0x0000000609c00000, 0x0000000609c00000, 0x000000060a000000|  0%| F|  |TAMS 0x0000000609c00000| PB 0x0000000609c00000| Untracked 
|  32|0x000000060a000000, 0x000000060a000000, 0x000000060a400000|  0%| F|  |TAMS 0x000000060a000000| PB 0x000000060a000000| Untracked 
|  33|0x000000060a400000, 0x000000060a400000, 0x000000060a800000|  0%| F|  |TAMS 0x000000060a400000| PB 0x000000060a400000| Untracked 
|  34|0x000000060a800000, 0x000000060a800000, 0x000000060ac00000|  0%| F|  |TAMS 0x000000060a800000| PB 0x000000060a800000| Untracked 
|  35|0x000000060ac00000, 0x000000060ac00000, 0x000000060b000000|  0%| F|  |TAMS 0x000000060ac00000| PB 0x000000060ac00000| Untracked 
|  36|0x000000060b000000, 0x000000060b000000, 0x000000060b400000|  0%| F|  |TAMS 0x000000060b000000| PB 0x000000060b000000| Untracked 
|  37|0x000000060b400000, 0x000000060b400000, 0x000000060b800000|  0%| F|  |TAMS 0x000000060b400000| PB 0x000000060b400000| Untracked 
|  38|0x000000060b800000, 0x000000060b800000, 0x000000060bc00000|  0%| F|  |TAMS 0x000000060b800000| PB 0x000000060b800000| Untracked 
|  39|0x000000060bc00000, 0x000000060bc00000, 0x000000060c000000|  0%| F|  |TAMS 0x000000060bc00000| PB 0x000000060bc00000| Untracked 
|  40|0x000000060c000000, 0x000000060c000000, 0x000000060c400000|  0%| F|  |TAMS 0x000000060c000000| PB 0x000000060c000000| Untracked 
|  41|0x000000060c400000, 0x000000060c400000, 0x000000060c800000|  0%| F|  |TAMS 0x000000060c400000| PB 0x000000060c400000| Untracked 
|  42|0x000000060c800000, 0x000000060c800000, 0x000000060cc00000|  0%| F|  |TAMS 0x000000060c800000| PB 0x000000060c800000| Untracked 
|  43|0x000000060cc00000, 0x000000060cc00000, 0x000000060d000000|  0%| F|  |TAMS 0x000000060cc00000| PB 0x000000060cc00000| Untracked 
|  44|0x000000060d000000, 0x000000060d000000, 0x000000060d400000|  0%| F|  |TAMS 0x000000060d000000| PB 0x000000060d000000| Untracked 
|  45|0x000000060d400000, 0x000000060d400000, 0x000000060d800000|  0%| F|  |TAMS 0x000000060d400000| PB 0x000000060d400000| Untracked 
|  46|0x000000060d800000, 0x000000060d800000, 0x000000060dc00000|  0%| F|  |TAMS 0x000000060d800000| PB 0x000000060d800000| Untracked 
|  47|0x000000060dc00000, 0x000000060dc00000, 0x000000060e000000|  0%| F|  |TAMS 0x000000060dc00000| PB 0x000000060dc00000| Untracked 
|  48|0x000000060e000000, 0x000000060e000000, 0x000000060e400000|  0%| F|  |TAMS 0x000000060e000000| PB 0x000000060e000000| Untracked 
|  49|0x000000060e400000, 0x000000060e400000, 0x000000060e800000|  0%| F|  |TAMS 0x000000060e400000| PB 0x000000060e400000| Untracked 
|  50|0x000000060e800000, 0x000000060e800000, 0x000000060ec00000|  0%| F|  |TAMS 0x000000060e800000| PB 0x000000060e800000| Untracked 
|  51|0x000000060ec00000, 0x000000060ec00000, 0x000000060f000000|  0%| F|  |TAMS 0x000000060ec00000| PB 0x000000060ec00000| Untracked 
|  52|0x000000060f000000, 0x000000060f000000, 0x000000060f400000|  0%| F|  |TAMS 0x000000060f000000| PB 0x000000060f000000| Untracked 
|  53|0x000000060f400000, 0x000000060f400000, 0x000000060f800000|  0%| F|  |TAMS 0x000000060f400000| PB 0x000000060f400000| Untracked 
|  54|0x000000060f800000, 0x000000060f800000, 0x000000060fc00000|  0%| F|  |TAMS 0x000000060f800000| PB 0x000000060f800000| Untracked 
|  55|0x000000060fc00000, 0x000000060fc00000, 0x0000000610000000|  0%| F|  |TAMS 0x000000060fc00000| PB 0x000000060fc00000| Untracked 
|  56|0x0000000610000000, 0x0000000610000000, 0x0000000610400000|  0%| F|  |TAMS 0x0000000610000000| PB 0x0000000610000000| Untracked 
|  57|0x0000000610400000, 0x0000000610400000, 0x0000000610800000|  0%| F|  |TAMS 0x0000000610400000| PB 0x0000000610400000| Untracked 
|  58|0x0000000610800000, 0x0000000610800000, 0x0000000610c00000|  0%| F|  |TAMS 0x0000000610800000| PB 0x0000000610800000| Untracked 
|  59|0x0000000610c00000, 0x0000000610c00000, 0x0000000611000000|  0%| F|  |TAMS 0x0000000610c00000| PB 0x0000000610c00000| Untracked 
|  60|0x0000000611000000, 0x0000000611000000, 0x0000000611400000|  0%| F|  |TAMS 0x0000000611000000| PB 0x0000000611000000| Untracked 
|  61|0x0000000611400000, 0x0000000611400000, 0x0000000611800000|  0%| F|  |TAMS 0x0000000611400000| PB 0x0000000611400000| Untracked 
|  62|0x0000000611800000, 0x0000000611800000, 0x0000000611c00000|  0%| F|  |TAMS 0x0000000611800000| PB 0x0000000611800000| Untracked 
|  63|0x0000000611c00000, 0x0000000611c00000, 0x0000000612000000|  0%| F|  |TAMS 0x0000000611c00000| PB 0x0000000611c00000| Untracked 
|  64|0x0000000612000000, 0x0000000612000000, 0x0000000612400000|  0%| F|  |TAMS 0x0000000612000000| PB 0x0000000612000000| Untracked 
|  65|0x0000000612400000, 0x0000000612400000, 0x0000000612800000|  0%| F|  |TAMS 0x0000000612400000| PB 0x0000000612400000| Untracked 
|  66|0x0000000612800000, 0x0000000612800000, 0x0000000612c00000|  0%| F|  |TAMS 0x0000000612800000| PB 0x0000000612800000| Untracked 
|  67|0x0000000612c00000, 0x0000000612c00000, 0x0000000613000000|  0%| F|  |TAMS 0x0000000612c00000| PB 0x0000000612c00000| Untracked 
|  68|0x0000000613000000, 0x0000000613000000, 0x0000000613400000|  0%| F|  |TAMS 0x0000000613000000| PB 0x0000000613000000| Untracked 
|  69|0x0000000613400000, 0x0000000613400000, 0x0000000613800000|  0%| F|  |TAMS 0x0000000613400000| PB 0x0000000613400000| Untracked 
|  70|0x0000000613800000, 0x0000000613800000, 0x0000000613c00000|  0%| F|  |TAMS 0x0000000613800000| PB 0x0000000613800000| Untracked 
|  71|0x0000000613c00000, 0x0000000613c00000, 0x0000000614000000|  0%| F|  |TAMS 0x0000000613c00000| PB 0x0000000613c00000| Untracked 
|  72|0x0000000614000000, 0x0000000614000000, 0x0000000614400000|  0%| F|  |TAMS 0x0000000614000000| PB 0x0000000614000000| Untracked 
|  73|0x0000000614400000, 0x0000000614400000, 0x0000000614800000|  0%| F|  |TAMS 0x0000000614400000| PB 0x0000000614400000| Untracked 
|  74|0x0000000614800000, 0x0000000614800000, 0x0000000614c00000|  0%| F|  |TAMS 0x0000000614800000| PB 0x0000000614800000| Untracked 
|  75|0x0000000614c00000, 0x0000000614c00000, 0x0000000615000000|  0%| F|  |TAMS 0x0000000614c00000| PB 0x0000000614c00000| Untracked 
|  76|0x0000000615000000, 0x0000000615000000, 0x0000000615400000|  0%| F|  |TAMS 0x0000000615000000| PB 0x0000000615000000| Untracked 
|  77|0x0000000615400000, 0x0000000615400000, 0x0000000615800000|  0%| F|  |TAMS 0x0000000615400000| PB 0x0000000615400000| Untracked 
|  78|0x0000000615800000, 0x0000000615800000, 0x0000000615c00000|  0%| F|  |TAMS 0x0000000615800000| PB 0x0000000615800000| Untracked 
|  79|0x0000000615c00000, 0x0000000615c00000, 0x0000000616000000|  0%| F|  |TAMS 0x0000000615c00000| PB 0x0000000615c00000| Untracked 
|  80|0x0000000616000000, 0x0000000616000000, 0x0000000616400000|  0%| F|  |TAMS 0x0000000616000000| PB 0x0000000616000000| Untracked 
|  81|0x0000000616400000, 0x0000000616400000, 0x0000000616800000|  0%| F|  |TAMS 0x0000000616400000| PB 0x0000000616400000| Untracked 
|  82|0x0000000616800000, 0x0000000616800000, 0x0000000616c00000|  0%| F|  |TAMS 0x0000000616800000| PB 0x0000000616800000| Untracked 
|  83|0x0000000616c00000, 0x0000000616c00000, 0x0000000617000000|  0%| F|  |TAMS 0x0000000616c00000| PB 0x0000000616c00000| Untracked 
|  84|0x0000000617000000, 0x0000000617000000, 0x0000000617400000|  0%| F|  |TAMS 0x0000000617000000| PB 0x0000000617000000| Untracked 
|  85|0x0000000617400000, 0x0000000617400000, 0x0000000617800000|  0%| F|  |TAMS 0x0000000617400000| PB 0x0000000617400000| Untracked 
|  86|0x0000000617800000, 0x0000000617800000, 0x0000000617c00000|  0%| F|  |TAMS 0x0000000617800000| PB 0x0000000617800000| Untracked 
|  87|0x0000000617c00000, 0x0000000617c00000, 0x0000000618000000|  0%| F|  |TAMS 0x0000000617c00000| PB 0x0000000617c00000| Untracked 
|  88|0x0000000618000000, 0x0000000618000000, 0x0000000618400000|  0%| F|  |TAMS 0x0000000618000000| PB 0x0000000618000000| Untracked 
|  89|0x0000000618400000, 0x0000000618400000, 0x0000000618800000|  0%| F|  |TAMS 0x0000000618400000| PB 0x0000000618400000| Untracked 
|  90|0x0000000618800000, 0x0000000618800000, 0x0000000618c00000|  0%| F|  |TAMS 0x0000000618800000| PB 0x0000000618800000| Untracked 
|  91|0x0000000618c00000, 0x0000000618c00000, 0x0000000619000000|  0%| F|  |TAMS 0x0000000618c00000| PB 0x0000000618c00000| Untracked 
|  92|0x0000000619000000, 0x0000000619000000, 0x0000000619400000|  0%| F|  |TAMS 0x0000000619000000| PB 0x0000000619000000| Untracked 
|  93|0x0000000619400000, 0x0000000619400000, 0x0000000619800000|  0%| F|  |TAMS 0x0000000619400000| PB 0x0000000619400000| Untracked 
|  94|0x0000000619800000, 0x0000000619800000, 0x0000000619c00000|  0%| F|  |TAMS 0x0000000619800000| PB 0x0000000619800000| Untracked 
|  95|0x0000000619c00000, 0x0000000619c00000, 0x000000061a000000|  0%| F|  |TAMS 0x0000000619c00000| PB 0x0000000619c00000| Untracked 
|  96|0x000000061a000000, 0x000000061a000000, 0x000000061a400000|  0%| F|  |TAMS 0x000000061a000000| PB 0x000000061a000000| Untracked 
|  97|0x000000061a400000, 0x000000061a400000, 0x000000061a800000|  0%| F|  |TAMS 0x000000061a400000| PB 0x000000061a400000| Untracked 
|  98|0x000000061a800000, 0x000000061a800000, 0x000000061ac00000|  0%| F|  |TAMS 0x000000061a800000| PB 0x000000061a800000| Untracked 
|  99|0x000000061ac00000, 0x000000061ac00000, 0x000000061b000000|  0%| F|  |TAMS 0x000000061ac00000| PB 0x000000061ac00000| Untracked 
| 100|0x000000061b000000, 0x000000061b000000, 0x000000061b400000|  0%| F|  |TAMS 0x000000061b000000| PB 0x000000061b000000| Untracked 
| 101|0x000000061b400000, 0x000000061b400000, 0x000000061b800000|  0%| F|  |TAMS 0x000000061b400000| PB 0x000000061b400000| Untracked 
| 102|0x000000061b800000, 0x000000061b800000, 0x000000061bc00000|  0%| F|  |TAMS 0x000000061b800000| PB 0x000000061b800000| Untracked 
| 103|0x000000061bc00000, 0x000000061bc00000, 0x000000061c000000|  0%| F|  |TAMS 0x000000061bc00000| PB 0x000000061bc00000| Untracked 
| 104|0x000000061c000000, 0x000000061c000000, 0x000000061c400000|  0%| F|  |TAMS 0x000000061c000000| PB 0x000000061c000000| Untracked 
| 105|0x000000061c400000, 0x000000061c400000, 0x000000061c800000|  0%| F|  |TAMS 0x000000061c400000| PB 0x000000061c400000| Untracked 
| 106|0x000000061c800000, 0x000000061c800000, 0x000000061cc00000|  0%| F|  |TAMS 0x000000061c800000| PB 0x000000061c800000| Untracked 
| 107|0x000000061cc00000, 0x000000061cc00000, 0x000000061d000000|  0%| F|  |TAMS 0x000000061cc00000| PB 0x000000061cc00000| Untracked 
| 108|0x000000061d000000, 0x000000061d000000, 0x000000061d400000|  0%| F|  |TAMS 0x000000061d000000| PB 0x000000061d000000| Untracked 
| 109|0x000000061d400000, 0x000000061d400000, 0x000000061d800000|  0%| F|  |TAMS 0x000000061d400000| PB 0x000000061d400000| Untracked 
| 110|0x000000061d800000, 0x000000061d800000, 0x000000061dc00000|  0%| F|  |TAMS 0x000000061d800000| PB 0x000000061d800000| Untracked 
| 111|0x000000061dc00000, 0x000000061dc00000, 0x000000061e000000|  0%| F|  |TAMS 0x000000061dc00000| PB 0x000000061dc00000| Untracked 
| 112|0x000000061e000000, 0x000000061e000000, 0x000000061e400000|  0%| F|  |TAMS 0x000000061e000000| PB 0x000000061e000000| Untracked 
| 113|0x000000061e400000, 0x000000061e400000, 0x000000061e800000|  0%| F|  |TAMS 0x000000061e400000| PB 0x000000061e400000| Untracked 
| 114|0x000000061e800000, 0x000000061e800000, 0x000000061ec00000|  0%| F|  |TAMS 0x000000061e800000| PB 0x000000061e800000| Untracked 
| 115|0x000000061ec00000, 0x000000061ec00000, 0x000000061f000000|  0%| F|  |TAMS 0x000000061ec00000| PB 0x000000061ec00000| Untracked 
| 116|0x000000061f000000, 0x000000061f000000, 0x000000061f400000|  0%| F|  |TAMS 0x000000061f000000| PB 0x000000061f000000| Untracked 
| 117|0x000000061f400000, 0x000000061f400000, 0x000000061f800000|  0%| F|  |TAMS 0x000000061f400000| PB 0x000000061f400000| Untracked 
| 118|0x000000061f800000, 0x000000061f800000, 0x000000061fc00000|  0%| F|  |TAMS 0x000000061f800000| PB 0x000000061f800000| Untracked 
| 119|0x000000061fc00000, 0x000000061fc00000, 0x0000000620000000|  0%| F|  |TAMS 0x000000061fc00000| PB 0x000000061fc00000| Untracked 
| 120|0x0000000620000000, 0x0000000620000000, 0x0000000620400000|  0%| F|  |TAMS 0x0000000620000000| PB 0x0000000620000000| Untracked 
| 121|0x0000000620400000, 0x0000000620800000, 0x0000000620800000|100%| S|CS|TAMS 0x0000000620400000| PB 0x0000000620400000| Complete 
| 122|0x0000000620800000, 0x0000000620800000, 0x0000000620c00000|  0%| F|  |TAMS 0x0000000620800000| PB 0x0000000620800000| Untracked 
| 123|0x0000000620c00000, 0x0000000620c00000, 0x0000000621000000|  0%| F|  |TAMS 0x0000000620c00000| PB 0x0000000620c00000| Untracked 
| 124|0x0000000621000000, 0x000000062137d0b8, 0x0000000621400000| 87%| E|  |TAMS 0x0000000621000000| PB 0x0000000621000000| Complete 
| 125|0x0000000621400000, 0x0000000621800000, 0x0000000621800000|100%| E|CS|TAMS 0x0000000621400000| PB 0x0000000621400000| Complete 
| 126|0x0000000621800000, 0x0000000621c00000, 0x0000000621c00000|100%| E|CS|TAMS 0x0000000621800000| PB 0x0000000621800000| Complete 
| 127|0x0000000621c00000, 0x0000000622000000, 0x0000000622000000|100%| E|CS|TAMS 0x0000000621c00000| PB 0x0000000621c00000| Complete 

Card table byte_map: [0x0000018781cc0000,0x0000018782cb0000] _byte_map_base: 0x000001877ecb0000

Marking Bits: (CMBitMap*) 0x00000187e59ec2f0
 Bits: [0x0000018782cb0000, 0x000001878ac30000)

Polling page: 0x00000187e5680000

Metaspace:

Usage:
  Non-class:      7.01 MB used.
      Class:    986.49 KB used.
       Both:      7.97 MB used.

Virtual space:
  Non-class space:       64.00 MB reserved,       7.12 MB ( 11%) committed,  1 nodes.
      Class space:        1.00 GB reserved,       1.06 MB ( <1%) committed,  1 nodes.
             Both:        1.06 GB reserved,       8.19 MB ( <1%) committed. 

Chunk freelists:
   Non-Class:  8.06 MB
       Class:  14.82 MB
        Both:  22.88 MB

MaxMetaspaceSize: unlimited
CompressedClassSpaceSize: 1.00 GB
Initial GC threshold: 21.00 MB
Current GC threshold: 21.00 MB
CDS: on
 - commit_granule_bytes: 65536.
 - commit_granule_words: 8192.
 - virtual_space_node_default_size: 8388608.
 - enlarge_chunks_in_place: 1.
 - use_allocation_guard: 0.


Internal statistics:

num_allocs_failed_limit: 0.
num_arena_births: 292.
num_arena_deaths: 0.
num_vsnodes_births: 2.
num_vsnodes_deaths: 0.
num_space_committed: 131.
num_space_uncommitted: 0.
num_chunks_returned_to_freelist: 0.
num_chunks_taken_from_freelist: 529.
num_chunk_merges: 0.
num_chunk_splits: 315.
num_chunks_enlarged: 139.
num_inconsistent_stats: 0.

CodeHeap 'non-profiled nmethods': size=117760Kb used=615Kb max_used=615Kb free=117144Kb
 bounds [0x00000187f89c0000, 0x00000187f8c30000, 0x00000187ffcc0000]
CodeHeap 'profiled nmethods': size=117760Kb used=3268Kb max_used=3268Kb free=114492Kb
 bounds [0x00000187f0cc0000, 0x00000187f1000000, 0x00000187f7fc0000]
CodeHeap 'non-nmethods': size=10240Kb used=4268Kb max_used=5931Kb free=5971Kb
 bounds [0x00000187f7fc0000, 0x00000187f8590000, 0x00000187f89c0000]
 total_blobs=2174 nmethods=1658 adapters=418
 compilation: enabled
              stopped_count=0, restarted_count=0
 full_count=0

JVMCI Events (20 events):
Event: 1.733 Thread 0x00000187cf03e770 compacted oop handles in JVMCI runtime 0 from 138 to 112
Event: 1.753 Thread 0x00000187cf03e770 compacted oop handles in JVMCI runtime 0 from 122 to 80
Event: 1.755 Thread 0x00000187cf47ca10 compacted oop handles in JVMCI runtime 2 from 139 to 135
Event: 1.756 Thread 0x00000187cf47ca10 compacted oop handles in JVMCI runtime 2 from 138 to 83
Event: 1.769 Thread 0x00000187cf47ca10 compacted oop handles in JVMCI runtime 2 from 92 to 84
Event: 1.793 Thread 0x00000187cf03e770 compacted oop handles in JVMCI runtime 0 from 99 to 94
Event: 1.800 Thread 0x00000187cf47ca10 compacted oop handles in JVMCI runtime 2 from 104 to 102
Event: 2.020 Thread 0x00000187cf47ca10 detaching from JVMCI runtime 2: stopping idle compiler thread (0 other threads still attached)
Event: 2.020 Thread 0x00000187cf47ca10 shutting down HotSpotJVMCIRuntime for JVMCI runtime 2
Event: 2.020 Thread 0x00000187cf47ca10 shut down JVMCI runtime 2
Event: 2.022 Thread 0x00000187cf47ca10 destroyed JavaVM[4]@0x00000190009d6170 for JVMCI runtime 2
Event: 2.022 Thread 0x00000187cf47ca10 releasing handles for JVMCI runtime 2: oop handles=102, metadata handles={total=288, live=288, blocks=9}
Event: 2.022 Thread 0x00000187cf47ca10 detached from JVMCI runtime 2
Event: 2.033 Thread 0x00000187cf03e770 compacted oop handles in JVMCI runtime 0 from 125 to 105
Event: 3.050 Thread 0x00000187cf03e770 detaching from JVMCI runtime 0: releasing idle compiler thread (0 other threads still attached)
Event: 3.050 Thread 0x00000187cf03e770 shutting down HotSpotJVMCIRuntime for JVMCI runtime 0
Event: 3.050 Thread 0x00000187cf03e770 shut down JVMCI runtime 0
Event: 3.052 Thread 0x00000187cf03e770 destroyed JavaVM[1]@0x00000188009d6170 for JVMCI runtime 0
Event: 3.052 Thread 0x00000187cf03e770 releasing handles for JVMCI runtime 0: oop handles=106, metadata handles={total=446, live=424, blocks=14}
Event: 3.052 Thread 0x00000187cf03e770 detached from JVMCI runtime 0

Compilation events (20 events):
Event: 2.034 Thread 0x00000187cf03e770 1639       4       java.lang.reflect.Method::<init> (68 bytes)
Event: 2.036 Thread 0x00000187cf03e770 nmethod 1639 0x00000187f8a59590 code [0x00000187f8a59740, 0x00000187f8a59f38]
Event: 2.038 Thread 0x00000187cf29ed90 nmethod 1636 0x00000187f0fac810 code [0x00000187f0faf360, 0x00000187f0fe0dc8]
Event: 3.088 Thread 0x00000187cf0f61a0 1651       3       java.lang.invoke.LambdaForm::uncustomize (57 bytes)
Event: 3.088 Thread 0x00000187cf29ed90 1652       3       java.lang.invoke.LambdaFormEditor$TransformKey::packedBytes (30 bytes)
Event: 3.088 Thread 0x00000187cf0f61a0 nmethod 1651 0x00000187f0fe9e90 code [0x00000187f0fea060, 0x00000187f0fea4c8]
Event: 3.088 Thread 0x00000187cf29ed90 nmethod 1652 0x00000187f0fea610 code [0x00000187f0fea7a0, 0x00000187f0fea8a8]
Event: 3.088 Thread 0x00000187cf0f61a0 1653       3       java.lang.invoke.MethodType::dropParameterTypes (162 bytes)
Event: 3.088 Thread 0x00000187cf29ed90 1654       3       java.lang.invoke.LambdaFormEditor::bindArgumentType (101 bytes)
Event: 3.088 Thread 0x00000187cf1e3810 1655       3       java.lang.invoke.LambdaFormEditor::bindArgumentForm (255 bytes)
Event: 3.088 Thread 0x00000187cf1e2160 1656       3       java.lang.invoke.LambdaFormEditor$TransformKey::of (49 bytes)
Event: 3.088 Thread 0x00000187cf042700 1657       3       java.lang.invoke.LambdaFormEditor$TransformKey::bval (26 bytes)
Event: 3.088 Thread 0x00000187cf1e2cd0 1658       3       java.lang.invoke.BoundMethodHandle::bindArgumentL (11 bytes)
Event: 3.088 Thread 0x00000187cf042700 nmethod 1657 0x00000187f0fea910 code [0x00000187f0feaaa0, 0x00000187f0feaba8]
Event: 3.088 Thread 0x00000187cf29ed90 nmethod 1654 0x00000187f0feac10 code [0x00000187f0feadc0, 0x00000187f0feb128]
Event: 3.089 Thread 0x00000187cf1e2160 nmethod 1656 0x00000187f0feb210 code [0x00000187f0feb420, 0x00000187f0feb978]
Event: 3.089 Thread 0x00000187cf042700 1659       3       java.lang.invoke.LambdaFormEditor::bindArgumentL (59 bytes)
Event: 3.089 Thread 0x00000187cf1e2cd0 nmethod 1658 0x00000187f0febb90 code [0x00000187f0febd80, 0x00000187f0fec3d0]
Event: 3.089 Thread 0x00000187cf0f61a0 nmethod 1653 0x00000187f0fec610 code [0x00000187f0fec920, 0x00000187f0fedc10]
Event: 3.089 Thread 0x00000187cf042700 nmethod 1659 0x00000187f0fee110 code [0x00000187f0fee2e0, 0x00000187f0fee6f0]

GC Heap History (2 events):
Event: 1.498 GC heap before
{Heap before GC invocations=0 (full 0):
 garbage-first heap   total 524288K, used 20480K [0x0000000602000000, 0x0000000800000000)
  region size 4096K, 6 young (24576K), 0 survivors (0K)
 Metaspace       used 5131K, committed 5376K, reserved 1114112K
  class space    used 518K, committed 640K, reserved 1048576K
}
Event: 1.504 GC heap after
{Heap after GC invocations=1 (full 0):
 garbage-first heap   total 524288K, used 4995K [0x0000000602000000, 0x0000000800000000)
  region size 4096K, 1 young (4096K), 1 survivors (4096K)
 Metaspace       used 5131K, committed 5376K, reserved 1114112K
  class space    used 518K, committed 640K, reserved 1048576K
}

Dll operation events (13 events):
Event: 0.007 Loaded shared library C:\Users\Lukas\.jdks\graalvm-jdk-21.0.7\bin\java.dll
Event: 0.030 Loaded shared library C:\Users\Lukas\.jdks\graalvm-jdk-21.0.7\bin\jsvml.dll
Event: 0.073 Loaded shared library C:\Users\Lukas\.jdks\graalvm-jdk-21.0.7\bin\jvmcicompiler.dll
Event: 0.074 Loaded shared library C:\Users\Lukas\.jdks\graalvm-jdk-21.0.7\bin\net.dll
Event: 0.075 Loaded shared library C:\Users\Lukas\.jdks\graalvm-jdk-21.0.7\bin\nio.dll
Event: 0.077 Loaded shared library C:\Users\Lukas\.jdks\graalvm-jdk-21.0.7\bin\zip.dll
Event: 0.089 Loaded shared library C:\Users\Lukas\.jdks\graalvm-jdk-21.0.7\bin\jimage.dll
Event: 0.099 Loaded shared library C:\Users\Lukas\.jdks\graalvm-jdk-21.0.7\bin\extnet.dll
Event: 0.144 Loaded shared library C:\Users\Lukas\.jdks\graalvm-jdk-21.0.7\bin\management.dll
Event: 0.147 Loaded shared library C:\Users\Lukas\.jdks\graalvm-jdk-21.0.7\bin\management_ext.dll
Event: 0.350 Loaded shared library S:\Data\Development\IntelliJ Workspace\FastSimplexNoiseLib\build\tmp\jmh\Aparapi14111041739394961393\libgcc_s_seh-1.dll
Event: 0.602 Loaded shared library S:\Data\Development\IntelliJ Workspace\FastSimplexNoiseLib\build\tmp\jmh\Aparapi5432746473110405975\libstdc++-6.dll
Event: 0.681 Loaded shared library S:\Data\Development\IntelliJ Workspace\FastSimplexNoiseLib\build\tmp\jmh\Aparapi4776827944341142438\libaparapi.dll

Deoptimization events (20 events):
Event: 0.535 Thread 0x00000187cf58c770 Uncommon trap: trap_request=0xffffffed fr.pc=0x00000187f8a1a58a relative=0x0000000000000f8a
Event: 0.536 Thread 0x00000187cf58c770 Uncommon trap: reason=null_assert_or_unreached0 action=reinterpret pc=0x00000187f8a1a58a method=java.util.zip.Inflater.needsInput()Z @ 49 jvmci
Event: 0.536 Thread 0x00000187cf58c770 DEOPT PACKING pc=0x00000187f8a1a58a sp=0x000000297ecfc770
Event: 0.536 Thread 0x00000187cf58c770 DEOPT UNPACKING pc=0x00000187f8014c43 sp=0x000000297ecfbba8 mode 3
Event: 1.726 Thread 0x00000187cf58c770 Uncommon trap: trap_request=0xffffffed fr.pc=0x00000187f8a2faed relative=0x00000000000006cd
Event: 1.726 Thread 0x00000187cf58c770 Uncommon trap: reason=null_assert_or_unreached0 action=reinterpret pc=0x00000187f8a2faed method=java.util.concurrent.ConcurrentHashMap.get(Ljava/lang/Object;)Ljava/lang/Object; @ 76 jvmci
Event: 1.727 Thread 0x00000187cf58c770 DEOPT PACKING pc=0x00000187f8a2faed sp=0x000000297ecfcc30
Event: 1.727 Thread 0x00000187cf58c770 DEOPT UNPACKING pc=0x00000187f8014c43 sp=0x000000297ecfc0d8 mode 3
Event: 1.789 Thread 0x00000187cf58c770 Uncommon trap: trap_request=0xffffffed fr.pc=0x00000187f8a3dad2 relative=0x0000000000002212
Event: 1.789 Thread 0x00000187cf58c770 Uncommon trap: reason=null_assert_or_unreached0 action=reinterpret pc=0x00000187f8a3dad2 method=java.util.HashMap.putVal(ILjava/lang/Object;Ljava/lang/Object;ZZ)Ljava/lang/Object; @ 134 jvmci
Event: 1.789 Thread 0x00000187cf58c770 DEOPT PACKING pc=0x00000187f8a3dad2 sp=0x000000297ecfd410
Event: 1.789 Thread 0x00000187cf58c770 DEOPT UNPACKING pc=0x00000187f8014c43 sp=0x000000297ecfc848 mode 3
Event: 1.790 Thread 0x00000187cf58c770 Uncommon trap: trap_request=0xffffffed fr.pc=0x00000187f8a40c46 relative=0x0000000000002286
Event: 1.790 Thread 0x00000187cf58c770 Uncommon trap: reason=null_assert_or_unreached0 action=reinterpret pc=0x00000187f8a40c46 method=java.util.HashMap.putVal(ILjava/lang/Object;Ljava/lang/Object;ZZ)Ljava/lang/Object; @ 134 jvmci
Event: 1.790 Thread 0x00000187cf58c770 DEOPT PACKING pc=0x00000187f8a40c46 sp=0x000000297ecfd380
Event: 1.790 Thread 0x00000187cf58c770 DEOPT UNPACKING pc=0x00000187f8014c43 sp=0x000000297ecfc850 mode 3
Event: 1.795 Thread 0x00000187cf58c770 Uncommon trap: trap_request=0xfffffff5 fr.pc=0x00000187f8a51eb9 relative=0x00000000000001d9
Event: 1.796 Thread 0x00000187cf58c770 Uncommon trap: reason=null_check action=reinterpret pc=0x00000187f8a51eb9 method=java.lang.reflect.Executable.declaredAnnotations()Ljava/util/Map; @ 13 jvmci
Event: 1.796 Thread 0x00000187cf58c770 DEOPT PACKING pc=0x00000187f8a51eb9 sp=0x000000297ecfd730
Event: 1.796 Thread 0x00000187cf58c770 DEOPT UNPACKING pc=0x00000187f8014c43 sp=0x000000297ecfcb70 mode 3

Classes loaded (20 events):
Event: 1.726 Loading class jdk/internal/vm/annotation/IntrinsicCandidate
Event: 1.726 Loading class jdk/internal/vm/annotation/IntrinsicCandidate done
Event: 1.729 Loading class java/lang/SecurityException
Event: 1.729 Loading class java/lang/SecurityException done
Event: 1.761 Loading class sun/invoke/util/ValueConversions$1
Event: 1.761 Loading class sun/invoke/util/ValueConversions$1 done
Event: 1.761 Loading class java/lang/invoke/BoundMethodHandle$Species_LI
Event: 1.761 Loading class java/lang/invoke/BoundMethodHandle$Species_LI done
Event: 1.773 Loading class java/util/LinkedList
Event: 1.773 Loading class java/util/AbstractSequentialList
Event: 1.773 Loading class java/util/AbstractSequentialList done
Event: 1.773 Loading class java/util/LinkedList done
Event: 1.775 Loading class java/util/LinkedList$Node
Event: 1.775 Loading class java/util/LinkedList$Node done
Event: 2.019 Loading class java/util/Stack
Event: 2.019 Loading class java/util/Vector
Event: 2.019 Loading class java/util/Vector done
Event: 2.019 Loading class java/util/Stack done
Event: 2.019 Loading class java/util/Vector$Itr
Event: 2.019 Loading class java/util/Vector$Itr done

Classes unloaded (0 events):
No events

Classes redefined (0 events):
No events

Internal exceptions (20 events):
Event: 0.283 Thread 0x00000187cf562ea0 Exception <a 'java/lang/NoSuchMethodError'{0x0000000620df5878}: 'java.lang.Object java.lang.invoke.Invokers$Holder.invokeExact_MT(java.lang.Object, java.lang.Object, java.lang.Object, java.lang.Object, java.lang.Object)'> (0x0000000620df5878) 
thrown [s\open\src\hotspot\share\interpreter\linkResolver.cpp, line 773]
Event: 0.283 Thread 0x00000187cf58c0e0 Exception <a 'java/lang/NoSuchMethodError'{0x0000000620e70698}: 'java.lang.Object java.lang.invoke.Invokers$Holder.invokeExact_MT(java.lang.Object, java.lang.Object, java.lang.Object, java.lang.Object, java.lang.Object)'> (0x0000000620e70698) 
thrown [s\open\src\hotspot\share\interpreter\linkResolver.cpp, line 773]
Event: 0.283 Thread 0x00000187cf58a010 Exception <a 'java/lang/NoSuchMethodError'{0x0000000620eeb4b8}: 'java.lang.Object java.lang.invoke.Invokers$Holder.invokeExact_MT(java.lang.Object, java.lang.Object, java.lang.Object, java.lang.Object, java.lang.Object)'> (0x0000000620eeb4b8) 
thrown [s\open\src\hotspot\share\interpreter\linkResolver.cpp, line 773]
Event: 0.283 Thread 0x00000187cf561dd0 Exception <a 'java/lang/NoSuchMethodError'{0x0000000620c0a650}: 'java.lang.Object java.lang.invoke.Invokers$Holder.invokeExact_MT(java.lang.Object, java.lang.Object, java.lang.Object, java.lang.Object, java.lang.Object)'> (0x0000000620c0a650) 
thrown [s\open\src\hotspot\share\interpreter\linkResolver.cpp, line 773]
Event: 0.283 Thread 0x00000187cf57add0 Exception <a 'java/lang/NoSuchMethodError'{0x0000000620d7ae60}: 'java.lang.Object java.lang.invoke.Invokers$Holder.invokeExact_MT(java.lang.Object, java.lang.Object, java.lang.Object, java.lang.Object, java.lang.Object)'> (0x0000000620d7ae60) 
thrown [s\open\src\hotspot\share\interpreter\linkResolver.cpp, line 773]
Event: 0.283 Thread 0x00000187cf5892f0 Exception <a 'java/lang/NoSuchMethodError'{0x0000000620fe10f8}: 'java.lang.Object java.lang.invoke.Invokers$Holder.invokeExact_MT(java.lang.Object, java.lang.Object, java.lang.Object, java.lang.Object, java.lang.Object)'> (0x0000000620fe10f8) 
thrown [s\open\src\hotspot\share\interpreter\linkResolver.cpp, line 773]
Event: 0.284 Thread 0x00000187cf56ccb0 Exception <a 'java/lang/NoSuchMethodError'{0x0000000620f662d8}: 'java.lang.Object java.lang.invoke.Invokers$Holder.invokeExact_MT(java.lang.Object, java.lang.Object, java.lang.Object, java.lang.Object, java.lang.Object)'> (0x0000000620f662d8) 
thrown [s\open\src\hotspot\share\interpreter\linkResolver.cpp, line 773]
Event: 0.284 Thread 0x00000187cf58c770 Exception <a 'java/lang/NoSuchMethodError'{0x000000062080a0e8}: 'java.lang.Object java.lang.invoke.Invokers$Holder.invokeExact_MT(java.lang.Object, java.lang.Object, java.lang.Object, java.lang.Object, java.lang.Object)'> (0x000000062080a0e8) 
thrown [s\open\src\hotspot\share\interpreter\linkResolver.cpp, line 773]
Event: 0.284 Thread 0x00000187cf58a6a0 Exception <a 'java/lang/NoSuchMethodError'{0x0000000620884e18}: 'java.lang.Object java.lang.invoke.Invokers$Holder.invokeExact_MT(java.lang.Object, java.lang.Object, java.lang.Object, java.lang.Object, java.lang.Object)'> (0x0000000620884e18) 
thrown [s\open\src\hotspot\share\interpreter\linkResolver.cpp, line 773]
Event: 0.284 Thread 0x00000187cf58ad30 Exception <a 'java/lang/NoSuchMethodError'{0x0000000620977b40}: 'java.lang.Object java.lang.invoke.Invokers$Holder.invokeExact_MT(java.lang.Object, java.lang.Object, java.lang.Object, java.lang.Object, java.lang.Object)'> (0x0000000620977b40) 
thrown [s\open\src\hotspot\share\interpreter\linkResolver.cpp, line 773]
Event: 0.293 Thread 0x00000187cf562840 Exception <a 'java/lang/NoSuchMethodError'{0x0000000620cb44a0}: 'void java.lang.invoke.Invokers$Holder.invokeExact_MT(java.lang.Object, java.lang.Object, java.lang.Object, java.lang.Object)'> (0x0000000620cb44a0) 
thrown [s\open\src\hotspot\share\interpreter\linkResolver.cpp, line 773]
Event: 0.294 Thread 0x00000187cf562840 Exception <a 'java/lang/NoSuchMethodError'{0x0000000620cbcba0}: 'void java.lang.invoke.DelegatingMethodHandle$Holder.reinvoke_L(java.lang.Object, java.lang.Object, int)'> (0x0000000620cbcba0) 
thrown [s\open\src\hotspot\share\interpreter\linkResolver.cpp, line 773]
Event: 0.315 Thread 0x00000187cf58c770 Exception <a 'java/lang/NoSuchMethodError'{0x0000000620b3b360}: 'java.lang.Object java.lang.invoke.DirectMethodHandle$Holder.invokeStaticInit(java.lang.Object, int, int, int, int)'> (0x0000000620b3b360) 
thrown [s\open\src\hotspot\share\interpreter\linkResolver.cpp, line 773]
Event: 0.323 Thread 0x00000187cf58c770 Exception <a 'java/lang/NoSuchMethodError'{0x0000000620b4e368}: 'java.lang.Object java.lang.invoke.DirectMethodHandle$Holder.invokeStaticInit(java.lang.Object, java.lang.Object, int, int, int, int)'> (0x0000000620b4e368) 
thrown [s\open\src\hotspot\share\interpreter\linkResolver.cpp, line 773]
Event: 1.518 Thread 0x00000187cf58c770 Exception <a 'java/lang/NoSuchMethodError'{0x0000000621c6fed0}: 'int java.lang.invoke.DirectMethodHandle$Holder.invokeStaticInit(java.lang.Object, java.lang.Object, java.lang.Object)'> (0x0000000621c6fed0) 
thrown [s\open\src\hotspot\share\interpreter\linkResolver.cpp, line 773]
Event: 1.760 Thread 0x00000187cf58c770 Exception <a 'java/lang/NoSuchMethodError'{0x00000006217fee58}: 'java.lang.Object java.lang.invoke.DirectMethodHandle$Holder.newInvokeSpecial(java.lang.Object, java.lang.Object, java.lang.Object, int)'> (0x00000006217fee58) 
thrown [s\open\src\hotspot\share\interpreter\linkResolver.cpp, line 773]
Event: 1.761 Thread 0x00000187cf58c770 Exception <a 'java/lang/NoSuchMethodError'{0x0000000621004038}: 'int java.lang.invoke.DirectMethodHandle$Holder.invokeSpecial(java.lang.Object, java.lang.Object, java.lang.Object, int)'> (0x0000000621004038) 
thrown [s\open\src\hotspot\share\interpreter\linkResolver.cpp, line 773]
Event: 1.762 Thread 0x00000187cf58c770 Exception <a 'java/lang/NoSuchMethodError'{0x0000000621016018}: 'java.lang.Object java.lang.invoke.DirectMethodHandle$Holder.invokeStatic(java.lang.Object, java.lang.Object, java.lang.Object, java.lang.Object, int)'> (0x0000000621016018) 
thrown [s\open\src\hotspot\share\interpreter\linkResolver.cpp, line 773]
Event: 1.763 Thread 0x00000187cf58c770 Exception <a 'java/lang/NoSuchMethodError'{0x000000062101d9c8}: 'java.lang.Object java.lang.invoke.DirectMethodHandle$Holder.invokeSpecial(java.lang.Object, java.lang.Object, java.lang.Object, java.lang.Object, int)'> (0x000000062101d9c8) 
thrown [s\open\src\hotspot\share\interpreter\linkResolver.cpp, line 773]
Event: 1.795 Thread 0x00000187cf58c770 Implicit null exception at 0x00000187f8a51eb9 to 0x00000187f8014870

ZGC Phase Switch (0 events):
No events

VM Operations (20 events):
Event: 0.336 Executing VM operation: HandshakeAllThreads (Deoptimize)
Event: 0.336 Executing VM operation: HandshakeAllThreads (Deoptimize) done
Event: 1.337 Executing VM operation: Cleanup
Event: 1.337 Executing VM operation: Cleanup done
Event: 1.498 Executing VM operation: G1CollectForAllocation (G1 Evacuation Pause)
Event: 1.504 Executing VM operation: G1CollectForAllocation (G1 Evacuation Pause) done
Event: 1.527 Executing VM operation: HandshakeAllThreads (Deoptimize)
Event: 1.527 Executing VM operation: HandshakeAllThreads (Deoptimize) done
Event: 1.529 Executing VM operation: HandshakeAllThreads (Deoptimize)
Event: 1.529 Executing VM operation: HandshakeAllThreads (Deoptimize) done
Event: 1.533 Executing VM operation: HandshakeAllThreads (Deoptimize)
Event: 1.533 Executing VM operation: HandshakeAllThreads (Deoptimize) done
Event: 1.681 Executing VM operation: HandshakeAllThreads (Deoptimize)
Event: 1.681 Executing VM operation: HandshakeAllThreads (Deoptimize) done
Event: 1.774 Executing VM operation: HandshakeAllThreads (Deoptimize)
Event: 1.774 Executing VM operation: HandshakeAllThreads (Deoptimize) done
Event: 1.783 Executing VM operation: HandshakeAllThreads (Deoptimize)
Event: 1.783 Executing VM operation: HandshakeAllThreads (Deoptimize) done
Event: 2.788 Executing VM operation: Cleanup
Event: 2.788 Executing VM operation: Cleanup done

Events (20 events):
Event: 0.279 Thread 0x00000187cf57add0 Thread added: 0x00000187cf57add0
Event: 0.279 Thread 0x00000187cf57b430 Thread added: 0x00000187cf57b430
Event: 0.279 Thread 0x00000187cf562840 Thread added: 0x00000187cf562840
Event: 0.279 Thread 0x00000187cf562ea0 Thread added: 0x00000187cf562ea0
Event: 0.279 Thread 0x00000187cf56ccb0 Thread added: 0x00000187cf56ccb0
Event: 0.279 Thread 0x00000187cf58a010 Thread added: 0x00000187cf58a010
Event: 0.279 Thread 0x00000187cf58c0e0 Thread added: 0x00000187cf58c0e0
Event: 0.279 Thread 0x00000187cf5892f0 Thread added: 0x00000187cf5892f0
Event: 0.279 Thread 0x00000187cf58c770 Thread added: 0x00000187cf58c770
Event: 0.280 Thread 0x00000187cf58a6a0 Thread added: 0x00000187cf58a6a0
Event: 0.280 Thread 0x00000187cf58b3c0 Thread added: 0x00000187cf58b3c0
Event: 0.281 Thread 0x00000187cf58ad30 Thread added: 0x00000187cf58ad30
Event: 0.282 Thread 0x00000187cf589980 Thread added: 0x00000187cf589980
Event: 0.517 Thread 0x00000187cf47e550 Thread exited: 0x00000187cf47e550
Event: 1.487 Thread 0x00000187cf2b2fb0 Thread exited: 0x00000187cf2b2fb0
Event: 1.489 Thread 0x00000187cf47ca10 Thread exited: 0x00000187cf47ca10
Event: 1.507 Thread 0x00000187cf47ca10 Thread added: 0x00000187cf47ca10
Event: 2.022 Thread 0x00000187cf47ca10 Thread exited: 0x00000187cf47ca10
Event: 3.088 Thread 0x00000187cf29fee0 Thread exited: 0x00000187cf29fee0
Event: 3.088 Thread 0x00000187cf29f840 Thread exited: 0x00000187cf29f840


Dynamic libraries:
0x00007ff6c0610000 - 0x00007ff6c0620000 	C:\Users\Lukas\.jdks\graalvm-jdk-21.0.7\bin\java.exe
0x00007ffe6aea0000 - 0x00007ffe6b107000 	C:\WINDOWS\SYSTEM32\ntdll.dll
0x00007ffe695d0000 - 0x00007ffe69699000 	C:\WINDOWS\System32\KERNEL32.DLL
0x00007ffe68210000 - 0x00007ffe68600000 	C:\WINDOWS\System32\KERNELBASE.dll
0x00007ffe68830000 - 0x00007ffe6897b000 	C:\WINDOWS\System32\ucrtbase.dll
0x00007ffe5bd50000 - 0x00007ffe5bd69000 	C:\Users\Lukas\.jdks\graalvm-jdk-21.0.7\bin\jli.dll
0x00007ffe43b30000 - 0x00007ffe43b4b000 	C:\Users\Lukas\.jdks\graalvm-jdk-21.0.7\bin\VCRUNTIME140.dll
0x00007ffe6a500000 - 0x00007ffe6a5b4000 	C:\WINDOWS\System32\ADVAPI32.dll
0x00007ffe69040000 - 0x00007ffe690e9000 	C:\WINDOWS\System32\msvcrt.dll
0x00007ffe68c30000 - 0x00007ffe68cd6000 	C:\WINDOWS\System32\sechost.dll
0x00007ffe698b0000 - 0x00007ffe699c8000 	C:\WINDOWS\System32\RPCRT4.dll
0x00007ffe690f0000 - 0x00007ffe692b5000 	C:\WINDOWS\System32\USER32.dll
0x00007ffe483c0000 - 0x00007ffe4865a000 	C:\WINDOWS\WinSxS\amd64_microsoft.windows.common-controls_6595b64144ccf1df_6.0.26100.4768_none_3e0c112ce331287c\COMCTL32.dll
0x00007ffe68060000 - 0x00007ffe68087000 	C:\WINDOWS\System32\win32u.dll
0x00007ffe69c40000 - 0x00007ffe69c6b000 	C:\WINDOWS\System32\GDI32.dll
0x00007ffe68af0000 - 0x00007ffe68c28000 	C:\WINDOWS\System32\gdi32full.dll
0x00007ffe68a40000 - 0x00007ffe68ae3000 	C:\WINDOWS\System32\msvcp_win.dll
0x00007ffe60e30000 - 0x00007ffe60e3b000 	C:\WINDOWS\SYSTEM32\VERSION.dll
0x00007ffe6a4c0000 - 0x00007ffe6a4ef000 	C:\WINDOWS\System32\IMM32.DLL
0x00007ffe5aec0000 - 0x00007ffe5aecc000 	C:\Users\Lukas\.jdks\graalvm-jdk-21.0.7\bin\vcruntime140_1.dll
0x00007ffe1f340000 - 0x00007ffe1f3ce000 	C:\Users\Lukas\.jdks\graalvm-jdk-21.0.7\bin\msvcp140.dll
0x00007ffd87f00000 - 0x00007ffd88c24000 	C:\Users\Lukas\.jdks\graalvm-jdk-21.0.7\bin\server\jvm.dll
0x00007ffe68dd0000 - 0x00007ffe68e44000 	C:\WINDOWS\System32\WS2_32.dll
0x00007ffe67c90000 - 0x00007ffe67cee000 	C:\WINDOWS\SYSTEM32\POWRPROF.dll
0x00007ffe5bb20000 - 0x00007ffe5bb55000 	C:\WINDOWS\SYSTEM32\WINMM.dll
0x00007ffe67c70000 - 0x00007ffe67c84000 	C:\WINDOWS\SYSTEM32\UMPDC.dll
0x00007ffe66d10000 - 0x00007ffe66d2b000 	C:\WINDOWS\SYSTEM32\kernel.appcore.dll
0x00007ffe569a0000 - 0x00007ffe569aa000 	C:\Users\Lukas\.jdks\graalvm-jdk-21.0.7\bin\jimage.dll
0x00007ffe657a0000 - 0x00007ffe659e1000 	C:\WINDOWS\SYSTEM32\DBGHELP.DLL
0x00007ffe6a5c0000 - 0x00007ffe6a945000 	C:\WINDOWS\System32\combase.dll
0x00007ffe68ce0000 - 0x00007ffe68dc0000 	C:\WINDOWS\System32\OLEAUT32.dll
0x00007ffe4d990000 - 0x00007ffe4d9d3000 	C:\WINDOWS\SYSTEM32\dbgcore.DLL
0x00007ffe68790000 - 0x00007ffe68829000 	C:\WINDOWS\System32\bcryptPrimitives.dll
0x00007ffe34bf0000 - 0x00007ffe34c0f000 	C:\Users\Lukas\.jdks\graalvm-jdk-21.0.7\bin\java.dll
0x00007ffe69d70000 - 0x00007ffe6a4bd000 	C:\WINDOWS\System32\SHELL32.dll
0x00007ffe68610000 - 0x00007ffe68783000 	C:\WINDOWS\System32\wintypes.dll
0x00007ffe65b90000 - 0x00007ffe663f0000 	C:\WINDOWS\SYSTEM32\windows.storage.dll
0x00007ffe69c70000 - 0x00007ffe69d65000 	C:\WINDOWS\System32\SHCORE.dll
0x00007ffe694f0000 - 0x00007ffe6955a000 	C:\WINDOWS\System32\shlwapi.dll
0x00007ffe67ef0000 - 0x00007ffe67f19000 	C:\WINDOWS\SYSTEM32\profapi.dll
0x00007ffe1d8e0000 - 0x00007ffe1d9b7000 	C:\Users\Lukas\.jdks\graalvm-jdk-21.0.7\bin\jsvml.dll
0x00007ffd751c0000 - 0x00007ffd781e9000 	C:\Users\Lukas\.jdks\graalvm-jdk-21.0.7\bin\jvmcicompiler.dll
0x00007ffe699d0000 - 0x00007ffe699d8000 	C:\WINDOWS\System32\PSAPI.DLL
0x00007ffe68090000 - 0x00007ffe68207000 	C:\WINDOWS\System32\CRYPT32.dll
0x00007ffe67320000 - 0x00007ffe6734b000 	C:\WINDOWS\SYSTEM32\USERENV.dll
0x00007ffe677c0000 - 0x00007ffe677f0000 	C:\WINDOWS\SYSTEM32\ncrypt.dll
0x00007ffe66700000 - 0x00007ffe66733000 	C:\WINDOWS\SYSTEM32\IPHLPAPI.DLL
0x00007ffe67280000 - 0x00007ffe672eb000 	C:\WINDOWS\SYSTEM32\MSWSOCK.dll
0x00007ffe67770000 - 0x00007ffe677af000 	C:\WINDOWS\SYSTEM32\NTASN1.dll
0x00007ffe4ecb0000 - 0x00007ffe4ecc0000 	C:\Users\Lukas\.jdks\graalvm-jdk-21.0.7\bin\net.dll
0x00007ffe60070000 - 0x00007ffe6018e000 	C:\WINDOWS\SYSTEM32\WINHTTP.dll
0x00007ffe31620000 - 0x00007ffe31636000 	C:\Users\Lukas\.jdks\graalvm-jdk-21.0.7\bin\nio.dll
0x00007ffe336f0000 - 0x00007ffe33708000 	C:\Users\Lukas\.jdks\graalvm-jdk-21.0.7\bin\zip.dll
0x00007ffe31600000 - 0x00007ffe31609000 	C:\Users\Lukas\.jdks\graalvm-jdk-21.0.7\bin\extnet.dll
0x00007ffe49c20000 - 0x00007ffe49c2a000 	C:\Users\Lukas\.jdks\graalvm-jdk-21.0.7\bin\management.dll
0x00007ffe31610000 - 0x00007ffe3161b000 	C:\Users\Lukas\.jdks\graalvm-jdk-21.0.7\bin\management_ext.dll
0x00007ffe2bac0000 - 0x00007ffe2bad8000 	C:\WINDOWS\system32\napinsp.dll
0x00007ffe66790000 - 0x00007ffe668b6000 	C:\WINDOWS\SYSTEM32\DNSAPI.dll
0x00007ffe695c0000 - 0x00007ffe695ca000 	C:\WINDOWS\System32\NSI.dll
0x00007ffe2bcd0000 - 0x00007ffe2bce2000 	C:\WINDOWS\System32\winrnr.dll
0x00007ffe2bc10000 - 0x00007ffe2bc40000 	C:\WINDOWS\system32\nlansp_c.dll
0x00007ffe2bc50000 - 0x00007ffe2bc70000 	C:\WINDOWS\system32\wshbth.dll
0x00007ffe558d0000 - 0x00007ffe558db000 	C:\Windows\System32\rasadhlp.dll
0x00007ffe5c2b0000 - 0x00007ffe5c336000 	C:\WINDOWS\System32\fwpuclnt.dll
0x00007ffe67660000 - 0x00007ffe6767b000 	C:\WINDOWS\SYSTEM32\CRYPTSP.dll
0x00007ffe66c70000 - 0x00007ffe66cab000 	C:\WINDOWS\system32\rsaenh.dll
0x00007ffe67ec0000 - 0x00007ffe67ee6000 	C:\WINDOWS\SYSTEM32\bcrypt.dll
0x00007ffe674c0000 - 0x00007ffe674cc000 	C:\WINDOWS\SYSTEM32\CRYPTBASE.dll
0x0000000061440000 - 0x000000006156b000 	S:\Data\Development\IntelliJ Workspace\FastSimplexNoiseLib\build\tmp\jmh\Aparapi14111041739394961393\libgcc_s_seh-1.dll
0x000000006fc40000 - 0x00000000714f5000 	S:\Data\Development\IntelliJ Workspace\FastSimplexNoiseLib\build\tmp\jmh\Aparapi5432746473110405975\libstdc++-6.dll
0x0000000064500000 - 0x0000000064945000 	S:\Data\Development\IntelliJ Workspace\FastSimplexNoiseLib\build\tmp\jmh\Aparapi4776827944341142438\libaparapi.dll
0x00007ffe1cad0000 - 0x00007ffe1cb46000 	C:\WINDOWS\SYSTEM32\OpenCL.dll
0x00007ffe699e0000 - 0x00007ffe69b80000 	C:\WINDOWS\System32\ole32.dll
0x00007ffe67b90000 - 0x00007ffe67be7000 	C:\WINDOWS\SYSTEM32\CFGMGR32.dll
0x00007ffe64f50000 - 0x00007ffe64f9d000 	C:\WINDOWS\SYSTEM32\dxcore.dll
0x00007ffe53040000 - 0x00007ffe5305a000 	C:\WINDOWS\SYSTEM32\windows.staterepositorycore.dll
0x00007ffe65010000 - 0x00007ffe6514e000 	C:\WINDOWS\SYSTEM32\dxgi.dll
0x00007ffe64fa0000 - 0x00007ffe6500a000 	C:\WINDOWS\SYSTEM32\directxdatabasehelper.dll
0x00007ffd72870000 - 0x00007ffd74a90000 	C:\WINDOWS\System32\DriverStore\FileRepository\nv_dispi.inf_amd64_ed7df476d41060e6\nvopencl64.dll
0x00007ffe676d0000 - 0x00007ffe676e3000 	C:\WINDOWS\SYSTEM32\msasn1.dll
0x00007ffe60940000 - 0x00007ffe6097b000 	C:\WINDOWS\SYSTEM32\cryptnet.dll
0x00007ffe67560000 - 0x00007ffe675cb000 	C:\WINDOWS\SYSTEM32\wldp.dll
0x00007ffe606b0000 - 0x00007ffe6082c000 	C:\WINDOWS\SYSTEM32\drvstore.dll
0x00007ffe67bf0000 - 0x00007ffe67c1d000 	C:\WINDOWS\SYSTEM32\devobj.dll
0x00007ffdb3330000 - 0x00007ffdb38b5000 	C:\WINDOWS\SYSTEM32\nvapi64.dll
0x00007ffe6a950000 - 0x00007ffe6add6000 	C:\WINDOWS\System32\SETUPAPI.dll
0x00007ffe1b5f0000 - 0x00007ffe1b687000 	C:\WINDOWS\System32\DriverStore\FileRepository\nv_dispi.inf_amd64_ed7df476d41060e6\nvdxgdmal64.dll
0x00007ffdc7aa0000 - 0x00007ffdc7ff5000 	C:\WINDOWS\System32\DriverStore\FileRepository\iigd_dch.inf_amd64_5278e03d9bfa3deb\igdrcl64.dll
0x00007ffdc7390000 - 0x00007ffdc7799000 	C:\WINDOWS\System32\DriverStore\FileRepository\iigd_dch.inf_amd64_5278e03d9bfa3deb\igdgmm64.dll
0x00007ffe0b3b0000 - 0x00007ffe0b4b4000 	C:\WINDOWS\System32\DriverStore\FileRepository\iigd_dch.inf_amd64_5278e03d9bfa3deb\igdfcl64.dll
0x00007ffd65310000 - 0x00007ffd68aa6000 	C:\WINDOWS\System32\DriverStore\FileRepository\iigd_dch.inf_amd64_5278e03d9bfa3deb\igc64.dll
0x00007ffd91aa0000 - 0x00007ffd91bcc000 	C:\WINDOWS\System32\DriverStore\FileRepository\iigd_dch.inf_amd64_5278e03d9bfa3deb\igdml64.dll
0x00007ffd70dc0000 - 0x00007ffd7286a000 	C:\WINDOWS\System32\DriverStore\FileRepository\nv_dispi.inf_amd64_ed7df476d41060e6\nvptxJitCompiler64.dll
0x00007ffd511c0000 - 0x00007ffd55380000 	C:\WINDOWS\system32\DriverStore\FileRepository\nv_dispi.inf_amd64_ed7df476d41060e6\nvvm64.dll

dbghelp: loaded successfully - version: 4.0.5 - missing functions: none
symbol engine: initialized successfully - sym options: 0x614 - pdb path: .;C:\Users\Lukas\.jdks\graalvm-jdk-21.0.7\bin;C:\WINDOWS\SYSTEM32;C:\WINDOWS\WinSxS\amd64_microsoft.windows.common-controls_6595b64144ccf1df_6.0.26100.4768_none_3e0c112ce331287c;C:\Users\Lukas\.jdks\graalvm-jdk-21.0.7\bin\server;S:\Data\Development\IntelliJ Workspace\FastSimplexNoiseLib\build\tmp\jmh\Aparapi14111041739394961393;S:\Data\Development\IntelliJ Workspace\FastSimplexNoiseLib\build\tmp\jmh\Aparapi5432746473110405975;S:\Data\Development\IntelliJ Workspace\FastSimplexNoiseLib\build\tmp\jmh\Aparapi4776827944341142438;C:\WINDOWS\System32\DriverStore\FileRepository\nv_dispi.inf_amd64_ed7df476d41060e6;C:\WINDOWS\System32\DriverStore\FileRepository\iigd_dch.inf_amd64_5278e03d9bfa3deb

VM Arguments:
jvm_args: -XX:ThreadPriorityPolicy=1 -XX:+UnlockExperimentalVMOptions -XX:+EnableJVMCIProduct -XX:-UnlockExperimentalVMOptions -Dfile.encoding=UTF8 -XX:ThreadPriorityPolicy=1 -XX:+UnlockExperimentalVMOptions -XX:+EnableJVMCIProduct -XX:-UnlockExperimentalVMOptions -Dfile.encoding=UTF8 -Dfile.encoding=UTF-8 -Djava.io.tmpdir=S:\Data\Development\IntelliJ Workspace\FastSimplexNoiseLib\build\tmp\jmh -Duser.country=DE -Duser.language=de -Duser.variant --enable-preview --add-modules=jdk.incubator.vector -XX:+UnlockDiagnosticVMOptions -XX:+UnlockExperimentalVMOptions -DcompilerBlackholesEnabled=true -XX:CompileCommandFile=S:\Data\Development\IntelliJ Workspace\FastSimplexNoiseLib\build\tmp\jmh\jmh5982795387416727169compilecommand 
java_command: org.openjdk.jmh.runner.ForkedMain 127.0.0.1 16131
java_class_path (initial): C:\Users\Lukas\.gradle\caches\modules-2\files-2.1\org.openjdk.jmh\jmh-generator-bytecode\1.36\b8ab8b88a6b48a0cb540ede365fa84876e6608bf\jmh-generator-bytecode-1.36.jar;C:\Users\Lukas\.gradle\caches\modules-2\files-2.1\org.openjdk.jmh\jmh-generator-asm\1.36\ea8dba84346f9ecd34fc85f83fc1a14f7475348e\jmh-generator-asm-1.36.jar;C:\Users\Lukas\.gradle\caches\modules-2\files-2.1\org.openjdk.jmh\jmh-generator-reflection\1.36\40c9b3bb0523b58dada012987172452895f2c6cb\jmh-generator-reflection-1.36.jar;C:\Users\Lukas\.gradle\caches\modules-2\files-2.1\org.openjdk.jmh\jmh-core\1.36\5a69117788322630fc5f228bc804771335d41b1b\jmh-core-1.36.jar;C:\Users\Lukas\.gradle\caches\modules-2\files-2.1\net.sf.jopt-simple\jopt-simple\5.0.4\4fdac2fbe92dfad86aa6e9301736f6b4342a3f5c\jopt-simple-5.0.4.jar;C:\Users\Lukas\.gradle\caches\modules-2\files-2.1\org.apache.commons\commons-math3\3.2\ec2544ab27e110d2d431bdad7d538ed509b21e62\commons-math3-3.2.jar;C:\Users\Lukas\.gradle\caches\modules-2\files-2.1\org.ow2.asm\asm\9.0\af582ff60bc567c42d931500c3fdc20e0141ddf9\asm-9.0.jar;S:\Data\Development\IntelliJ Workspace\FastSimplexNoiseLib\build\libs\FastSimplexNoiseLib-1.0-SNAPSHOT-jmh.jar;C:\Users\Lukas\.gradle\caches\modules-2\files-2.1\com.aparapi\aparapi\3.0.0\a097d39ffcaf40cbf497faef1e490bf82a7b679d\aparapi-3.0.0.jar;C:\Users\Lukas\.gradle\caches\modules-2\files-2.1\org.junit.jupiter\junit-jupiter\5.10.0\8fea1d9c58b2156f1b998f2f18da04bc9e087f74\junit-jupiter-5.10.0.jar;C:\Users\Lukas\.gradle\caches\modules-2\files-2.1\org.junit.platform\junit-platform-launcher\1.10.0\89a1922534ed102be1fb2a8c0b2c6151297a12bf\junit-platform-launcher-1.10.0.jar;C:\Users\Lukas\.gradle\caches\modules-2\files-2.1\org.junit.jupiter\junit-jupiter-params\5.10.0\9041c7365495a897a64782ea5a6fdb99dab1814e\junit-jupiter-params-5.10.0.jar;C:\Users\Lukas\.gradle\caches\modules-2\files-2.1\org.junit.jupiter\junit-jupiter-engine\5.10.0\90587932d718fc51a48112d33045a18476c542ad\junit-jupiter-engine-5.10.0.jar;C:\Users\Lukas\.gradle\caches\modules-2\files-2.1\org.junit.jupiter\junit-jupiter-api\5.10.0\2fe4ba3d31d5067878e468c96aa039005a9134d3\junit-jupiter-api-5.10.0.jar;C:\Users\Lukas\.gradle\caches\modules-2\files-2.1\org.junit.platform\junit-platform-engine\1.10.0\276c4edcf64fabb5a139fa7b4f99330d7a93b804\junit-platform-engine-1.10.0.jar;C:\Users\Lukas\.gradle\caches\modules-2\files-2.1\org.junit.platform\junit-platform-commons\1.10.0\d533ff2c286eaf963566f92baf5f8a06628d2609\junit-platform-commons-1.10.0.jar;C:\Users\Lukas\.gradle\caches\modules-2\files-2.1\com.aparapi\aparapi-jni\1.4.3\52d35e95671bf9942f2a637c3fa1a7a1a01e7c53\aparapi-jni-1.4.3.jar;C:\Users\Lukas\.gradle\caches\modules-2\files-2.1\org.apache.bcel\bcel\6.5.0\79b1975ec0c7a6c1a15e19fb3a58cc4041b4aaea\bcel-6.5.0.jar;C:\Users\Lukas\.gradle\caches\modules-2\files-2.1\org.scala-lang\scala-library\2.13.6\ed7a2f528c7389ea65746c22a01031613d98ab3d\scala-library-2.13.6.jar;C:\Users\Lukas\.gradle\caches\modules-2\files-2.1\org.opentest4j\opentest4j\1.3.0\152ea56b3a72f655d4fd677fc0ef2596c3dd5e6e\opentest4j-1.3.0.jar
Launcher Type: SUN_STANDARD

[Global flags]
     intx CICompilerCount                          = 12                                        {product} {ergonomic}
    ccstr CompileCommandFile                       = S:\Data\Development\IntelliJ Workspace\FastSimplexNoiseLib\build\tmp\jmh\jmh5982795387416727169compilecommand            {product} {command line}
     uint ConcGCThreads                            = 3                                         {product} {ergonomic}
     bool EnableJVMCIProduct                       = true                                {JVMCI product} {jimage}
     uint G1ConcRefinementThreads                  = 13                                        {product} {ergonomic}
     uint G1EagerReclaimRemSetThreshold            = 32                                   {experimental} {ergonomic}
   size_t G1HeapRegionSize                         = 4194304                                   {product} {ergonomic}
     uint G1RemSetArrayOfCardsEntries              = 32                                   {experimental} {ergonomic}
     uint G1RemSetHowlMaxNumBuckets                = 8                                    {experimental} {ergonomic}
     uint G1RemSetHowlNumBuckets                   = 8                                    {experimental} {ergonomic}
    uintx GCDrainStackTargetSize                   = 64                                        {product} {ergonomic}
   size_t InitialHeapSize                          = 536870912                                 {product} {ergonomic}
   size_t MarkStackSize                            = 4194304                                   {product} {ergonomic}
   size_t MaxHeapSize                              = 8556380160                                {product} {ergonomic}
   size_t MaxNewSize                               = 5133828096                                {product} {ergonomic}
   size_t MinHeapDeltaBytes                        = 4194304                                   {product} {ergonomic}
   size_t MinHeapSize                              = 8388608                                   {product} {ergonomic}
    uintx NonNMethodCodeHeapSize                   = 10453100                               {pd product} {ergonomic}
    uintx NonProfiledCodeHeapSize                  = 120602570                              {pd product} {ergonomic}
    uintx ProfiledCodeHeapSize                     = 120602570                              {pd product} {ergonomic}
    uintx ReservedCodeCacheSize                    = 251658240                              {pd product} {ergonomic}
     bool SegmentedCodeCache                       = true                                      {product} {ergonomic}
   size_t SoftMaxHeapSize                          = 8556380160                             {manageable} {ergonomic}
      int ThreadPriorityPolicy                     = 1                                         {product} {command line}
     bool UnlockDiagnosticVMOptions                = true                                   {diagnostic} {command line}
     bool UnlockExperimentalVMOptions              = true                                 {experimental} {command line}
     bool UseCompressedOops                        = true                           {product lp64_product} {ergonomic}
     bool UseFastUnorderedTimeStamps               = true                                 {experimental} {ergonomic}
     bool UseG1GC                                  = true                                      {product} {ergonomic}
     bool UseLargePagesIndividualAllocation        = false                                  {pd product} {ergonomic}

Logging:
Log output configuration:
 #0: stdout all=warning uptime,level,tags foldmultilines=false
 #1: stderr all=off uptime,level,tags foldmultilines=false

Environment Variables:
JAVA_HOME=C:\Program Files\Java\jdk-11.0.8
JAVA_TOOL_OPTIONS=-Dfile.encoding=UTF8
PATH=C:\ProgramData\Oracle\Java\javapath;C:\Program Files (x86)\Common Files\Oracle\Java\javapath;C:\Program Files\Common Files\Oracle\Java\javapath;C:\Windows\system32;C:\Windows;C:\Windows\System32\Wbem;C:\Windows\System32\WindowsPowerShell\v1.0\;C:\Program Files (x86)\Smart Projects\IsoBuster;C:\Program Files\dotnet\;C:\Program Files\nodejs\;C:\Windows\System32\OpenSSH\;C:\Program Files\PuTTY\;C:\Program Files (x86)\NVIDIA Corporation\PhysX\Common;C:\Program Files\Docker\Docker\resources\bin;C:\ProgramData\DockerDesktop\version-bin;C:\Program Files\WireGuard\;C:\Program Files\Gradle\gradle-7.4.2\bin;C:\Strawberry\c\bin;C:\Strawberry\perl\site\bin;C:\Strawberry\perl\bin;S:\Data\TUM UNI\Master\1. Semester\Augmented Reality\opencv\build\x64\vc16\bin;C:\Program Files\Git\cmd;C:\Program Files\Tailscale\;C:\Program Files (x86)\Gpg4win\..\GnuPG\bin;C:\Program Files\NVIDIA Corporation\NVIDIA app\NvDLISR;C:\WINDOWS\system32;C:\WINDOWS;C:\WINDOWS\System32\Wbem;C:\WINDOWS\System32\WindowsPowerShell\v1.0\;C:\WINDOWS\System32\OpenSSH\;C:\Program Files\RenderDoc;C:\Users\Lukas\AppData\Local\Microsoft\WindowsApps;C:\Users\Lukas\AppData\Roaming\npm;C:\Users\Lukas\AppData\Local\Programs\Microsoft VS Code\bin;C:\Users\Lukas\.dotnet\tools;C:\Users\Lukas\AppData\Local\GitHubDesktop\bin;C:\Program Files (x86)\maven\apache-maven-3.8.1\bin;C:\Program Files\IPFS Desktop\resources\app.asar.unpacked\src\ipfs-on-path\scripts\bin-win;C:\Users\Lukas\AppData\Local\JetBrains\Toolbox\scripts;C:\Program Files (x86)\maven\apache-maven-3.8.1;C:\Users\Lukas\.web3j\web3j-cli-shadow-1.4.2\bin;S:\Data\Development\flutter\bin;C:\Users\Lukas\AppData\Local\Programs\MiKTeX\miktex\bin\x64\;C:\Users\Lukas\AppData\Local\Programs\Lens\resources\cli\bin;S:\Data\TUM UNI\Master\1. Semester\Augmented Reality\opencv\build\x64\vc16\bin;C:\Users\Lukas\.dotnet\tools;C:\Users\Lukas\AppData\Local\Microsoft\WindowsApps
USERNAME=Lukas
OS=Windows_NT
PROCESSOR_IDENTIFIER=Intel64 Family 6 Model 158 Stepping 12, GenuineIntel
TMP=C:\Users\Lukas\AppData\Local\Temp
TEMP=C:\Users\Lukas\AppData\Local\Temp




Periodic native trim disabled

---------------  S Y S T E M  ---------------

OS:
 Windows 11 , 64 bit Build 26100 (10.0.26100.4768)
OS uptime: 7 days 7:14 hours
Hyper-V role detected

CPU: total 16 (initial active 16) (8 cores per cpu, 2 threads per core) family 6 model 158 stepping 12 microcode 0xde, cx8, cmov, fxsr, ht, mmx, 3dnowpref, sse, sse2, sse3, ssse3, sse4.1, sse4.2, popcnt, lzcnt, tsc, tscinvbit, avx, avx2, aes, erms, clmul, bmi1, bmi2, rtm, adx, fma, vzeroupper, clflush, clflushopt, hv, rdtscp, f16c
Processor Information for all 16 processors :
  Max Mhz: 3600, Current Mhz: 3600, Mhz Limit: 3600

Memory: 4k page, system-wide physical 32629M (12751M free)
TotalPageFile size 36386M (AvailPageFile size 6163M)
current process WorkingSet (physical memory assigned to process): 250M, peak: 290M
current process commit charge ("private bytes"): 970M, peak: 1010M

vm_info: Java HotSpot(TM) 64-Bit Server VM (21.0.7+8-LTS-jvmci-23.1-b60) for windows-amd64 JRE (21.0.7+8-LTS-jvmci-23.1-b60), built on 2025-02-26T11:58:54Z by "OCIWIN11Buildbot" with MS VC++ 17.6 (VS2022)

END.
