#
# A fatal error has been detected by the Java Runtime Environment:
#
#  EXCEPTION_ACCESS_VIOLATION (0xc0000005) at pc=0x00007ffe6909433a, pid=19408, tid=23296
#
# JRE version: Java(TM) SE Runtime Environment Oracle GraalVM 21.0.7+8.1 (21.0.7+8) (build 21.0.7+8-LTS-jvmci-23.1-b60)
# Java VM: Java HotSpot(TM) 64-Bit Server VM Oracle GraalVM 21.0.7+8.1 (21.0.7+8-LTS-jvmci-23.1-b60, mixed mode, sharing, tiered, jvmci, jvmci compiler, compressed oops, compressed class ptrs, g1 gc, windows-amd64)
# Problematic frame:
# C  [msvcrt.dll+0x5433a]
#
# No core dump will be written. Minidumps are not enabled by default on client versions of Windows
#
# If you would like to submit a bug report, please visit:
#   https://bugreport.java.com/bugreport/crash.jsp
# The crash happened outside the Java Virtual Machine in native code.
# See problematic frame for where to report the bug.
#

---------------  S U M M A R Y ------------

Command Line: -XX:ThreadPriorityPolicy=1 -XX:+UnlockExperimentalVMOptions -XX:+EnableJVMCIProduct -XX:-UnlockExperimentalVMOptions -Dfile.encoding=UTF8 -Dfile.encoding=UTF-8 -Duser.country=DE -Duser.language=de -Duser.variant de.verdox.Main

Host: Intel(R) Core(TM) i9-9900K CPU @ 3.60GHz, 16 cores, 31G,  Windows 11 , 64 bit Build 26100 (10.0.26100.4768)
Time: Sat Aug 23 20:14:06 2025 Mitteleuropäische Sommerzeit elapsed time: 1.266472 seconds (0d 0h 0m 1s)

---------------  T H R E A D  ---------------

Current thread (0x000002b3226266c0):  JavaThread "main"             [_thread_in_native, id=23296, stack(0x000000fddd200000,0x000000fddd300000) (1024K)]

Stack: [0x000000fddd200000,0x000000fddd300000],  sp=0x000000fddd2febb0,  free space=1018k
Native frames: (J=compiled Java code, j=interpreted, Vv=VM code, C=native code)
C  [msvcrt.dll+0x5433a]
C  [msvcrt.dll+0x4bcb0]
C  [libaparapi.dll+0x7cf9]

Java frames: (J=compiled Java code, j=interpreted, Vv=VM code)
j  com.aparapi.internal.jni.KernelRunnerJNI.runKernelJNI(JLcom/aparapi/Range;ZILjava/nio/ByteBuffer;Ljava/nio/ByteBuffer;)I+0
j  com.aparapi.internal.kernel.KernelRunner.executeOpenCL(Lcom/aparapi/device/Device;Lcom/aparapi/internal/kernel/KernelRunner$ExecutionSettings;)Lcom/aparapi/Kernel;+96
j  com.aparapi.internal.kernel.KernelRunner.executeInternalInner(Lcom/aparapi/internal/kernel/KernelRunner$ExecutionSettings;Lcom/aparapi/device/Device;Z)Lcom/aparapi/Kernel;+3592
j  com.aparapi.internal.kernel.KernelRunner.executeInternalOuter(Lcom/aparapi/internal/kernel/KernelRunner$ExecutionSettings;)Lcom/aparapi/Kernel;+4
j  com.aparapi.internal.kernel.KernelRunner.execute(Ljava/lang/String;Lcom/aparapi/Range;I)Lcom/aparapi/Kernel;+78
j  com.aparapi.Kernel.execute(Ljava/lang/String;Lcom/aparapi/Range;I)Lcom/aparapi/Kernel;+7
j  com.aparapi.Kernel.execute(Lcom/aparapi/Range;I)Lcom/aparapi/Kernel;+5
j  com.aparapi.Kernel.execute(I)Lcom/aparapi/Kernel;+7
j  micycle.jsimplex.noise.gpu.SimplexNoiseGpu3D.calculateFast([FFFFIIIF)V+29
j  de.verdox.SimplexGpuAdapter.generate3dRaw([FFFFIIIFZ)V+17
j  de.verdox.SimplexGpuAdapter.generate3D([FFFFIIIFFF)V+12
j  de.verdox.NoiseEngine.runGpu([FFFFIIIFFF)V+16
j  de.verdox.NoiseEngine.generate(Lde/verdox/Backend;ZFFFIIIFFF)[F+116
j  de.verdox.Main.main([Ljava/lang/String;)V+16
v  ~StubRoutines::call_stub 0x000002b3359d100d

siginfo: EXCEPTION_ACCESS_VIOLATION (0xc0000005), reading address 0x0000000000000001


Registers:
RAX=0x0000000000000001, RBX=0x0000000000000001, RCX=0x000000007ffffffe, RDX=0x0000000000000000
RSP=0x000000fddd2febb0, RBP=0x000000fddd2fecb0, RSI=0x000000006451f1b7, RDI=0x0000000000000073
R8 =0x000000fddd2febf0, R9 =0x000000fddd2fef48, R10=0xffffffffffffffff, R11=0x000000fddd2fef50
R12=0x0000000000000000, R13=0x00000000ffffffff, R14=0x0000000000000061, R15=0x000000fddd2fef48
RIP=0x00007ffe6909433a, EFLAGS=0x0000000000010202


Register to memory mapping:

RAX=0x0000000000000001 is an unknown value
RBX=0x0000000000000001 is an unknown value
RCX=0x000000007ffffffe is an unknown value
RDX=0x0 is null
RSP=0x000000fddd2febb0 is pointing into the stack for thread: 0x000002b3226266c0
RBP=0x000000fddd2fecb0 is pointing into the stack for thread: 0x000002b3226266c0
RSI=0x000000006451f1b7 libaparapi.dll
RDI=0x0000000000000073 is an unknown value
R8 =0x000000fddd2febf0 is pointing into the stack for thread: 0x000002b3226266c0
R9 =0x000000fddd2fef48 is pointing into the stack for thread: 0x000002b3226266c0
R10=0xffffffffffffffff is an unknown value
R11=0x000000fddd2fef50 is pointing into the stack for thread: 0x000002b3226266c0
R12=0x0 is null
R13=0x00000000ffffffff is an unknown value
R14=0x0000000000000061 is an unknown value
R15=0x000000fddd2fef48 is pointing into the stack for thread: 0x000002b3226266c0

Top of Stack: (sp=0x000000fddd2febb0)
0x000000fddd2febb0:   000002b38c55b090 0000000000000000
0x000000fddd2febc0:   0000000000000051 0000000000000000
0x000000fddd2febd0:   0000000000000000 0000000000000000
0x000000fddd2febe0:   0000000000000000 0000000000000000
0x000000fddd2febf0:   0000000000000061 0000005100000000
0x000000fddd2fec00:   000000fddd2fef50 0000000000000000
0x000000fddd2fec10:   000068f900000000 00000000b20003b1
0x000000fddd2fec20:   0000000700000000 000000fd00000000
0x000000fddd2fec30:   00007ffe690dda60 0000000000000000
0x000000fddd2fec40:   000000006451f1b7 00007ffe682d7f7a
0x000000fddd2fec50:   00007ffe690dd0a0 000002b3228d4930
0x000000fddd2fec60:   000002b3228d60a0 0000000000000001
0x000000fddd2fec70:   0000000000000000 0000000000000000
0x000000fddd2fec80:   0000000000000000 0000000000000000
0x000000fddd2fec90:   0000000000000000 0000000000000000
0x000000fddd2feca0:   0000000000000000 0000000000000000
0x000000fddd2fecb0:   0000000000000000 0000000000000000
0x000000fddd2fecc0:   0000000000000000 0000000000000000
0x000000fddd2fecd0:   0000000000000000 0000000000000000
0x000000fddd2fece0:   0000000000000000 0000000000000000
0x000000fddd2fecf0:   0000000000000000 0000000000000000
0x000000fddd2fed00:   0000000000000000 0000000000000000
0x000000fddd2fed10:   0000000000000000 0000000000000000
0x000000fddd2fed20:   0000000000000000 0000000000000000
0x000000fddd2fed30:   0000000000000000 0000000000000000
0x000000fddd2fed40:   0000000000000000 0000000000000000
0x000000fddd2fed50:   0000000000000000 0000000000000000
0x000000fddd2fed60:   0000000000000000 0000000000000000
0x000000fddd2fed70:   0000000000000000 0000000000000000
0x000000fddd2fed80:   0000000000000000 0000000000000000
0x000000fddd2fed90:   0000000000000000 0000000000000000
0x000000fddd2feda0:   0000000000000000 0000000000000000 

Instructions: (pc=0x00007ffe6909433a)
0x00007ffe6909423a:   8b c3 f7 d0 a8 01 0f 84 00 07 00 00 c7 44 24 58
0x00007ffe6909424a:   01 00 00 00 d1 e9 eb 1d 33 c0 89 44 24 58 eb 15
0x00007ffe6909425a:   48 8d 15 cb 13 03 00 49 8b ca 48 8b da 48 ff c1
0x00007ffe6909426a:   38 04 0a 75 f8 89 4c 24 4c e9 44 ff ff ff 83 ea
0x00007ffe6909427a:   66 0f 84 03 ff ff ff 83 ea 01 0f 84 fa fe ff ff
0x00007ffe6909428a:   83 ea 02 0f 84 47 01 00 00 83 ea 05 0f 84 09 01
0x00007ffe6909429a:   00 00 83 ea 01 0f 84 e2 00 00 00 83 ea 01 0f 84
0x00007ffe690942aa:   a2 00 00 00 83 ea 03 0f 84 24 fe ff ff 83 ea 02
0x00007ffe690942ba:   74 11 83 fa 03 0f 85 f7 fe ff ff 8d 42 24 e9 93
0x00007ffe690942ca:   00 00 00 41 ba 0a 00 00 00 be 00 02 00 00 41 be
0x00007ffe690942da:   40 00 00 00 49 83 c3 08 4c 89 5c 24 50 4c 89 5d
0x00007ffe690942ea:   98 41 0f ba e4 0f 72 0b 41 0f ba e4 0c 0f 83 f4
0x00007ffe690942fa:   00 00 00 49 8b 01 45 84 e6 0f 84 1d 01 00 00 e9
0x00007ffe6909430a:   06 01 00 00 ff c9 66 39 10 74 08 48 83 c0 02 85
0x00007ffe6909431a:   c9 75 f1 48 2b c3 48 d1 f8 eb 22 48 85 db 48 8d
0x00007ffe6909432a:   05 fd 12 03 00 48 0f 45 c3 48 8b d8 eb 09 ff c9
0x00007ffe6909433a:   38 10 74 07 48 ff c0 85 c9 75 f3 2b c3 89 44 24
0x00007ffe6909434a:   4c e9 6c fe ff ff 41 bd 10 00 00 00 41 0f ba ec
0x00007ffe6909435a:   0f b8 07 00 00 00 89 44 24 70 45 84 e4 79 13 04
0x00007ffe6909436a:   51 c6 44 24 44 30 88 44 24 45 c7 44 24 48 02 00
0x00007ffe6909437a:   00 00 41 ba 10 00 00 00 e9 4c ff ff ff b8 08 00
0x00007ffe6909438a:   00 00 44 8b d0 45 84 e4 0f 89 3b ff ff ff be 00
0x00007ffe6909439a:   02 00 00 44 0b e6 e9 33 ff ff ff 49 8b 39 49 83
0x00007ffe690943aa:   c3 08 4c 89 5c 24 50 e8 7e f9 ff ff 85 c0 0f 84
0x00007ffe690943ba:   88 05 00 00 41 f6 c4 20 74 06 66 44 89 37 eb 03
0x00007ffe690943ca:   44 89 37 c7 44 24 60 01 00 00 00 e9 24 03 00 00
0x00007ffe690943da:   41 be 40 00 00 00 be 00 02 00 00 45 0b e6 45 8d
0x00007ffe690943ea:   56 ca e9 ed fe ff ff 41 8b c4 41 23 c6 41 f6 c4
0x00007ffe690943fa:   20 74 10 85 c0 74 06 49 0f bf 01 eb 0d 41 0f b7
0x00007ffe6909440a:   01 eb 19 85 c0 74 12 49 63 01 48 85 c0 79 0d 48
0x00007ffe6909441a:   f7 d8 41 0f ba ec 08 eb 03 41 8b 01 41 f7 c4 00
0x00007ffe6909442a:   90 00 00 44 8b c0 4c 0f 45 c0 45 85 ed 79 08 41 


Stack slot to memory mapping:

stack at sp + 0 slots: 0x000002b38c55b090 points into unknown readable memory: 0x6f206c656e72654b | 4b 65 72 6e 65 6c 20 6f
stack at sp + 1 slots: 0x0 is null
stack at sp + 2 slots: 0x0000000000000051 is an unknown value
stack at sp + 3 slots: 0x0 is null
stack at sp + 4 slots: 0x0 is null
stack at sp + 5 slots: 0x0 is null
stack at sp + 6 slots: 0x0 is null
stack at sp + 7 slots: 0x0 is null


---------------  P R O C E S S  ---------------

Threads class SMR info:
_java_thread_list=0x000002b38c354300, length=20, elements={
0x000002b3226266c0, 0x000002b38c022ef0, 0x000002b38c023b40, 0x000002b38c028880,
0x000002b38c02bce0, 0x000002b38c034bf0, 0x000002b38c031770, 0x000002b38c02ff80,
0x000002b38c037e20, 0x000002b38c099a40, 0x000002b38c031e00, 0x000002b38c1aa610,
0x000002b38c1ab0c0, 0x000002b38c1ab760, 0x000002b38c1aca30, 0x000002b38c1b7ae0,
0x000002b38c1b8180, 0x000002b38c033840, 0x000002b38c3fd9a0, 0x000002b30045de80
}

Java Threads: ( => current thread )
=>0x000002b3226266c0 JavaThread "main"                              [_thread_in_native, id=23296, stack(0x000000fddd200000,0x000000fddd300000) (1024K)]
  0x000002b38c022ef0 JavaThread "Reference Handler"          daemon [_thread_blocked, id=2856, stack(0x000000fddda00000,0x000000fdddb00000) (1024K)]
  0x000002b38c023b40 JavaThread "Finalizer"                  daemon [_thread_blocked, id=31124, stack(0x000000fdddb00000,0x000000fdddc00000) (1024K)]
  0x000002b38c028880 JavaThread "Signal Dispatcher"          daemon [_thread_blocked, id=34624, stack(0x000000fdddc00000,0x000000fdddd00000) (1024K)]
  0x000002b38c02bce0 JavaThread "Attach Listener"            daemon [_thread_blocked, id=36660, stack(0x000000fdddd00000,0x000000fddde00000) (1024K)]
  0x000002b38c034bf0 JavaThread "Service Thread"             daemon [_thread_blocked, id=25728, stack(0x000000fddde00000,0x000000fdddf00000) (1024K)]
  0x000002b38c031770 JavaThread "Monitor Deflation Thread"   daemon [_thread_blocked, id=31264, stack(0x000000fdddf00000,0x000000fdde000000) (1024K)]
  0x000002b38c02ff80 JavaThread "JVMCI-native CompilerThread0" daemon [_thread_blocked, id=34696, stack(0x000000fdde000000,0x000000fdde100000) (1024K)]
  0x000002b38c037e20 JavaThread "C1 CompilerThread0"         daemon [_thread_blocked, id=9556, stack(0x000000fdde100000,0x000000fdde200000) (1024K)]
  0x000002b38c099a40 JavaThread "C1 CompilerThread1"         daemon [_thread_blocked, id=26500, stack(0x000000fdde200000,0x000000fdde300000) (1024K)]
  0x000002b38c031e00 JavaThread "Common-Cleaner"             daemon [_thread_blocked, id=29960, stack(0x000000fdde300000,0x000000fdde400000) (1024K)]
  0x000002b38c1aa610 JavaThread "C1 CompilerThread2"         daemon [_thread_blocked, id=9504, stack(0x000000fdde400000,0x000000fdde500000) (1024K)]
  0x000002b38c1ab0c0 JavaThread "C1 CompilerThread3"         daemon [_thread_blocked, id=17840, stack(0x000000fdde500000,0x000000fdde600000) (1024K)]
  0x000002b38c1ab760 JavaThread "C1 CompilerThread4"         daemon [_thread_blocked, id=28664, stack(0x000000fdde600000,0x000000fdde700000) (1024K)]
  0x000002b38c1aca30 JavaThread "C1 CompilerThread5"         daemon [_thread_blocked, id=34360, stack(0x000000fdde700000,0x000000fdde800000) (1024K)]
  0x000002b38c1b7ae0 JavaThread "C1 CompilerThread6"         daemon [_thread_blocked, id=33744, stack(0x000000fdde800000,0x000000fdde900000) (1024K)]
  0x000002b38c1b8180 JavaThread "C1 CompilerThread7"         daemon [_thread_blocked, id=19520, stack(0x000000fdde900000,0x000000fddea00000) (1024K)]
  0x000002b38c033840 JavaThread "Notification Thread"        daemon [_thread_blocked, id=11388, stack(0x000000fddeb00000,0x000000fddec00000) (1024K)]
  0x000002b38c3fd9a0 JavaThread "JVMCI-native CompilerThread1" daemon [_thread_blocked, id=36052, stack(0x000000fddea00000,0x000000fddeb00000) (1024K)]
  0x000002b30045de80 JavaThread "JVMCI-native CompilerThread2" daemon [_thread_blocked, id=35088, stack(0x000000fdded00000,0x000000fddee00000) (1024K)]
Total: 20

Other Threads:
  0x000002b38c004810 VMThread "VM Thread"                           [id=10340, stack(0x000000fddd900000,0x000000fddda00000) (1024K)]
  0x000002b34a399a70 WatcherThread "VM Periodic Task Thread"        [id=21984, stack(0x000000fddd800000,0x000000fddd900000) (1024K)]
  0x000002b3249c4ed0 WorkerThread "GC Thread#0"                     [id=38492, stack(0x000000fddd300000,0x000000fddd400000) (1024K)]
  0x000002b308734a30 WorkerThread "GC Thread#1"                     [id=30856, stack(0x000000fddee00000,0x000000fddef00000) (1024K)]
  0x000002b308734dd0 WorkerThread "GC Thread#2"                     [id=6048, stack(0x000000fddef00000,0x000000fddf000000) (1024K)]
  0x000002b308735170 WorkerThread "GC Thread#3"                     [id=35172, stack(0x000000fddf000000,0x000000fddf100000) (1024K)]
  0x000002b308735510 WorkerThread "GC Thread#4"                     [id=39924, stack(0x000000fddf100000,0x000000fddf200000) (1024K)]
  0x000002b3087358b0 WorkerThread "GC Thread#5"                     [id=37276, stack(0x000000fddf200000,0x000000fddf300000) (1024K)]
  0x000002b308787770 WorkerThread "GC Thread#6"                     [id=10236, stack(0x000000fddf300000,0x000000fddf400000) (1024K)]
  0x000002b308787b10 WorkerThread "GC Thread#7"                     [id=10564, stack(0x000000fddf400000,0x000000fddf500000) (1024K)]
  0x000002b308787eb0 WorkerThread "GC Thread#8"                     [id=39000, stack(0x000000fddf500000,0x000000fddf600000) (1024K)]
  0x000002b308788a60 WorkerThread "GC Thread#9"                     [id=36556, stack(0x000000fddf600000,0x000000fddf700000) (1024K)]
  0x000002b30876a320 WorkerThread "GC Thread#10"                    [id=25372, stack(0x000000fddf700000,0x000000fddf800000) (1024K)]
  0x000002b3089269b0 WorkerThread "GC Thread#11"                    [id=32956, stack(0x000000fddf800000,0x000000fddf900000) (1024K)]
  0x000002b3249d6b40 ConcurrentGCThread "G1 Main Marker"            [id=1512, stack(0x000000fddd400000,0x000000fddd500000) (1024K)]
  0x000002b3249d7550 WorkerThread "G1 Conc#0"                       [id=37020, stack(0x000000fddd500000,0x000000fddd600000) (1024K)]
  0x000002b34a259a40 ConcurrentGCThread "G1 Refine#0"               [id=12616, stack(0x000000fddd600000,0x000000fddd700000) (1024K)]
  0x000002b34a25a4c0 ConcurrentGCThread "G1 Service"                [id=15252, stack(0x000000fddd700000,0x000000fddd800000) (1024K)]
Total: 18

Threads with active compile tasks:
Total: 0

VM state: not at safepoint (normal execution)

VM Mutex/Monitor currently owned by a thread: None

Heap address: 0x0000000602000000, size: 8160 MB, Compressed Oops mode: Zero based, Oop shift amount: 3

CDS archive(s) mapped at: [0x000002b34b000000-0x000002b34bc90000-0x000002b34bc90000), size 13172736, SharedBaseAddress: 0x000002b34b000000, ArchiveRelocationMode: 1.
Compressed class space mapped at: 0x000002b34c000000-0x000002b38c000000, reserved size: 1073741824
Narrow klass base: 0x000002b34b000000, Narrow klass shift: 0, Narrow klass range: 0x100000000

GC Precious Log:
 CardTable entry size: 512
 Card Set container configuration: InlinePtr #cards 4 size 8 Array Of Cards #cards 32 size 80 Howl #buckets 8 coarsen threshold 7372 Howl Bitmap #cards 1024 size 144 coarsen threshold 921 Card regions per heap region 1 cards per card region 8192
 CPUs: 16 total, 16 available
 Memory: 32629M
 Large Page Support: Disabled
 NUMA Support: Disabled
 Compressed Oops: Enabled (Zero based)
 Heap Region Size: 4M
 Heap Min Capacity: 8M
 Heap Initial Capacity: 512M
 Heap Max Capacity: 8160M
 Pre-touch: Disabled
 Parallel Workers: 13
 Concurrent Workers: 3
 Concurrent Refinement Workers: 13
 Periodic GC: Disabled

Heap:
 garbage-first heap   total 524288K, used 8135K [0x0000000602000000, 0x0000000800000000)
  region size 4096K, 2 young (8192K), 1 survivors (4096K)
 Metaspace       used 5755K, committed 5952K, reserved 1114112K
  class space    used 707K, committed 768K, reserved 1048576K

Heap Regions: E=young(eden), S=young(survivor), O=old, HS=humongous(starts), HC=humongous(continues), CS=collection set, F=free, TAMS=top-at-mark-start, PB=parsable bottom
|   0|0x0000000602000000, 0x00000006023f1c18, 0x0000000602400000| 98%| O|  |TAMS 0x0000000602000000| PB 0x0000000602000000| Untracked 
|   1|0x0000000602400000, 0x0000000602400000, 0x0000000602800000|  0%| F|  |TAMS 0x0000000602400000| PB 0x0000000602400000| Untracked 
|   2|0x0000000602800000, 0x0000000602800000, 0x0000000602c00000|  0%| F|  |TAMS 0x0000000602800000| PB 0x0000000602800000| Untracked 
|   3|0x0000000602c00000, 0x0000000602c00000, 0x0000000603000000|  0%| F|  |TAMS 0x0000000602c00000| PB 0x0000000602c00000| Untracked 
|   4|0x0000000603000000, 0x0000000603000000, 0x0000000603400000|  0%| F|  |TAMS 0x0000000603000000| PB 0x0000000603000000| Untracked 
|   5|0x0000000603400000, 0x0000000603400000, 0x0000000603800000|  0%| F|  |TAMS 0x0000000603400000| PB 0x0000000603400000| Untracked 
|   6|0x0000000603800000, 0x0000000603800000, 0x0000000603c00000|  0%| F|  |TAMS 0x0000000603800000| PB 0x0000000603800000| Untracked 
|   7|0x0000000603c00000, 0x0000000603c00000, 0x0000000604000000|  0%| F|  |TAMS 0x0000000603c00000| PB 0x0000000603c00000| Untracked 
|   8|0x0000000604000000, 0x0000000604000000, 0x0000000604400000|  0%| F|  |TAMS 0x0000000604000000| PB 0x0000000604000000| Untracked 
|   9|0x0000000604400000, 0x0000000604400000, 0x0000000604800000|  0%| F|  |TAMS 0x0000000604400000| PB 0x0000000604400000| Untracked 
|  10|0x0000000604800000, 0x0000000604800000, 0x0000000604c00000|  0%| F|  |TAMS 0x0000000604800000| PB 0x0000000604800000| Untracked 
|  11|0x0000000604c00000, 0x0000000604c00000, 0x0000000605000000|  0%| F|  |TAMS 0x0000000604c00000| PB 0x0000000604c00000| Untracked 
|  12|0x0000000605000000, 0x0000000605000000, 0x0000000605400000|  0%| F|  |TAMS 0x0000000605000000| PB 0x0000000605000000| Untracked 
|  13|0x0000000605400000, 0x0000000605400000, 0x0000000605800000|  0%| F|  |TAMS 0x0000000605400000| PB 0x0000000605400000| Untracked 
|  14|0x0000000605800000, 0x0000000605800000, 0x0000000605c00000|  0%| F|  |TAMS 0x0000000605800000| PB 0x0000000605800000| Untracked 
|  15|0x0000000605c00000, 0x0000000605c00000, 0x0000000606000000|  0%| F|  |TAMS 0x0000000605c00000| PB 0x0000000605c00000| Untracked 
|  16|0x0000000606000000, 0x0000000606000000, 0x0000000606400000|  0%| F|  |TAMS 0x0000000606000000| PB 0x0000000606000000| Untracked 
|  17|0x0000000606400000, 0x0000000606400000, 0x0000000606800000|  0%| F|  |TAMS 0x0000000606400000| PB 0x0000000606400000| Untracked 
|  18|0x0000000606800000, 0x0000000606800000, 0x0000000606c00000|  0%| F|  |TAMS 0x0000000606800000| PB 0x0000000606800000| Untracked 
|  19|0x0000000606c00000, 0x0000000606c00000, 0x0000000607000000|  0%| F|  |TAMS 0x0000000606c00000| PB 0x0000000606c00000| Untracked 
|  20|0x0000000607000000, 0x0000000607000000, 0x0000000607400000|  0%| F|  |TAMS 0x0000000607000000| PB 0x0000000607000000| Untracked 
|  21|0x0000000607400000, 0x0000000607400000, 0x0000000607800000|  0%| F|  |TAMS 0x0000000607400000| PB 0x0000000607400000| Untracked 
|  22|0x0000000607800000, 0x0000000607800000, 0x0000000607c00000|  0%| F|  |TAMS 0x0000000607800000| PB 0x0000000607800000| Untracked 
|  23|0x0000000607c00000, 0x0000000607c00000, 0x0000000608000000|  0%| F|  |TAMS 0x0000000607c00000| PB 0x0000000607c00000| Untracked 
|  24|0x0000000608000000, 0x0000000608000000, 0x0000000608400000|  0%| F|  |TAMS 0x0000000608000000| PB 0x0000000608000000| Untracked 
|  25|0x0000000608400000, 0x0000000608400000, 0x0000000608800000|  0%| F|  |TAMS 0x0000000608400000| PB 0x0000000608400000| Untracked 
|  26|0x0000000608800000, 0x0000000608800000, 0x0000000608c00000|  0%| F|  |TAMS 0x0000000608800000| PB 0x0000000608800000| Untracked 
|  27|0x0000000608c00000, 0x0000000608c00000, 0x0000000609000000|  0%| F|  |TAMS 0x0000000608c00000| PB 0x0000000608c00000| Untracked 
|  28|0x0000000609000000, 0x0000000609000000, 0x0000000609400000|  0%| F|  |TAMS 0x0000000609000000| PB 0x0000000609000000| Untracked 
|  29|0x0000000609400000, 0x0000000609400000, 0x0000000609800000|  0%| F|  |TAMS 0x0000000609400000| PB 0x0000000609400000| Untracked 
|  30|0x0000000609800000, 0x0000000609800000, 0x0000000609c00000|  0%| F|  |TAMS 0x0000000609800000| PB 0x0000000609800000| Untracked 
|  31|0x0000000609c00000, 0x0000000609c00000, 0x000000060a000000|  0%| F|  |TAMS 0x0000000609c00000| PB 0x0000000609c00000| Untracked 
|  32|0x000000060a000000, 0x000000060a000000, 0x000000060a400000|  0%| F|  |TAMS 0x000000060a000000| PB 0x000000060a000000| Untracked 
|  33|0x000000060a400000, 0x000000060a400000, 0x000000060a800000|  0%| F|  |TAMS 0x000000060a400000| PB 0x000000060a400000| Untracked 
|  34|0x000000060a800000, 0x000000060a800000, 0x000000060ac00000|  0%| F|  |TAMS 0x000000060a800000| PB 0x000000060a800000| Untracked 
|  35|0x000000060ac00000, 0x000000060ac00000, 0x000000060b000000|  0%| F|  |TAMS 0x000000060ac00000| PB 0x000000060ac00000| Untracked 
|  36|0x000000060b000000, 0x000000060b000000, 0x000000060b400000|  0%| F|  |TAMS 0x000000060b000000| PB 0x000000060b000000| Untracked 
|  37|0x000000060b400000, 0x000000060b400000, 0x000000060b800000|  0%| F|  |TAMS 0x000000060b400000| PB 0x000000060b400000| Untracked 
|  38|0x000000060b800000, 0x000000060b800000, 0x000000060bc00000|  0%| F|  |TAMS 0x000000060b800000| PB 0x000000060b800000| Untracked 
|  39|0x000000060bc00000, 0x000000060bc00000, 0x000000060c000000|  0%| F|  |TAMS 0x000000060bc00000| PB 0x000000060bc00000| Untracked 
|  40|0x000000060c000000, 0x000000060c000000, 0x000000060c400000|  0%| F|  |TAMS 0x000000060c000000| PB 0x000000060c000000| Untracked 
|  41|0x000000060c400000, 0x000000060c400000, 0x000000060c800000|  0%| F|  |TAMS 0x000000060c400000| PB 0x000000060c400000| Untracked 
|  42|0x000000060c800000, 0x000000060c800000, 0x000000060cc00000|  0%| F|  |TAMS 0x000000060c800000| PB 0x000000060c800000| Untracked 
|  43|0x000000060cc00000, 0x000000060cc00000, 0x000000060d000000|  0%| F|  |TAMS 0x000000060cc00000| PB 0x000000060cc00000| Untracked 
|  44|0x000000060d000000, 0x000000060d000000, 0x000000060d400000|  0%| F|  |TAMS 0x000000060d000000| PB 0x000000060d000000| Untracked 
|  45|0x000000060d400000, 0x000000060d400000, 0x000000060d800000|  0%| F|  |TAMS 0x000000060d400000| PB 0x000000060d400000| Untracked 
|  46|0x000000060d800000, 0x000000060d800000, 0x000000060dc00000|  0%| F|  |TAMS 0x000000060d800000| PB 0x000000060d800000| Untracked 
|  47|0x000000060dc00000, 0x000000060dc00000, 0x000000060e000000|  0%| F|  |TAMS 0x000000060dc00000| PB 0x000000060dc00000| Untracked 
|  48|0x000000060e000000, 0x000000060e000000, 0x000000060e400000|  0%| F|  |TAMS 0x000000060e000000| PB 0x000000060e000000| Untracked 
|  49|0x000000060e400000, 0x000000060e400000, 0x000000060e800000|  0%| F|  |TAMS 0x000000060e400000| PB 0x000000060e400000| Untracked 
|  50|0x000000060e800000, 0x000000060e800000, 0x000000060ec00000|  0%| F|  |TAMS 0x000000060e800000| PB 0x000000060e800000| Untracked 
|  51|0x000000060ec00000, 0x000000060ec00000, 0x000000060f000000|  0%| F|  |TAMS 0x000000060ec00000| PB 0x000000060ec00000| Untracked 
|  52|0x000000060f000000, 0x000000060f000000, 0x000000060f400000|  0%| F|  |TAMS 0x000000060f000000| PB 0x000000060f000000| Untracked 
|  53|0x000000060f400000, 0x000000060f400000, 0x000000060f800000|  0%| F|  |TAMS 0x000000060f400000| PB 0x000000060f400000| Untracked 
|  54|0x000000060f800000, 0x000000060f800000, 0x000000060fc00000|  0%| F|  |TAMS 0x000000060f800000| PB 0x000000060f800000| Untracked 
|  55|0x000000060fc00000, 0x000000060fc00000, 0x0000000610000000|  0%| F|  |TAMS 0x000000060fc00000| PB 0x000000060fc00000| Untracked 
|  56|0x0000000610000000, 0x0000000610000000, 0x0000000610400000|  0%| F|  |TAMS 0x0000000610000000| PB 0x0000000610000000| Untracked 
|  57|0x0000000610400000, 0x0000000610400000, 0x0000000610800000|  0%| F|  |TAMS 0x0000000610400000| PB 0x0000000610400000| Untracked 
|  58|0x0000000610800000, 0x0000000610800000, 0x0000000610c00000|  0%| F|  |TAMS 0x0000000610800000| PB 0x0000000610800000| Untracked 
|  59|0x0000000610c00000, 0x0000000610c00000, 0x0000000611000000|  0%| F|  |TAMS 0x0000000610c00000| PB 0x0000000610c00000| Untracked 
|  60|0x0000000611000000, 0x0000000611000000, 0x0000000611400000|  0%| F|  |TAMS 0x0000000611000000| PB 0x0000000611000000| Untracked 
|  61|0x0000000611400000, 0x0000000611400000, 0x0000000611800000|  0%| F|  |TAMS 0x0000000611400000| PB 0x0000000611400000| Untracked 
|  62|0x0000000611800000, 0x0000000611800000, 0x0000000611c00000|  0%| F|  |TAMS 0x0000000611800000| PB 0x0000000611800000| Untracked 
|  63|0x0000000611c00000, 0x0000000611c00000, 0x0000000612000000|  0%| F|  |TAMS 0x0000000611c00000| PB 0x0000000611c00000| Untracked 
|  64|0x0000000612000000, 0x0000000612000000, 0x0000000612400000|  0%| F|  |TAMS 0x0000000612000000| PB 0x0000000612000000| Untracked 
|  65|0x0000000612400000, 0x0000000612400000, 0x0000000612800000|  0%| F|  |TAMS 0x0000000612400000| PB 0x0000000612400000| Untracked 
|  66|0x0000000612800000, 0x0000000612800000, 0x0000000612c00000|  0%| F|  |TAMS 0x0000000612800000| PB 0x0000000612800000| Untracked 
|  67|0x0000000612c00000, 0x0000000612c00000, 0x0000000613000000|  0%| F|  |TAMS 0x0000000612c00000| PB 0x0000000612c00000| Untracked 
|  68|0x0000000613000000, 0x0000000613000000, 0x0000000613400000|  0%| F|  |TAMS 0x0000000613000000| PB 0x0000000613000000| Untracked 
|  69|0x0000000613400000, 0x0000000613400000, 0x0000000613800000|  0%| F|  |TAMS 0x0000000613400000| PB 0x0000000613400000| Untracked 
|  70|0x0000000613800000, 0x0000000613800000, 0x0000000613c00000|  0%| F|  |TAMS 0x0000000613800000| PB 0x0000000613800000| Untracked 
|  71|0x0000000613c00000, 0x0000000613c00000, 0x0000000614000000|  0%| F|  |TAMS 0x0000000613c00000| PB 0x0000000613c00000| Untracked 
|  72|0x0000000614000000, 0x0000000614000000, 0x0000000614400000|  0%| F|  |TAMS 0x0000000614000000| PB 0x0000000614000000| Untracked 
|  73|0x0000000614400000, 0x0000000614400000, 0x0000000614800000|  0%| F|  |TAMS 0x0000000614400000| PB 0x0000000614400000| Untracked 
|  74|0x0000000614800000, 0x0000000614800000, 0x0000000614c00000|  0%| F|  |TAMS 0x0000000614800000| PB 0x0000000614800000| Untracked 
|  75|0x0000000614c00000, 0x0000000614c00000, 0x0000000615000000|  0%| F|  |TAMS 0x0000000614c00000| PB 0x0000000614c00000| Untracked 
|  76|0x0000000615000000, 0x0000000615000000, 0x0000000615400000|  0%| F|  |TAMS 0x0000000615000000| PB 0x0000000615000000| Untracked 
|  77|0x0000000615400000, 0x0000000615400000, 0x0000000615800000|  0%| F|  |TAMS 0x0000000615400000| PB 0x0000000615400000| Untracked 
|  78|0x0000000615800000, 0x0000000615800000, 0x0000000615c00000|  0%| F|  |TAMS 0x0000000615800000| PB 0x0000000615800000| Untracked 
|  79|0x0000000615c00000, 0x0000000615c00000, 0x0000000616000000|  0%| F|  |TAMS 0x0000000615c00000| PB 0x0000000615c00000| Untracked 
|  80|0x0000000616000000, 0x0000000616000000, 0x0000000616400000|  0%| F|  |TAMS 0x0000000616000000| PB 0x0000000616000000| Untracked 
|  81|0x0000000616400000, 0x0000000616400000, 0x0000000616800000|  0%| F|  |TAMS 0x0000000616400000| PB 0x0000000616400000| Untracked 
|  82|0x0000000616800000, 0x0000000616800000, 0x0000000616c00000|  0%| F|  |TAMS 0x0000000616800000| PB 0x0000000616800000| Untracked 
|  83|0x0000000616c00000, 0x0000000616c00000, 0x0000000617000000|  0%| F|  |TAMS 0x0000000616c00000| PB 0x0000000616c00000| Untracked 
|  84|0x0000000617000000, 0x0000000617000000, 0x0000000617400000|  0%| F|  |TAMS 0x0000000617000000| PB 0x0000000617000000| Untracked 
|  85|0x0000000617400000, 0x0000000617400000, 0x0000000617800000|  0%| F|  |TAMS 0x0000000617400000| PB 0x0000000617400000| Untracked 
|  86|0x0000000617800000, 0x0000000617800000, 0x0000000617c00000|  0%| F|  |TAMS 0x0000000617800000| PB 0x0000000617800000| Untracked 
|  87|0x0000000617c00000, 0x0000000617c00000, 0x0000000618000000|  0%| F|  |TAMS 0x0000000617c00000| PB 0x0000000617c00000| Untracked 
|  88|0x0000000618000000, 0x0000000618000000, 0x0000000618400000|  0%| F|  |TAMS 0x0000000618000000| PB 0x0000000618000000| Untracked 
|  89|0x0000000618400000, 0x0000000618400000, 0x0000000618800000|  0%| F|  |TAMS 0x0000000618400000| PB 0x0000000618400000| Untracked 
|  90|0x0000000618800000, 0x0000000618800000, 0x0000000618c00000|  0%| F|  |TAMS 0x0000000618800000| PB 0x0000000618800000| Untracked 
|  91|0x0000000618c00000, 0x0000000618c00000, 0x0000000619000000|  0%| F|  |TAMS 0x0000000618c00000| PB 0x0000000618c00000| Untracked 
|  92|0x0000000619000000, 0x0000000619000000, 0x0000000619400000|  0%| F|  |TAMS 0x0000000619000000| PB 0x0000000619000000| Untracked 
|  93|0x0000000619400000, 0x0000000619400000, 0x0000000619800000|  0%| F|  |TAMS 0x0000000619400000| PB 0x0000000619400000| Untracked 
|  94|0x0000000619800000, 0x0000000619800000, 0x0000000619c00000|  0%| F|  |TAMS 0x0000000619800000| PB 0x0000000619800000| Untracked 
|  95|0x0000000619c00000, 0x0000000619c00000, 0x000000061a000000|  0%| F|  |TAMS 0x0000000619c00000| PB 0x0000000619c00000| Untracked 
|  96|0x000000061a000000, 0x000000061a000000, 0x000000061a400000|  0%| F|  |TAMS 0x000000061a000000| PB 0x000000061a000000| Untracked 
|  97|0x000000061a400000, 0x000000061a400000, 0x000000061a800000|  0%| F|  |TAMS 0x000000061a400000| PB 0x000000061a400000| Untracked 
|  98|0x000000061a800000, 0x000000061a800000, 0x000000061ac00000|  0%| F|  |TAMS 0x000000061a800000| PB 0x000000061a800000| Untracked 
|  99|0x000000061ac00000, 0x000000061ac00000, 0x000000061b000000|  0%| F|  |TAMS 0x000000061ac00000| PB 0x000000061ac00000| Untracked 
| 100|0x000000061b000000, 0x000000061b000000, 0x000000061b400000|  0%| F|  |TAMS 0x000000061b000000| PB 0x000000061b000000| Untracked 
| 101|0x000000061b400000, 0x000000061b400000, 0x000000061b800000|  0%| F|  |TAMS 0x000000061b400000| PB 0x000000061b400000| Untracked 
| 102|0x000000061b800000, 0x000000061b800000, 0x000000061bc00000|  0%| F|  |TAMS 0x000000061b800000| PB 0x000000061b800000| Untracked 
| 103|0x000000061bc00000, 0x000000061bc00000, 0x000000061c000000|  0%| F|  |TAMS 0x000000061bc00000| PB 0x000000061bc00000| Untracked 
| 104|0x000000061c000000, 0x000000061c000000, 0x000000061c400000|  0%| F|  |TAMS 0x000000061c000000| PB 0x000000061c000000| Untracked 
| 105|0x000000061c400000, 0x000000061c400000, 0x000000061c800000|  0%| F|  |TAMS 0x000000061c400000| PB 0x000000061c400000| Untracked 
| 106|0x000000061c800000, 0x000000061c800000, 0x000000061cc00000|  0%| F|  |TAMS 0x000000061c800000| PB 0x000000061c800000| Untracked 
| 107|0x000000061cc00000, 0x000000061cc00000, 0x000000061d000000|  0%| F|  |TAMS 0x000000061cc00000| PB 0x000000061cc00000| Untracked 
| 108|0x000000061d000000, 0x000000061d000000, 0x000000061d400000|  0%| F|  |TAMS 0x000000061d000000| PB 0x000000061d000000| Untracked 
| 109|0x000000061d400000, 0x000000061d400000, 0x000000061d800000|  0%| F|  |TAMS 0x000000061d400000| PB 0x000000061d400000| Untracked 
| 110|0x000000061d800000, 0x000000061d800000, 0x000000061dc00000|  0%| F|  |TAMS 0x000000061d800000| PB 0x000000061d800000| Untracked 
| 111|0x000000061dc00000, 0x000000061dc00000, 0x000000061e000000|  0%| F|  |TAMS 0x000000061dc00000| PB 0x000000061dc00000| Untracked 
| 112|0x000000061e000000, 0x000000061e000000, 0x000000061e400000|  0%| F|  |TAMS 0x000000061e000000| PB 0x000000061e000000| Untracked 
| 113|0x000000061e400000, 0x000000061e400000, 0x000000061e800000|  0%| F|  |TAMS 0x000000061e400000| PB 0x000000061e400000| Untracked 
| 114|0x000000061e800000, 0x000000061e800000, 0x000000061ec00000|  0%| F|  |TAMS 0x000000061e800000| PB 0x000000061e800000| Untracked 
| 115|0x000000061ec00000, 0x000000061ec00000, 0x000000061f000000|  0%| F|  |TAMS 0x000000061ec00000| PB 0x000000061ec00000| Untracked 
| 116|0x000000061f000000, 0x000000061f000000, 0x000000061f400000|  0%| F|  |TAMS 0x000000061f000000| PB 0x000000061f000000| Untracked 
| 117|0x000000061f400000, 0x000000061f400000, 0x000000061f800000|  0%| F|  |TAMS 0x000000061f400000| PB 0x000000061f400000| Untracked 
| 118|0x000000061f800000, 0x000000061f800000, 0x000000061fc00000|  0%| F|  |TAMS 0x000000061f800000| PB 0x000000061f800000| Untracked 
| 119|0x000000061fc00000, 0x000000061fc00000, 0x0000000620000000|  0%| F|  |TAMS 0x000000061fc00000| PB 0x000000061fc00000| Untracked 
| 120|0x0000000620000000, 0x0000000620000000, 0x0000000620400000|  0%| F|  |TAMS 0x0000000620000000| PB 0x0000000620000000| Untracked 
| 121|0x0000000620400000, 0x0000000620800000, 0x0000000620800000|100%| S|CS|TAMS 0x0000000620400000| PB 0x0000000620400000| Complete 
| 122|0x0000000620800000, 0x0000000620800000, 0x0000000620c00000|  0%| F|  |TAMS 0x0000000620800000| PB 0x0000000620800000| Untracked 
| 123|0x0000000620c00000, 0x0000000620c00000, 0x0000000621000000|  0%| F|  |TAMS 0x0000000620c00000| PB 0x0000000620c00000| Untracked 
| 124|0x0000000621000000, 0x0000000621000000, 0x0000000621400000|  0%| F|  |TAMS 0x0000000621000000| PB 0x0000000621000000| Untracked 
| 125|0x0000000621400000, 0x0000000621400000, 0x0000000621800000|  0%| F|  |TAMS 0x0000000621400000| PB 0x0000000621400000| Untracked 
| 126|0x0000000621800000, 0x0000000621800000, 0x0000000621c00000|  0%| F|  |TAMS 0x0000000621800000| PB 0x0000000621800000| Untracked 
| 127|0x0000000621c00000, 0x0000000621e5da78, 0x0000000622000000| 59%| E|  |TAMS 0x0000000621c00000| PB 0x0000000621c00000| Complete 

Card table byte_map: [0x000002b33ef50000,0x000002b33ff40000] _byte_map_base: 0x000002b33bf40000

Marking Bits: (CMBitMap*) 0x000002b3249c54e0
 Bits: [0x000002b33ff40000, 0x000002b347ec0000)

Polling page: 0x000002b3225d0000

Metaspace:

Usage:
  Non-class:      4.93 MB used.
      Class:    707.52 KB used.
       Both:      5.62 MB used.

Virtual space:
  Non-class space:       64.00 MB reserved,       5.06 MB (  8%) committed,  1 nodes.
      Class space:        1.00 GB reserved,     768.00 KB ( <1%) committed,  1 nodes.
             Both:        1.06 GB reserved,       5.81 MB ( <1%) committed. 

Chunk freelists:
   Non-Class:  9.87 MB
       Class:  15.28 MB
        Both:  25.15 MB

MaxMetaspaceSize: unlimited
CompressedClassSpaceSize: 1.00 GB
Initial GC threshold: 21.00 MB
Current GC threshold: 21.00 MB
CDS: on
 - commit_granule_bytes: 65536.
 - commit_granule_words: 8192.
 - virtual_space_node_default_size: 8388608.
 - enlarge_chunks_in_place: 1.
 - use_allocation_guard: 0.


Internal statistics:

num_allocs_failed_limit: 0.
num_arena_births: 56.
num_arena_deaths: 0.
num_vsnodes_births: 2.
num_vsnodes_deaths: 0.
num_space_committed: 93.
num_space_uncommitted: 0.
num_chunks_returned_to_freelist: 0.
num_chunks_taken_from_freelist: 173.
num_chunk_merges: 0.
num_chunk_splits: 119.
num_chunks_enlarged: 87.
num_inconsistent_stats: 0.

CodeHeap 'non-profiled nmethods': size=117760Kb used=542Kb max_used=542Kb free=117217Kb
 bounds [0x000002b3363d0000, 0x000002b336640000, 0x000002b33d6d0000]
CodeHeap 'profiled nmethods': size=117760Kb used=2775Kb max_used=2775Kb free=114984Kb
 bounds [0x000002b32e6d0000, 0x000002b32e990000, 0x000002b3359d0000]
CodeHeap 'non-nmethods': size=10240Kb used=5369Kb max_used=5893Kb free=4870Kb
 bounds [0x000002b3359d0000, 0x000002b335fa0000, 0x000002b3363d0000]
 total_blobs=1826 nmethods=1328 adapters=397
 compilation: enabled
              stopped_count=0, restarted_count=0
 full_count=0

JVMCI Events (20 events):
Event: 1.035 Thread 0x000002b30045de80 compacted oop handles in JVMCI runtime 1 from 84 to 79
Event: 1.038 Thread 0x000002b38c3fd9a0 compacted oop handles in JVMCI runtime 2 from 79 to 78
Event: 1.050 Thread 0x000002b30045de80 compacted oop handles in JVMCI runtime 1 from 125 to 108
Event: 1.054 Thread 0x000002b38c02ff80 compacted oop handles in JVMCI runtime 0 from 163 to 140
Event: 1.054 Thread 0x000002b38c02ff80 compacted oop handles in JVMCI runtime 0 from 141 to 87
Event: 1.080 Thread 0x000002b30045de80 compacted oop handles in JVMCI runtime 1 from 133 to 72
Event: 1.084 Thread 0x000002b38c02ff80 compacted oop handles in JVMCI runtime 0 from 99 to 56
Event: 1.091 Thread 0x000002b30045de80 compacted oop handles in JVMCI runtime 1 from 87 to 83
Event: 1.103 Thread 0x000002b38c3fd9a0 compacted oop handles in JVMCI runtime 2 from 102 to 100
Event: 1.109 Thread 0x000002b38c3fd9a0 compacted oop handles in JVMCI runtime 2 from 101 to 50
Event: 1.109 Thread 0x000002b38c02ff80 compacted oop handles in JVMCI runtime 0 from 65 to 63
Event: 1.118 Thread 0x000002b38c3fd9a0 compacted oop handles in JVMCI runtime 2 from 56 to 54
Event: 1.127 Thread 0x000002b30045de80 compacted oop handles in JVMCI runtime 1 from 98 to 95
Event: 1.129 Thread 0x000002b38c02ff80 compacted oop handles in JVMCI runtime 0 from 89 to 88
Event: 1.134 Thread 0x000002b30045de80 compacted oop handles in JVMCI runtime 1 from 96 to 62
Event: 1.150 Thread 0x000002b30045de80 compacted oop handles in JVMCI runtime 1 from 74 to 69
Event: 1.162 Thread 0x000002b38c3fd9a0 compacted oop handles in JVMCI runtime 2 from 73 to 71
Event: 1.172 Thread 0x000002b30045de80 compacted oop handles in JVMCI runtime 1 from 85 to 77
Event: 1.243 Thread 0x000002b38c02ff80 compacted oop handles in JVMCI runtime 0 from 102 to 61
Event: 1.248 Thread 0x000002b38c02ff80 compacted oop handles in JVMCI runtime 0 from 89 to 85

Compilation events (20 events):
Event: 1.244 Thread 0x000002b38c1ab0c0 nmethod 1319 0x000002b336455010 code [0x000002b3364551a0, 0x000002b336455270]
Event: 1.244 Thread 0x000002b38c099a40 nmethod 1321 0x000002b32e944390 code [0x000002b32e944560, 0x000002b32e944bc0]
Event: 1.248 Thread 0x000002b38c3fd9a0 nmethod 1294 0x000002b336455310 code [0x000002b336455520, 0x000002b336456138]
Event: 1.248 Thread 0x000002b38c02ff80 nmethod 1320 0x000002b336456590 code [0x000002b336456780, 0x000002b336457118]
Event: 1.252 Thread 0x000002b38c1aa610 1322       3       java.lang.invoke.LambdaForm::parameterType (9 bytes)
Event: 1.252 Thread 0x000002b38c1ab0c0 1323       3       java.lang.invoke.LambdaForm$NamedFunction::methodType (28 bytes)
Event: 1.252 Thread 0x000002b38c1aa610 nmethod 1322 0x000002b32e944e10 code [0x000002b32e944fc0, 0x000002b32e945120]
Event: 1.252 Thread 0x000002b38c1ab0c0 nmethod 1323 0x000002b32e945210 code [0x000002b32e9453e0, 0x000002b32e945860]
Event: 1.253 Thread 0x000002b38c1b8180 1325       3       jdk.internal.org.objectweb.asm.SymbolTable::addConstantNameAndType (137 bytes)
Event: 1.253 Thread 0x000002b38c099a40 1326       3       jdk.internal.org.objectweb.asm.SymbolTable$Entry::<init> (20 bytes)
Event: 1.253 Thread 0x000002b38c099a40 nmethod 1326 0x000002b32e945990 code [0x000002b32e945b40, 0x000002b32e945c98]
Event: 1.253 Thread 0x000002b38c1b7ae0 1327       1       jdk.internal.util.ClassFileDumper::isEnabled (5 bytes)
Event: 1.253 Thread 0x000002b38c1aca30 1328       3       java.lang.invoke.LambdaForm$Name::<init> (66 bytes)
Event: 1.253 Thread 0x000002b38c1aa610 1329       3       jdk.internal.org.objectweb.asm.MethodWriter::visitLabel (330 bytes)
Event: 1.253 Thread 0x000002b38c1b7ae0 nmethod 1327 0x000002b336457790 code [0x000002b336457920, 0x000002b3364579f0]
Event: 1.254 Thread 0x000002b38c1b8180 nmethod 1325 0x000002b32e945d90 code [0x000002b32e946000, 0x000002b32e946740]
Event: 1.254 Thread 0x000002b38c1aca30 nmethod 1328 0x000002b32e946b90 code [0x000002b32e946d40, 0x000002b32e947018]
Event: 1.254 Thread 0x000002b38c037e20 1330       3       java.lang.invoke.MethodHandleNatives::refKindIsField (32 bytes)
Event: 1.254 Thread 0x000002b38c037e20 nmethod 1330 0x000002b32e947110 code [0x000002b32e9472a0, 0x000002b32e9473f8]
Event: 1.254 Thread 0x000002b38c1aa610 nmethod 1329 0x000002b32e947490 code [0x000002b32e947720, 0x000002b32e9484f0]

GC Heap History (2 events):
Event: 1.152 GC heap before
{Heap before GC invocations=0 (full 0):
 garbage-first heap   total 524288K, used 24576K [0x0000000602000000, 0x0000000800000000)
  region size 4096K, 6 young (24576K), 0 survivors (0K)
 Metaspace       used 5436K, committed 5568K, reserved 1114112K
  class space    used 693K, committed 768K, reserved 1048576K
}
Event: 1.156 GC heap after
{Heap after GC invocations=1 (full 0):
 garbage-first heap   total 524288K, used 8135K [0x0000000602000000, 0x0000000800000000)
  region size 4096K, 1 young (4096K), 1 survivors (4096K)
 Metaspace       used 5436K, committed 5568K, reserved 1114112K
  class space    used 693K, committed 768K, reserved 1048576K
}

Dll operation events (10 events):
Event: 0.007 Loaded shared library C:\Users\Lukas\.jdks\graalvm-jdk-21.0.7\bin\java.dll
Event: 0.029 Loaded shared library C:\Users\Lukas\.jdks\graalvm-jdk-21.0.7\bin\jsvml.dll
Event: 0.064 Loaded shared library C:\Users\Lukas\.jdks\graalvm-jdk-21.0.7\bin\jvmcicompiler.dll
Event: 0.068 Loaded shared library C:\Users\Lukas\.jdks\graalvm-jdk-21.0.7\bin\net.dll
Event: 0.069 Loaded shared library C:\Users\Lukas\.jdks\graalvm-jdk-21.0.7\bin\nio.dll
Event: 0.073 Loaded shared library C:\Users\Lukas\.jdks\graalvm-jdk-21.0.7\bin\zip.dll
Event: 0.081 Loaded shared library C:\Users\Lukas\.jdks\graalvm-jdk-21.0.7\bin\jimage.dll
Event: 0.201 Loaded shared library C:\Users\Lukas\AppData\Local\Temp\Aparapi15649232034820690698\libgcc_s_seh-1.dll
Event: 0.684 Loaded shared library C:\Users\Lukas\AppData\Local\Temp\Aparapi13639084977090169012\libstdc++-6.dll
Event: 0.772 Loaded shared library C:\Users\Lukas\AppData\Local\Temp\Aparapi10551676334474096299\libaparapi.dll

Deoptimization events (20 events):
Event: 1.148 Thread 0x000002b3226266c0 Uncommon trap: trap_request=0xffffffed fr.pc=0x000002b3364342c8 relative=0x00000000000020e8
Event: 1.148 Thread 0x000002b3226266c0 Uncommon trap: reason=null_assert_or_unreached0 action=reinterpret pc=0x000002b3364342c8 method=java.util.HashMap.putVal(ILjava/lang/Object;Ljava/lang/Object;ZZ)Ljava/lang/Object; @ 134 jvmci
Event: 1.148 Thread 0x000002b3226266c0 DEOPT PACKING pc=0x000002b3364342c8 sp=0x000000fddd2fe440
Event: 1.148 Thread 0x000002b3226266c0 DEOPT UNPACKING pc=0x000002b335a24c43 sp=0x000000fddd2fd888 mode 3
Event: 1.150 Thread 0x000002b3226266c0 Uncommon trap: trap_request=0xffffffed fr.pc=0x000002b33643135c relative=0x0000000000000b1c
Event: 1.150 Thread 0x000002b3226266c0 Uncommon trap: reason=null_assert_or_unreached0 action=reinterpret pc=0x000002b33643135c method=java.util.HashMap.putVal(ILjava/lang/Object;Ljava/lang/Object;ZZ)Ljava/lang/Object; @ 134 jvmci
Event: 1.150 Thread 0x000002b3226266c0 DEOPT PACKING pc=0x000002b33643135c sp=0x000000fddd2fe3c0
Event: 1.150 Thread 0x000002b3226266c0 DEOPT UNPACKING pc=0x000002b335a24c43 sp=0x000000fddd2fd890 mode 3
Event: 1.156 Thread 0x000002b38c022ef0 Uncommon trap: trap_request=0xffffffed fr.pc=0x000002b33641db5a relative=0x000000000000005a
Event: 1.156 Thread 0x000002b38c022ef0 Uncommon trap: reason=null_assert_or_unreached0 action=reinterpret pc=0x000002b33641db5a method=java.util.concurrent.locks.AbstractQueuedSynchronizer.signalNext(Ljava/util/concurrent/locks/AbstractQueuedSynchronizer$Node;)V @ 0 jvmci
Event: 1.156 Thread 0x000002b38c022ef0 DEOPT PACKING pc=0x000002b33641db5a sp=0x000000fdddafefa0
Event: 1.156 Thread 0x000002b38c022ef0 DEOPT UNPACKING pc=0x000002b335a24c43 sp=0x000000fdddafe438 mode 3
Event: 1.156 Thread 0x000002b38c022ef0 Uncommon trap: trap_request=0xffffffed fr.pc=0x000002b33641b948 relative=0x00000000000001a8
Event: 1.156 Thread 0x000002b38c022ef0 Uncommon trap: reason=null_assert_or_unreached0 action=reinterpret pc=0x000002b33641b948 method=java.util.concurrent.locks.AbstractQueuedSynchronizer.compareAndSetState(II)Z @ 12 jvmci
Event: 1.156 Thread 0x000002b38c022ef0 DEOPT PACKING pc=0x000002b33641b948 sp=0x000000fdddafefa0
Event: 1.156 Thread 0x000002b38c022ef0 DEOPT UNPACKING pc=0x000002b335a24c43 sp=0x000000fdddafe3b8 mode 3
Event: 1.158 Thread 0x000002b3226266c0 Uncommon trap: trap_request=0xfffffff5 fr.pc=0x000002b33644befb relative=0x000000000000011b
Event: 1.158 Thread 0x000002b3226266c0 Uncommon trap: reason=null_check action=reinterpret pc=0x000002b33644befb method=java.lang.reflect.Executable.declaredAnnotations()Ljava/util/Map; @ 13 jvmci
Event: 1.158 Thread 0x000002b3226266c0 DEOPT PACKING pc=0x000002b33644befb sp=0x000000fddd2fe770
Event: 1.158 Thread 0x000002b3226266c0 DEOPT UNPACKING pc=0x000002b335a24c43 sp=0x000000fddd2fdbb0 mode 3

Classes loaded (20 events):
Event: 1.069 Loading class java/lang/reflect/InvocationTargetException
Event: 1.069 Loading class java/lang/reflect/InvocationTargetException done
Event: 1.113 Loading class sun/invoke/util/ValueConversions$1
Event: 1.113 Loading class sun/invoke/util/ValueConversions$1 done
Event: 1.113 Loading class java/lang/invoke/BoundMethodHandle$Species_LI
Event: 1.113 Loading class java/lang/invoke/BoundMethodHandle$Species_LI done
Event: 1.131 Loading class java/util/LinkedList
Event: 1.131 Loading class java/util/AbstractSequentialList
Event: 1.131 Loading class java/util/AbstractSequentialList done
Event: 1.131 Loading class java/util/LinkedList done
Event: 1.133 Loading class java/util/LinkedList$Node
Event: 1.133 Loading class java/util/LinkedList$Node done
Event: 1.149 Loading class java/lang/reflect/UndeclaredThrowableException
Event: 1.149 Loading class java/lang/reflect/UndeclaredThrowableException done
Event: 1.237 Loading class java/util/Stack
Event: 1.237 Loading class java/util/Vector
Event: 1.238 Loading class java/util/Vector done
Event: 1.238 Loading class java/util/Stack done
Event: 1.238 Loading class java/util/Vector$Itr
Event: 1.238 Loading class java/util/Vector$Itr done

Classes unloaded (0 events):
No events

Classes redefined (0 events):
No events

Internal exceptions (11 events):
Event: 0.108 Thread 0x000002b38c02ff80 Exception <a 'java/lang/NoSuchMethodError'{0x000000062157d058}: 'java.lang.Object java.lang.invoke.Invokers$Holder.invokeExact_MT(java.lang.Object, java.lang.Object, java.lang.Object, java.lang.Object, java.lang.Object, java.lang.Object)'> (0x000000062157d058) 
thrown [s\open\src\hotspot\share\interpreter\linkResolver.cpp, line 773]
Event: 0.143 Thread 0x000002b3226266c0 Exception <a 'java/lang/NoSuchMethodError'{0x0000000621631b60}: 'java.lang.Object java.lang.invoke.DirectMethodHandle$Holder.invokeStaticInit(java.lang.Object, int, int, int, int)'> (0x0000000621631b60) 
thrown [s\open\src\hotspot\share\interpreter\linkResolver.cpp, line 773]
Event: 0.159 Thread 0x000002b3226266c0 Exception <a 'java/lang/NoSuchMethodError'{0x000000062167c960}: 'java.lang.Object java.lang.invoke.DirectMethodHandle$Holder.invokeStaticInit(java.lang.Object, java.lang.Object, int, int, int, int)'> (0x000000062167c960) 
thrown [s\open\src\hotspot\share\interpreter\linkResolver.cpp, line 773]
Event: 0.918 Thread 0x000002b3226266c0 Exception <a 'java/lang/NoSuchMethodError'{0x00000006217b4988}: 'int java.lang.invoke.DirectMethodHandle$Holder.invokeStaticInit(java.lang.Object, java.lang.Object, java.lang.Object)'> (0x00000006217b4988) 
thrown [s\open\src\hotspot\share\interpreter\linkResolver.cpp, line 773]
Event: 1.112 Thread 0x000002b3226266c0 Exception <a 'java/lang/NoSuchMethodError'{0x00000006209791d8}: 'java.lang.Object java.lang.invoke.DirectMethodHandle$Holder.newInvokeSpecial(java.lang.Object, java.lang.Object, java.lang.Object, int)'> (0x00000006209791d8) 
thrown [s\open\src\hotspot\share\interpreter\linkResolver.cpp, line 773]
Event: 1.113 Thread 0x000002b3226266c0 Exception <a 'java/lang/NoSuchMethodError'{0x000000062097e050}: 'int java.lang.invoke.DirectMethodHandle$Holder.invokeSpecial(java.lang.Object, java.lang.Object, java.lang.Object, int)'> (0x000000062097e050) 
thrown [s\open\src\hotspot\share\interpreter\linkResolver.cpp, line 773]
Event: 1.115 Thread 0x000002b3226266c0 Exception <a 'java/lang/NoSuchMethodError'{0x00000006209903d8}: 'java.lang.Object java.lang.invoke.DirectMethodHandle$Holder.invokeStatic(java.lang.Object, java.lang.Object, java.lang.Object, java.lang.Object, int)'> (0x00000006209903d8) 
thrown [s\open\src\hotspot\share\interpreter\linkResolver.cpp, line 773]
Event: 1.116 Thread 0x000002b3226266c0 Exception <a 'java/lang/NoSuchMethodError'{0x0000000620997f78}: 'java.lang.Object java.lang.invoke.DirectMethodHandle$Holder.invokeSpecial(java.lang.Object, java.lang.Object, java.lang.Object, java.lang.Object, int)'> (0x0000000620997f78) 
thrown [s\open\src\hotspot\share\interpreter\linkResolver.cpp, line 773]
Event: 1.117 Thread 0x000002b3226266c0 Exception <a 'java/lang/NoSuchMethodError'{0x000000062099ffc8}: 'int java.lang.invoke.DirectMethodHandle$Holder.invokeSpecial(java.lang.Object, java.lang.Object, java.lang.Object)'> (0x000000062099ffc8) 
thrown [s\open\src\hotspot\share\interpreter\linkResolver.cpp, line 773]
Event: 1.119 Thread 0x000002b3226266c0 Exception <a 'java/lang/NoSuchMethodError'{0x00000006209abd98}: 'java.lang.Object java.lang.invoke.Invokers$Holder.invokeExact_MT(java.lang.Object, java.lang.Object, java.lang.Object, java.lang.Object, java.lang.Object)'> (0x00000006209abd98) 
thrown [s\open\src\hotspot\share\interpreter\linkResolver.cpp, line 773]
Event: 1.158 Thread 0x000002b3226266c0 Implicit null exception at 0x000002b33644befb to 0x000002b335a24870

ZGC Phase Switch (0 events):
No events

VM Operations (20 events):
Event: 0.088 Executing VM operation: HandshakeAllThreads (Deoptimize)
Event: 0.088 Executing VM operation: HandshakeAllThreads (Deoptimize) done
Event: 0.900 Executing VM operation: HandshakeAllThreads (Deoptimize)
Event: 0.900 Executing VM operation: HandshakeAllThreads (Deoptimize) done
Event: 0.900 Executing VM operation: HandshakeAllThreads (Deoptimize)
Event: 0.900 Executing VM operation: HandshakeAllThreads (Deoptimize) done
Event: 0.923 Executing VM operation: HandshakeAllThreads (Deoptimize)
Event: 0.923 Executing VM operation: HandshakeAllThreads (Deoptimize) done
Event: 0.932 Executing VM operation: HandshakeAllThreads (Deoptimize)
Event: 0.932 Executing VM operation: HandshakeAllThreads (Deoptimize) done
Event: 0.986 Executing VM operation: HandshakeAllThreads (Deoptimize)
Event: 0.986 Executing VM operation: HandshakeAllThreads (Deoptimize) done
Event: 1.132 Executing VM operation: HandshakeAllThreads (Deoptimize)
Event: 1.132 Executing VM operation: HandshakeAllThreads (Deoptimize) done
Event: 1.132 Executing VM operation: Cleanup
Event: 1.132 Executing VM operation: Cleanup done
Event: 1.140 Executing VM operation: HandshakeAllThreads (Deoptimize)
Event: 1.140 Executing VM operation: HandshakeAllThreads (Deoptimize) done
Event: 1.152 Executing VM operation: G1CollectForAllocation (G1 Evacuation Pause)
Event: 1.156 Executing VM operation: G1CollectForAllocation (G1 Evacuation Pause) done

Events (20 events):
Event: 0.027 Thread 0x000002b38c031770 Thread added: 0x000002b38c031770
Event: 0.027 Thread 0x000002b38c02ff80 Thread added: 0x000002b38c02ff80
Event: 0.027 Thread 0x000002b38c037e20 Thread added: 0x000002b38c037e20
Event: 0.029 Thread 0x000002b38c099a40 Thread added: 0x000002b38c099a40
Event: 0.044 Thread 0x000002b38c031e00 Thread added: 0x000002b38c031e00
Event: 0.048 Thread 0x000002b38c1aa610 Thread added: 0x000002b38c1aa610
Event: 0.049 Thread 0x000002b38c1ab0c0 Thread added: 0x000002b38c1ab0c0
Event: 0.050 Thread 0x000002b38c1ab760 Thread added: 0x000002b38c1ab760
Event: 0.050 Thread 0x000002b38c1aca30 Thread added: 0x000002b38c1aca30
Event: 0.051 Thread 0x000002b38c1b7ae0 Thread added: 0x000002b38c1b7ae0
Event: 0.051 Thread 0x000002b38c1b8180 Thread added: 0x000002b38c1b8180
Event: 0.052 Thread 0x000002b38c1b8c30 Thread added: 0x000002b38c1b8c30
Event: 0.058 Thread 0x000002b38c033840 Thread added: 0x000002b38c033840
Event: 0.119 Thread 0x000002b38c3556d0 Thread added: 0x000002b38c3556d0
Event: 0.119 Thread 0x000002b38c355d70 Thread added: 0x000002b38c355d70
Event: 0.687 Thread 0x000002b38c3556d0 Thread exited: 0x000002b38c3556d0
Event: 0.687 Thread 0x000002b38c355d70 Thread exited: 0x000002b38c355d70
Event: 0.884 Thread 0x000002b38c1b8c30 Thread exited: 0x000002b38c1b8c30
Event: 0.912 Thread 0x000002b38c3fd9a0 Thread added: 0x000002b38c3fd9a0
Event: 0.912 Thread 0x000002b30045de80 Thread added: 0x000002b30045de80


Dynamic libraries:
0x00007ff6c0610000 - 0x00007ff6c0620000 	C:\Users\Lukas\.jdks\graalvm-jdk-21.0.7\bin\java.exe
0x00007ffe6aea0000 - 0x00007ffe6b107000 	C:\WINDOWS\SYSTEM32\ntdll.dll
0x00007ffe695d0000 - 0x00007ffe69699000 	C:\WINDOWS\System32\KERNEL32.DLL
0x00007ffe68210000 - 0x00007ffe68600000 	C:\WINDOWS\System32\KERNELBASE.dll
0x00007ffe68830000 - 0x00007ffe6897b000 	C:\WINDOWS\System32\ucrtbase.dll
0x00007ffe5bd50000 - 0x00007ffe5bd69000 	C:\Users\Lukas\.jdks\graalvm-jdk-21.0.7\bin\jli.dll
0x00007ffe43b30000 - 0x00007ffe43b4b000 	C:\Users\Lukas\.jdks\graalvm-jdk-21.0.7\bin\VCRUNTIME140.dll
0x00007ffe6a500000 - 0x00007ffe6a5b4000 	C:\WINDOWS\System32\ADVAPI32.dll
0x00007ffe69040000 - 0x00007ffe690e9000 	C:\WINDOWS\System32\msvcrt.dll
0x00007ffe68c30000 - 0x00007ffe68cd6000 	C:\WINDOWS\System32\sechost.dll
0x00007ffe698b0000 - 0x00007ffe699c8000 	C:\WINDOWS\System32\RPCRT4.dll
0x00007ffe690f0000 - 0x00007ffe692b5000 	C:\WINDOWS\System32\USER32.dll
0x00007ffe483c0000 - 0x00007ffe4865a000 	C:\WINDOWS\WinSxS\amd64_microsoft.windows.common-controls_6595b64144ccf1df_6.0.26100.4768_none_3e0c112ce331287c\COMCTL32.dll
0x00007ffe68060000 - 0x00007ffe68087000 	C:\WINDOWS\System32\win32u.dll
0x00007ffe69c40000 - 0x00007ffe69c6b000 	C:\WINDOWS\System32\GDI32.dll
0x00007ffe68af0000 - 0x00007ffe68c28000 	C:\WINDOWS\System32\gdi32full.dll
0x00007ffe68a40000 - 0x00007ffe68ae3000 	C:\WINDOWS\System32\msvcp_win.dll
0x00007ffe60e30000 - 0x00007ffe60e3b000 	C:\WINDOWS\SYSTEM32\VERSION.dll
0x00007ffe6a4c0000 - 0x00007ffe6a4ef000 	C:\WINDOWS\System32\IMM32.DLL
0x00007ffe5aec0000 - 0x00007ffe5aecc000 	C:\Users\Lukas\.jdks\graalvm-jdk-21.0.7\bin\vcruntime140_1.dll
0x00007ffe1f340000 - 0x00007ffe1f3ce000 	C:\Users\Lukas\.jdks\graalvm-jdk-21.0.7\bin\msvcp140.dll
0x00007ffd87f00000 - 0x00007ffd88c24000 	C:\Users\Lukas\.jdks\graalvm-jdk-21.0.7\bin\server\jvm.dll
0x00007ffe68dd0000 - 0x00007ffe68e44000 	C:\WINDOWS\System32\WS2_32.dll
0x00007ffe67c90000 - 0x00007ffe67cee000 	C:\WINDOWS\SYSTEM32\POWRPROF.dll
0x00007ffe5bb20000 - 0x00007ffe5bb55000 	C:\WINDOWS\SYSTEM32\WINMM.dll
0x00007ffe67c70000 - 0x00007ffe67c84000 	C:\WINDOWS\SYSTEM32\UMPDC.dll
0x00007ffe66d10000 - 0x00007ffe66d2b000 	C:\WINDOWS\SYSTEM32\kernel.appcore.dll
0x00007ffe569a0000 - 0x00007ffe569aa000 	C:\Users\Lukas\.jdks\graalvm-jdk-21.0.7\bin\jimage.dll
0x00007ffe657a0000 - 0x00007ffe659e1000 	C:\WINDOWS\SYSTEM32\DBGHELP.DLL
0x00007ffe6a5c0000 - 0x00007ffe6a945000 	C:\WINDOWS\System32\combase.dll
0x00007ffe68ce0000 - 0x00007ffe68dc0000 	C:\WINDOWS\System32\OLEAUT32.dll
0x00007ffe4d990000 - 0x00007ffe4d9d3000 	C:\WINDOWS\SYSTEM32\dbgcore.DLL
0x00007ffe68790000 - 0x00007ffe68829000 	C:\WINDOWS\System32\bcryptPrimitives.dll
0x00007ffe34bf0000 - 0x00007ffe34c0f000 	C:\Users\Lukas\.jdks\graalvm-jdk-21.0.7\bin\java.dll
0x00007ffe69d70000 - 0x00007ffe6a4bd000 	C:\WINDOWS\System32\SHELL32.dll
0x00007ffe68610000 - 0x00007ffe68783000 	C:\WINDOWS\System32\wintypes.dll
0x00007ffe65b90000 - 0x00007ffe663f0000 	C:\WINDOWS\SYSTEM32\windows.storage.dll
0x00007ffe69c70000 - 0x00007ffe69d65000 	C:\WINDOWS\System32\SHCORE.dll
0x00007ffe694f0000 - 0x00007ffe6955a000 	C:\WINDOWS\System32\shlwapi.dll
0x00007ffe67ef0000 - 0x00007ffe67f19000 	C:\WINDOWS\SYSTEM32\profapi.dll
0x00007ffe1d8e0000 - 0x00007ffe1d9b7000 	C:\Users\Lukas\.jdks\graalvm-jdk-21.0.7\bin\jsvml.dll
0x00007ffd751c0000 - 0x00007ffd781e9000 	C:\Users\Lukas\.jdks\graalvm-jdk-21.0.7\bin\jvmcicompiler.dll
0x00007ffe699d0000 - 0x00007ffe699d8000 	C:\WINDOWS\System32\PSAPI.DLL
0x00007ffe67320000 - 0x00007ffe6734b000 	C:\WINDOWS\SYSTEM32\USERENV.dll
0x00007ffe68090000 - 0x00007ffe68207000 	C:\WINDOWS\System32\CRYPT32.dll
0x00007ffe677c0000 - 0x00007ffe677f0000 	C:\WINDOWS\SYSTEM32\ncrypt.dll
0x00007ffe66700000 - 0x00007ffe66733000 	C:\WINDOWS\SYSTEM32\IPHLPAPI.DLL
0x00007ffe67280000 - 0x00007ffe672eb000 	C:\WINDOWS\SYSTEM32\MSWSOCK.dll
0x00007ffe67770000 - 0x00007ffe677af000 	C:\WINDOWS\SYSTEM32\NTASN1.dll
0x00007ffe4ecb0000 - 0x00007ffe4ecc0000 	C:\Users\Lukas\.jdks\graalvm-jdk-21.0.7\bin\net.dll
0x00007ffe60070000 - 0x00007ffe6018e000 	C:\WINDOWS\SYSTEM32\WINHTTP.dll
0x00007ffe31620000 - 0x00007ffe31636000 	C:\Users\Lukas\.jdks\graalvm-jdk-21.0.7\bin\nio.dll
0x00007ffe336f0000 - 0x00007ffe33708000 	C:\Users\Lukas\.jdks\graalvm-jdk-21.0.7\bin\zip.dll
0x00007ffe67660000 - 0x00007ffe6767b000 	C:\WINDOWS\SYSTEM32\CRYPTSP.dll
0x00007ffe66c70000 - 0x00007ffe66cab000 	C:\WINDOWS\system32\rsaenh.dll
0x00007ffe67ec0000 - 0x00007ffe67ee6000 	C:\WINDOWS\SYSTEM32\bcrypt.dll
0x00007ffe674c0000 - 0x00007ffe674cc000 	C:\WINDOWS\SYSTEM32\CRYPTBASE.dll
0x00007ffe695c0000 - 0x00007ffe695ca000 	C:\WINDOWS\System32\NSI.dll
0x0000000061440000 - 0x000000006156b000 	C:\Users\Lukas\AppData\Local\Temp\Aparapi15649232034820690698\libgcc_s_seh-1.dll
0x000000006fc40000 - 0x00000000714f5000 	C:\Users\Lukas\AppData\Local\Temp\Aparapi13639084977090169012\libstdc++-6.dll
0x0000000064500000 - 0x0000000064945000 	C:\Users\Lukas\AppData\Local\Temp\Aparapi10551676334474096299\libaparapi.dll
0x00007ffe1b610000 - 0x00007ffe1b686000 	C:\WINDOWS\SYSTEM32\OpenCL.dll
0x00007ffe699e0000 - 0x00007ffe69b80000 	C:\WINDOWS\System32\ole32.dll
0x00007ffe67b90000 - 0x00007ffe67be7000 	C:\WINDOWS\SYSTEM32\CFGMGR32.dll
0x00007ffe64f50000 - 0x00007ffe64f9d000 	C:\WINDOWS\SYSTEM32\dxcore.dll
0x00007ffe53040000 - 0x00007ffe5305a000 	C:\WINDOWS\SYSTEM32\windows.staterepositorycore.dll
0x00007ffe65010000 - 0x00007ffe6514e000 	C:\WINDOWS\SYSTEM32\dxgi.dll
0x00007ffe64fa0000 - 0x00007ffe6500a000 	C:\WINDOWS\SYSTEM32\directxdatabasehelper.dll
0x00007ffd72fa0000 - 0x00007ffd751c0000 	C:\WINDOWS\System32\DriverStore\FileRepository\nv_dispi.inf_amd64_ed7df476d41060e6\nvopencl64.dll
0x00007ffe676d0000 - 0x00007ffe676e3000 	C:\WINDOWS\SYSTEM32\msasn1.dll
0x00007ffe60940000 - 0x00007ffe6097b000 	C:\WINDOWS\SYSTEM32\cryptnet.dll
0x00007ffe67560000 - 0x00007ffe675cb000 	C:\WINDOWS\SYSTEM32\wldp.dll
0x00007ffe606b0000 - 0x00007ffe6082c000 	C:\WINDOWS\SYSTEM32\drvstore.dll
0x00007ffe67bf0000 - 0x00007ffe67c1d000 	C:\WINDOWS\SYSTEM32\devobj.dll
0x00007ffdb3330000 - 0x00007ffdb38b5000 	C:\WINDOWS\SYSTEM32\nvapi64.dll
0x00007ffe6a950000 - 0x00007ffe6add6000 	C:\WINDOWS\System32\SETUPAPI.dll
0x00007ffe0a860000 - 0x00007ffe0a8f7000 	C:\WINDOWS\System32\DriverStore\FileRepository\nv_dispi.inf_amd64_ed7df476d41060e6\nvdxgdmal64.dll
0x00007ffdc7aa0000 - 0x00007ffdc7ff5000 	C:\WINDOWS\System32\DriverStore\FileRepository\iigd_dch.inf_amd64_5278e03d9bfa3deb\igdrcl64.dll
0x00007ffdc7390000 - 0x00007ffdc7799000 	C:\WINDOWS\System32\DriverStore\FileRepository\iigd_dch.inf_amd64_5278e03d9bfa3deb\igdgmm64.dll
0x00007ffe09f40000 - 0x00007ffe0a044000 	C:\WINDOWS\System32\DriverStore\FileRepository\iigd_dch.inf_amd64_5278e03d9bfa3deb\igdfcl64.dll
0x00007ffd65310000 - 0x00007ffd68aa6000 	C:\WINDOWS\System32\DriverStore\FileRepository\iigd_dch.inf_amd64_5278e03d9bfa3deb\igc64.dll
0x00007ffd91aa0000 - 0x00007ffd91bcc000 	C:\WINDOWS\System32\DriverStore\FileRepository\iigd_dch.inf_amd64_5278e03d9bfa3deb\igdml64.dll
0x00007ffd511c0000 - 0x00007ffd55380000 	C:\WINDOWS\system32\DriverStore\FileRepository\nv_dispi.inf_amd64_ed7df476d41060e6\nvvm64.dll

dbghelp: loaded successfully - version: 4.0.5 - missing functions: none
symbol engine: initialized successfully - sym options: 0x614 - pdb path: .;C:\Users\Lukas\.jdks\graalvm-jdk-21.0.7\bin;C:\WINDOWS\SYSTEM32;C:\WINDOWS\WinSxS\amd64_microsoft.windows.common-controls_6595b64144ccf1df_6.0.26100.4768_none_3e0c112ce331287c;C:\Users\Lukas\.jdks\graalvm-jdk-21.0.7\bin\server;C:\Users\Lukas\AppData\Local\Temp\Aparapi15649232034820690698;C:\Users\Lukas\AppData\Local\Temp\Aparapi13639084977090169012;C:\Users\Lukas\AppData\Local\Temp\Aparapi10551676334474096299;C:\WINDOWS\System32\DriverStore\FileRepository\nv_dispi.inf_amd64_ed7df476d41060e6;C:\WINDOWS\System32\DriverStore\FileRepository\iigd_dch.inf_amd64_5278e03d9bfa3deb

VM Arguments:
jvm_args: -XX:ThreadPriorityPolicy=1 -XX:+UnlockExperimentalVMOptions -XX:+EnableJVMCIProduct -XX:-UnlockExperimentalVMOptions -Dfile.encoding=UTF8 -Dfile.encoding=UTF-8 -Duser.country=DE -Duser.language=de -Duser.variant 
java_command: de.verdox.Main
java_class_path (initial): S:\Data\Development\IntelliJ Workspace\FastSimplexNoiseLib\build\classes\java\main;S:\Data\Development\IntelliJ Workspace\FastSimplexNoiseLib\build\resources\main;C:\Users\Lukas\.gradle\caches\modules-2\files-2.1\com.aparapi\aparapi\3.0.0\a097d39ffcaf40cbf497faef1e490bf82a7b679d\aparapi-3.0.0.jar;C:\Users\Lukas\.gradle\caches\modules-2\files-2.1\com.aparapi\aparapi-jni\1.4.3\52d35e95671bf9942f2a637c3fa1a7a1a01e7c53\aparapi-jni-1.4.3.jar;C:\Users\Lukas\.gradle\caches\modules-2\files-2.1\org.apache.bcel\bcel\6.5.0\79b1975ec0c7a6c1a15e19fb3a58cc4041b4aaea\bcel-6.5.0.jar;C:\Users\Lukas\.gradle\caches\modules-2\files-2.1\org.scala-lang\scala-library\2.13.6\ed7a2f528c7389ea65746c22a01031613d98ab3d\scala-library-2.13.6.jar
Launcher Type: SUN_STANDARD

[Global flags]
     intx CICompilerCount                          = 12                                        {product} {ergonomic}
     uint ConcGCThreads                            = 3                                         {product} {ergonomic}
     bool EnableJVMCIProduct                       = true                                {JVMCI product} {jimage}
     uint G1ConcRefinementThreads                  = 13                                        {product} {ergonomic}
   size_t G1HeapRegionSize                         = 4194304                                   {product} {ergonomic}
    uintx GCDrainStackTargetSize                   = 64                                        {product} {ergonomic}
   size_t InitialHeapSize                          = 536870912                                 {product} {ergonomic}
   size_t MarkStackSize                            = 4194304                                   {product} {ergonomic}
   size_t MaxHeapSize                              = 8556380160                                {product} {ergonomic}
   size_t MaxNewSize                               = 5133828096                                {product} {ergonomic}
   size_t MinHeapDeltaBytes                        = 4194304                                   {product} {ergonomic}
   size_t MinHeapSize                              = 8388608                                   {product} {ergonomic}
    uintx NonNMethodCodeHeapSize                   = 10453100                               {pd product} {ergonomic}
    uintx NonProfiledCodeHeapSize                  = 120602570                              {pd product} {ergonomic}
    uintx ProfiledCodeHeapSize                     = 120602570                              {pd product} {ergonomic}
    uintx ReservedCodeCacheSize                    = 251658240                              {pd product} {ergonomic}
     bool SegmentedCodeCache                       = true                                      {product} {ergonomic}
   size_t SoftMaxHeapSize                          = 8556380160                             {manageable} {ergonomic}
      int ThreadPriorityPolicy                     = 1                                         {product} {jimage}
     bool UseCompressedOops                        = true                           {product lp64_product} {ergonomic}
     bool UseG1GC                                  = true                                      {product} {ergonomic}
     bool UseLargePagesIndividualAllocation        = false                                  {pd product} {ergonomic}

Logging:
Log output configuration:
 #0: stdout all=warning uptime,level,tags foldmultilines=false
 #1: stderr all=off uptime,level,tags foldmultilines=false

Environment Variables:
JAVA_HOME=C:\Program Files\Java\jdk-11.0.8
JAVA_TOOL_OPTIONS=-Dfile.encoding=UTF8
PATH=C:\ProgramData\Oracle\Java\javapath;C:\Program Files (x86)\Common Files\Oracle\Java\javapath;C:\Program Files\Common Files\Oracle\Java\javapath;C:\Windows\system32;C:\Windows;C:\Windows\System32\Wbem;C:\Windows\System32\WindowsPowerShell\v1.0\;C:\Program Files (x86)\Smart Projects\IsoBuster;C:\Program Files\dotnet\;C:\Program Files\nodejs\;C:\Windows\System32\OpenSSH\;C:\Program Files\PuTTY\;C:\Program Files (x86)\NVIDIA Corporation\PhysX\Common;C:\Program Files\Docker\Docker\resources\bin;C:\ProgramData\DockerDesktop\version-bin;C:\Program Files\WireGuard\;C:\Program Files\Gradle\gradle-7.4.2\bin;C:\Strawberry\c\bin;C:\Strawberry\perl\site\bin;C:\Strawberry\perl\bin;S:\Data\TUM UNI\Master\1. Semester\Augmented Reality\opencv\build\x64\vc16\bin;C:\Program Files\Git\cmd;C:\Program Files\Tailscale\;C:\Program Files (x86)\Gpg4win\..\GnuPG\bin;C:\Program Files\NVIDIA Corporation\NVIDIA app\NvDLISR;C:\WINDOWS\system32;C:\WINDOWS;C:\WINDOWS\System32\Wbem;C:\WINDOWS\System32\WindowsPowerShell\v1.0\;C:\WINDOWS\System32\OpenSSH\;C:\Program Files\RenderDoc;C:\Users\Lukas\AppData\Local\Microsoft\WindowsApps;C:\Users\Lukas\AppData\Roaming\npm;C:\Users\Lukas\AppData\Local\Programs\Microsoft VS Code\bin;C:\Users\Lukas\.dotnet\tools;C:\Users\Lukas\AppData\Local\GitHubDesktop\bin;C:\Program Files (x86)\maven\apache-maven-3.8.1\bin;C:\Program Files\IPFS Desktop\resources\app.asar.unpacked\src\ipfs-on-path\scripts\bin-win;C:\Users\Lukas\AppData\Local\JetBrains\Toolbox\scripts;C:\Program Files (x86)\maven\apache-maven-3.8.1;C:\Users\Lukas\.web3j\web3j-cli-shadow-1.4.2\bin;S:\Data\Development\flutter\bin;C:\Users\Lukas\AppData\Local\Programs\MiKTeX\miktex\bin\x64\;C:\Users\Lukas\AppData\Local\Programs\Lens\resources\cli\bin;S:\Data\TUM UNI\Master\1. Semester\Augmented Reality\opencv\build\x64\vc16\bin;C:\Users\Lukas\.dotnet\tools;C:\Users\Lukas\AppData\Local\Microsoft\WindowsApps
USERNAME=Lukas
OS=Windows_NT
PROCESSOR_IDENTIFIER=Intel64 Family 6 Model 158 Stepping 12, GenuineIntel
TMP=C:\Users\Lukas\AppData\Local\Temp
TEMP=C:\Users\Lukas\AppData\Local\Temp




Periodic native trim disabled

---------------  S Y S T E M  ---------------

OS:
 Windows 11 , 64 bit Build 26100 (10.0.26100.4768)
OS uptime: 7 days 7:22 hours
Hyper-V role detected

CPU: total 16 (initial active 16) (8 cores per cpu, 2 threads per core) family 6 model 158 stepping 12 microcode 0xde, cx8, cmov, fxsr, ht, mmx, 3dnowpref, sse, sse2, sse3, ssse3, sse4.1, sse4.2, popcnt, lzcnt, tsc, tscinvbit, avx, avx2, aes, erms, clmul, bmi1, bmi2, rtm, adx, fma, vzeroupper, clflush, clflushopt, hv, rdtscp, f16c
Processor Information for all 16 processors :
  Max Mhz: 3600, Current Mhz: 3600, Mhz Limit: 3600

Memory: 4k page, system-wide physical 32629M (12025M free)
TotalPageFile size 36386M (AvailPageFile size 6202M)
current process WorkingSet (physical memory assigned to process): 311M, peak: 311M
current process commit charge ("private bytes"): 1052M, peak: 1052M

vm_info: Java HotSpot(TM) 64-Bit Server VM (21.0.7+8-LTS-jvmci-23.1-b60) for windows-amd64 JRE (21.0.7+8-LTS-jvmci-23.1-b60), built on 2025-02-26T11:58:54Z by "OCIWIN11Buildbot" with MS VC++ 17.6 (VS2022)

END.
